<?xml version="1.0" encoding="UTF-8"?>
<coverage generated="1528079955711" clover="3.2.0">
  <project timestamp="1528079955711" name="All files">
    <metrics statements="1214" coveredstatements="891" conditionals="287" coveredconditionals="118" methods="140" coveredmethods="110" elements="1641" coveredelements="1119" complexity="0" loc="1214" ncloc="1214" packages="5" files="21" classes="21">
      <package name="DataViz">
        <metrics statements="18" coveredstatements="15" conditionals="4" coveredconditionals="2" methods="4" coveredmethods="1"/>
        <file name="index.js" path="/home/rodrigo/Documentos/DataViz/index.js">
          <metrics statements="18" coveredstatements="15" conditionals="4" coveredconditionals="2" methods="4" coveredmethods="1"/>
          <line num="1" count="5" type="stmt"/>
          <line num="2" count="5" type="stmt"/>
          <line num="3" count="5" type="stmt"/>
          <line num="4" count="5" type="stmt"/>
          <line num="7" count="5" type="cond" truecount="1" falsecount="1"/>
          <line num="8" count="5" type="stmt"/>
          <line num="11" count="5" type="stmt"/>
          <line num="14" count="5" type="stmt"/>
          <line num="17" count="5" type="stmt"/>
          <line num="18" count="5" type="stmt"/>
          <line num="19" count="5" type="stmt"/>
          <line num="20" count="0" type="stmt"/>
          <line num="22" count="5" type="stmt"/>
          <line num="23" count="5" type="stmt"/>
          <line num="27" count="5" type="cond" truecount="1" falsecount="1"/>
          <line num="28" count="0" type="stmt"/>
          <line num="29" count="0" type="stmt"/>
          <line num="33" count="5" type="stmt"/>
        </file>
      </package>
      <package name="DataViz.config">
        <metrics statements="55" coveredstatements="54" conditionals="4" coveredconditionals="2" methods="3" coveredmethods="3"/>
        <file name="config.js" path="/home/rodrigo/Documentos/DataViz/config/config.js">
          <metrics statements="3" coveredstatements="3" conditionals="0" coveredconditionals="0" methods="0" coveredmethods="0"/>
          <line num="2" count="5" type="stmt"/>
          <line num="4" count="5" type="stmt"/>
          <line num="13" count="5" type="stmt"/>
        </file>
        <file name="express.js" path="/home/rodrigo/Documentos/DataViz/config/express.js">
          <metrics statements="22" coveredstatements="22" conditionals="0" coveredconditionals="0" methods="0" coveredmethods="0"/>
          <line num="1" count="5" type="stmt"/>
          <line num="2" count="5" type="stmt"/>
          <line num="3" count="5" type="stmt"/>
          <line num="4" count="5" type="stmt"/>
          <line num="5" count="5" type="stmt"/>
          <line num="6" count="5" type="stmt"/>
          <line num="7" count="5" type="stmt"/>
          <line num="8" count="5" type="stmt"/>
          <line num="10" count="5" type="stmt"/>
          <line num="15" count="5" type="stmt"/>
          <line num="18" count="5" type="stmt"/>
          <line num="19" count="5" type="stmt"/>
          <line num="22" count="5" type="stmt"/>
          <line num="24" count="5" type="stmt"/>
          <line num="25" count="5" type="stmt"/>
          <line num="28" count="5" type="stmt"/>
          <line num="31" count="5" type="stmt"/>
          <line num="34" count="5" type="stmt"/>
          <line num="37" count="5" type="stmt"/>
          <line num="38" count="5" type="stmt"/>
          <line num="41" count="5" type="stmt"/>
          <line num="43" count="5" type="stmt"/>
        </file>
        <file name="google-auth.js" path="/home/rodrigo/Documentos/DataViz/config/google-auth.js">
          <metrics statements="15" coveredstatements="15" conditionals="2" coveredconditionals="1" methods="2" coveredmethods="2"/>
          <line num="1" count="5" type="stmt"/>
          <line num="2" count="5" type="stmt"/>
          <line num="3" count="5" type="stmt"/>
          <line num="4" count="5" type="stmt"/>
          <line num="9" count="5" type="stmt"/>
          <line num="10" count="5" type="cond" truecount="1" falsecount="1"/>
          <line num="11" count="5" type="stmt"/>
          <line num="13" count="5" type="stmt"/>
          <line num="14" count="5" type="stmt"/>
          <line num="15" count="5" type="stmt"/>
          <line num="16" count="5" type="stmt"/>
          <line num="17" count="2" type="stmt"/>
          <line num="24" count="5" type="stmt"/>
          <line num="25" count="2" type="stmt"/>
          <line num="32" count="5" type="stmt"/>
        </file>
        <file name="jest-setup.js" path="/home/rodrigo/Documentos/DataViz/config/jest-setup.js">
          <metrics statements="2" coveredstatements="2" conditionals="0" coveredconditionals="0" methods="0" coveredmethods="0"/>
          <line num="1" count="5" type="stmt"/>
          <line num="3" count="5" type="stmt"/>
        </file>
        <file name="logger.js" path="/home/rodrigo/Documentos/DataViz/config/logger.js">
          <metrics statements="13" coveredstatements="12" conditionals="2" coveredconditionals="1" methods="1" coveredmethods="1"/>
          <line num="1" count="5" type="stmt"/>
          <line num="2" count="5" type="stmt"/>
          <line num="4" count="5" type="stmt"/>
          <line num="5" count="5" type="stmt"/>
          <line num="8" count="5" type="stmt"/>
          <line num="9" count="5" type="cond" truecount="1" falsecount="1"/>
          <line num="10" count="0" type="stmt"/>
          <line num="13" count="5" type="stmt"/>
          <line num="30" count="5" type="stmt"/>
          <line num="31" count="10" type="stmt"/>
          <line num="34" count="5" type="stmt"/>
          <line num="36" count="5" type="stmt"/>
          <line num="56" count="5" type="stmt"/>
        </file>
      </package>
      <package name="DataViz.server.controllers">
        <metrics statements="1047" coveredstatements="731" conditionals="279" coveredconditionals="114" methods="129" coveredmethods="105"/>
        <file name="color.controller.js" path="/home/rodrigo/Documentos/DataViz/server/controllers/color.controller.js">
          <metrics statements="23" coveredstatements="23" conditionals="1" coveredconditionals="0" methods="3" coveredmethods="3"/>
          <line num="1" count="5" type="stmt"/>
          <line num="3" count="5" type="stmt"/>
          <line num="4" count="5" type="stmt"/>
          <line num="5" count="5" type="stmt"/>
          <line num="6" count="5" type="stmt"/>
          <line num="7" count="5" type="stmt"/>
          <line num="8" count="5" type="stmt"/>
          <line num="9" count="5" type="stmt"/>
          <line num="14" count="5" type="stmt"/>
          <line num="15" count="5" type="stmt"/>
          <line num="20" count="5" type="stmt"/>
          <line num="21" count="39" type="stmt"/>
          <line num="22" count="39" type="stmt"/>
          <line num="23" count="39" type="stmt"/>
          <line num="25" count="39" type="stmt"/>
          <line num="31" count="5" type="stmt"/>
          <line num="33" count="39" type="stmt"/>
          <line num="34" count="59" type="stmt"/>
          <line num="37" count="39" type="stmt"/>
          <line num="39" count="39" type="stmt"/>
          <line num="47" count="5" type="cond" truecount="0" falsecount="1"/>
          <line num="48" count="137" type="stmt"/>
          <line num="51" count="5" type="stmt"/>
        </file>
        <file name="facebook.controller.js" path="/home/rodrigo/Documentos/DataViz/server/controllers/facebook.controller.js">
          <metrics statements="247" coveredstatements="187" conditionals="71" coveredconditionals="34" methods="30" coveredmethods="28"/>
          <line num="2" count="5" type="stmt"/>
          <line num="3" count="5" type="stmt"/>
          <line num="4" count="5" type="stmt"/>
          <line num="5" count="5" type="stmt"/>
          <line num="6" count="5" type="stmt"/>
          <line num="7" count="5" type="stmt"/>
          <line num="8" count="5" type="stmt"/>
          <line num="11" count="5" type="stmt"/>
          <line num="12" count="5" type="stmt"/>
          <line num="13" count="5" type="stmt"/>
          <line num="23" count="5" type="stmt"/>
          <line num="24" count="1" type="stmt"/>
          <line num="25" count="1" type="stmt"/>
          <line num="27" count="1" type="stmt"/>
          <line num="29" count="1" type="stmt"/>
          <line num="35" count="0" type="stmt"/>
          <line num="37" count="0" type="stmt"/>
          <line num="46" count="5" type="stmt"/>
          <line num="47" count="1" type="stmt"/>
          <line num="57" count="1" type="stmt"/>
          <line num="68" count="5" type="stmt"/>
          <line num="69" count="0" type="stmt"/>
          <line num="70" count="0" type="stmt"/>
          <line num="71" count="0" type="stmt"/>
          <line num="72" count="0" type="stmt"/>
          <line num="73" count="0" type="stmt"/>
          <line num="74" count="0" type="stmt"/>
          <line num="75" count="0" type="stmt"/>
          <line num="76" count="0" type="stmt"/>
          <line num="77" count="0" type="stmt"/>
          <line num="78" count="0" type="stmt"/>
          <line num="79" count="0" type="stmt"/>
          <line num="82" count="0" type="stmt"/>
          <line num="84" count="0" type="stmt"/>
          <line num="85" count="0" type="stmt"/>
          <line num="86" count="0" type="stmt"/>
          <line num="87" count="0" type="stmt"/>
          <line num="89" count="0" type="stmt"/>
          <line num="90" count="0" type="stmt"/>
          <line num="93" count="0" type="cond" truecount="0" falsecount="4"/>
          <line num="94" count="0" type="stmt"/>
          <line num="99" count="0" type="cond" truecount="0" falsecount="2"/>
          <line num="100" count="0" type="stmt"/>
          <line num="101" count="0" type="stmt"/>
          <line num="106" count="0" type="cond" truecount="0" falsecount="2"/>
          <line num="107" count="0" type="stmt"/>
          <line num="109" count="0" type="stmt"/>
          <line num="112" count="0" type="cond" truecount="0" falsecount="2"/>
          <line num="113" count="0" type="stmt"/>
          <line num="119" count="0" type="cond" truecount="0" falsecount="2"/>
          <line num="120" count="0" type="stmt"/>
          <line num="121" count="0" type="stmt"/>
          <line num="124" count="0" type="stmt"/>
          <line num="127" count="0" type="cond" truecount="0" falsecount="2"/>
          <line num="128" count="0" type="stmt"/>
          <line num="129" count="0" type="cond" truecount="0" falsecount="2"/>
          <line num="130" count="0" type="stmt"/>
          <line num="131" count="0" type="cond" truecount="0" falsecount="4"/>
          <line num="132" count="0" type="stmt"/>
          <line num="134" count="0" type="cond" truecount="0" falsecount="2"/>
          <line num="138" count="0" type="stmt"/>
          <line num="139" count="0" type="cond" truecount="0" falsecount="2"/>
          <line num="141" count="0" type="cond" truecount="0" falsecount="4"/>
          <line num="142" count="0" type="stmt"/>
          <line num="144" count="0" type="stmt"/>
          <line num="150" count="0" type="stmt"/>
          <line num="154" count="0" type="stmt"/>
          <line num="155" count="0" type="stmt"/>
          <line num="156" count="0" type="stmt"/>
          <line num="159" count="0" type="stmt"/>
          <line num="160" count="0" type="stmt"/>
          <line num="168" count="5" type="stmt"/>
          <line num="169" count="1" type="stmt"/>
          <line num="170" count="1" type="stmt"/>
          <line num="171" count="1" type="stmt"/>
          <line num="173" count="1" type="stmt"/>
          <line num="178" count="0" type="stmt"/>
          <line num="180" count="0" type="stmt"/>
          <line num="189" count="5" type="stmt"/>
          <line num="190" count="1" type="stmt"/>
          <line num="191" count="1" type="stmt"/>
          <line num="192" count="1" type="stmt"/>
          <line num="193" count="1" type="stmt"/>
          <line num="194" count="1" type="stmt"/>
          <line num="195" count="1" type="stmt"/>
          <line num="196" count="1" type="stmt"/>
          <line num="198" count="1" type="cond" truecount="2" falsecount="0"/>
          <line num="199" count="3" type="stmt"/>
          <line num="200" count="6" type="cond" truecount="4" falsecount="0"/>
          <line num="202" count="2" type="stmt"/>
          <line num="203" count="2" type="stmt"/>
          <line num="208" count="1" type="stmt"/>
          <line num="210" count="1" type="stmt"/>
          <line num="215" count="0" type="stmt"/>
          <line num="217" count="0" type="stmt"/>
          <line num="226" count="5" type="stmt"/>
          <line num="227" count="4" type="stmt"/>
          <line num="229" count="4" type="stmt"/>
          <line num="230" count="4" type="stmt"/>
          <line num="231" count="4" type="stmt"/>
          <line num="232" count="4" type="stmt"/>
          <line num="233" count="4" type="stmt"/>
          <line num="244" count="5" type="stmt"/>
          <line num="245" count="8" type="stmt"/>
          <line num="246" count="8" type="cond" truecount="2" falsecount="0"/>
          <line num="247" count="2" type="stmt"/>
          <line num="248" count="4" type="stmt"/>
          <line num="251" count="6" type="stmt"/>
          <line num="252" count="6" type="stmt"/>
          <line num="255" count="7" type="stmt"/>
          <line num="258" count="1" type="cond" truecount="1" falsecount="1"/>
          <line num="259" count="0" type="stmt"/>
          <line num="261" count="1" type="stmt"/>
          <line num="264" count="1" type="stmt"/>
          <line num="266" count="1" type="stmt"/>
          <line num="277" count="5" type="stmt"/>
          <line num="278" count="6" type="stmt"/>
          <line num="279" count="6" type="stmt"/>
          <line num="280" count="6" type="stmt"/>
          <line num="281" count="6" type="stmt"/>
          <line num="285" count="6" type="cond" truecount="2" falsecount="0"/>
          <line num="286" count="4" type="stmt"/>
          <line num="288" count="2" type="stmt"/>
          <line num="289" count="2" type="stmt"/>
          <line num="295" count="4" type="stmt"/>
          <line num="301" count="4" type="stmt"/>
          <line num="310" count="5" type="stmt"/>
          <line num="311" count="2" type="stmt"/>
          <line num="312" count="2" type="stmt"/>
          <line num="314" count="2" type="stmt"/>
          <line num="316" count="2" type="stmt"/>
          <line num="318" count="0" type="stmt"/>
          <line num="320" count="0" type="stmt"/>
          <line num="331" count="5" type="stmt"/>
          <line num="332" count="4" type="stmt"/>
          <line num="333" count="4" type="stmt"/>
          <line num="335" count="4" type="cond" truecount="1" falsecount="1"/>
          <line num="336" count="4" type="stmt"/>
          <line num="339" count="4" type="cond" truecount="1" falsecount="1"/>
          <line num="340" count="4" type="stmt"/>
          <line num="343" count="4" type="stmt"/>
          <line num="344" count="6" type="stmt"/>
          <line num="345" count="6" type="stmt"/>
          <line num="346" count="6" type="stmt"/>
          <line num="349" count="6" type="stmt"/>
          <line num="350" count="18" type="cond" truecount="3" falsecount="1"/>
          <line num="352" count="18" type="stmt"/>
          <line num="354" count="18" type="stmt"/>
          <line num="363" count="6" type="cond" truecount="1" falsecount="1"/>
          <line num="364" count="0" type="stmt"/>
          <line num="366" count="6" type="stmt"/>
          <line num="369" count="6" type="stmt"/>
          <line num="370" count="6" type="stmt"/>
          <line num="378" count="6" type="stmt"/>
          <line num="379" count="6" type="stmt"/>
          <line num="382" count="4" type="stmt"/>
          <line num="392" count="5" type="stmt"/>
          <line num="393" count="4" type="stmt"/>
          <line num="394" count="4" type="stmt"/>
          <line num="395" count="4" type="stmt"/>
          <line num="396" count="4" type="stmt"/>
          <line num="397" count="4" type="stmt"/>
          <line num="398" count="4" type="stmt"/>
          <line num="399" count="4" type="stmt"/>
          <line num="402" count="4" type="stmt"/>
          <line num="403" count="4" type="stmt"/>
          <line num="405" count="4" type="stmt"/>
          <line num="406" count="6" type="stmt"/>
          <line num="407" count="18" type="stmt"/>
          <line num="408" count="18" type="stmt"/>
          <line num="410" count="18" type="cond" truecount="2" falsecount="0"/>
          <line num="411" count="18" type="cond" truecount="2" falsecount="0"/>
          <line num="413" count="18" type="stmt"/>
          <line num="417" count="4" type="stmt"/>
          <line num="419" count="4" type="stmt"/>
          <line num="420" count="6" type="stmt"/>
          <line num="421" count="18" type="stmt"/>
          <line num="422" count="18" type="stmt"/>
          <line num="426" count="4" type="stmt"/>
          <line num="427" count="4" type="stmt"/>
          <line num="429" count="4" type="stmt"/>
          <line num="430" count="4" type="stmt"/>
          <line num="431" count="4" type="stmt"/>
          <line num="433" count="4" type="stmt"/>
          <line num="434" count="4" type="stmt"/>
          <line num="436" count="4" type="stmt"/>
          <line num="438" count="4" type="stmt"/>
          <line num="440" count="4" type="stmt"/>
          <line num="441" count="4" type="stmt"/>
          <line num="442" count="4" type="stmt"/>
          <line num="444" count="4" type="cond" truecount="1" falsecount="1"/>
          <line num="445" count="4" type="cond" truecount="1" falsecount="1"/>
          <line num="446" count="4" type="cond" truecount="1" falsecount="1"/>
          <line num="448" count="4" type="stmt"/>
          <line num="449" count="4" type="stmt"/>
          <line num="450" count="4" type="stmt"/>
          <line num="452" count="4" type="stmt"/>
          <line num="462" count="5" type="stmt"/>
          <line num="463" count="4" type="stmt"/>
          <line num="464" count="4" type="stmt"/>
          <line num="466" count="4" type="stmt"/>
          <line num="511" count="4" type="stmt"/>
          <line num="513" count="4" type="stmt"/>
          <line num="522" count="5" type="stmt"/>
          <line num="523" count="10" type="stmt"/>
          <line num="525" count="9" type="cond" truecount="2" falsecount="0"/>
          <line num="527" count="9" type="stmt"/>
          <line num="535" count="5" type="stmt"/>
          <line num="536" count="1" type="stmt"/>
          <line num="537" count="1" type="stmt"/>
          <line num="545" count="5" type="stmt"/>
          <line num="546" count="1" type="stmt"/>
          <line num="548" count="1" type="stmt"/>
          <line num="549" count="2" type="stmt"/>
          <line num="550" count="2" type="stmt"/>
          <line num="551" count="2" type="stmt"/>
          <line num="553" count="2" type="cond" truecount="1" falsecount="1"/>
          <line num="554" count="2" type="stmt"/>
          <line num="558" count="2" type="stmt"/>
          <line num="567" count="5" type="stmt"/>
          <line num="568" count="1" type="stmt"/>
          <line num="579" count="5" type="stmt"/>
          <line num="580" count="1" type="stmt"/>
          <line num="581" count="1" type="stmt"/>
          <line num="583" count="1" type="stmt"/>
          <line num="585" count="1" type="stmt"/>
          <line num="586" count="2" type="stmt"/>
          <line num="589" count="1" type="stmt"/>
          <line num="597" count="5" type="stmt"/>
          <line num="598" count="1" type="stmt"/>
          <line num="600" count="1" type="stmt"/>
          <line num="612" count="5" type="stmt"/>
          <line num="613" count="2" type="stmt"/>
          <line num="626" count="5" type="stmt"/>
          <line num="627" count="1" type="stmt"/>
          <line num="629" count="1" type="stmt"/>
          <line num="642" count="5" type="stmt"/>
          <line num="643" count="5" type="stmt"/>
          <line num="650" count="5" type="stmt"/>
          <line num="651" count="15" type="stmt"/>
          <line num="659" count="5" type="stmt"/>
          <line num="660" count="8" type="cond" truecount="2" falsecount="0"/>
          <line num="662" count="6" type="stmt"/>
          <line num="664" count="6" type="cond" truecount="5" falsecount="0"/>
          <line num="667" count="5" type="stmt"/>
          <line num="670" count="1" type="stmt"/>
          <line num="673" count="5" type="stmt"/>
        </file>
        <file name="instagram.controller.js" path="/home/rodrigo/Documentos/DataViz/server/controllers/instagram.controller.js">
          <metrics statements="234" coveredstatements="172" conditionals="67" coveredconditionals="26" methods="30" coveredmethods="25"/>
          <line num="2" count="5" type="stmt"/>
          <line num="3" count="5" type="stmt"/>
          <line num="4" count="5" type="stmt"/>
          <line num="5" count="5" type="stmt"/>
          <line num="6" count="5" type="stmt"/>
          <line num="7" count="5" type="stmt"/>
          <line num="8" count="5" type="stmt"/>
          <line num="11" count="5" type="stmt"/>
          <line num="12" count="5" type="stmt"/>
          <line num="13" count="5" type="stmt"/>
          <line num="23" count="5" type="stmt"/>
          <line num="24" count="1" type="stmt"/>
          <line num="25" count="1" type="stmt"/>
          <line num="27" count="1" type="stmt"/>
          <line num="29" count="1" type="stmt"/>
          <line num="35" count="0" type="stmt"/>
          <line num="37" count="0" type="stmt"/>
          <line num="47" count="5" type="stmt"/>
          <line num="50" count="0" type="stmt"/>
          <line num="52" count="0" type="stmt"/>
          <line num="53" count="0" type="stmt"/>
          <line num="54" count="0" type="stmt"/>
          <line num="55" count="0" type="stmt"/>
          <line num="57" count="0" type="stmt"/>
          <line num="59" count="0" type="stmt"/>
          <line num="60" count="0" type="stmt"/>
          <line num="62" count="0" type="stmt"/>
          <line num="63" count="0" type="stmt"/>
          <line num="64" count="0" type="stmt"/>
          <line num="65" count="0" type="stmt"/>
          <line num="69" count="0" type="cond" truecount="0" falsecount="4"/>
          <line num="70" count="0" type="stmt"/>
          <line num="71" count="0" type="stmt"/>
          <line num="76" count="0" type="cond" truecount="0" falsecount="4"/>
          <line num="77" count="0" type="stmt"/>
          <line num="82" count="0" type="stmt"/>
          <line num="85" count="0" type="cond" truecount="0" falsecount="2"/>
          <line num="86" count="0" type="stmt"/>
          <line num="91" count="0" type="stmt"/>
          <line num="95" count="0" type="cond" truecount="0" falsecount="2"/>
          <line num="98" count="0" type="stmt"/>
          <line num="106" count="0" type="stmt"/>
          <line num="107" count="0" type="cond" truecount="0" falsecount="2"/>
          <line num="109" count="0" type="stmt"/>
          <line num="110" count="0" type="cond" truecount="0" falsecount="2"/>
          <line num="111" count="0" type="cond" truecount="0" falsecount="4"/>
          <line num="112" count="0" type="stmt"/>
          <line num="113" count="0" type="stmt"/>
          <line num="114" count="0" type="cond" truecount="0" falsecount="5"/>
          <line num="115" count="0" type="stmt"/>
          <line num="116" count="0" type="cond" truecount="0" falsecount="2"/>
          <line num="119" count="0" type="stmt"/>
          <line num="123" count="0" type="stmt"/>
          <line num="128" count="0" type="stmt"/>
          <line num="129" count="0" type="stmt"/>
          <line num="130" count="0" type="stmt"/>
          <line num="132" count="0" type="stmt"/>
          <line num="133" count="0" type="stmt"/>
          <line num="141" count="5" type="stmt"/>
          <line num="142" count="1" type="stmt"/>
          <line num="143" count="1" type="stmt"/>
          <line num="144" count="1" type="stmt"/>
          <line num="146" count="1" type="stmt"/>
          <line num="151" count="0" type="stmt"/>
          <line num="153" count="0" type="stmt"/>
          <line num="162" count="5" type="stmt"/>
          <line num="163" count="1" type="stmt"/>
          <line num="164" count="1" type="stmt"/>
          <line num="165" count="1" type="stmt"/>
          <line num="166" count="1" type="stmt"/>
          <line num="167" count="1" type="stmt"/>
          <line num="168" count="1" type="stmt"/>
          <line num="169" count="1" type="stmt"/>
          <line num="171" count="1" type="cond" truecount="2" falsecount="0"/>
          <line num="172" count="3" type="stmt"/>
          <line num="173" count="9" type="cond" truecount="4" falsecount="0"/>
          <line num="175" count="3" type="stmt"/>
          <line num="176" count="3" type="stmt"/>
          <line num="181" count="1" type="stmt"/>
          <line num="183" count="1" type="stmt"/>
          <line num="188" count="0" type="stmt"/>
          <line num="190" count="0" type="stmt"/>
          <line num="199" count="5" type="stmt"/>
          <line num="200" count="6" type="stmt"/>
          <line num="202" count="6" type="stmt"/>
          <line num="203" count="6" type="stmt"/>
          <line num="204" count="6" type="stmt"/>
          <line num="205" count="6" type="stmt"/>
          <line num="206" count="6" type="stmt"/>
          <line num="217" count="5" type="stmt"/>
          <line num="218" count="9" type="stmt"/>
          <line num="219" count="9" type="cond" truecount="2" falsecount="0"/>
          <line num="220" count="3" type="stmt"/>
          <line num="221" count="6" type="stmt"/>
          <line num="224" count="6" type="stmt"/>
          <line num="225" count="6" type="stmt"/>
          <line num="228" count="9" type="stmt"/>
          <line num="231" count="0" type="cond" truecount="0" falsecount="2"/>
          <line num="232" count="0" type="stmt"/>
          <line num="234" count="0" type="stmt"/>
          <line num="236" count="0" type="stmt"/>
          <line num="238" count="0" type="stmt"/>
          <line num="249" count="5" type="stmt"/>
          <line num="250" count="8" type="stmt"/>
          <line num="251" count="8" type="stmt"/>
          <line num="252" count="8" type="stmt"/>
          <line num="253" count="8" type="stmt"/>
          <line num="257" count="8" type="cond" truecount="2" falsecount="0"/>
          <line num="258" count="6" type="stmt"/>
          <line num="260" count="2" type="stmt"/>
          <line num="261" count="2" type="stmt"/>
          <line num="267" count="6" type="stmt"/>
          <line num="273" count="6" type="stmt"/>
          <line num="282" count="5" type="stmt"/>
          <line num="283" count="3" type="stmt"/>
          <line num="284" count="3" type="stmt"/>
          <line num="286" count="3" type="stmt"/>
          <line num="288" count="3" type="stmt"/>
          <line num="290" count="0" type="stmt"/>
          <line num="292" count="0" type="stmt"/>
          <line num="303" count="5" type="stmt"/>
          <line num="304" count="6" type="stmt"/>
          <line num="305" count="6" type="stmt"/>
          <line num="307" count="6" type="cond" truecount="1" falsecount="1"/>
          <line num="308" count="6" type="stmt"/>
          <line num="311" count="6" type="cond" truecount="1" falsecount="1"/>
          <line num="312" count="6" type="stmt"/>
          <line num="315" count="6" type="stmt"/>
          <line num="316" count="9" type="stmt"/>
          <line num="317" count="9" type="stmt"/>
          <line num="318" count="9" type="stmt"/>
          <line num="321" count="9" type="stmt"/>
          <line num="322" count="27" type="cond" truecount="3" falsecount="1"/>
          <line num="324" count="27" type="stmt"/>
          <line num="326" count="27" type="stmt"/>
          <line num="335" count="9" type="cond" truecount="1" falsecount="1"/>
          <line num="336" count="0" type="stmt"/>
          <line num="338" count="9" type="stmt"/>
          <line num="341" count="9" type="stmt"/>
          <line num="342" count="9" type="stmt"/>
          <line num="350" count="9" type="stmt"/>
          <line num="351" count="9" type="stmt"/>
          <line num="354" count="6" type="stmt"/>
          <line num="364" count="5" type="stmt"/>
          <line num="365" count="6" type="stmt"/>
          <line num="366" count="6" type="stmt"/>
          <line num="367" count="6" type="stmt"/>
          <line num="368" count="6" type="stmt"/>
          <line num="369" count="6" type="stmt"/>
          <line num="370" count="6" type="stmt"/>
          <line num="371" count="6" type="stmt"/>
          <line num="374" count="6" type="stmt"/>
          <line num="375" count="6" type="stmt"/>
          <line num="377" count="6" type="stmt"/>
          <line num="378" count="9" type="stmt"/>
          <line num="379" count="27" type="stmt"/>
          <line num="380" count="27" type="stmt"/>
          <line num="382" count="27" type="cond" truecount="2" falsecount="0"/>
          <line num="383" count="27" type="cond" truecount="2" falsecount="0"/>
          <line num="385" count="27" type="stmt"/>
          <line num="389" count="6" type="stmt"/>
          <line num="391" count="6" type="stmt"/>
          <line num="392" count="9" type="stmt"/>
          <line num="393" count="27" type="stmt"/>
          <line num="394" count="27" type="stmt"/>
          <line num="398" count="6" type="stmt"/>
          <line num="399" count="6" type="stmt"/>
          <line num="401" count="6" type="stmt"/>
          <line num="402" count="6" type="stmt"/>
          <line num="403" count="6" type="stmt"/>
          <line num="405" count="6" type="stmt"/>
          <line num="406" count="6" type="stmt"/>
          <line num="408" count="6" type="stmt"/>
          <line num="410" count="6" type="stmt"/>
          <line num="412" count="6" type="stmt"/>
          <line num="413" count="6" type="stmt"/>
          <line num="414" count="6" type="stmt"/>
          <line num="416" count="6" type="cond" truecount="1" falsecount="1"/>
          <line num="417" count="6" type="cond" truecount="1" falsecount="1"/>
          <line num="418" count="6" type="cond" truecount="1" falsecount="1"/>
          <line num="420" count="6" type="stmt"/>
          <line num="421" count="6" type="stmt"/>
          <line num="422" count="6" type="stmt"/>
          <line num="424" count="6" type="stmt"/>
          <line num="434" count="5" type="stmt"/>
          <line num="435" count="6" type="stmt"/>
          <line num="436" count="6" type="stmt"/>
          <line num="438" count="6" type="stmt"/>
          <line num="482" count="6" type="stmt"/>
          <line num="484" count="6" type="stmt"/>
          <line num="493" count="5" type="stmt"/>
          <line num="494" count="12" type="stmt"/>
          <line num="496" count="12" type="cond" truecount="2" falsecount="0"/>
          <line num="498" count="12" type="stmt"/>
          <line num="506" count="5" type="stmt"/>
          <line num="507" count="1" type="stmt"/>
          <line num="509" count="1" type="stmt"/>
          <line num="517" count="5" type="stmt"/>
          <line num="518" count="1" type="stmt"/>
          <line num="520" count="1" type="stmt"/>
          <line num="521" count="2" type="stmt"/>
          <line num="522" count="2" type="stmt"/>
          <line num="524" count="2" type="cond" truecount="1" falsecount="1"/>
          <line num="525" count="2" type="stmt"/>
          <line num="529" count="2" type="stmt"/>
          <line num="538" count="5" type="stmt"/>
          <line num="539" count="1" type="stmt"/>
          <line num="550" count="5" type="stmt"/>
          <line num="551" count="1" type="stmt"/>
          <line num="552" count="1" type="stmt"/>
          <line num="554" count="1" type="stmt"/>
          <line num="556" count="1" type="stmt"/>
          <line num="557" count="3" type="stmt"/>
          <line num="560" count="1" type="stmt"/>
          <line num="568" count="5" type="stmt"/>
          <line num="569" count="1" type="stmt"/>
          <line num="571" count="1" type="stmt"/>
          <line num="583" count="5" type="stmt"/>
          <line num="584" count="3" type="stmt"/>
          <line num="597" count="5" type="stmt"/>
          <line num="598" count="0" type="stmt"/>
          <line num="600" count="0" type="stmt"/>
          <line num="613" count="5" type="stmt"/>
          <line num="614" count="7" type="stmt"/>
          <line num="621" count="5" type="stmt"/>
          <line num="622" count="18" type="stmt"/>
          <line num="625" count="5" type="stmt"/>
          <line num="626" count="0" type="stmt"/>
          <line num="627" count="0" type="cond" truecount="0" falsecount="4"/>
          <line num="628" count="0" type="stmt"/>
          <line num="629" count="0" type="stmt"/>
          <line num="630" count="0" type="stmt"/>
          <line num="632" count="0" type="stmt"/>
          <line num="636" count="5" type="stmt"/>
        </file>
        <file name="spreadsheets.controller.js" path="/home/rodrigo/Documentos/DataViz/server/controllers/spreadsheets.controller.js">
          <metrics statements="70" coveredstatements="19" conditionals="8" coveredconditionals="1" methods="9" coveredmethods="1"/>
          <line num="1" count="5" type="stmt"/>
          <line num="2" count="5" type="stmt"/>
          <line num="3" count="5" type="stmt"/>
          <line num="4" count="5" type="stmt"/>
          <line num="5" count="5" type="stmt"/>
          <line num="6" count="5" type="stmt"/>
          <line num="8" count="5" type="stmt"/>
          <line num="9" count="5" type="stmt"/>
          <line num="18" count="5" type="stmt"/>
          <line num="20" count="2" type="stmt"/>
          <line num="22" count="2" type="stmt"/>
          <line num="23" count="2" type="cond" truecount="1" falsecount="1"/>
          <line num="24" count="2" type="stmt"/>
          <line num="26" count="0" type="stmt"/>
          <line num="28" count="0" type="stmt"/>
          <line num="29" count="0" type="cond" truecount="0" falsecount="2"/>
          <line num="30" count="0" type="stmt"/>
          <line num="31" count="0" type="stmt"/>
          <line num="32" count="0" type="stmt"/>
          <line num="38" count="0" type="stmt"/>
          <line num="39" count="0" type="stmt"/>
          <line num="40" count="0" type="stmt"/>
          <line num="50" count="5" type="stmt"/>
          <line num="51" count="0" type="stmt"/>
          <line num="53" count="0" type="stmt"/>
          <line num="54" count="0" type="stmt"/>
          <line num="55" count="0" type="stmt"/>
          <line num="58" count="0" type="stmt"/>
          <line num="59" count="0" type="stmt"/>
          <line num="61" count="0" type="stmt"/>
          <line num="71" count="5" type="stmt"/>
          <line num="72" count="0" type="stmt"/>
          <line num="75" count="0" type="stmt"/>
          <line num="76" count="0" type="stmt"/>
          <line num="79" count="0" type="stmt"/>
          <line num="80" count="0" type="stmt"/>
          <line num="82" count="0" type="stmt"/>
          <line num="83" count="0" type="stmt"/>
          <line num="86" count="0" type="stmt"/>
          <line num="87" count="0" type="stmt"/>
          <line num="88" count="0" type="stmt"/>
          <line num="99" count="5" type="stmt"/>
          <line num="100" count="0" type="stmt"/>
          <line num="101" count="0" type="stmt"/>
          <line num="104" count="0" type="stmt"/>
          <line num="109" count="0" type="cond" truecount="0" falsecount="2"/>
          <line num="110" count="0" type="stmt"/>
          <line num="111" count="0" type="stmt"/>
          <line num="114" count="0" type="stmt"/>
          <line num="116" count="0" type="cond" truecount="0" falsecount="2"/>
          <line num="117" count="0" type="stmt"/>
          <line num="118" count="0" type="stmt"/>
          <line num="120" count="0" type="stmt"/>
          <line num="125" count="0" type="stmt"/>
          <line num="135" count="5" type="stmt"/>
          <line num="136" count="0" type="stmt"/>
          <line num="137" count="0" type="stmt"/>
          <line num="138" count="0" type="stmt"/>
          <line num="140" count="0" type="stmt"/>
          <line num="145" count="0" type="stmt"/>
          <line num="146" count="0" type="stmt"/>
          <line num="152" count="0" type="stmt"/>
          <line num="166" count="0" type="stmt"/>
          <line num="167" count="0" type="stmt"/>
          <line num="168" count="0" type="stmt"/>
          <line num="171" count="5" type="stmt"/>
          <line num="172" count="0" type="stmt"/>
          <line num="194" count="0" type="stmt"/>
          <line num="209" count="0" type="stmt"/>
          <line num="215" count="5" type="stmt"/>
        </file>
        <file name="twitter.controller.js" path="/home/rodrigo/Documentos/DataViz/server/controllers/twitter.controller.js">
          <metrics statements="233" coveredstatements="169" conditionals="67" coveredconditionals="26" methods="29" coveredmethods="24"/>
          <line num="2" count="5" type="stmt"/>
          <line num="3" count="5" type="stmt"/>
          <line num="4" count="5" type="stmt"/>
          <line num="5" count="5" type="stmt"/>
          <line num="6" count="5" type="stmt"/>
          <line num="7" count="5" type="stmt"/>
          <line num="8" count="5" type="stmt"/>
          <line num="11" count="5" type="stmt"/>
          <line num="12" count="5" type="stmt"/>
          <line num="13" count="5" type="stmt"/>
          <line num="23" count="5" type="stmt"/>
          <line num="24" count="1" type="stmt"/>
          <line num="25" count="1" type="stmt"/>
          <line num="27" count="1" type="stmt"/>
          <line num="29" count="1" type="stmt"/>
          <line num="35" count="0" type="stmt"/>
          <line num="37" count="0" type="stmt"/>
          <line num="47" count="5" type="stmt"/>
          <line num="51" count="0" type="stmt"/>
          <line num="53" count="0" type="stmt"/>
          <line num="54" count="0" type="stmt"/>
          <line num="55" count="0" type="stmt"/>
          <line num="56" count="0" type="stmt"/>
          <line num="58" count="0" type="stmt"/>
          <line num="60" count="0" type="stmt"/>
          <line num="61" count="0" type="stmt"/>
          <line num="63" count="0" type="stmt"/>
          <line num="64" count="0" type="stmt"/>
          <line num="65" count="0" type="stmt"/>
          <line num="66" count="0" type="stmt"/>
          <line num="70" count="0" type="cond" truecount="0" falsecount="4"/>
          <line num="71" count="0" type="stmt"/>
          <line num="72" count="0" type="stmt"/>
          <line num="77" count="0" type="cond" truecount="0" falsecount="4"/>
          <line num="78" count="0" type="stmt"/>
          <line num="83" count="0" type="stmt"/>
          <line num="86" count="0" type="cond" truecount="0" falsecount="2"/>
          <line num="87" count="0" type="stmt"/>
          <line num="92" count="0" type="stmt"/>
          <line num="96" count="0" type="cond" truecount="0" falsecount="2"/>
          <line num="99" count="0" type="stmt"/>
          <line num="110" count="0" type="stmt"/>
          <line num="111" count="0" type="cond" truecount="0" falsecount="2"/>
          <line num="113" count="0" type="stmt"/>
          <line num="114" count="0" type="cond" truecount="0" falsecount="2"/>
          <line num="115" count="0" type="cond" truecount="0" falsecount="4"/>
          <line num="116" count="0" type="stmt"/>
          <line num="117" count="0" type="stmt"/>
          <line num="118" count="0" type="cond" truecount="0" falsecount="5"/>
          <line num="119" count="0" type="stmt"/>
          <line num="120" count="0" type="cond" truecount="0" falsecount="2"/>
          <line num="123" count="0" type="stmt"/>
          <line num="127" count="0" type="stmt"/>
          <line num="132" count="0" type="stmt"/>
          <line num="133" count="0" type="stmt"/>
          <line num="134" count="0" type="stmt"/>
          <line num="136" count="0" type="stmt"/>
          <line num="137" count="0" type="stmt"/>
          <line num="145" count="5" type="stmt"/>
          <line num="146" count="1" type="stmt"/>
          <line num="147" count="1" type="stmt"/>
          <line num="149" count="1" type="stmt"/>
          <line num="151" count="1" type="stmt"/>
          <line num="156" count="0" type="stmt"/>
          <line num="158" count="0" type="stmt"/>
          <line num="171" count="5" type="stmt"/>
          <line num="172" count="1" type="stmt"/>
          <line num="173" count="1" type="stmt"/>
          <line num="174" count="1" type="stmt"/>
          <line num="175" count="1" type="stmt"/>
          <line num="176" count="1" type="stmt"/>
          <line num="177" count="1" type="stmt"/>
          <line num="178" count="1" type="stmt"/>
          <line num="180" count="1" type="cond" truecount="2" falsecount="0"/>
          <line num="181" count="3" type="stmt"/>
          <line num="182" count="15" type="cond" truecount="4" falsecount="0"/>
          <line num="184" count="5" type="stmt"/>
          <line num="185" count="5" type="stmt"/>
          <line num="190" count="1" type="stmt"/>
          <line num="192" count="1" type="stmt"/>
          <line num="197" count="0" type="stmt"/>
          <line num="199" count="0" type="stmt"/>
          <line num="209" count="5" type="stmt"/>
          <line num="210" count="10" type="stmt"/>
          <line num="211" count="10" type="stmt"/>
          <line num="212" count="10" type="stmt"/>
          <line num="213" count="10" type="stmt"/>
          <line num="214" count="10" type="stmt"/>
          <line num="216" count="10" type="stmt"/>
          <line num="261" count="10" type="stmt"/>
          <line num="262" count="10" type="stmt"/>
          <line num="263" count="10" type="stmt"/>
          <line num="264" count="10" type="stmt"/>
          <line num="265" count="10" type="stmt"/>
          <line num="275" count="5" type="stmt"/>
          <line num="276" count="12" type="stmt"/>
          <line num="277" count="12" type="cond" truecount="2" falsecount="0"/>
          <line num="278" count="5" type="stmt"/>
          <line num="279" count="10" type="stmt"/>
          <line num="282" count="7" type="stmt"/>
          <line num="283" count="7" type="stmt"/>
          <line num="286" count="12" type="stmt"/>
          <line num="289" count="0" type="cond" truecount="0" falsecount="2"/>
          <line num="290" count="0" type="stmt"/>
          <line num="292" count="0" type="stmt"/>
          <line num="294" count="0" type="stmt"/>
          <line num="296" count="0" type="stmt"/>
          <line num="307" count="5" type="stmt"/>
          <line num="310" count="10" type="stmt"/>
          <line num="311" count="10" type="stmt"/>
          <line num="312" count="10" type="stmt"/>
          <line num="313" count="10" type="stmt"/>
          <line num="320" count="10" type="cond" truecount="1" falsecount="1"/>
          <line num="321" count="10" type="stmt"/>
          <line num="323" count="0" type="stmt"/>
          <line num="324" count="0" type="stmt"/>
          <line num="330" count="10" type="stmt"/>
          <line num="335" count="10" type="stmt"/>
          <line num="344" count="5" type="stmt"/>
          <line num="345" count="5" type="stmt"/>
          <line num="346" count="5" type="stmt"/>
          <line num="348" count="5" type="stmt"/>
          <line num="350" count="5" type="stmt"/>
          <line num="352" count="0" type="stmt"/>
          <line num="354" count="0" type="stmt"/>
          <line num="365" count="5" type="stmt"/>
          <line num="367" count="10" type="stmt"/>
          <line num="368" count="10" type="stmt"/>
          <line num="370" count="10" type="cond" truecount="1" falsecount="1"/>
          <line num="371" count="10" type="stmt"/>
          <line num="374" count="10" type="cond" truecount="1" falsecount="1"/>
          <line num="375" count="10" type="stmt"/>
          <line num="378" count="10" type="stmt"/>
          <line num="379" count="15" type="stmt"/>
          <line num="380" count="15" type="stmt"/>
          <line num="381" count="15" type="stmt"/>
          <line num="384" count="15" type="stmt"/>
          <line num="385" count="45" type="cond" truecount="3" falsecount="1"/>
          <line num="387" count="45" type="stmt"/>
          <line num="389" count="45" type="stmt"/>
          <line num="398" count="15" type="cond" truecount="1" falsecount="1"/>
          <line num="399" count="0" type="stmt"/>
          <line num="401" count="15" type="stmt"/>
          <line num="404" count="15" type="stmt"/>
          <line num="405" count="15" type="stmt"/>
          <line num="413" count="15" type="stmt"/>
          <line num="414" count="15" type="stmt"/>
          <line num="417" count="10" type="stmt"/>
          <line num="427" count="5" type="stmt"/>
          <line num="428" count="10" type="stmt"/>
          <line num="429" count="10" type="stmt"/>
          <line num="430" count="10" type="stmt"/>
          <line num="431" count="10" type="stmt"/>
          <line num="432" count="10" type="stmt"/>
          <line num="433" count="10" type="stmt"/>
          <line num="434" count="10" type="stmt"/>
          <line num="437" count="10" type="stmt"/>
          <line num="438" count="10" type="stmt"/>
          <line num="440" count="10" type="stmt"/>
          <line num="441" count="15" type="stmt"/>
          <line num="442" count="45" type="stmt"/>
          <line num="443" count="45" type="stmt"/>
          <line num="445" count="45" type="cond" truecount="2" falsecount="0"/>
          <line num="446" count="45" type="cond" truecount="2" falsecount="0"/>
          <line num="448" count="45" type="stmt"/>
          <line num="452" count="10" type="stmt"/>
          <line num="454" count="10" type="stmt"/>
          <line num="455" count="15" type="stmt"/>
          <line num="456" count="45" type="stmt"/>
          <line num="457" count="45" type="stmt"/>
          <line num="461" count="10" type="stmt"/>
          <line num="462" count="10" type="stmt"/>
          <line num="464" count="10" type="stmt"/>
          <line num="465" count="10" type="stmt"/>
          <line num="466" count="10" type="stmt"/>
          <line num="468" count="10" type="stmt"/>
          <line num="469" count="10" type="stmt"/>
          <line num="471" count="10" type="stmt"/>
          <line num="473" count="10" type="stmt"/>
          <line num="475" count="10" type="stmt"/>
          <line num="476" count="10" type="stmt"/>
          <line num="477" count="10" type="stmt"/>
          <line num="479" count="10" type="cond" truecount="1" falsecount="1"/>
          <line num="480" count="10" type="cond" truecount="1" falsecount="1"/>
          <line num="481" count="10" type="cond" truecount="2" falsecount="0"/>
          <line num="483" count="10" type="stmt"/>
          <line num="484" count="10" type="stmt"/>
          <line num="485" count="10" type="stmt"/>
          <line num="487" count="10" type="stmt"/>
          <line num="496" count="5" type="stmt"/>
          <line num="497" count="17" type="stmt"/>
          <line num="499" count="17" type="cond" truecount="2" falsecount="0"/>
          <line num="501" count="17" type="stmt"/>
          <line num="509" count="5" type="stmt"/>
          <line num="510" count="1" type="stmt"/>
          <line num="511" count="1" type="stmt"/>
          <line num="519" count="5" type="stmt"/>
          <line num="520" count="1" type="stmt"/>
          <line num="522" count="1" type="stmt"/>
          <line num="523" count="2" type="stmt"/>
          <line num="524" count="2" type="stmt"/>
          <line num="526" count="2" type="cond" truecount="1" falsecount="1"/>
          <line num="527" count="2" type="stmt"/>
          <line num="531" count="2" type="stmt"/>
          <line num="540" count="5" type="stmt"/>
          <line num="541" count="1" type="stmt"/>
          <line num="552" count="5" type="stmt"/>
          <line num="553" count="1" type="stmt"/>
          <line num="554" count="1" type="stmt"/>
          <line num="556" count="1" type="stmt"/>
          <line num="558" count="1" type="stmt"/>
          <line num="559" count="5" type="stmt"/>
          <line num="562" count="1" type="stmt"/>
          <line num="570" count="5" type="stmt"/>
          <line num="571" count="1" type="stmt"/>
          <line num="573" count="1" type="stmt"/>
          <line num="585" count="5" type="stmt"/>
          <line num="586" count="5" type="stmt"/>
          <line num="599" count="5" type="stmt"/>
          <line num="600" count="0" type="stmt"/>
          <line num="602" count="0" type="stmt"/>
          <line num="615" count="5" type="stmt"/>
          <line num="616" count="11" type="stmt"/>
          <line num="623" count="5" type="stmt"/>
          <line num="624" count="24" type="stmt"/>
          <line num="627" count="5" type="stmt"/>
          <line num="628" count="0" type="stmt"/>
          <line num="629" count="0" type="cond" truecount="0" falsecount="4"/>
          <line num="630" count="0" type="stmt"/>
          <line num="631" count="0" type="stmt"/>
          <line num="632" count="0" type="stmt"/>
          <line num="634" count="0" type="stmt"/>
          <line num="638" count="5" type="stmt"/>
        </file>
        <file name="youtube.controller.js" path="/home/rodrigo/Documentos/DataViz/server/controllers/youtube.controller.js">
          <metrics statements="240" coveredstatements="161" conditionals="65" coveredconditionals="27" methods="28" coveredmethods="24"/>
          <line num="2" count="5" type="stmt"/>
          <line num="3" count="5" type="stmt"/>
          <line num="4" count="5" type="stmt"/>
          <line num="5" count="5" type="stmt"/>
          <line num="6" count="5" type="stmt"/>
          <line num="7" count="5" type="stmt"/>
          <line num="8" count="5" type="stmt"/>
          <line num="11" count="5" type="stmt"/>
          <line num="12" count="5" type="stmt"/>
          <line num="13" count="5" type="stmt"/>
          <line num="22" count="5" type="stmt"/>
          <line num="23" count="1" type="stmt"/>
          <line num="24" count="1" type="stmt"/>
          <line num="26" count="1" type="stmt"/>
          <line num="28" count="1" type="stmt"/>
          <line num="34" count="0" type="stmt"/>
          <line num="36" count="0" type="stmt"/>
          <line num="47" count="5" type="stmt"/>
          <line num="48" count="0" type="stmt"/>
          <line num="49" count="0" type="stmt"/>
          <line num="50" count="0" type="stmt"/>
          <line num="51" count="0" type="stmt"/>
          <line num="52" count="0" type="stmt"/>
          <line num="53" count="0" type="stmt"/>
          <line num="54" count="0" type="stmt"/>
          <line num="55" count="0" type="stmt"/>
          <line num="56" count="0" type="stmt"/>
          <line num="57" count="0" type="stmt"/>
          <line num="58" count="0" type="stmt"/>
          <line num="62" count="0" type="stmt"/>
          <line num="63" count="0" type="stmt"/>
          <line num="64" count="0" type="stmt"/>
          <line num="65" count="0" type="stmt"/>
          <line num="66" count="0" type="stmt"/>
          <line num="68" count="0" type="stmt"/>
          <line num="69" count="0" type="stmt"/>
          <line num="72" count="0" type="cond" truecount="0" falsecount="4"/>
          <line num="73" count="0" type="stmt"/>
          <line num="78" count="0" type="cond" truecount="0" falsecount="2"/>
          <line num="79" count="0" type="stmt"/>
          <line num="80" count="0" type="stmt"/>
          <line num="84" count="0" type="cond" truecount="0" falsecount="2"/>
          <line num="85" count="0" type="stmt"/>
          <line num="87" count="0" type="stmt"/>
          <line num="91" count="0" type="cond" truecount="0" falsecount="2"/>
          <line num="92" count="0" type="stmt"/>
          <line num="97" count="0" type="stmt"/>
          <line num="102" count="0" type="cond" truecount="0" falsecount="2"/>
          <line num="103" count="0" type="stmt"/>
          <line num="104" count="0" type="cond" truecount="0" falsecount="2"/>
          <line num="105" count="0" type="stmt"/>
          <line num="107" count="0" type="stmt"/>
          <line num="108" count="0" type="cond" truecount="0" falsecount="2"/>
          <line num="113" count="0" type="stmt"/>
          <line num="114" count="0" type="cond" truecount="0" falsecount="2"/>
          <line num="115" count="0" type="cond" truecount="0" falsecount="4"/>
          <line num="116" count="0" type="stmt"/>
          <line num="119" count="0" type="stmt"/>
          <line num="125" count="0" type="stmt"/>
          <line num="130" count="0" type="stmt"/>
          <line num="131" count="0" type="stmt"/>
          <line num="132" count="0" type="stmt"/>
          <line num="134" count="0" type="stmt"/>
          <line num="136" count="0" type="stmt"/>
          <line num="144" count="5" type="stmt"/>
          <line num="145" count="1" type="stmt"/>
          <line num="146" count="1" type="stmt"/>
          <line num="148" count="1" type="stmt"/>
          <line num="150" count="1" type="stmt"/>
          <line num="155" count="0" type="stmt"/>
          <line num="157" count="0" type="stmt"/>
          <line num="166" count="5" type="stmt"/>
          <line num="167" count="0" type="stmt"/>
          <line num="168" count="0" type="stmt"/>
          <line num="169" count="0" type="stmt"/>
          <line num="170" count="0" type="stmt"/>
          <line num="171" count="0" type="stmt"/>
          <line num="172" count="0" type="stmt"/>
          <line num="173" count="0" type="stmt"/>
          <line num="175" count="0" type="stmt"/>
          <line num="176" count="0" type="stmt"/>
          <line num="177" count="0" type="cond" truecount="0" falsecount="4"/>
          <line num="179" count="0" type="stmt"/>
          <line num="180" count="0" type="stmt"/>
          <line num="184" count="0" type="cond" truecount="0" falsecount="2"/>
          <line num="187" count="0" type="stmt"/>
          <line num="189" count="0" type="stmt"/>
          <line num="194" count="0" type="stmt"/>
          <line num="196" count="0" type="stmt"/>
          <line num="207" count="5" type="stmt"/>
          <line num="208" count="6" type="stmt"/>
          <line num="209" count="6" type="stmt"/>
          <line num="210" count="6" type="stmt"/>
          <line num="211" count="6" type="stmt"/>
          <line num="212" count="6" type="stmt"/>
          <line num="214" count="6" type="stmt"/>
          <line num="259" count="6" type="stmt"/>
          <line num="260" count="6" type="stmt"/>
          <line num="261" count="6" type="stmt"/>
          <line num="262" count="6" type="stmt"/>
          <line num="263" count="6" type="stmt"/>
          <line num="274" count="5" type="stmt"/>
          <line num="275" count="7" type="stmt"/>
          <line num="276" count="7" type="cond" truecount="2" falsecount="0"/>
          <line num="277" count="3" type="stmt"/>
          <line num="278" count="6" type="stmt"/>
          <line num="281" count="4" type="stmt"/>
          <line num="282" count="4" type="stmt"/>
          <line num="285" count="7" type="stmt"/>
          <line num="288" count="0" type="cond" truecount="0" falsecount="2"/>
          <line num="289" count="0" type="stmt"/>
          <line num="291" count="0" type="stmt"/>
          <line num="293" count="0" type="stmt"/>
          <line num="295" count="0" type="stmt"/>
          <line num="306" count="5" type="stmt"/>
          <line num="307" count="6" type="stmt"/>
          <line num="308" count="6" type="stmt"/>
          <line num="309" count="6" type="stmt"/>
          <line num="310" count="6" type="stmt"/>
          <line num="314" count="6" type="cond" truecount="1" falsecount="1"/>
          <line num="315" count="6" type="stmt"/>
          <line num="317" count="0" type="stmt"/>
          <line num="318" count="0" type="stmt"/>
          <line num="324" count="6" type="stmt"/>
          <line num="330" count="6" type="stmt"/>
          <line num="339" count="5" type="stmt"/>
          <line num="340" count="3" type="stmt"/>
          <line num="341" count="3" type="stmt"/>
          <line num="343" count="3" type="stmt"/>
          <line num="345" count="3" type="stmt"/>
          <line num="347" count="0" type="stmt"/>
          <line num="349" count="0" type="stmt"/>
          <line num="360" count="5" type="stmt"/>
          <line num="361" count="6" type="stmt"/>
          <line num="362" count="6" type="stmt"/>
          <line num="364" count="6" type="cond" truecount="1" falsecount="1"/>
          <line num="365" count="6" type="stmt"/>
          <line num="368" count="6" type="cond" truecount="1" falsecount="1"/>
          <line num="369" count="6" type="stmt"/>
          <line num="372" count="6" type="stmt"/>
          <line num="373" count="9" type="stmt"/>
          <line num="374" count="9" type="stmt"/>
          <line num="375" count="9" type="stmt"/>
          <line num="378" count="9" type="stmt"/>
          <line num="379" count="27" type="cond" truecount="3" falsecount="1"/>
          <line num="381" count="27" type="stmt"/>
          <line num="383" count="27" type="stmt"/>
          <line num="392" count="9" type="cond" truecount="1" falsecount="1"/>
          <line num="393" count="0" type="stmt"/>
          <line num="395" count="9" type="stmt"/>
          <line num="398" count="9" type="stmt"/>
          <line num="399" count="9" type="stmt"/>
          <line num="407" count="9" type="stmt"/>
          <line num="408" count="9" type="stmt"/>
          <line num="411" count="6" type="stmt"/>
          <line num="421" count="5" type="stmt"/>
          <line num="422" count="6" type="stmt"/>
          <line num="423" count="6" type="stmt"/>
          <line num="424" count="6" type="stmt"/>
          <line num="425" count="6" type="stmt"/>
          <line num="426" count="6" type="stmt"/>
          <line num="427" count="6" type="stmt"/>
          <line num="428" count="6" type="stmt"/>
          <line num="431" count="6" type="stmt"/>
          <line num="432" count="6" type="stmt"/>
          <line num="434" count="6" type="stmt"/>
          <line num="435" count="9" type="stmt"/>
          <line num="436" count="27" type="stmt"/>
          <line num="437" count="27" type="stmt"/>
          <line num="439" count="27" type="cond" truecount="2" falsecount="0"/>
          <line num="440" count="27" type="cond" truecount="2" falsecount="0"/>
          <line num="442" count="27" type="stmt"/>
          <line num="446" count="6" type="stmt"/>
          <line num="448" count="6" type="stmt"/>
          <line num="449" count="9" type="stmt"/>
          <line num="450" count="27" type="stmt"/>
          <line num="451" count="27" type="stmt"/>
          <line num="455" count="6" type="stmt"/>
          <line num="456" count="6" type="stmt"/>
          <line num="458" count="6" type="stmt"/>
          <line num="459" count="6" type="stmt"/>
          <line num="460" count="6" type="stmt"/>
          <line num="462" count="6" type="stmt"/>
          <line num="463" count="6" type="stmt"/>
          <line num="465" count="6" type="stmt"/>
          <line num="467" count="6" type="stmt"/>
          <line num="469" count="6" type="stmt"/>
          <line num="470" count="6" type="stmt"/>
          <line num="471" count="6" type="stmt"/>
          <line num="473" count="6" type="cond" truecount="1" falsecount="1"/>
          <line num="474" count="6" type="cond" truecount="1" falsecount="1"/>
          <line num="475" count="6" type="cond" truecount="2" falsecount="0"/>
          <line num="477" count="6" type="stmt"/>
          <line num="478" count="6" type="stmt"/>
          <line num="479" count="6" type="stmt"/>
          <line num="481" count="6" type="stmt"/>
          <line num="490" count="5" type="stmt"/>
          <line num="491" count="10" type="stmt"/>
          <line num="493" count="10" type="cond" truecount="2" falsecount="0"/>
          <line num="495" count="10" type="stmt"/>
          <line num="503" count="5" type="stmt"/>
          <line num="504" count="1" type="stmt"/>
          <line num="505" count="1" type="stmt"/>
          <line num="513" count="5" type="stmt"/>
          <line num="514" count="1" type="stmt"/>
          <line num="516" count="1" type="stmt"/>
          <line num="517" count="2" type="stmt"/>
          <line num="518" count="2" type="stmt"/>
          <line num="519" count="2" type="stmt"/>
          <line num="521" count="2" type="cond" truecount="1" falsecount="1"/>
          <line num="522" count="2" type="stmt"/>
          <line num="526" count="2" type="stmt"/>
          <line num="535" count="5" type="stmt"/>
          <line num="536" count="1" type="stmt"/>
          <line num="547" count="5" type="stmt"/>
          <line num="548" count="1" type="stmt"/>
          <line num="549" count="1" type="stmt"/>
          <line num="551" count="1" type="stmt"/>
          <line num="553" count="1" type="stmt"/>
          <line num="554" count="3" type="stmt"/>
          <line num="557" count="1" type="stmt"/>
          <line num="565" count="5" type="stmt"/>
          <line num="566" count="1" type="stmt"/>
          <line num="568" count="1" type="stmt"/>
          <line num="580" count="5" type="stmt"/>
          <line num="581" count="3" type="stmt"/>
          <line num="595" count="5" type="stmt"/>
          <line num="596" count="0" type="stmt"/>
          <line num="598" count="0" type="stmt"/>
          <line num="611" count="5" type="stmt"/>
          <line num="612" count="7" type="stmt"/>
          <line num="619" count="5" type="stmt"/>
          <line num="620" count="16" type="stmt"/>
          <line num="628" count="5" type="stmt"/>
          <line num="629" count="8" type="cond" truecount="2" falsecount="0"/>
          <line num="631" count="6" type="stmt"/>
          <line num="633" count="6" type="cond" truecount="5" falsecount="0"/>
          <line num="636" count="5" type="stmt"/>
          <line num="639" count="1" type="stmt"/>
          <line num="642" count="5" type="stmt"/>
        </file>
      </package>
      <package name="DataViz.server.models">
        <metrics statements="20" coveredstatements="20" conditionals="0" coveredconditionals="0" methods="0" coveredmethods="0"/>
        <file name="facebook.model.js" path="/home/rodrigo/Documentos/DataViz/server/models/facebook.model.js">
          <metrics statements="6" coveredstatements="6" conditionals="0" coveredconditionals="0" methods="0" coveredmethods="0"/>
          <line num="2" count="5" type="stmt"/>
          <line num="4" count="5" type="stmt"/>
          <line num="5" count="5" type="stmt"/>
          <line num="31" count="5" type="stmt"/>
          <line num="49" count="5" type="stmt"/>
          <line num="74" count="5" type="stmt"/>
        </file>
        <file name="instagram.model.js" path="/home/rodrigo/Documentos/DataViz/server/models/instagram.model.js">
          <metrics statements="6" coveredstatements="6" conditionals="0" coveredconditionals="0" methods="0" coveredmethods="0"/>
          <line num="1" count="5" type="stmt"/>
          <line num="3" count="5" type="stmt"/>
          <line num="4" count="5" type="stmt"/>
          <line num="11" count="5" type="stmt"/>
          <line num="28" count="5" type="stmt"/>
          <line num="47" count="5" type="stmt"/>
        </file>
        <file name="twitter.model.js" path="/home/rodrigo/Documentos/DataViz/server/models/twitter.model.js">
          <metrics statements="4" coveredstatements="4" conditionals="0" coveredconditionals="0" methods="0" coveredmethods="0"/>
          <line num="1" count="5" type="stmt"/>
          <line num="3" count="5" type="stmt"/>
          <line num="29" count="5" type="stmt"/>
          <line num="48" count="5" type="stmt"/>
        </file>
        <file name="youtube.model.js" path="/home/rodrigo/Documentos/DataViz/server/models/youtube.model.js">
          <metrics statements="4" coveredstatements="4" conditionals="0" coveredconditionals="0" methods="0" coveredmethods="0"/>
          <line num="1" count="5" type="stmt"/>
          <line num="3" count="5" type="stmt"/>
          <line num="20" count="5" type="stmt"/>
          <line num="39" count="5" type="stmt"/>
        </file>
      </package>
      <package name="DataViz.server.routes">
        <metrics statements="74" coveredstatements="71" conditionals="0" coveredconditionals="0" methods="4" coveredmethods="1"/>
        <file name="facebook.route.js" path="/home/rodrigo/Documentos/DataViz/server/routes/facebook.route.js">
          <metrics statements="14" coveredstatements="14" conditionals="0" coveredconditionals="0" methods="0" coveredmethods="0"/>
          <line num="2" count="5" type="stmt"/>
          <line num="3" count="5" type="stmt"/>
          <line num="4" count="5" type="stmt"/>
          <line num="7" count="5" type="stmt"/>
          <line num="13" count="5" type="stmt"/>
          <line num="19" count="5" type="stmt"/>
          <line num="24" count="5" type="stmt"/>
          <line num="36" count="5" type="stmt"/>
          <line num="48" count="5" type="stmt"/>
          <line num="54" count="5" type="stmt"/>
          <line num="60" count="5" type="stmt"/>
          <line num="71" count="5" type="stmt"/>
          <line num="75" count="5" type="stmt"/>
          <line num="77" count="5" type="stmt"/>
        </file>
        <file name="index.route.js" path="/home/rodrigo/Documentos/DataViz/server/routes/index.route.js">
          <metrics statements="21" coveredstatements="18" conditionals="0" coveredconditionals="0" methods="4" coveredmethods="1"/>
          <line num="1" count="5" type="stmt"/>
          <line num="3" count="5" type="stmt"/>
          <line num="4" count="5" type="stmt"/>
          <line num="5" count="5" type="stmt"/>
          <line num="6" count="5" type="stmt"/>
          <line num="8" count="5" type="stmt"/>
          <line num="12" count="5" type="stmt"/>
          <line num="13" count="1" type="stmt"/>
          <line num="35" count="1" type="stmt"/>
          <line num="49" count="1" type="stmt"/>
          <line num="55" count="5" type="stmt"/>
          <line num="56" count="0" type="stmt"/>
          <line num="59" count="5" type="stmt"/>
          <line num="60" count="0" type="stmt"/>
          <line num="63" count="5" type="stmt"/>
          <line num="64" count="0" type="stmt"/>
          <line num="68" count="5" type="stmt"/>
          <line num="71" count="5" type="stmt"/>
          <line num="74" count="5" type="stmt"/>
          <line num="76" count="5" type="stmt"/>
          <line num="78" count="5" type="stmt"/>
        </file>
        <file name="instagram.route.js" path="/home/rodrigo/Documentos/DataViz/server/routes/instagram.route.js">
          <metrics statements="13" coveredstatements="13" conditionals="0" coveredconditionals="0" methods="0" coveredmethods="0"/>
          <line num="1" count="5" type="stmt"/>
          <line num="2" count="5" type="stmt"/>
          <line num="3" count="5" type="stmt"/>
          <line num="5" count="5" type="stmt"/>
          <line num="7" count="5" type="stmt"/>
          <line num="10" count="5" type="stmt"/>
          <line num="20" count="5" type="stmt"/>
          <line num="28" count="5" type="stmt"/>
          <line num="31" count="5" type="stmt"/>
          <line num="34" count="5" type="stmt"/>
          <line num="42" count="5" type="stmt"/>
          <line num="43" count="5" type="stmt"/>
          <line num="45" count="5" type="stmt"/>
        </file>
        <file name="twitter.route.js" path="/home/rodrigo/Documentos/DataViz/server/routes/twitter.route.js">
          <metrics statements="13" coveredstatements="13" conditionals="0" coveredconditionals="0" methods="0" coveredmethods="0"/>
          <line num="1" count="5" type="stmt"/>
          <line num="2" count="5" type="stmt"/>
          <line num="3" count="5" type="stmt"/>
          <line num="5" count="5" type="stmt"/>
          <line num="14" count="5" type="stmt"/>
          <line num="17" count="5" type="stmt"/>
          <line num="26" count="5" type="stmt"/>
          <line num="34" count="5" type="stmt"/>
          <line num="37" count="5" type="stmt"/>
          <line num="40" count="5" type="stmt"/>
          <line num="47" count="5" type="stmt"/>
          <line num="48" count="5" type="stmt"/>
          <line num="50" count="5" type="stmt"/>
        </file>
        <file name="youtube.route.js" path="/home/rodrigo/Documentos/DataViz/server/routes/youtube.route.js">
          <metrics statements="13" coveredstatements="13" conditionals="0" coveredconditionals="0" methods="0" coveredmethods="0"/>
          <line num="1" count="5" type="stmt"/>
          <line num="2" count="5" type="stmt"/>
          <line num="3" count="5" type="stmt"/>
          <line num="5" count="5" type="stmt"/>
          <line num="8" count="5" type="stmt"/>
          <line num="11" count="5" type="stmt"/>
          <line num="20" count="5" type="stmt"/>
          <line num="29" count="5" type="stmt"/>
          <line num="35" count="5" type="stmt"/>
          <line num="39" count="5" type="stmt"/>
          <line num="46" count="5" type="stmt"/>
          <line num="48" count="5" type="stmt"/>
          <line num="50" count="5" type="stmt"/>
        </file>
      </package>
    </metrics>
  </project>
</coverage>
