<?xml version="1.0" encoding="UTF-8"?>
<coverage generated="1528813891900" clover="3.2.0">
  <project timestamp="1528813891900" name="All files">
    <metrics statements="1372" coveredstatements="1047" conditionals="349" coveredconditionals="233" methods="157" coveredmethods="130" elements="1878" coveredelements="1410" complexity="0" loc="1372" ncloc="1372" packages="5" files="21" classes="21">
      <package name="DataViz">
        <metrics statements="18" coveredstatements="15" conditionals="4" coveredconditionals="2" methods="4" coveredmethods="1"/>
        <file name="index.js" path="/home/rodrigo/Documentos/DataViz/index.js">
          <metrics statements="18" coveredstatements="15" conditionals="4" coveredconditionals="2" methods="4" coveredmethods="1"/>
          <line num="1" count="5" type="stmt"/>
          <line num="2" count="5" type="stmt"/>
          <line num="3" count="5" type="stmt"/>
          <line num="4" count="5" type="stmt"/>
          <line num="7" count="5" type="cond" truecount="1" falsecount="1"/>
          <line num="8" count="5" type="stmt"/>
          <line num="11" count="5" type="stmt"/>
          <line num="14" count="5" type="stmt"/>
          <line num="17" count="5" type="stmt"/>
          <line num="18" count="5" type="stmt"/>
          <line num="19" count="5" type="stmt"/>
          <line num="20" count="0" type="stmt"/>
          <line num="22" count="5" type="stmt"/>
          <line num="23" count="5" type="stmt"/>
          <line num="27" count="5" type="cond" truecount="1" falsecount="1"/>
          <line num="28" count="0" type="stmt"/>
          <line num="29" count="0" type="stmt"/>
          <line num="33" count="5" type="stmt"/>
        </file>
      </package>
      <package name="DataViz.config">
        <metrics statements="55" coveredstatements="54" conditionals="4" coveredconditionals="2" methods="3" coveredmethods="3"/>
        <file name="config.js" path="/home/rodrigo/Documentos/DataViz/config/config.js">
          <metrics statements="3" coveredstatements="3" conditionals="0" coveredconditionals="0" methods="0" coveredmethods="0"/>
          <line num="2" count="5" type="stmt"/>
          <line num="4" count="5" type="stmt"/>
          <line num="13" count="5" type="stmt"/>
        </file>
        <file name="express.js" path="/home/rodrigo/Documentos/DataViz/config/express.js">
          <metrics statements="22" coveredstatements="22" conditionals="0" coveredconditionals="0" methods="0" coveredmethods="0"/>
          <line num="1" count="5" type="stmt"/>
          <line num="2" count="5" type="stmt"/>
          <line num="3" count="5" type="stmt"/>
          <line num="4" count="5" type="stmt"/>
          <line num="5" count="5" type="stmt"/>
          <line num="6" count="5" type="stmt"/>
          <line num="7" count="5" type="stmt"/>
          <line num="8" count="5" type="stmt"/>
          <line num="10" count="5" type="stmt"/>
          <line num="15" count="5" type="stmt"/>
          <line num="18" count="5" type="stmt"/>
          <line num="19" count="5" type="stmt"/>
          <line num="22" count="5" type="stmt"/>
          <line num="24" count="5" type="stmt"/>
          <line num="25" count="5" type="stmt"/>
          <line num="28" count="5" type="stmt"/>
          <line num="31" count="5" type="stmt"/>
          <line num="34" count="5" type="stmt"/>
          <line num="37" count="5" type="stmt"/>
          <line num="38" count="5" type="stmt"/>
          <line num="41" count="5" type="stmt"/>
          <line num="43" count="5" type="stmt"/>
        </file>
        <file name="google-auth.js" path="/home/rodrigo/Documentos/DataViz/config/google-auth.js">
          <metrics statements="15" coveredstatements="15" conditionals="2" coveredconditionals="1" methods="2" coveredmethods="2"/>
          <line num="1" count="5" type="stmt"/>
          <line num="2" count="5" type="stmt"/>
          <line num="3" count="5" type="stmt"/>
          <line num="4" count="5" type="stmt"/>
          <line num="9" count="5" type="stmt"/>
          <line num="10" count="5" type="cond" truecount="1" falsecount="1"/>
          <line num="11" count="5" type="stmt"/>
          <line num="13" count="5" type="stmt"/>
          <line num="14" count="5" type="stmt"/>
          <line num="15" count="5" type="stmt"/>
          <line num="16" count="5" type="stmt"/>
          <line num="17" count="4" type="stmt"/>
          <line num="24" count="5" type="stmt"/>
          <line num="25" count="4" type="stmt"/>
          <line num="32" count="5" type="stmt"/>
        </file>
        <file name="jest-setup.js" path="/home/rodrigo/Documentos/DataViz/config/jest-setup.js">
          <metrics statements="2" coveredstatements="2" conditionals="0" coveredconditionals="0" methods="0" coveredmethods="0"/>
          <line num="1" count="5" type="stmt"/>
          <line num="3" count="5" type="stmt"/>
        </file>
        <file name="logger.js" path="/home/rodrigo/Documentos/DataViz/config/logger.js">
          <metrics statements="13" coveredstatements="12" conditionals="2" coveredconditionals="1" methods="1" coveredmethods="1"/>
          <line num="1" count="5" type="stmt"/>
          <line num="2" count="5" type="stmt"/>
          <line num="4" count="5" type="stmt"/>
          <line num="5" count="5" type="stmt"/>
          <line num="8" count="5" type="stmt"/>
          <line num="9" count="5" type="cond" truecount="1" falsecount="1"/>
          <line num="10" count="0" type="stmt"/>
          <line num="13" count="5" type="stmt"/>
          <line num="30" count="5" type="stmt"/>
          <line num="31" count="22" type="stmt"/>
          <line num="34" count="5" type="stmt"/>
          <line num="36" count="5" type="stmt"/>
          <line num="56" count="5" type="stmt"/>
        </file>
      </package>
      <package name="DataViz.server.controllers">
        <metrics statements="1200" coveredstatements="885" conditionals="341" coveredconditionals="229" methods="146" coveredmethods="125"/>
        <file name="color.controller.js" path="/home/rodrigo/Documentos/DataViz/server/controllers/color.controller.js">
          <metrics statements="23" coveredstatements="23" conditionals="1" coveredconditionals="0" methods="3" coveredmethods="3"/>
          <line num="1" count="5" type="stmt"/>
          <line num="3" count="5" type="stmt"/>
          <line num="4" count="5" type="stmt"/>
          <line num="5" count="5" type="stmt"/>
          <line num="6" count="5" type="stmt"/>
          <line num="7" count="5" type="stmt"/>
          <line num="8" count="5" type="stmt"/>
          <line num="9" count="5" type="stmt"/>
          <line num="14" count="5" type="stmt"/>
          <line num="15" count="5" type="stmt"/>
          <line num="20" count="5" type="stmt"/>
          <line num="21" count="43" type="stmt"/>
          <line num="22" count="43" type="stmt"/>
          <line num="23" count="43" type="stmt"/>
          <line num="25" count="43" type="stmt"/>
          <line num="31" count="5" type="stmt"/>
          <line num="33" count="43" type="stmt"/>
          <line num="34" count="54" type="stmt"/>
          <line num="37" count="43" type="stmt"/>
          <line num="39" count="43" type="stmt"/>
          <line num="47" count="5" type="cond" truecount="0" falsecount="1"/>
          <line num="48" count="140" type="stmt"/>
          <line num="51" count="5" type="stmt"/>
        </file>
        <file name="facebook.controller.js" path="/home/rodrigo/Documentos/DataViz/server/controllers/facebook.controller.js">
          <metrics statements="266" coveredstatements="215" conditionals="81" coveredconditionals="57" methods="34" coveredmethods="32"/>
          <line num="2" count="5" type="stmt"/>
          <line num="3" count="5" type="stmt"/>
          <line num="4" count="5" type="stmt"/>
          <line num="5" count="5" type="stmt"/>
          <line num="6" count="5" type="stmt"/>
          <line num="7" count="5" type="stmt"/>
          <line num="8" count="5" type="stmt"/>
          <line num="11" count="5" type="stmt"/>
          <line num="12" count="5" type="stmt"/>
          <line num="13" count="5" type="stmt"/>
          <line num="23" count="5" type="stmt"/>
          <line num="24" count="1" type="stmt"/>
          <line num="25" count="1" type="stmt"/>
          <line num="27" count="1" type="stmt"/>
          <line num="29" count="1" type="stmt"/>
          <line num="35" count="0" type="stmt"/>
          <line num="37" count="0" type="stmt"/>
          <line num="46" count="5" type="stmt"/>
          <line num="47" count="1" type="stmt"/>
          <line num="57" count="1" type="stmt"/>
          <line num="68" count="5" type="stmt"/>
          <line num="69" count="0" type="stmt"/>
          <line num="70" count="0" type="stmt"/>
          <line num="71" count="0" type="stmt"/>
          <line num="72" count="0" type="stmt"/>
          <line num="73" count="0" type="stmt"/>
          <line num="74" count="0" type="stmt"/>
          <line num="75" count="0" type="stmt"/>
          <line num="76" count="0" type="stmt"/>
          <line num="77" count="0" type="stmt"/>
          <line num="78" count="0" type="stmt"/>
          <line num="79" count="0" type="stmt"/>
          <line num="82" count="0" type="stmt"/>
          <line num="84" count="0" type="stmt"/>
          <line num="85" count="0" type="stmt"/>
          <line num="86" count="0" type="stmt"/>
          <line num="87" count="0" type="stmt"/>
          <line num="89" count="0" type="stmt"/>
          <line num="90" count="0" type="stmt"/>
          <line num="92" count="0" type="cond" truecount="0" falsecount="4"/>
          <line num="93" count="0" type="stmt"/>
          <line num="98" count="0" type="cond" truecount="0" falsecount="2"/>
          <line num="99" count="0" type="stmt"/>
          <line num="100" count="0" type="stmt"/>
          <line num="103" count="0" type="stmt"/>
          <line num="105" count="0" type="cond" truecount="0" falsecount="2"/>
          <line num="106" count="0" type="stmt"/>
          <line num="113" count="0" type="stmt"/>
          <line num="114" count="0" type="cond" truecount="0" falsecount="2"/>
          <line num="115" count="0" type="stmt"/>
          <line num="116" count="0" type="stmt"/>
          <line num="119" count="0" type="cond" truecount="0" falsecount="2"/>
          <line num="120" count="0" type="stmt"/>
          <line num="121" count="0" type="cond" truecount="0" falsecount="2"/>
          <line num="122" count="0" type="stmt"/>
          <line num="123" count="0" type="cond" truecount="0" falsecount="4"/>
          <line num="124" count="0" type="stmt"/>
          <line num="128" count="0" type="stmt"/>
          <line num="129" count="0" type="stmt"/>
          <line num="131" count="0" type="stmt"/>
          <line num="137" count="0" type="stmt"/>
          <line num="141" count="0" type="stmt"/>
          <line num="142" count="0" type="stmt"/>
          <line num="143" count="0" type="stmt"/>
          <line num="146" count="0" type="stmt"/>
          <line num="147" count="0" type="stmt"/>
          <line num="155" count="5" type="stmt"/>
          <line num="156" count="1" type="stmt"/>
          <line num="157" count="1" type="stmt"/>
          <line num="158" count="1" type="stmt"/>
          <line num="160" count="1" type="stmt"/>
          <line num="165" count="0" type="stmt"/>
          <line num="167" count="0" type="stmt"/>
          <line num="176" count="5" type="stmt"/>
          <line num="177" count="1" type="stmt"/>
          <line num="178" count="1" type="stmt"/>
          <line num="179" count="1" type="stmt"/>
          <line num="180" count="1" type="stmt"/>
          <line num="181" count="1" type="stmt"/>
          <line num="182" count="1" type="stmt"/>
          <line num="183" count="1" type="stmt"/>
          <line num="185" count="1" type="cond" truecount="2" falsecount="0"/>
          <line num="186" count="3" type="stmt"/>
          <line num="187" count="6" type="cond" truecount="4" falsecount="0"/>
          <line num="189" count="2" type="stmt"/>
          <line num="190" count="2" type="stmt"/>
          <line num="195" count="1" type="stmt"/>
          <line num="197" count="1" type="stmt"/>
          <line num="202" count="0" type="stmt"/>
          <line num="204" count="0" type="stmt"/>
          <line num="213" count="5" type="stmt"/>
          <line num="214" count="5" type="stmt"/>
          <line num="216" count="5" type="stmt"/>
          <line num="217" count="5" type="stmt"/>
          <line num="218" count="5" type="stmt"/>
          <line num="219" count="5" type="stmt"/>
          <line num="220" count="5" type="stmt"/>
          <line num="231" count="5" type="stmt"/>
          <line num="232" count="10" type="stmt"/>
          <line num="233" count="10" type="cond" truecount="2" falsecount="0"/>
          <line num="234" count="3" type="stmt"/>
          <line num="235" count="6" type="stmt"/>
          <line num="238" count="7" type="stmt"/>
          <line num="239" count="7" type="stmt"/>
          <line num="242" count="8" type="stmt"/>
          <line num="245" count="2" type="cond" truecount="2" falsecount="0"/>
          <line num="246" count="1" type="stmt"/>
          <line num="248" count="1" type="stmt"/>
          <line num="251" count="2" type="stmt"/>
          <line num="253" count="2" type="stmt"/>
          <line num="264" count="5" type="stmt"/>
          <line num="265" count="8" type="stmt"/>
          <line num="266" count="8" type="stmt"/>
          <line num="267" count="8" type="stmt"/>
          <line num="268" count="8" type="stmt"/>
          <line num="272" count="8" type="cond" truecount="2" falsecount="0"/>
          <line num="273" count="7" type="stmt"/>
          <line num="275" count="1" type="stmt"/>
          <line num="276" count="1" type="stmt"/>
          <line num="282" count="7" type="stmt"/>
          <line num="288" count="7" type="stmt"/>
          <line num="297" count="5" type="stmt"/>
          <line num="298" count="4" type="stmt"/>
          <line num="299" count="4" type="stmt"/>
          <line num="301" count="4" type="cond" truecount="2" falsecount="0"/>
          <line num="302" count="1" type="stmt"/>
          <line num="305" count="3" type="stmt"/>
          <line num="307" count="3" type="stmt"/>
          <line num="309" count="1" type="stmt"/>
          <line num="311" count="1" type="stmt"/>
          <line num="322" count="5" type="stmt"/>
          <line num="323" count="5" type="stmt"/>
          <line num="324" count="5" type="stmt"/>
          <line num="326" count="5" type="cond" truecount="1" falsecount="1"/>
          <line num="327" count="5" type="stmt"/>
          <line num="330" count="5" type="cond" truecount="1" falsecount="1"/>
          <line num="331" count="5" type="stmt"/>
          <line num="334" count="5" type="stmt"/>
          <line num="335" count="7" type="stmt"/>
          <line num="336" count="7" type="stmt"/>
          <line num="337" count="7" type="stmt"/>
          <line num="340" count="7" type="stmt"/>
          <line num="341" count="18" type="cond" truecount="3" falsecount="1"/>
          <line num="343" count="18" type="stmt"/>
          <line num="345" count="18" type="stmt"/>
          <line num="354" count="7" type="cond" truecount="2" falsecount="0"/>
          <line num="355" count="1" type="stmt"/>
          <line num="357" count="6" type="stmt"/>
          <line num="360" count="7" type="stmt"/>
          <line num="361" count="7" type="stmt"/>
          <line num="369" count="7" type="stmt"/>
          <line num="370" count="7" type="stmt"/>
          <line num="373" count="5" type="stmt"/>
          <line num="383" count="5" type="stmt"/>
          <line num="384" count="5" type="stmt"/>
          <line num="385" count="5" type="stmt"/>
          <line num="386" count="5" type="stmt"/>
          <line num="387" count="5" type="stmt"/>
          <line num="388" count="5" type="stmt"/>
          <line num="389" count="5" type="stmt"/>
          <line num="390" count="5" type="stmt"/>
          <line num="393" count="5" type="stmt"/>
          <line num="394" count="5" type="stmt"/>
          <line num="396" count="5" type="stmt"/>
          <line num="397" count="7" type="stmt"/>
          <line num="398" count="18" type="stmt"/>
          <line num="399" count="18" type="stmt"/>
          <line num="401" count="18" type="cond" truecount="2" falsecount="0"/>
          <line num="402" count="18" type="cond" truecount="2" falsecount="0"/>
          <line num="404" count="18" type="stmt"/>
          <line num="408" count="5" type="stmt"/>
          <line num="410" count="5" type="stmt"/>
          <line num="411" count="7" type="stmt"/>
          <line num="412" count="18" type="stmt"/>
          <line num="413" count="18" type="stmt"/>
          <line num="417" count="5" type="stmt"/>
          <line num="418" count="5" type="stmt"/>
          <line num="420" count="5" type="stmt"/>
          <line num="421" count="5" type="stmt"/>
          <line num="422" count="5" type="stmt"/>
          <line num="424" count="5" type="stmt"/>
          <line num="425" count="5" type="stmt"/>
          <line num="427" count="5" type="stmt"/>
          <line num="429" count="5" type="stmt"/>
          <line num="431" count="5" type="stmt"/>
          <line num="432" count="5" type="stmt"/>
          <line num="433" count="5" type="stmt"/>
          <line num="435" count="5" type="cond" truecount="1" falsecount="1"/>
          <line num="436" count="5" type="cond" truecount="2" falsecount="0"/>
          <line num="437" count="5" type="cond" truecount="1" falsecount="1"/>
          <line num="439" count="5" type="stmt"/>
          <line num="440" count="5" type="stmt"/>
          <line num="441" count="5" type="stmt"/>
          <line num="443" count="5" type="stmt"/>
          <line num="453" count="5" type="stmt"/>
          <line num="454" count="5" type="stmt"/>
          <line num="455" count="5" type="stmt"/>
          <line num="457" count="5" type="stmt"/>
          <line num="502" count="5" type="stmt"/>
          <line num="504" count="5" type="stmt"/>
          <line num="513" count="5" type="stmt"/>
          <line num="514" count="13" type="stmt"/>
          <line num="516" count="13" type="cond" truecount="2" falsecount="0"/>
          <line num="518" count="11" type="cond" truecount="2" falsecount="0"/>
          <line num="520" count="11" type="stmt"/>
          <line num="528" count="5" type="stmt"/>
          <line num="529" count="1" type="stmt"/>
          <line num="530" count="1" type="stmt"/>
          <line num="538" count="5" type="stmt"/>
          <line num="539" count="1" type="stmt"/>
          <line num="541" count="1" type="stmt"/>
          <line num="542" count="3" type="stmt"/>
          <line num="543" count="3" type="stmt"/>
          <line num="544" count="3" type="stmt"/>
          <line num="546" count="3" type="cond" truecount="1" falsecount="1"/>
          <line num="547" count="3" type="stmt"/>
          <line num="551" count="3" type="stmt"/>
          <line num="560" count="5" type="stmt"/>
          <line num="561" count="1" type="stmt"/>
          <line num="572" count="5" type="stmt"/>
          <line num="573" count="1" type="stmt"/>
          <line num="574" count="1" type="stmt"/>
          <line num="576" count="1" type="stmt"/>
          <line num="578" count="1" type="stmt"/>
          <line num="579" count="2" type="stmt"/>
          <line num="582" count="1" type="stmt"/>
          <line num="590" count="5" type="stmt"/>
          <line num="591" count="1" type="stmt"/>
          <line num="593" count="1" type="stmt"/>
          <line num="605" count="5" type="stmt"/>
          <line num="606" count="2" type="stmt"/>
          <line num="620" count="5" type="stmt"/>
          <line num="621" count="3" type="stmt"/>
          <line num="623" count="3" type="stmt"/>
          <line num="636" count="5" type="stmt"/>
          <line num="637" count="8" type="stmt"/>
          <line num="644" count="5" type="stmt"/>
          <line num="645" count="21" type="stmt"/>
          <line num="653" count="5" type="stmt"/>
          <line num="654" count="11" type="cond" truecount="2" falsecount="0"/>
          <line num="656" count="8" type="stmt"/>
          <line num="658" count="8" type="cond" truecount="5" falsecount="0"/>
          <line num="661" count="6" type="stmt"/>
          <line num="664" count="2" type="stmt"/>
          <line num="671" count="5" type="stmt"/>
          <line num="672" count="3" type="cond" truecount="2" falsecount="0"/>
          <line num="674" count="2" type="stmt"/>
          <line num="681" count="5" type="stmt"/>
          <line num="682" count="5" type="cond" truecount="4" falsecount="0"/>
          <line num="684" count="3" type="stmt"/>
          <line num="685" count="3" type="stmt"/>
          <line num="686" count="3" type="stmt"/>
          <line num="688" count="3" type="cond" truecount="2" falsecount="0"/>
          <line num="689" count="1" type="stmt"/>
          <line num="691" count="3" type="stmt"/>
          <line num="693" count="3" type="stmt"/>
          <line num="700" count="5" type="stmt"/>
          <line num="701" count="3" type="stmt"/>
          <line num="703" count="3" type="cond" truecount="2" falsecount="0"/>
          <line num="705" count="3" type="stmt"/>
          <line num="713" count="5" type="stmt"/>
          <line num="714" count="4" type="cond" truecount="2" falsecount="0"/>
          <line num="716" count="3" type="stmt"/>
          <line num="718" count="3" type="cond" truecount="4" falsecount="0"/>
          <line num="720" count="3" type="stmt"/>
          <line num="723" count="5" type="stmt"/>
        </file>
        <file name="instagram.controller.js" path="/home/rodrigo/Documentos/DataViz/server/controllers/instagram.controller.js">
          <metrics statements="254" coveredstatements="208" conditionals="79" coveredconditionals="55" methods="33" coveredmethods="30"/>
          <line num="2" count="5" type="stmt"/>
          <line num="3" count="5" type="stmt"/>
          <line num="4" count="5" type="stmt"/>
          <line num="5" count="5" type="stmt"/>
          <line num="6" count="5" type="stmt"/>
          <line num="7" count="5" type="stmt"/>
          <line num="8" count="5" type="stmt"/>
          <line num="11" count="5" type="stmt"/>
          <line num="12" count="5" type="stmt"/>
          <line num="13" count="5" type="stmt"/>
          <line num="23" count="5" type="stmt"/>
          <line num="24" count="1" type="stmt"/>
          <line num="25" count="1" type="stmt"/>
          <line num="27" count="1" type="stmt"/>
          <line num="29" count="1" type="stmt"/>
          <line num="35" count="0" type="stmt"/>
          <line num="37" count="0" type="stmt"/>
          <line num="47" count="5" type="stmt"/>
          <line num="52" count="0" type="stmt"/>
          <line num="53" count="0" type="stmt"/>
          <line num="54" count="0" type="stmt"/>
          <line num="55" count="0" type="stmt"/>
          <line num="57" count="0" type="stmt"/>
          <line num="59" count="0" type="stmt"/>
          <line num="60" count="0" type="stmt"/>
          <line num="61" count="0" type="stmt"/>
          <line num="63" count="0" type="stmt"/>
          <line num="64" count="0" type="stmt"/>
          <line num="65" count="0" type="stmt"/>
          <line num="66" count="0" type="stmt"/>
          <line num="70" count="0" type="cond" truecount="0" falsecount="2"/>
          <line num="71" count="0" type="stmt"/>
          <line num="72" count="0" type="stmt"/>
          <line num="77" count="0" type="cond" truecount="0" falsecount="4"/>
          <line num="78" count="0" type="stmt"/>
          <line num="83" count="0" type="stmt"/>
          <line num="86" count="0" type="cond" truecount="0" falsecount="2"/>
          <line num="87" count="0" type="stmt"/>
          <line num="92" count="0" type="stmt"/>
          <line num="93" count="0" type="cond" truecount="0" falsecount="2"/>
          <line num="94" count="0" type="stmt"/>
          <line num="98" count="0" type="cond" truecount="0" falsecount="2"/>
          <line num="101" count="0" type="stmt"/>
          <line num="109" count="0" type="stmt"/>
          <line num="110" count="0" type="cond" truecount="0" falsecount="2"/>
          <line num="112" count="0" type="stmt"/>
          <line num="113" count="0" type="stmt"/>
          <line num="114" count="0" type="stmt"/>
          <line num="115" count="0" type="cond" truecount="0" falsecount="2"/>
          <line num="116" count="0" type="stmt"/>
          <line num="117" count="0" type="cond" truecount="0" falsecount="2"/>
          <line num="120" count="0" type="stmt"/>
          <line num="124" count="0" type="stmt"/>
          <line num="129" count="0" type="stmt"/>
          <line num="130" count="0" type="stmt"/>
          <line num="131" count="0" type="stmt"/>
          <line num="133" count="0" type="stmt"/>
          <line num="134" count="0" type="stmt"/>
          <line num="142" count="5" type="stmt"/>
          <line num="143" count="1" type="stmt"/>
          <line num="144" count="1" type="stmt"/>
          <line num="145" count="1" type="stmt"/>
          <line num="147" count="1" type="stmt"/>
          <line num="152" count="0" type="stmt"/>
          <line num="154" count="0" type="stmt"/>
          <line num="163" count="5" type="stmt"/>
          <line num="164" count="1" type="stmt"/>
          <line num="165" count="1" type="stmt"/>
          <line num="166" count="1" type="stmt"/>
          <line num="167" count="1" type="stmt"/>
          <line num="168" count="1" type="stmt"/>
          <line num="169" count="1" type="stmt"/>
          <line num="170" count="1" type="stmt"/>
          <line num="172" count="1" type="cond" truecount="2" falsecount="0"/>
          <line num="173" count="3" type="stmt"/>
          <line num="174" count="9" type="cond" truecount="4" falsecount="0"/>
          <line num="176" count="3" type="stmt"/>
          <line num="177" count="3" type="stmt"/>
          <line num="182" count="1" type="stmt"/>
          <line num="184" count="1" type="stmt"/>
          <line num="189" count="0" type="stmt"/>
          <line num="191" count="0" type="stmt"/>
          <line num="200" count="5" type="stmt"/>
          <line num="201" count="7" type="stmt"/>
          <line num="203" count="7" type="stmt"/>
          <line num="204" count="7" type="stmt"/>
          <line num="205" count="7" type="stmt"/>
          <line num="206" count="7" type="stmt"/>
          <line num="207" count="7" type="stmt"/>
          <line num="218" count="5" type="stmt"/>
          <line num="219" count="12" type="stmt"/>
          <line num="220" count="12" type="cond" truecount="2" falsecount="0"/>
          <line num="221" count="4" type="stmt"/>
          <line num="222" count="8" type="stmt"/>
          <line num="225" count="8" type="stmt"/>
          <line num="226" count="8" type="stmt"/>
          <line num="229" count="10" type="stmt"/>
          <line num="232" count="2" type="cond" truecount="2" falsecount="0"/>
          <line num="233" count="1" type="stmt"/>
          <line num="235" count="1" type="stmt"/>
          <line num="237" count="2" type="stmt"/>
          <line num="239" count="2" type="stmt"/>
          <line num="250" count="5" type="stmt"/>
          <line num="251" count="11" type="stmt"/>
          <line num="252" count="11" type="stmt"/>
          <line num="253" count="11" type="stmt"/>
          <line num="254" count="11" type="stmt"/>
          <line num="258" count="11" type="cond" truecount="2" falsecount="0"/>
          <line num="259" count="9" type="stmt"/>
          <line num="261" count="2" type="stmt"/>
          <line num="262" count="2" type="stmt"/>
          <line num="268" count="9" type="stmt"/>
          <line num="274" count="9" type="stmt"/>
          <line num="283" count="5" type="stmt"/>
          <line num="284" count="5" type="stmt"/>
          <line num="285" count="5" type="stmt"/>
          <line num="287" count="5" type="cond" truecount="2" falsecount="0"/>
          <line num="288" count="1" type="stmt"/>
          <line num="291" count="4" type="stmt"/>
          <line num="293" count="4" type="stmt"/>
          <line num="295" count="1" type="stmt"/>
          <line num="297" count="1" type="stmt"/>
          <line num="308" count="5" type="stmt"/>
          <line num="309" count="7" type="stmt"/>
          <line num="310" count="7" type="stmt"/>
          <line num="312" count="7" type="cond" truecount="1" falsecount="1"/>
          <line num="313" count="7" type="stmt"/>
          <line num="316" count="7" type="cond" truecount="1" falsecount="1"/>
          <line num="317" count="7" type="stmt"/>
          <line num="320" count="7" type="stmt"/>
          <line num="321" count="10" type="stmt"/>
          <line num="322" count="10" type="stmt"/>
          <line num="323" count="10" type="stmt"/>
          <line num="326" count="10" type="stmt"/>
          <line num="327" count="27" type="cond" truecount="3" falsecount="1"/>
          <line num="329" count="27" type="stmt"/>
          <line num="331" count="27" type="stmt"/>
          <line num="340" count="10" type="cond" truecount="2" falsecount="0"/>
          <line num="341" count="1" type="stmt"/>
          <line num="343" count="9" type="stmt"/>
          <line num="346" count="10" type="stmt"/>
          <line num="347" count="10" type="stmt"/>
          <line num="355" count="10" type="stmt"/>
          <line num="356" count="10" type="stmt"/>
          <line num="359" count="7" type="stmt"/>
          <line num="369" count="5" type="stmt"/>
          <line num="370" count="7" type="stmt"/>
          <line num="371" count="7" type="stmt"/>
          <line num="372" count="7" type="stmt"/>
          <line num="373" count="7" type="stmt"/>
          <line num="374" count="7" type="stmt"/>
          <line num="375" count="7" type="stmt"/>
          <line num="376" count="7" type="stmt"/>
          <line num="379" count="7" type="stmt"/>
          <line num="380" count="7" type="stmt"/>
          <line num="382" count="7" type="stmt"/>
          <line num="383" count="10" type="stmt"/>
          <line num="384" count="27" type="stmt"/>
          <line num="385" count="27" type="stmt"/>
          <line num="387" count="27" type="cond" truecount="2" falsecount="0"/>
          <line num="388" count="27" type="cond" truecount="2" falsecount="0"/>
          <line num="390" count="27" type="stmt"/>
          <line num="394" count="7" type="stmt"/>
          <line num="396" count="7" type="stmt"/>
          <line num="397" count="10" type="stmt"/>
          <line num="398" count="27" type="stmt"/>
          <line num="399" count="27" type="stmt"/>
          <line num="403" count="7" type="stmt"/>
          <line num="404" count="7" type="stmt"/>
          <line num="406" count="7" type="stmt"/>
          <line num="407" count="7" type="stmt"/>
          <line num="408" count="7" type="stmt"/>
          <line num="410" count="7" type="stmt"/>
          <line num="411" count="7" type="stmt"/>
          <line num="413" count="7" type="stmt"/>
          <line num="415" count="7" type="stmt"/>
          <line num="417" count="7" type="stmt"/>
          <line num="418" count="7" type="stmt"/>
          <line num="419" count="7" type="stmt"/>
          <line num="421" count="7" type="cond" truecount="1" falsecount="1"/>
          <line num="422" count="7" type="cond" truecount="2" falsecount="0"/>
          <line num="423" count="7" type="cond" truecount="1" falsecount="1"/>
          <line num="425" count="7" type="stmt"/>
          <line num="426" count="7" type="stmt"/>
          <line num="427" count="7" type="stmt"/>
          <line num="429" count="7" type="stmt"/>
          <line num="439" count="5" type="stmt"/>
          <line num="440" count="7" type="stmt"/>
          <line num="441" count="7" type="stmt"/>
          <line num="443" count="7" type="stmt"/>
          <line num="487" count="7" type="stmt"/>
          <line num="489" count="7" type="stmt"/>
          <line num="498" count="5" type="stmt"/>
          <line num="499" count="16" type="stmt"/>
          <line num="501" count="16" type="cond" truecount="2" falsecount="0"/>
          <line num="503" count="14" type="cond" truecount="2" falsecount="0"/>
          <line num="505" count="14" type="stmt"/>
          <line num="513" count="5" type="stmt"/>
          <line num="514" count="1" type="stmt"/>
          <line num="516" count="1" type="stmt"/>
          <line num="524" count="5" type="stmt"/>
          <line num="525" count="1" type="stmt"/>
          <line num="527" count="1" type="stmt"/>
          <line num="528" count="3" type="stmt"/>
          <line num="529" count="3" type="stmt"/>
          <line num="531" count="3" type="cond" truecount="1" falsecount="1"/>
          <line num="532" count="3" type="stmt"/>
          <line num="536" count="3" type="stmt"/>
          <line num="545" count="5" type="stmt"/>
          <line num="546" count="1" type="stmt"/>
          <line num="557" count="5" type="stmt"/>
          <line num="558" count="1" type="stmt"/>
          <line num="559" count="1" type="stmt"/>
          <line num="561" count="1" type="stmt"/>
          <line num="563" count="1" type="stmt"/>
          <line num="564" count="3" type="stmt"/>
          <line num="567" count="1" type="stmt"/>
          <line num="575" count="5" type="stmt"/>
          <line num="576" count="1" type="stmt"/>
          <line num="578" count="1" type="stmt"/>
          <line num="590" count="5" type="stmt"/>
          <line num="591" count="3" type="stmt"/>
          <line num="604" count="5" type="stmt"/>
          <line num="605" count="3" type="stmt"/>
          <line num="607" count="3" type="stmt"/>
          <line num="620" count="5" type="stmt"/>
          <line num="621" count="10" type="stmt"/>
          <line num="628" count="5" type="stmt"/>
          <line num="629" count="26" type="stmt"/>
          <line num="636" count="5" type="stmt"/>
          <line num="637" count="4" type="cond" truecount="4" falsecount="0"/>
          <line num="639" count="2" type="stmt"/>
          <line num="640" count="2" type="stmt"/>
          <line num="641" count="2" type="stmt"/>
          <line num="643" count="2" type="cond" truecount="2" falsecount="0"/>
          <line num="644" count="1" type="stmt"/>
          <line num="646" count="2" type="stmt"/>
          <line num="648" count="2" type="stmt"/>
          <line num="656" count="5" type="stmt"/>
          <line num="657" count="8" type="cond" truecount="2" falsecount="0"/>
          <line num="659" count="6" type="stmt"/>
          <line num="661" count="6" type="cond" truecount="5" falsecount="0"/>
          <line num="664" count="5" type="stmt"/>
          <line num="667" count="1" type="stmt"/>
          <line num="674" count="5" type="stmt"/>
          <line num="675" count="3" type="stmt"/>
          <line num="677" count="3" type="cond" truecount="2" falsecount="0"/>
          <line num="679" count="3" type="stmt"/>
          <line num="687" count="5" type="stmt"/>
          <line num="688" count="4" type="cond" truecount="2" falsecount="0"/>
          <line num="690" count="3" type="stmt"/>
          <line num="692" count="3" type="cond" truecount="4" falsecount="0"/>
          <line num="694" count="3" type="stmt"/>
          <line num="697" count="5" type="stmt"/>
        </file>
        <file name="spreadsheets.controller.js" path="/home/rodrigo/Documentos/DataViz/server/controllers/spreadsheets.controller.js">
          <metrics statements="70" coveredstatements="19" conditionals="8" coveredconditionals="1" methods="9" coveredmethods="1"/>
          <line num="1" count="5" type="stmt"/>
          <line num="2" count="5" type="stmt"/>
          <line num="3" count="5" type="stmt"/>
          <line num="4" count="5" type="stmt"/>
          <line num="5" count="5" type="stmt"/>
          <line num="6" count="5" type="stmt"/>
          <line num="8" count="5" type="stmt"/>
          <line num="9" count="5" type="stmt"/>
          <line num="18" count="5" type="stmt"/>
          <line num="20" count="4" type="stmt"/>
          <line num="22" count="4" type="stmt"/>
          <line num="23" count="4" type="cond" truecount="1" falsecount="1"/>
          <line num="24" count="4" type="stmt"/>
          <line num="26" count="0" type="stmt"/>
          <line num="28" count="0" type="stmt"/>
          <line num="29" count="0" type="cond" truecount="0" falsecount="2"/>
          <line num="30" count="0" type="stmt"/>
          <line num="31" count="0" type="stmt"/>
          <line num="32" count="0" type="stmt"/>
          <line num="38" count="0" type="stmt"/>
          <line num="39" count="0" type="stmt"/>
          <line num="40" count="0" type="stmt"/>
          <line num="50" count="5" type="stmt"/>
          <line num="51" count="0" type="stmt"/>
          <line num="53" count="0" type="stmt"/>
          <line num="54" count="0" type="stmt"/>
          <line num="55" count="0" type="stmt"/>
          <line num="58" count="0" type="stmt"/>
          <line num="59" count="0" type="stmt"/>
          <line num="61" count="0" type="stmt"/>
          <line num="71" count="5" type="stmt"/>
          <line num="72" count="0" type="stmt"/>
          <line num="75" count="0" type="stmt"/>
          <line num="76" count="0" type="stmt"/>
          <line num="79" count="0" type="stmt"/>
          <line num="80" count="0" type="stmt"/>
          <line num="82" count="0" type="stmt"/>
          <line num="83" count="0" type="stmt"/>
          <line num="86" count="0" type="stmt"/>
          <line num="87" count="0" type="stmt"/>
          <line num="88" count="0" type="stmt"/>
          <line num="99" count="5" type="stmt"/>
          <line num="100" count="0" type="stmt"/>
          <line num="101" count="0" type="stmt"/>
          <line num="104" count="0" type="stmt"/>
          <line num="109" count="0" type="cond" truecount="0" falsecount="2"/>
          <line num="110" count="0" type="stmt"/>
          <line num="111" count="0" type="stmt"/>
          <line num="114" count="0" type="stmt"/>
          <line num="116" count="0" type="cond" truecount="0" falsecount="2"/>
          <line num="117" count="0" type="stmt"/>
          <line num="118" count="0" type="stmt"/>
          <line num="120" count="0" type="stmt"/>
          <line num="125" count="0" type="stmt"/>
          <line num="135" count="5" type="stmt"/>
          <line num="136" count="0" type="stmt"/>
          <line num="137" count="0" type="stmt"/>
          <line num="138" count="0" type="stmt"/>
          <line num="140" count="0" type="stmt"/>
          <line num="145" count="0" type="stmt"/>
          <line num="146" count="0" type="stmt"/>
          <line num="152" count="0" type="stmt"/>
          <line num="166" count="0" type="stmt"/>
          <line num="167" count="0" type="stmt"/>
          <line num="168" count="0" type="stmt"/>
          <line num="171" count="5" type="stmt"/>
          <line num="172" count="0" type="stmt"/>
          <line num="194" count="0" type="stmt"/>
          <line num="209" count="0" type="stmt"/>
          <line num="215" count="5" type="stmt"/>
        </file>
        <file name="twitter.controller.js" path="/home/rodrigo/Documentos/DataViz/server/controllers/twitter.controller.js">
          <metrics statements="253" coveredstatements="207" conditionals="79" coveredconditionals="56" methods="32" coveredmethods="29"/>
          <line num="2" count="5" type="stmt"/>
          <line num="3" count="5" type="stmt"/>
          <line num="4" count="5" type="stmt"/>
          <line num="5" count="5" type="stmt"/>
          <line num="6" count="5" type="stmt"/>
          <line num="7" count="5" type="stmt"/>
          <line num="8" count="5" type="stmt"/>
          <line num="11" count="5" type="stmt"/>
          <line num="12" count="5" type="stmt"/>
          <line num="13" count="5" type="stmt"/>
          <line num="23" count="5" type="stmt"/>
          <line num="24" count="1" type="stmt"/>
          <line num="25" count="1" type="stmt"/>
          <line num="27" count="1" type="stmt"/>
          <line num="29" count="1" type="stmt"/>
          <line num="35" count="0" type="stmt"/>
          <line num="37" count="0" type="stmt"/>
          <line num="47" count="5" type="stmt"/>
          <line num="53" count="0" type="stmt"/>
          <line num="54" count="0" type="stmt"/>
          <line num="55" count="0" type="stmt"/>
          <line num="56" count="0" type="stmt"/>
          <line num="58" count="0" type="stmt"/>
          <line num="60" count="0" type="stmt"/>
          <line num="61" count="0" type="stmt"/>
          <line num="62" count="0" type="stmt"/>
          <line num="64" count="0" type="stmt"/>
          <line num="65" count="0" type="stmt"/>
          <line num="66" count="0" type="stmt"/>
          <line num="67" count="0" type="stmt"/>
          <line num="71" count="0" type="cond" truecount="0" falsecount="2"/>
          <line num="72" count="0" type="stmt"/>
          <line num="73" count="0" type="stmt"/>
          <line num="78" count="0" type="cond" truecount="0" falsecount="4"/>
          <line num="79" count="0" type="stmt"/>
          <line num="84" count="0" type="stmt"/>
          <line num="87" count="0" type="cond" truecount="0" falsecount="2"/>
          <line num="88" count="0" type="stmt"/>
          <line num="93" count="0" type="stmt"/>
          <line num="94" count="0" type="cond" truecount="0" falsecount="2"/>
          <line num="95" count="0" type="stmt"/>
          <line num="99" count="0" type="cond" truecount="0" falsecount="2"/>
          <line num="102" count="0" type="stmt"/>
          <line num="113" count="0" type="stmt"/>
          <line num="114" count="0" type="cond" truecount="0" falsecount="2"/>
          <line num="116" count="0" type="stmt"/>
          <line num="117" count="0" type="stmt"/>
          <line num="118" count="0" type="stmt"/>
          <line num="119" count="0" type="cond" truecount="0" falsecount="2"/>
          <line num="120" count="0" type="stmt"/>
          <line num="121" count="0" type="cond" truecount="0" falsecount="2"/>
          <line num="124" count="0" type="stmt"/>
          <line num="128" count="0" type="stmt"/>
          <line num="133" count="0" type="stmt"/>
          <line num="134" count="0" type="stmt"/>
          <line num="135" count="0" type="stmt"/>
          <line num="137" count="0" type="stmt"/>
          <line num="138" count="0" type="stmt"/>
          <line num="146" count="5" type="stmt"/>
          <line num="147" count="1" type="stmt"/>
          <line num="148" count="1" type="stmt"/>
          <line num="150" count="1" type="stmt"/>
          <line num="152" count="1" type="stmt"/>
          <line num="157" count="0" type="stmt"/>
          <line num="159" count="0" type="stmt"/>
          <line num="172" count="5" type="stmt"/>
          <line num="173" count="1" type="stmt"/>
          <line num="174" count="1" type="stmt"/>
          <line num="175" count="1" type="stmt"/>
          <line num="176" count="1" type="stmt"/>
          <line num="177" count="1" type="stmt"/>
          <line num="178" count="1" type="stmt"/>
          <line num="179" count="1" type="stmt"/>
          <line num="181" count="1" type="cond" truecount="2" falsecount="0"/>
          <line num="182" count="3" type="stmt"/>
          <line num="183" count="15" type="cond" truecount="4" falsecount="0"/>
          <line num="185" count="5" type="stmt"/>
          <line num="186" count="5" type="stmt"/>
          <line num="191" count="1" type="stmt"/>
          <line num="193" count="1" type="stmt"/>
          <line num="198" count="0" type="stmt"/>
          <line num="200" count="0" type="stmt"/>
          <line num="210" count="5" type="stmt"/>
          <line num="211" count="11" type="stmt"/>
          <line num="212" count="11" type="stmt"/>
          <line num="213" count="11" type="stmt"/>
          <line num="214" count="11" type="stmt"/>
          <line num="215" count="11" type="stmt"/>
          <line num="217" count="11" type="stmt"/>
          <line num="262" count="11" type="stmt"/>
          <line num="263" count="11" type="stmt"/>
          <line num="264" count="11" type="stmt"/>
          <line num="265" count="11" type="stmt"/>
          <line num="266" count="11" type="stmt"/>
          <line num="276" count="5" type="stmt"/>
          <line num="277" count="16" type="stmt"/>
          <line num="278" count="16" type="cond" truecount="2" falsecount="0"/>
          <line num="279" count="6" type="stmt"/>
          <line num="280" count="12" type="stmt"/>
          <line num="283" count="10" type="stmt"/>
          <line num="284" count="10" type="stmt"/>
          <line num="287" count="14" type="stmt"/>
          <line num="290" count="2" type="cond" truecount="2" falsecount="0"/>
          <line num="291" count="1" type="stmt"/>
          <line num="293" count="1" type="stmt"/>
          <line num="295" count="2" type="stmt"/>
          <line num="297" count="2" type="stmt"/>
          <line num="308" count="5" type="stmt"/>
          <line num="311" count="14" type="stmt"/>
          <line num="312" count="14" type="stmt"/>
          <line num="313" count="14" type="stmt"/>
          <line num="314" count="14" type="stmt"/>
          <line num="321" count="14" type="cond" truecount="2" falsecount="0"/>
          <line num="322" count="13" type="stmt"/>
          <line num="324" count="1" type="stmt"/>
          <line num="325" count="1" type="stmt"/>
          <line num="331" count="13" type="stmt"/>
          <line num="336" count="13" type="stmt"/>
          <line num="345" count="5" type="stmt"/>
          <line num="346" count="7" type="stmt"/>
          <line num="347" count="7" type="stmt"/>
          <line num="349" count="7" type="cond" truecount="2" falsecount="0"/>
          <line num="350" count="1" type="stmt"/>
          <line num="353" count="6" type="stmt"/>
          <line num="355" count="6" type="stmt"/>
          <line num="357" count="1" type="stmt"/>
          <line num="359" count="1" type="stmt"/>
          <line num="370" count="5" type="stmt"/>
          <line num="372" count="11" type="stmt"/>
          <line num="373" count="11" type="stmt"/>
          <line num="375" count="11" type="cond" truecount="1" falsecount="1"/>
          <line num="376" count="11" type="stmt"/>
          <line num="379" count="11" type="cond" truecount="1" falsecount="1"/>
          <line num="380" count="11" type="stmt"/>
          <line num="383" count="11" type="stmt"/>
          <line num="384" count="16" type="stmt"/>
          <line num="385" count="16" type="stmt"/>
          <line num="386" count="16" type="stmt"/>
          <line num="389" count="16" type="stmt"/>
          <line num="390" count="45" type="cond" truecount="3" falsecount="1"/>
          <line num="392" count="45" type="stmt"/>
          <line num="394" count="45" type="stmt"/>
          <line num="403" count="16" type="cond" truecount="2" falsecount="0"/>
          <line num="404" count="1" type="stmt"/>
          <line num="406" count="15" type="stmt"/>
          <line num="409" count="16" type="stmt"/>
          <line num="410" count="16" type="stmt"/>
          <line num="418" count="16" type="stmt"/>
          <line num="419" count="16" type="stmt"/>
          <line num="422" count="11" type="stmt"/>
          <line num="432" count="5" type="stmt"/>
          <line num="433" count="11" type="stmt"/>
          <line num="434" count="11" type="stmt"/>
          <line num="435" count="11" type="stmt"/>
          <line num="436" count="11" type="stmt"/>
          <line num="437" count="11" type="stmt"/>
          <line num="438" count="11" type="stmt"/>
          <line num="439" count="11" type="stmt"/>
          <line num="442" count="11" type="stmt"/>
          <line num="443" count="11" type="stmt"/>
          <line num="445" count="11" type="stmt"/>
          <line num="446" count="16" type="stmt"/>
          <line num="447" count="45" type="stmt"/>
          <line num="448" count="45" type="stmt"/>
          <line num="450" count="45" type="cond" truecount="2" falsecount="0"/>
          <line num="451" count="45" type="cond" truecount="2" falsecount="0"/>
          <line num="453" count="45" type="stmt"/>
          <line num="457" count="11" type="stmt"/>
          <line num="459" count="11" type="stmt"/>
          <line num="460" count="16" type="stmt"/>
          <line num="461" count="45" type="stmt"/>
          <line num="462" count="45" type="stmt"/>
          <line num="466" count="11" type="stmt"/>
          <line num="467" count="11" type="stmt"/>
          <line num="469" count="11" type="stmt"/>
          <line num="470" count="11" type="stmt"/>
          <line num="471" count="11" type="stmt"/>
          <line num="473" count="11" type="stmt"/>
          <line num="474" count="11" type="stmt"/>
          <line num="476" count="11" type="stmt"/>
          <line num="478" count="11" type="stmt"/>
          <line num="480" count="11" type="stmt"/>
          <line num="481" count="11" type="stmt"/>
          <line num="482" count="11" type="stmt"/>
          <line num="484" count="11" type="cond" truecount="1" falsecount="1"/>
          <line num="485" count="11" type="cond" truecount="2" falsecount="0"/>
          <line num="486" count="11" type="cond" truecount="2" falsecount="0"/>
          <line num="488" count="11" type="stmt"/>
          <line num="489" count="11" type="stmt"/>
          <line num="490" count="11" type="stmt"/>
          <line num="492" count="11" type="stmt"/>
          <line num="501" count="5" type="stmt"/>
          <line num="502" count="22" type="stmt"/>
          <line num="504" count="22" type="cond" truecount="2" falsecount="0"/>
          <line num="506" count="20" type="cond" truecount="2" falsecount="0"/>
          <line num="508" count="20" type="stmt"/>
          <line num="516" count="5" type="stmt"/>
          <line num="517" count="1" type="stmt"/>
          <line num="518" count="1" type="stmt"/>
          <line num="526" count="5" type="stmt"/>
          <line num="527" count="1" type="stmt"/>
          <line num="529" count="1" type="stmt"/>
          <line num="530" count="3" type="stmt"/>
          <line num="531" count="3" type="stmt"/>
          <line num="533" count="3" type="cond" truecount="1" falsecount="1"/>
          <line num="534" count="3" type="stmt"/>
          <line num="538" count="3" type="stmt"/>
          <line num="547" count="5" type="stmt"/>
          <line num="548" count="1" type="stmt"/>
          <line num="559" count="5" type="stmt"/>
          <line num="560" count="1" type="stmt"/>
          <line num="561" count="1" type="stmt"/>
          <line num="563" count="1" type="stmt"/>
          <line num="565" count="1" type="stmt"/>
          <line num="566" count="5" type="stmt"/>
          <line num="569" count="1" type="stmt"/>
          <line num="577" count="5" type="stmt"/>
          <line num="578" count="1" type="stmt"/>
          <line num="580" count="1" type="stmt"/>
          <line num="592" count="5" type="stmt"/>
          <line num="593" count="5" type="stmt"/>
          <line num="606" count="5" type="stmt"/>
          <line num="607" count="3" type="stmt"/>
          <line num="609" count="3" type="stmt"/>
          <line num="622" count="5" type="stmt"/>
          <line num="623" count="14" type="stmt"/>
          <line num="630" count="5" type="stmt"/>
          <line num="631" count="33" type="stmt"/>
          <line num="638" count="5" type="stmt"/>
          <line num="639" count="5" type="cond" truecount="4" falsecount="0"/>
          <line num="641" count="3" type="stmt"/>
          <line num="642" count="3" type="stmt"/>
          <line num="643" count="3" type="stmt"/>
          <line num="645" count="3" type="cond" truecount="2" falsecount="0"/>
          <line num="646" count="1" type="stmt"/>
          <line num="648" count="3" type="stmt"/>
          <line num="650" count="3" type="stmt"/>
          <line num="658" count="5" type="stmt"/>
          <line num="659" count="8" type="cond" truecount="2" falsecount="0"/>
          <line num="661" count="6" type="stmt"/>
          <line num="663" count="6" type="cond" truecount="5" falsecount="0"/>
          <line num="666" count="5" type="stmt"/>
          <line num="669" count="1" type="stmt"/>
          <line num="677" count="5" type="stmt"/>
          <line num="678" count="4" type="cond" truecount="2" falsecount="0"/>
          <line num="680" count="3" type="stmt"/>
          <line num="682" count="3" type="cond" truecount="4" falsecount="0"/>
          <line num="684" count="3" type="stmt"/>
          <line num="691" count="5" type="stmt"/>
          <line num="692" count="3" type="stmt"/>
          <line num="694" count="3" type="cond" truecount="2" falsecount="0"/>
          <line num="696" count="3" type="stmt"/>
          <line num="699" count="5" type="stmt"/>
        </file>
        <file name="youtube.controller.js" path="/home/rodrigo/Documentos/DataViz/server/controllers/youtube.controller.js">
          <metrics statements="334" coveredstatements="213" conditionals="93" coveredconditionals="60" methods="35" coveredmethods="30"/>
          <line num="2" count="5" type="stmt"/>
          <line num="3" count="5" type="stmt"/>
          <line num="4" count="5" type="stmt"/>
          <line num="5" count="5" type="stmt"/>
          <line num="6" count="5" type="stmt"/>
          <line num="7" count="5" type="stmt"/>
          <line num="8" count="5" type="stmt"/>
          <line num="11" count="5" type="stmt"/>
          <line num="12" count="5" type="stmt"/>
          <line num="13" count="5" type="stmt"/>
          <line num="22" count="5" type="stmt"/>
          <line num="23" count="1" type="stmt"/>
          <line num="24" count="1" type="stmt"/>
          <line num="26" count="1" type="stmt"/>
          <line num="28" count="1" type="stmt"/>
          <line num="34" count="0" type="stmt"/>
          <line num="36" count="0" type="stmt"/>
          <line num="47" count="5" type="stmt"/>
          <line num="48" count="0" type="stmt"/>
          <line num="49" count="0" type="stmt"/>
          <line num="50" count="0" type="stmt"/>
          <line num="51" count="0" type="stmt"/>
          <line num="52" count="0" type="stmt"/>
          <line num="53" count="0" type="stmt"/>
          <line num="54" count="0" type="stmt"/>
          <line num="55" count="0" type="stmt"/>
          <line num="56" count="0" type="stmt"/>
          <line num="57" count="0" type="stmt"/>
          <line num="58" count="0" type="stmt"/>
          <line num="59" count="0" type="stmt"/>
          <line num="63" count="0" type="stmt"/>
          <line num="64" count="0" type="stmt"/>
          <line num="65" count="0" type="stmt"/>
          <line num="68" count="0" type="stmt"/>
          <line num="69" count="0" type="stmt"/>
          <line num="70" count="0" type="stmt"/>
          <line num="71" count="0" type="stmt"/>
          <line num="73" count="0" type="stmt"/>
          <line num="74" count="0" type="stmt"/>
          <line num="77" count="0" type="cond" truecount="0" falsecount="4"/>
          <line num="78" count="0" type="stmt"/>
          <line num="83" count="0" type="cond" truecount="0" falsecount="2"/>
          <line num="84" count="0" type="stmt"/>
          <line num="85" count="0" type="stmt"/>
          <line num="88" count="0" type="stmt"/>
          <line num="89" count="0" type="stmt"/>
          <line num="90" count="0" type="stmt"/>
          <line num="93" count="0" type="cond" truecount="0" falsecount="2"/>
          <line num="94" count="0" type="stmt"/>
          <line num="100" count="0" type="stmt"/>
          <line num="101" count="0" type="cond" truecount="0" falsecount="2"/>
          <line num="102" count="0" type="stmt"/>
          <line num="103" count="0" type="stmt"/>
          <line num="108" count="0" type="cond" truecount="0" falsecount="2"/>
          <line num="109" count="0" type="stmt"/>
          <line num="110" count="0" type="cond" truecount="0" falsecount="2"/>
          <line num="111" count="0" type="stmt"/>
          <line num="115" count="0" type="stmt"/>
          <line num="116" count="0" type="stmt"/>
          <line num="119" count="0" type="stmt"/>
          <line num="125" count="0" type="stmt"/>
          <line num="126" count="0" type="stmt"/>
          <line num="127" count="0" type="stmt"/>
          <line num="128" count="0" type="cond" truecount="0" falsecount="2"/>
          <line num="129" count="0" type="stmt"/>
          <line num="130" count="0" type="stmt"/>
          <line num="133" count="0" type="cond" truecount="0" falsecount="2"/>
          <line num="134" count="0" type="stmt"/>
          <line num="140" count="0" type="stmt"/>
          <line num="141" count="0" type="stmt"/>
          <line num="142" count="0" type="stmt"/>
          <line num="144" count="0" type="stmt"/>
          <line num="146" count="0" type="stmt"/>
          <line num="149" count="5" type="stmt"/>
          <line num="150" count="0" type="stmt"/>
          <line num="151" count="0" type="stmt"/>
          <line num="155" count="0" type="stmt"/>
          <line num="156" count="0" type="stmt"/>
          <line num="157" count="0" type="stmt"/>
          <line num="159" count="0" type="stmt"/>
          <line num="165" count="0" type="stmt"/>
          <line num="166" count="0" type="stmt"/>
          <line num="167" count="0" type="stmt"/>
          <line num="170" count="0" type="stmt"/>
          <line num="172" count="0" type="stmt"/>
          <line num="173" count="0" type="stmt"/>
          <line num="174" count="0" type="stmt"/>
          <line num="175" count="0" type="stmt"/>
          <line num="177" count="0" type="stmt"/>
          <line num="183" count="0" type="stmt"/>
          <line num="185" count="0" type="stmt"/>
          <line num="186" count="0" type="cond" truecount="0" falsecount="2"/>
          <line num="187" count="0" type="stmt"/>
          <line num="192" count="0" type="stmt"/>
          <line num="193" count="0" type="stmt"/>
          <line num="195" count="0" type="stmt"/>
          <line num="196" count="0" type="cond" truecount="0" falsecount="2"/>
          <line num="197" count="0" type="stmt"/>
          <line num="198" count="0" type="stmt"/>
          <line num="199" count="0" type="cond" truecount="0" falsecount="2"/>
          <line num="200" count="0" type="stmt"/>
          <line num="201" count="0" type="stmt"/>
          <line num="202" count="0" type="stmt"/>
          <line num="205" count="0" type="stmt"/>
          <line num="206" count="0" type="stmt"/>
          <line num="207" count="0" type="stmt"/>
          <line num="208" count="0" type="stmt"/>
          <line num="209" count="0" type="stmt"/>
          <line num="210" count="0" type="stmt"/>
          <line num="211" count="0" type="stmt"/>
          <line num="212" count="0" type="cond" truecount="0" falsecount="2"/>
          <line num="214" count="0" type="stmt"/>
          <line num="215" count="0" type="stmt"/>
          <line num="217" count="0" type="stmt"/>
          <line num="219" count="0" type="stmt"/>
          <line num="220" count="0" type="stmt"/>
          <line num="221" count="0" type="stmt"/>
          <line num="222" count="0" type="stmt"/>
          <line num="223" count="0" type="stmt"/>
          <line num="224" count="0" type="stmt"/>
          <line num="225" count="0" type="stmt"/>
          <line num="226" count="0" type="stmt"/>
          <line num="227" count="0" type="stmt"/>
          <line num="229" count="0" type="stmt"/>
          <line num="235" count="0" type="stmt"/>
          <line num="237" count="0" type="stmt"/>
          <line num="238" count="0" type="stmt"/>
          <line num="239" count="0" type="stmt"/>
          <line num="241" count="0" type="stmt"/>
          <line num="242" count="0" type="cond" truecount="0" falsecount="2"/>
          <line num="243" count="0" type="stmt"/>
          <line num="248" count="0" type="stmt"/>
          <line num="251" count="5" type="stmt"/>
          <line num="252" count="0" type="stmt"/>
          <line num="253" count="0" type="stmt"/>
          <line num="261" count="5" type="stmt"/>
          <line num="262" count="1" type="stmt"/>
          <line num="263" count="1" type="stmt"/>
          <line num="265" count="1" type="stmt"/>
          <line num="267" count="1" type="stmt"/>
          <line num="272" count="0" type="stmt"/>
          <line num="274" count="0" type="stmt"/>
          <line num="283" count="5" type="stmt"/>
          <line num="284" count="1" type="stmt"/>
          <line num="285" count="1" type="stmt"/>
          <line num="286" count="1" type="stmt"/>
          <line num="287" count="1" type="stmt"/>
          <line num="288" count="1" type="stmt"/>
          <line num="289" count="1" type="stmt"/>
          <line num="290" count="1" type="stmt"/>
          <line num="292" count="1" type="cond" truecount="2" falsecount="0"/>
          <line num="293" count="3" type="stmt"/>
          <line num="294" count="9" type="cond" truecount="4" falsecount="0"/>
          <line num="296" count="3" type="stmt"/>
          <line num="297" count="3" type="stmt"/>
          <line num="302" count="1" type="stmt"/>
          <line num="304" count="1" type="stmt"/>
          <line num="309" count="0" type="stmt"/>
          <line num="311" count="0" type="stmt"/>
          <line num="322" count="5" type="stmt"/>
          <line num="323" count="7" type="stmt"/>
          <line num="324" count="7" type="stmt"/>
          <line num="325" count="7" type="stmt"/>
          <line num="326" count="7" type="stmt"/>
          <line num="327" count="7" type="stmt"/>
          <line num="329" count="7" type="stmt"/>
          <line num="374" count="7" type="stmt"/>
          <line num="375" count="7" type="stmt"/>
          <line num="376" count="7" type="stmt"/>
          <line num="377" count="7" type="stmt"/>
          <line num="378" count="7" type="stmt"/>
          <line num="389" count="5" type="stmt"/>
          <line num="390" count="12" type="stmt"/>
          <line num="391" count="12" type="cond" truecount="2" falsecount="0"/>
          <line num="392" count="4" type="stmt"/>
          <line num="393" count="8" type="stmt"/>
          <line num="396" count="8" type="stmt"/>
          <line num="397" count="8" type="stmt"/>
          <line num="400" count="10" type="stmt"/>
          <line num="403" count="2" type="cond" truecount="2" falsecount="0"/>
          <line num="404" count="1" type="stmt"/>
          <line num="406" count="1" type="stmt"/>
          <line num="408" count="2" type="stmt"/>
          <line num="410" count="2" type="stmt"/>
          <line num="421" count="5" type="stmt"/>
          <line num="422" count="10" type="stmt"/>
          <line num="423" count="10" type="stmt"/>
          <line num="424" count="10" type="stmt"/>
          <line num="425" count="10" type="stmt"/>
          <line num="429" count="10" type="cond" truecount="2" falsecount="0"/>
          <line num="430" count="9" type="stmt"/>
          <line num="432" count="1" type="stmt"/>
          <line num="433" count="1" type="stmt"/>
          <line num="439" count="9" type="stmt"/>
          <line num="445" count="9" type="stmt"/>
          <line num="454" count="5" type="stmt"/>
          <line num="455" count="5" type="stmt"/>
          <line num="456" count="5" type="stmt"/>
          <line num="458" count="5" type="cond" truecount="2" falsecount="0"/>
          <line num="459" count="1" type="stmt"/>
          <line num="462" count="4" type="stmt"/>
          <line num="464" count="4" type="stmt"/>
          <line num="466" count="1" type="stmt"/>
          <line num="468" count="1" type="stmt"/>
          <line num="479" count="5" type="stmt"/>
          <line num="480" count="7" type="stmt"/>
          <line num="481" count="7" type="stmt"/>
          <line num="483" count="7" type="cond" truecount="1" falsecount="1"/>
          <line num="484" count="7" type="stmt"/>
          <line num="487" count="7" type="cond" truecount="1" falsecount="1"/>
          <line num="488" count="7" type="stmt"/>
          <line num="491" count="7" type="stmt"/>
          <line num="492" count="10" type="stmt"/>
          <line num="493" count="10" type="stmt"/>
          <line num="494" count="10" type="stmt"/>
          <line num="497" count="10" type="stmt"/>
          <line num="498" count="27" type="cond" truecount="3" falsecount="1"/>
          <line num="500" count="27" type="stmt"/>
          <line num="502" count="27" type="stmt"/>
          <line num="511" count="10" type="cond" truecount="2" falsecount="0"/>
          <line num="512" count="1" type="stmt"/>
          <line num="514" count="9" type="stmt"/>
          <line num="517" count="10" type="stmt"/>
          <line num="518" count="10" type="stmt"/>
          <line num="526" count="10" type="stmt"/>
          <line num="527" count="10" type="stmt"/>
          <line num="530" count="7" type="stmt"/>
          <line num="540" count="5" type="stmt"/>
          <line num="541" count="7" type="stmt"/>
          <line num="542" count="7" type="stmt"/>
          <line num="543" count="7" type="stmt"/>
          <line num="544" count="7" type="stmt"/>
          <line num="545" count="7" type="stmt"/>
          <line num="546" count="7" type="stmt"/>
          <line num="547" count="7" type="stmt"/>
          <line num="550" count="7" type="stmt"/>
          <line num="551" count="7" type="stmt"/>
          <line num="553" count="7" type="stmt"/>
          <line num="554" count="10" type="stmt"/>
          <line num="555" count="27" type="stmt"/>
          <line num="556" count="27" type="stmt"/>
          <line num="558" count="27" type="cond" truecount="2" falsecount="0"/>
          <line num="559" count="27" type="cond" truecount="2" falsecount="0"/>
          <line num="561" count="27" type="stmt"/>
          <line num="565" count="7" type="stmt"/>
          <line num="567" count="7" type="stmt"/>
          <line num="568" count="10" type="stmt"/>
          <line num="569" count="27" type="stmt"/>
          <line num="570" count="27" type="stmt"/>
          <line num="574" count="7" type="stmt"/>
          <line num="575" count="7" type="stmt"/>
          <line num="577" count="7" type="stmt"/>
          <line num="578" count="7" type="stmt"/>
          <line num="579" count="7" type="stmt"/>
          <line num="581" count="7" type="stmt"/>
          <line num="582" count="7" type="stmt"/>
          <line num="584" count="7" type="stmt"/>
          <line num="586" count="7" type="stmt"/>
          <line num="588" count="7" type="stmt"/>
          <line num="589" count="7" type="stmt"/>
          <line num="590" count="7" type="stmt"/>
          <line num="592" count="7" type="cond" truecount="1" falsecount="1"/>
          <line num="593" count="7" type="cond" truecount="2" falsecount="0"/>
          <line num="594" count="7" type="cond" truecount="2" falsecount="0"/>
          <line num="596" count="7" type="stmt"/>
          <line num="597" count="7" type="stmt"/>
          <line num="598" count="7" type="stmt"/>
          <line num="600" count="7" type="stmt"/>
          <line num="609" count="5" type="stmt"/>
          <line num="610" count="16" type="stmt"/>
          <line num="612" count="16" type="cond" truecount="2" falsecount="0"/>
          <line num="614" count="14" type="cond" truecount="2" falsecount="0"/>
          <line num="616" count="14" type="stmt"/>
          <line num="624" count="5" type="stmt"/>
          <line num="625" count="1" type="stmt"/>
          <line num="626" count="1" type="stmt"/>
          <line num="634" count="5" type="stmt"/>
          <line num="635" count="1" type="stmt"/>
          <line num="637" count="1" type="stmt"/>
          <line num="638" count="3" type="stmt"/>
          <line num="639" count="3" type="stmt"/>
          <line num="640" count="3" type="stmt"/>
          <line num="642" count="3" type="cond" truecount="1" falsecount="1"/>
          <line num="643" count="3" type="stmt"/>
          <line num="647" count="3" type="stmt"/>
          <line num="656" count="5" type="stmt"/>
          <line num="657" count="1" type="stmt"/>
          <line num="668" count="5" type="stmt"/>
          <line num="669" count="1" type="stmt"/>
          <line num="670" count="1" type="stmt"/>
          <line num="672" count="1" type="stmt"/>
          <line num="674" count="1" type="stmt"/>
          <line num="675" count="3" type="stmt"/>
          <line num="678" count="1" type="stmt"/>
          <line num="686" count="5" type="stmt"/>
          <line num="687" count="1" type="stmt"/>
          <line num="689" count="1" type="stmt"/>
          <line num="701" count="5" type="stmt"/>
          <line num="702" count="3" type="stmt"/>
          <line num="716" count="5" type="stmt"/>
          <line num="717" count="3" type="stmt"/>
          <line num="719" count="3" type="stmt"/>
          <line num="732" count="5" type="stmt"/>
          <line num="733" count="10" type="stmt"/>
          <line num="740" count="5" type="stmt"/>
          <line num="741" count="25" type="stmt"/>
          <line num="749" count="5" type="stmt"/>
          <line num="750" count="11" type="cond" truecount="2" falsecount="0"/>
          <line num="752" count="8" type="stmt"/>
          <line num="754" count="8" type="cond" truecount="5" falsecount="0"/>
          <line num="757" count="6" type="stmt"/>
          <line num="760" count="2" type="stmt"/>
          <line num="767" count="5" type="stmt"/>
          <line num="768" count="3" type="cond" truecount="2" falsecount="0"/>
          <line num="770" count="2" type="stmt"/>
          <line num="777" count="5" type="stmt"/>
          <line num="778" count="5" type="cond" truecount="4" falsecount="0"/>
          <line num="780" count="3" type="stmt"/>
          <line num="781" count="3" type="stmt"/>
          <line num="782" count="3" type="stmt"/>
          <line num="784" count="3" type="cond" truecount="4" falsecount="0"/>
          <line num="786" count="2" type="stmt"/>
          <line num="787" count="1" type="stmt"/>
          <line num="789" count="3" type="stmt"/>
          <line num="796" count="5" type="stmt"/>
          <line num="797" count="3" type="stmt"/>
          <line num="799" count="3" type="cond" truecount="2" falsecount="0"/>
          <line num="801" count="3" type="stmt"/>
          <line num="809" count="5" type="stmt"/>
          <line num="810" count="4" type="cond" truecount="2" falsecount="0"/>
          <line num="812" count="3" type="stmt"/>
          <line num="814" count="3" type="cond" truecount="4" falsecount="0"/>
          <line num="816" count="3" type="stmt"/>
          <line num="819" count="5" type="stmt"/>
        </file>
      </package>
      <package name="DataViz.server.models">
        <metrics statements="20" coveredstatements="20" conditionals="0" coveredconditionals="0" methods="0" coveredmethods="0"/>
        <file name="facebook.model.js" path="/home/rodrigo/Documentos/DataViz/server/models/facebook.model.js">
          <metrics statements="6" coveredstatements="6" conditionals="0" coveredconditionals="0" methods="0" coveredmethods="0"/>
          <line num="2" count="5" type="stmt"/>
          <line num="4" count="5" type="stmt"/>
          <line num="5" count="5" type="stmt"/>
          <line num="31" count="5" type="stmt"/>
          <line num="49" count="5" type="stmt"/>
          <line num="74" count="5" type="stmt"/>
        </file>
        <file name="instagram.model.js" path="/home/rodrigo/Documentos/DataViz/server/models/instagram.model.js">
          <metrics statements="6" coveredstatements="6" conditionals="0" coveredconditionals="0" methods="0" coveredmethods="0"/>
          <line num="1" count="5" type="stmt"/>
          <line num="3" count="5" type="stmt"/>
          <line num="4" count="5" type="stmt"/>
          <line num="11" count="5" type="stmt"/>
          <line num="28" count="5" type="stmt"/>
          <line num="47" count="5" type="stmt"/>
        </file>
        <file name="twitter.model.js" path="/home/rodrigo/Documentos/DataViz/server/models/twitter.model.js">
          <metrics statements="4" coveredstatements="4" conditionals="0" coveredconditionals="0" methods="0" coveredmethods="0"/>
          <line num="1" count="5" type="stmt"/>
          <line num="3" count="5" type="stmt"/>
          <line num="29" count="5" type="stmt"/>
          <line num="48" count="5" type="stmt"/>
        </file>
        <file name="youtube.model.js" path="/home/rodrigo/Documentos/DataViz/server/models/youtube.model.js">
          <metrics statements="4" coveredstatements="4" conditionals="0" coveredconditionals="0" methods="0" coveredmethods="0"/>
          <line num="1" count="5" type="stmt"/>
          <line num="3" count="5" type="stmt"/>
          <line num="20" count="5" type="stmt"/>
          <line num="43" count="5" type="stmt"/>
        </file>
      </package>
      <package name="DataViz.server.routes">
        <metrics statements="79" coveredstatements="73" conditionals="0" coveredconditionals="0" methods="4" coveredmethods="1"/>
        <file name="facebook.route.js" path="/home/rodrigo/Documentos/DataViz/server/routes/facebook.route.js">
          <metrics statements="14" coveredstatements="14" conditionals="0" coveredconditionals="0" methods="0" coveredmethods="0"/>
          <line num="2" count="5" type="stmt"/>
          <line num="3" count="5" type="stmt"/>
          <line num="4" count="5" type="stmt"/>
          <line num="7" count="5" type="stmt"/>
          <line num="13" count="5" type="stmt"/>
          <line num="19" count="5" type="stmt"/>
          <line num="24" count="5" type="stmt"/>
          <line num="36" count="5" type="stmt"/>
          <line num="48" count="5" type="stmt"/>
          <line num="54" count="5" type="stmt"/>
          <line num="60" count="5" type="stmt"/>
          <line num="71" count="5" type="stmt"/>
          <line num="75" count="5" type="stmt"/>
          <line num="77" count="5" type="stmt"/>
        </file>
        <file name="index.route.js" path="/home/rodrigo/Documentos/DataViz/server/routes/index.route.js">
          <metrics statements="25" coveredstatements="19" conditionals="0" coveredconditionals="0" methods="4" coveredmethods="1"/>
          <line num="1" count="5" type="stmt"/>
          <line num="3" count="5" type="stmt"/>
          <line num="4" count="5" type="stmt"/>
          <line num="5" count="5" type="stmt"/>
          <line num="6" count="5" type="stmt"/>
          <line num="7" count="5" type="stmt"/>
          <line num="9" count="5" type="stmt"/>
          <line num="13" count="5" type="stmt"/>
          <line num="14" count="1" type="stmt"/>
          <line num="36" count="1" type="stmt"/>
          <line num="50" count="1" type="stmt"/>
          <line num="56" count="5" type="stmt"/>
          <line num="57" count="0" type="stmt"/>
          <line num="63" count="0" type="stmt"/>
          <line num="64" count="0" type="stmt"/>
          <line num="65" count="0" type="stmt"/>
          <line num="68" count="5" type="stmt"/>
          <line num="69" count="0" type="stmt"/>
          <line num="72" count="5" type="stmt"/>
          <line num="73" count="0" type="stmt"/>
          <line num="77" count="5" type="stmt"/>
          <line num="80" count="5" type="stmt"/>
          <line num="83" count="5" type="stmt"/>
          <line num="85" count="5" type="stmt"/>
          <line num="87" count="5" type="stmt"/>
        </file>
        <file name="instagram.route.js" path="/home/rodrigo/Documentos/DataViz/server/routes/instagram.route.js">
          <metrics statements="13" coveredstatements="13" conditionals="0" coveredconditionals="0" methods="0" coveredmethods="0"/>
          <line num="1" count="5" type="stmt"/>
          <line num="2" count="5" type="stmt"/>
          <line num="3" count="5" type="stmt"/>
          <line num="5" count="5" type="stmt"/>
          <line num="7" count="5" type="stmt"/>
          <line num="10" count="5" type="stmt"/>
          <line num="20" count="5" type="stmt"/>
          <line num="28" count="5" type="stmt"/>
          <line num="31" count="5" type="stmt"/>
          <line num="34" count="5" type="stmt"/>
          <line num="42" count="5" type="stmt"/>
          <line num="43" count="5" type="stmt"/>
          <line num="45" count="5" type="stmt"/>
        </file>
        <file name="twitter.route.js" path="/home/rodrigo/Documentos/DataViz/server/routes/twitter.route.js">
          <metrics statements="13" coveredstatements="13" conditionals="0" coveredconditionals="0" methods="0" coveredmethods="0"/>
          <line num="1" count="5" type="stmt"/>
          <line num="2" count="5" type="stmt"/>
          <line num="3" count="5" type="stmt"/>
          <line num="5" count="5" type="stmt"/>
          <line num="14" count="5" type="stmt"/>
          <line num="17" count="5" type="stmt"/>
          <line num="26" count="5" type="stmt"/>
          <line num="34" count="5" type="stmt"/>
          <line num="37" count="5" type="stmt"/>
          <line num="40" count="5" type="stmt"/>
          <line num="47" count="5" type="stmt"/>
          <line num="48" count="5" type="stmt"/>
          <line num="50" count="5" type="stmt"/>
        </file>
        <file name="youtube.route.js" path="/home/rodrigo/Documentos/DataViz/server/routes/youtube.route.js">
          <metrics statements="14" coveredstatements="14" conditionals="0" coveredconditionals="0" methods="0" coveredmethods="0"/>
          <line num="1" count="5" type="stmt"/>
          <line num="2" count="5" type="stmt"/>
          <line num="3" count="5" type="stmt"/>
          <line num="5" count="5" type="stmt"/>
          <line num="8" count="5" type="stmt"/>
          <line num="11" count="5" type="stmt"/>
          <line num="20" count="5" type="stmt"/>
          <line num="28" count="5" type="stmt"/>
          <line num="32" count="5" type="stmt"/>
          <line num="38" count="5" type="stmt"/>
          <line num="42" count="5" type="stmt"/>
          <line num="49" count="5" type="stmt"/>
          <line num="51" count="5" type="stmt"/>
          <line num="53" count="5" type="stmt"/>
        </file>
      </package>
    </metrics>
  </project>
</coverage>
