{"/home/rodrigo/Documentos/DataViz/index.js": {"path":"/home/rodrigo/Documentos/DataViz/index.js","statementMap":{"0":{"start":{"line":1,"column":17},"end":{"line":1,"column":36}},"1":{"start":{"line":2,"column":12},"end":{"line":2,"column":39}},"2":{"start":{"line":3,"column":15},"end":{"line":3,"column":41}},"3":{"start":{"line":4,"column":15},"end":{"line":4,"column":41}},"4":{"start":{"line":7,"column":0},"end":{"line":9,"column":1}},"5":{"start":{"line":8,"column":1},"end":{"line":8,"column":34}},"6":{"start":{"line":11,"column":0},"end":{"line":11,"column":30}},"7":{"start":{"line":14,"column":0},"end":{"line":14,"column":27}},"8":{"start":{"line":17,"column":17},"end":{"line":17,"column":34}},"9":{"start":{"line":18,"column":0},"end":{"line":18,"column":45}},"10":{"start":{"line":19,"column":0},"end":{"line":21,"column":3}},"11":{"start":{"line":20,"column":1},"end":{"line":20,"column":63}},"12":{"start":{"line":22,"column":0},"end":{"line":24,"column":3}},"13":{"start":{"line":23,"column":1},"end":{"line":23,"column":58}},"14":{"start":{"line":27,"column":0},"end":{"line":31,"column":1}},"15":{"start":{"line":28,"column":1},"end":{"line":30,"column":4}},"16":{"start":{"line":29,"column":2},"end":{"line":29,"column":59}},"17":{"start":{"line":33,"column":0},"end":{"line":33,"column":21}}},"fnMap":{"0":{"name":"(anonymous_0)","decl":{"start":{"line":8,"column":25},"end":{"line":8,"column":26}},"loc":{"start":{"line":8,"column":31},"end":{"line":8,"column":33}},"line":8},"1":{"name":"(anonymous_1)","decl":{"start":{"line":19,"column":32},"end":{"line":19,"column":33}},"loc":{"start":{"line":19,"column":38},"end":{"line":21,"column":1}},"line":19},"2":{"name":"(anonymous_2)","decl":{"start":{"line":22,"column":33},"end":{"line":22,"column":34}},"loc":{"start":{"line":22,"column":39},"end":{"line":24,"column":1}},"line":22},"3":{"name":"(anonymous_3)","decl":{"start":{"line":28,"column":25},"end":{"line":28,"column":26}},"loc":{"start":{"line":28,"column":31},"end":{"line":30,"column":2}},"line":28}},"branchMap":{"0":{"loc":{"start":{"line":7,"column":0},"end":{"line":9,"column":1}},"type":"if","locations":[{"start":{"line":7,"column":0},"end":{"line":9,"column":1}},{"start":{"line":7,"column":0},"end":{"line":9,"column":1}}],"line":7},"1":{"loc":{"start":{"line":27,"column":0},"end":{"line":31,"column":1}},"type":"if","locations":[{"start":{"line":27,"column":0},"end":{"line":31,"column":1}},{"start":{"line":27,"column":0},"end":{"line":31,"column":1}}],"line":27}},"s":{"0":5,"1":5,"2":5,"3":5,"4":5,"5":5,"6":5,"7":5,"8":5,"9":5,"10":5,"11":0,"12":5,"13":5,"14":5,"15":0,"16":0,"17":5},"f":{"0":0,"1":0,"2":5,"3":0},"b":{"0":[5,0],"1":[0,5]},"_coverageSchema":"332fd63041d2c1bcb487cc26dd0d5f7d97098a6c","hash":"107f95735732f29276c15fcd372a66fede0506b4"}
,"/home/rodrigo/Documentos/DataViz/config/config.js": {"path":"/home/rodrigo/Documentos/DataViz/config/config.js","statementMap":{"0":{"start":{"line":2,"column":0},"end":{"line":2,"column":27}},"1":{"start":{"line":4,"column":15},"end":{"line":11,"column":1}},"2":{"start":{"line":13,"column":0},"end":{"line":13,"column":24}}},"fnMap":{},"branchMap":{},"s":{"0":5,"1":5,"2":5},"f":{},"b":{},"_coverageSchema":"332fd63041d2c1bcb487cc26dd0d5f7d97098a6c","hash":"623844cb04becbbf4a2deb6d949cf93bc2a11ed7"}
,"/home/rodrigo/Documentos/DataViz/config/express.js": {"path":"/home/rodrigo/Documentos/DataViz/config/express.js","statementMap":{"0":{"start":{"line":1,"column":16},"end":{"line":1,"column":34}},"1":{"start":{"line":2,"column":19},"end":{"line":2,"column":41}},"2":{"start":{"line":3,"column":21},"end":{"line":3,"column":45}},"3":{"start":{"line":4,"column":17},"end":{"line":4,"column":39}},"4":{"start":{"line":5,"column":23},"end":{"line":5,"column":49}},"5":{"start":{"line":6,"column":13},"end":{"line":6,"column":28}},"6":{"start":{"line":7,"column":15},"end":{"line":7,"column":32}},"7":{"start":{"line":8,"column":13},"end":{"line":8,"column":28}},"8":{"start":{"line":10,"column":15},"end":{"line":10,"column":54}},"9":{"start":{"line":15,"column":12},"end":{"line":15,"column":21}},"10":{"start":{"line":18,"column":0},"end":{"line":18,"column":27}},"11":{"start":{"line":19,"column":0},"end":{"line":19,"column":51}},"12":{"start":{"line":22,"column":0},"end":{"line":22,"column":24}},"13":{"start":{"line":24,"column":0},"end":{"line":24,"column":20}},"14":{"start":{"line":25,"column":0},"end":{"line":25,"column":26}},"15":{"start":{"line":28,"column":0},"end":{"line":28,"column":18}},"16":{"start":{"line":31,"column":0},"end":{"line":31,"column":16}},"17":{"start":{"line":34,"column":0},"end":{"line":34,"column":21}},"18":{"start":{"line":37,"column":0},"end":{"line":37,"column":51}},"19":{"start":{"line":38,"column":0},"end":{"line":38,"column":30}},"20":{"start":{"line":41,"column":0},"end":{"line":41,"column":59}},"21":{"start":{"line":43,"column":0},"end":{"line":43,"column":21}}},"fnMap":{},"branchMap":{},"s":{"0":5,"1":5,"2":5,"3":5,"4":5,"5":5,"6":5,"7":5,"8":5,"9":5,"10":5,"11":5,"12":5,"13":5,"14":5,"15":5,"16":5,"17":5,"18":5,"19":5,"20":5,"21":5},"f":{},"b":{},"_coverageSchema":"332fd63041d2c1bcb487cc26dd0d5f7d97098a6c","hash":"ef9631a12daa6777b58d947934552551cdac5a8a"}
,"/home/rodrigo/Documentos/DataViz/config/google-auth.js": {"path":"/home/rodrigo/Documentos/DataViz/config/google-auth.js","statementMap":{"0":{"start":{"line":1,"column":19},"end":{"line":1,"column":40}},"1":{"start":{"line":2,"column":13},"end":{"line":2,"column":28}},"2":{"start":{"line":3,"column":11},"end":{"line":3,"column":24}},"3":{"start":{"line":4,"column":15},"end":{"line":4,"column":34}},"4":{"start":{"line":9,"column":26},"end":{"line":9,"column":44}},"5":{"start":{"line":10,"column":0},"end":{"line":12,"column":1}},"6":{"start":{"line":11,"column":1},"end":{"line":11,"column":47}},"7":{"start":{"line":13,"column":16},"end":{"line":13,"column":57}},"8":{"start":{"line":14,"column":13},"end":{"line":14,"column":49}},"9":{"start":{"line":15,"column":15},"end":{"line":15,"column":72}},"10":{"start":{"line":16,"column":15},"end":{"line":22,"column":1}},"11":{"start":{"line":17,"column":1},"end":{"line":21,"column":3}},"12":{"start":{"line":24,"column":21},"end":{"line":30,"column":1}},"13":{"start":{"line":25,"column":1},"end":{"line":29,"column":4}},"14":{"start":{"line":32,"column":0},"end":{"line":32,"column":42}}},"fnMap":{"0":{"name":"(anonymous_0)","decl":{"start":{"line":16,"column":15},"end":{"line":16,"column":16}},"loc":{"start":{"line":16,"column":32},"end":{"line":22,"column":1}},"line":16},"1":{"name":"(anonymous_1)","decl":{"start":{"line":24,"column":21},"end":{"line":24,"column":22}},"loc":{"start":{"line":24,"column":34},"end":{"line":30,"column":1}},"line":24}},"branchMap":{"0":{"loc":{"start":{"line":10,"column":0},"end":{"line":12,"column":1}},"type":"if","locations":[{"start":{"line":10,"column":0},"end":{"line":12,"column":1}},{"start":{"line":10,"column":0},"end":{"line":12,"column":1}}],"line":10}},"s":{"0":5,"1":5,"2":5,"3":5,"4":5,"5":5,"6":5,"7":5,"8":5,"9":5,"10":5,"11":2,"12":5,"13":2,"14":5},"f":{"0":2,"1":2},"b":{"0":[5,0]},"_coverageSchema":"332fd63041d2c1bcb487cc26dd0d5f7d97098a6c","hash":"aaf4b63d8f9900383d0d90d04624eff74767c64e"}
,"/home/rodrigo/Documentos/DataViz/config/jest-setup.js": {"path":"/home/rodrigo/Documentos/DataViz/config/jest-setup.js","statementMap":{"0":{"start":{"line":1,"column":15},"end":{"line":1,"column":34}},"1":{"start":{"line":3,"column":0},"end":{"line":3,"column":41}}},"fnMap":{},"branchMap":{},"s":{"0":5,"1":5},"f":{},"b":{},"_coverageSchema":"332fd63041d2c1bcb487cc26dd0d5f7d97098a6c","hash":"c5ffe3b782ae02864735eecf3602e31887941e6a"}
,"/home/rodrigo/Documentos/DataViz/config/logger.js": {"path":"/home/rodrigo/Documentos/DataViz/config/logger.js","statementMap":{"0":{"start":{"line":1,"column":16},"end":{"line":1,"column":34}},"1":{"start":{"line":2,"column":11},"end":{"line":2,"column":24}},"2":{"start":{"line":4,"column":15},"end":{"line":4,"column":29}},"3":{"start":{"line":5,"column":28},"end":{"line":5,"column":34}},"4":{"start":{"line":8,"column":15},"end":{"line":8,"column":21}},"5":{"start":{"line":9,"column":0},"end":{"line":11,"column":1}},"6":{"start":{"line":10,"column":1},"end":{"line":10,"column":22}},"7":{"start":{"line":13,"column":21},"end":{"line":28,"column":1}},"8":{"start":{"line":30,"column":23},"end":{"line":32,"column":2}},"9":{"start":{"line":31,"column":1},"end":{"line":31,"column":66}},"10":{"start":{"line":34,"column":0},"end":{"line":34,"column":39}},"11":{"start":{"line":36,"column":15},"end":{"line":54,"column":2}},"12":{"start":{"line":56,"column":0},"end":{"line":56,"column":24}}},"fnMap":{"0":{"name":"(anonymous_0)","decl":{"start":{"line":30,"column":30},"end":{"line":30,"column":31}},"loc":{"start":{"line":30,"column":40},"end":{"line":32,"column":1}},"line":30}},"branchMap":{"0":{"loc":{"start":{"line":9,"column":0},"end":{"line":11,"column":1}},"type":"if","locations":[{"start":{"line":9,"column":0},"end":{"line":11,"column":1}},{"start":{"line":9,"column":0},"end":{"line":11,"column":1}}],"line":9}},"s":{"0":5,"1":5,"2":5,"3":5,"4":5,"5":5,"6":0,"7":5,"8":5,"9":10,"10":5,"11":5,"12":5},"f":{"0":10},"b":{"0":[0,5]},"_coverageSchema":"332fd63041d2c1bcb487cc26dd0d5f7d97098a6c","hash":"b175f6cdbbcafb8d932bdb18f0916e7bab622770"}
,"/home/rodrigo/Documentos/DataViz/server/controllers/color.controller.js": {"path":"/home/rodrigo/Documentos/DataViz/server/controllers/color.controller.js","statementMap":{"0":{"start":{"line":1,"column":14},"end":{"line":1,"column":30}},"1":{"start":{"line":3,"column":15},"end":{"line":3,"column":16}},"2":{"start":{"line":4,"column":15},"end":{"line":4,"column":18}},"3":{"start":{"line":5,"column":15},"end":{"line":5,"column":17}},"4":{"start":{"line":6,"column":15},"end":{"line":6,"column":20}},"5":{"start":{"line":7,"column":15},"end":{"line":7,"column":20}},"6":{"start":{"line":8,"column":17},"end":{"line":8,"column":22}},"7":{"start":{"line":9,"column":17},"end":{"line":9,"column":22}},"8":{"start":{"line":14,"column":14},"end":{"line":14,"column":23}},"9":{"start":{"line":15,"column":14},"end":{"line":15,"column":23}},"10":{"start":{"line":20,"column":17},"end":{"line":26,"column":1}},"11":{"start":{"line":21,"column":1},"end":{"line":21,"column":17}},"12":{"start":{"line":22,"column":1},"end":{"line":22,"column":31}},"13":{"start":{"line":23,"column":1},"end":{"line":23,"column":37}},"14":{"start":{"line":25,"column":1},"end":{"line":25,"column":44}},"15":{"start":{"line":31,"column":15},"end":{"line":40,"column":1}},"16":{"start":{"line":33,"column":1},"end":{"line":35,"column":41}},"17":{"start":{"line":34,"column":2},"end":{"line":34,"column":31}},"18":{"start":{"line":37,"column":1},"end":{"line":37,"column":12}},"19":{"start":{"line":39,"column":1},"end":{"line":39,"column":12}},"20":{"start":{"line":47,"column":15},"end":{"line":49,"column":1}},"21":{"start":{"line":48,"column":1},"end":{"line":48,"column":54}},"22":{"start":{"line":51,"column":0},"end":{"line":51,"column":44}}},"fnMap":{"0":{"name":"(anonymous_0)","decl":{"start":{"line":20,"column":17},"end":{"line":20,"column":18}},"loc":{"start":{"line":20,"column":23},"end":{"line":26,"column":1}},"line":20},"1":{"name":"(anonymous_1)","decl":{"start":{"line":31,"column":15},"end":{"line":31,"column":16}},"loc":{"start":{"line":31,"column":21},"end":{"line":40,"column":1}},"line":31},"2":{"name":"(anonymous_2)","decl":{"start":{"line":47,"column":15},"end":{"line":47,"column":16}},"loc":{"start":{"line":47,"column":33},"end":{"line":49,"column":1}},"line":47}},"branchMap":{"0":{"loc":{"start":{"line":47,"column":16},"end":{"line":47,"column":23}},"type":"default-arg","locations":[{"start":{"line":47,"column":22},"end":{"line":47,"column":23}}],"line":47}},"s":{"0":5,"1":5,"2":5,"3":5,"4":5,"5":5,"6":5,"7":5,"8":5,"9":5,"10":5,"11":39,"12":39,"13":39,"14":39,"15":5,"16":39,"17":59,"18":39,"19":39,"20":5,"21":137,"22":5},"f":{"0":39,"1":39,"2":137},"b":{"0":[0]},"_coverageSchema":"332fd63041d2c1bcb487cc26dd0d5f7d97098a6c","hash":"c2e0c8abc1f06d95a3e0f93a669d8d7c87b65625"}
,"/home/rodrigo/Documentos/DataViz/server/controllers/facebook.controller.js": {"path":"/home/rodrigo/Documentos/DataViz/server/controllers/facebook.controller.js","statementMap":{"0":{"start":{"line":2,"column":18},"end":{"line":2,"column":41}},"1":{"start":{"line":3,"column":19},"end":{"line":3,"column":41}},"2":{"start":{"line":4,"column":17},"end":{"line":4,"column":36}},"3":{"start":{"line":5,"column":14},"end":{"line":5,"column":43}},"4":{"start":{"line":6,"column":17},"end":{"line":6,"column":52}},"5":{"start":{"line":7,"column":15},"end":{"line":7,"column":45}},"6":{"start":{"line":8,"column":19},"end":{"line":8,"column":67}},"7":{"start":{"line":11,"column":19},"end":{"line":11,"column":22}},"8":{"start":{"line":12,"column":22},"end":{"line":12,"column":24}},"9":{"start":{"line":13,"column":21},"end":{"line":13,"column":57}},"10":{"start":{"line":23,"column":21},"end":{"line":39,"column":1}},"11":{"start":{"line":24,"column":1},"end":{"line":38,"column":2}},"12":{"start":{"line":25,"column":19},"end":{"line":25,"column":55}},"13":{"start":{"line":27,"column":21},"end":{"line":27,"column":56}},"14":{"start":{"line":29,"column":2},"end":{"line":33,"column":5}},"15":{"start":{"line":35,"column":19},"end":{"line":35,"column":91}},"16":{"start":{"line":37,"column":2},"end":{"line":37,"column":37}},"17":{"start":{"line":46,"column":13},"end":{"line":61,"column":1}},"18":{"start":{"line":47,"column":16},"end":{"line":55,"column":3}},"19":{"start":{"line":57,"column":1},"end":{"line":60,"column":4}},"20":{"start":{"line":68,"column":23},"end":{"line":161,"column":1}},"21":{"start":{"line":69,"column":14},"end":{"line":69,"column":29}},"22":{"start":{"line":70,"column":16},"end":{"line":70,"column":27}},"23":{"start":{"line":71,"column":16},"end":{"line":71,"column":18}},"24":{"start":{"line":72,"column":20},"end":{"line":72,"column":40}},"25":{"start":{"line":73,"column":23},"end":{"line":73,"column":46}},"26":{"start":{"line":74,"column":17},"end":{"line":74,"column":40}},"27":{"start":{"line":75,"column":17},"end":{"line":75,"column":38}},"28":{"start":{"line":76,"column":18},"end":{"line":76,"column":40}},"29":{"start":{"line":77,"column":22},"end":{"line":77,"column":48}},"30":{"start":{"line":78,"column":17},"end":{"line":78,"column":38}},"31":{"start":{"line":79,"column":17},"end":{"line":79,"column":18}},"32":{"start":{"line":82,"column":1},"end":{"line":82,"column":49}},"33":{"start":{"line":84,"column":1},"end":{"line":153,"column":2}},"34":{"start":{"line":85,"column":17},"end":{"line":85,"column":31}},"35":{"start":{"line":86,"column":20},"end":{"line":86,"column":33}},"36":{"start":{"line":87,"column":2},"end":{"line":87,"column":16}},"37":{"start":{"line":89,"column":2},"end":{"line":152,"column":3}},"38":{"start":{"line":90,"column":16},"end":{"line":90,"column":30}},"39":{"start":{"line":93,"column":3},"end":{"line":95,"column":4}},"40":{"start":{"line":94,"column":4},"end":{"line":94,"column":13}},"41":{"start":{"line":99,"column":3},"end":{"line":102,"column":4}},"42":{"start":{"line":100,"column":4},"end":{"line":100,"column":19}},"43":{"start":{"line":101,"column":4},"end":{"line":101,"column":13}},"44":{"start":{"line":106,"column":3},"end":{"line":110,"column":4}},"45":{"start":{"line":107,"column":4},"end":{"line":107,"column":32}},"46":{"start":{"line":109,"column":4},"end":{"line":109,"column":23}},"47":{"start":{"line":112,"column":3},"end":{"line":125,"column":4}},"48":{"start":{"line":113,"column":23},"end":{"line":117,"column":6}},"49":{"start":{"line":119,"column":4},"end":{"line":122,"column":5}},"50":{"start":{"line":120,"column":26},"end":{"line":120,"column":48}},"51":{"start":{"line":121,"column":5},"end":{"line":121,"column":65}},"52":{"start":{"line":124,"column":4},"end":{"line":124,"column":39}},"53":{"start":{"line":127,"column":3},"end":{"line":151,"column":4}},"54":{"start":{"line":128,"column":4},"end":{"line":136,"column":5}},"55":{"start":{"line":129,"column":5},"end":{"line":135,"column":6}},"56":{"start":{"line":130,"column":6},"end":{"line":130,"column":27}},"57":{"start":{"line":131,"column":12},"end":{"line":135,"column":6}},"58":{"start":{"line":132,"column":6},"end":{"line":132,"column":71}},"59":{"start":{"line":134,"column":6},"end":{"line":134,"column":60}},"60":{"start":{"line":134,"column":39},"end":{"line":134,"column":60}},"61":{"start":{"line":138,"column":18},"end":{"line":138,"column":31}},"62":{"start":{"line":139,"column":4},"end":{"line":139,"column":46}},"63":{"start":{"line":139,"column":17},"end":{"line":139,"column":46}},"64":{"start":{"line":141,"column":4},"end":{"line":141,"column":63}},"65":{"start":{"line":141,"column":44},"end":{"line":141,"column":63}},"66":{"start":{"line":142,"column":4},"end":{"line":142,"column":23}},"67":{"start":{"line":144,"column":23},"end":{"line":148,"column":5}},"68":{"start":{"line":150,"column":4},"end":{"line":150,"column":51}},"69":{"start":{"line":154,"column":22},"end":{"line":154,"column":24}},"70":{"start":{"line":155,"column":1},"end":{"line":157,"column":4}},"71":{"start":{"line":156,"column":2},"end":{"line":156,"column":38}},"72":{"start":{"line":159,"column":1},"end":{"line":159,"column":33}},"73":{"start":{"line":160,"column":1},"end":{"line":160,"column":34}},"74":{"start":{"line":168,"column":16},"end":{"line":182,"column":1}},"75":{"start":{"line":169,"column":1},"end":{"line":181,"column":2}},"76":{"start":{"line":170,"column":18},"end":{"line":170,"column":43}},"77":{"start":{"line":171,"column":2},"end":{"line":171,"column":51}},"78":{"start":{"line":173,"column":2},"end":{"line":176,"column":5}},"79":{"start":{"line":178,"column":19},"end":{"line":178,"column":57}},"80":{"start":{"line":180,"column":2},"end":{"line":180,"column":37}},"81":{"start":{"line":189,"column":18},"end":{"line":219,"column":1}},"82":{"start":{"line":190,"column":1},"end":{"line":218,"column":2}},"83":{"start":{"line":191,"column":18},"end":{"line":191,"column":51}},"84":{"start":{"line":192,"column":17},"end":{"line":192,"column":35}},"85":{"start":{"line":193,"column":17},"end":{"line":193,"column":19}},"86":{"start":{"line":194,"column":16},"end":{"line":194,"column":55}},"87":{"start":{"line":195,"column":18},"end":{"line":195,"column":52}},"88":{"start":{"line":196,"column":14},"end":{"line":196,"column":15}},"89":{"start":{"line":198,"column":2},"end":{"line":206,"column":3}},"90":{"start":{"line":199,"column":3},"end":{"line":205,"column":4}},"91":{"start":{"line":200,"column":4},"end":{"line":204,"column":5}},"92":{"start":{"line":202,"column":5},"end":{"line":202,"column":41}},"93":{"start":{"line":203,"column":5},"end":{"line":203,"column":16}},"94":{"start":{"line":208,"column":2},"end":{"line":208,"column":41}},"95":{"start":{"line":210,"column":2},"end":{"line":213,"column":5}},"96":{"start":{"line":215,"column":19},"end":{"line":215,"column":141}},"97":{"start":{"line":217,"column":2},"end":{"line":217,"column":37}},"98":{"start":{"line":226,"column":22},"end":{"line":234,"column":1}},"99":{"start":{"line":227,"column":15},"end":{"line":227,"column":52}},"100":{"start":{"line":229,"column":1},"end":{"line":229,"column":41}},"101":{"start":{"line":230,"column":16},"end":{"line":230,"column":55}},"102":{"start":{"line":231,"column":1},"end":{"line":231,"column":65}},"103":{"start":{"line":232,"column":1},"end":{"line":232,"column":19}},"104":{"start":{"line":233,"column":1},"end":{"line":233,"column":11}},"105":{"start":{"line":244,"column":20},"end":{"line":268,"column":1}},"106":{"start":{"line":245,"column":1},"end":{"line":267,"column":2}},"107":{"start":{"line":246,"column":2},"end":{"line":253,"column":3}},"108":{"start":{"line":247,"column":3},"end":{"line":249,"column":4}},"109":{"start":{"line":248,"column":4},"end":{"line":248,"column":35}},"110":{"start":{"line":251,"column":14},"end":{"line":251,"column":27}},"111":{"start":{"line":252,"column":3},"end":{"line":252,"column":30}},"112":{"start":{"line":255,"column":2},"end":{"line":255,"column":16}},"113":{"start":{"line":258,"column":2},"end":{"line":262,"column":3}},"114":{"start":{"line":259,"column":3},"end":{"line":259,"column":19}},"115":{"start":{"line":261,"column":3},"end":{"line":261,"column":22}},"116":{"start":{"line":264,"column":19},"end":{"line":264,"column":102}},"117":{"start":{"line":266,"column":2},"end":{"line":266,"column":44}},"118":{"start":{"line":277,"column":22},"end":{"line":302,"column":1}},"119":{"start":{"line":278,"column":19},"end":{"line":278,"column":57}},"120":{"start":{"line":279,"column":20},"end":{"line":279,"column":36}},"121":{"start":{"line":280,"column":22},"end":{"line":280,"column":43}},"122":{"start":{"line":281,"column":18},"end":{"line":281,"column":98}},"123":{"start":{"line":285,"column":1},"end":{"line":293,"column":2}},"124":{"start":{"line":286,"column":2},"end":{"line":286,"column":42}},"125":{"start":{"line":288,"column":2},"end":{"line":288,"column":67}},"126":{"start":{"line":289,"column":2},"end":{"line":292,"column":5}},"127":{"start":{"line":295,"column":1},"end":{"line":299,"column":3}},"128":{"start":{"line":301,"column":1},"end":{"line":301,"column":15}},"129":{"start":{"line":310,"column":20},"end":{"line":322,"column":1}},"130":{"start":{"line":311,"column":1},"end":{"line":321,"column":2}},"131":{"start":{"line":312,"column":17},"end":{"line":312,"column":44}},"132":{"start":{"line":314,"column":2},"end":{"line":314,"column":22}},"133":{"start":{"line":316,"column":2},"end":{"line":316,"column":9}},"134":{"start":{"line":318,"column":19},"end":{"line":318,"column":63}},"135":{"start":{"line":320,"column":2},"end":{"line":320,"column":37}},"136":{"start":{"line":331,"column":19},"end":{"line":383,"column":1}},"137":{"start":{"line":332,"column":20},"end":{"line":332,"column":40}},"138":{"start":{"line":333,"column":18},"end":{"line":333,"column":29}},"139":{"start":{"line":335,"column":1},"end":{"line":337,"column":2}},"140":{"start":{"line":336,"column":2},"end":{"line":336,"column":26}},"141":{"start":{"line":339,"column":1},"end":{"line":341,"column":2}},"142":{"start":{"line":340,"column":2},"end":{"line":340,"column":22}},"143":{"start":{"line":343,"column":1},"end":{"line":380,"column":4}},"144":{"start":{"line":344,"column":19},"end":{"line":344,"column":21}},"145":{"start":{"line":345,"column":18},"end":{"line":345,"column":33}},"146":{"start":{"line":346,"column":17},"end":{"line":346,"column":31}},"147":{"start":{"line":349,"column":2},"end":{"line":360,"column":3}},"148":{"start":{"line":350,"column":3},"end":{"line":359,"column":4}},"149":{"start":{"line":352,"column":17},"end":{"line":352,"column":44}},"150":{"start":{"line":354,"column":4},"end":{"line":357,"column":7}},"151":{"start":{"line":363,"column":2},"end":{"line":367,"column":3}},"152":{"start":{"line":364,"column":3},"end":{"line":364,"column":48}},"153":{"start":{"line":366,"column":3},"end":{"line":366,"column":47}},"154":{"start":{"line":369,"column":16},"end":{"line":369,"column":32}},"155":{"start":{"line":370,"column":18},"end":{"line":376,"column":3}},"156":{"start":{"line":378,"column":2},"end":{"line":378,"column":35}},"157":{"start":{"line":379,"column":2},"end":{"line":379,"column":32}},"158":{"start":{"line":382,"column":1},"end":{"line":382,"column":8}},"159":{"start":{"line":392,"column":23},"end":{"line":453,"column":1}},"160":{"start":{"line":393,"column":16},"end":{"line":393,"column":32}},"161":{"start":{"line":394,"column":16},"end":{"line":394,"column":32}},"162":{"start":{"line":395,"column":17},"end":{"line":395,"column":21}},"163":{"start":{"line":396,"column":17},"end":{"line":396,"column":19}},"164":{"start":{"line":397,"column":20},"end":{"line":397,"column":21}},"165":{"start":{"line":398,"column":20},"end":{"line":398,"column":21}},"166":{"start":{"line":399,"column":13},"end":{"line":399,"column":14}},"167":{"start":{"line":402,"column":24},"end":{"line":402,"column":38}},"168":{"start":{"line":403,"column":14},"end":{"line":403,"column":15}},"169":{"start":{"line":405,"column":1},"end":{"line":415,"column":4}},"170":{"start":{"line":406,"column":2},"end":{"line":414,"column":5}},"171":{"start":{"line":407,"column":3},"end":{"line":407,"column":15}},"172":{"start":{"line":408,"column":3},"end":{"line":408,"column":19}},"173":{"start":{"line":410,"column":3},"end":{"line":410,"column":43}},"174":{"start":{"line":410,"column":26},"end":{"line":410,"column":43}},"175":{"start":{"line":411,"column":3},"end":{"line":411,"column":43}},"176":{"start":{"line":411,"column":26},"end":{"line":411,"column":43}},"177":{"start":{"line":413,"column":3},"end":{"line":413,"column":25}},"178":{"start":{"line":417,"column":1},"end":{"line":417,"column":24}},"179":{"start":{"line":419,"column":1},"end":{"line":424,"column":4}},"180":{"start":{"line":420,"column":2},"end":{"line":423,"column":5}},"181":{"start":{"line":421,"column":3},"end":{"line":421,"column":19}},"182":{"start":{"line":422,"column":3},"end":{"line":422,"column":47}},"183":{"start":{"line":426,"column":1},"end":{"line":426,"column":24}},"184":{"start":{"line":427,"column":1},"end":{"line":427,"column":51}},"185":{"start":{"line":429,"column":16},"end":{"line":429,"column":47}},"186":{"start":{"line":430,"column":16},"end":{"line":430,"column":24}},"187":{"start":{"line":431,"column":16},"end":{"line":431,"column":24}},"188":{"start":{"line":433,"column":1},"end":{"line":433,"column":20}},"189":{"start":{"line":434,"column":1},"end":{"line":434,"column":20}},"190":{"start":{"line":436,"column":1},"end":{"line":436,"column":87}},"191":{"start":{"line":438,"column":1},"end":{"line":438,"column":69}},"192":{"start":{"line":440,"column":1},"end":{"line":440,"column":48}},"193":{"start":{"line":441,"column":1},"end":{"line":441,"column":36}},"194":{"start":{"line":442,"column":1},"end":{"line":442,"column":48}},"195":{"start":{"line":444,"column":1},"end":{"line":444,"column":63}},"196":{"start":{"line":444,"column":45},"end":{"line":444,"column":63}},"197":{"start":{"line":445,"column":1},"end":{"line":445,"column":84}},"198":{"start":{"line":445,"column":43},"end":{"line":445,"column":84}},"199":{"start":{"line":446,"column":1},"end":{"line":446,"column":33}},"200":{"start":{"line":446,"column":20},"end":{"line":446,"column":33}},"201":{"start":{"line":448,"column":1},"end":{"line":448,"column":39}},"202":{"start":{"line":449,"column":1},"end":{"line":449,"column":38}},"203":{"start":{"line":450,"column":1},"end":{"line":450,"column":28}},"204":{"start":{"line":452,"column":1},"end":{"line":452,"column":8}},"205":{"start":{"line":462,"column":27},"end":{"line":514,"column":1}},"206":{"start":{"line":463,"column":20},"end":{"line":463,"column":26}},"207":{"start":{"line":464,"column":20},"end":{"line":464,"column":53}},"208":{"start":{"line":466,"column":16},"end":{"line":509,"column":2}},"209":{"start":{"line":511,"column":1},"end":{"line":511,"column":27}},"210":{"start":{"line":513,"column":1},"end":{"line":513,"column":8}},"211":{"start":{"line":522,"column":20},"end":{"line":528,"column":1}},"212":{"start":{"line":523,"column":17},"end":{"line":523,"column":61}},"213":{"start":{"line":525,"column":1},"end":{"line":525,"column":49}},"214":{"start":{"line":525,"column":32},"end":{"line":525,"column":49}},"215":{"start":{"line":527,"column":1},"end":{"line":527,"column":27}},"216":{"start":{"line":535,"column":23},"end":{"line":538,"column":1}},"217":{"start":{"line":536,"column":1},"end":{"line":536,"column":31}},"218":{"start":{"line":537,"column":1},"end":{"line":537,"column":41}},"219":{"start":{"line":545,"column":23},"end":{"line":561,"column":1}},"220":{"start":{"line":546,"column":16},"end":{"line":546,"column":31}},"221":{"start":{"line":548,"column":1},"end":{"line":560,"column":2}},"222":{"start":{"line":549,"column":2},"end":{"line":549,"column":39}},"223":{"start":{"line":550,"column":2},"end":{"line":550,"column":25}},"224":{"start":{"line":551,"column":13},"end":{"line":551,"column":28}},"225":{"start":{"line":553,"column":2},"end":{"line":559,"column":3}},"226":{"start":{"line":554,"column":16},"end":{"line":557,"column":4}},"227":{"start":{"line":558,"column":3},"end":{"line":558,"column":32}},"228":{"start":{"line":567,"column":22},"end":{"line":572,"column":1}},"229":{"start":{"line":568,"column":1},"end":{"line":571,"column":3}},"230":{"start":{"line":579,"column":23},"end":{"line":590,"column":1}},"231":{"start":{"line":580,"column":15},"end":{"line":580,"column":17}},"232":{"start":{"line":581,"column":22},"end":{"line":581,"column":56}},"233":{"start":{"line":583,"column":1},"end":{"line":583,"column":36}},"234":{"start":{"line":585,"column":1},"end":{"line":587,"column":2}},"235":{"start":{"line":586,"column":2},"end":{"line":586,"column":43}},"236":{"start":{"line":589,"column":1},"end":{"line":589,"column":14}},"237":{"start":{"line":597,"column":22},"end":{"line":604,"column":1}},"238":{"start":{"line":598,"column":16},"end":{"line":598,"column":46}},"239":{"start":{"line":600,"column":1},"end":{"line":603,"column":3}},"240":{"start":{"line":612,"column":21},"end":{"line":617,"column":1}},"241":{"start":{"line":613,"column":1},"end":{"line":616,"column":3}},"242":{"start":{"line":626,"column":21},"end":{"line":633,"column":1}},"243":{"start":{"line":627,"column":1},"end":{"line":627,"column":50}},"244":{"start":{"line":629,"column":1},"end":{"line":632,"column":4}},"245":{"start":{"line":642,"column":21},"end":{"line":644,"column":1}},"246":{"start":{"line":643,"column":1},"end":{"line":643,"column":63}},"247":{"start":{"line":650,"column":19},"end":{"line":652,"column":1}},"248":{"start":{"line":651,"column":1},"end":{"line":651,"column":51}},"249":{"start":{"line":651,"column":34},"end":{"line":651,"column":49}},"250":{"start":{"line":659,"column":20},"end":{"line":671,"column":1}},"251":{"start":{"line":660,"column":1},"end":{"line":660,"column":26}},"252":{"start":{"line":660,"column":13},"end":{"line":660,"column":26}},"253":{"start":{"line":662,"column":1},"end":{"line":662,"column":29}},"254":{"start":{"line":664,"column":1},"end":{"line":668,"column":2}},"255":{"start":{"line":667,"column":2},"end":{"line":667,"column":15}},"256":{"start":{"line":670,"column":1},"end":{"line":670,"column":13}},"257":{"start":{"line":673,"column":0},"end":{"line":689,"column":2}}},"fnMap":{"0":{"name":"(anonymous_0)","decl":{"start":{"line":23,"column":21},"end":{"line":23,"column":22}},"loc":{"start":{"line":23,"column":41},"end":{"line":39,"column":1}},"line":23},"1":{"name":"(anonymous_1)","decl":{"start":{"line":46,"column":13},"end":{"line":46,"column":14}},"loc":{"start":{"line":46,"column":27},"end":{"line":61,"column":1}},"line":46},"2":{"name":"(anonymous_2)","decl":{"start":{"line":68,"column":23},"end":{"line":68,"column":24}},"loc":{"start":{"line":68,"column":43},"end":{"line":161,"column":1}},"line":68},"3":{"name":"(anonymous_3)","decl":{"start":{"line":155,"column":32},"end":{"line":155,"column":33}},"loc":{"start":{"line":155,"column":44},"end":{"line":157,"column":2}},"line":155},"4":{"name":"(anonymous_4)","decl":{"start":{"line":168,"column":16},"end":{"line":168,"column":17}},"loc":{"start":{"line":168,"column":30},"end":{"line":182,"column":1}},"line":168},"5":{"name":"(anonymous_5)","decl":{"start":{"line":189,"column":18},"end":{"line":189,"column":19}},"loc":{"start":{"line":189,"column":32},"end":{"line":219,"column":1}},"line":189},"6":{"name":"(anonymous_6)","decl":{"start":{"line":226,"column":22},"end":{"line":226,"column":23}},"loc":{"start":{"line":226,"column":42},"end":{"line":234,"column":1}},"line":226},"7":{"name":"(anonymous_7)","decl":{"start":{"line":244,"column":20},"end":{"line":244,"column":21}},"loc":{"start":{"line":244,"column":46},"end":{"line":268,"column":1}},"line":244},"8":{"name":"(anonymous_8)","decl":{"start":{"line":277,"column":22},"end":{"line":277,"column":23}},"loc":{"start":{"line":277,"column":42},"end":{"line":302,"column":1}},"line":277},"9":{"name":"(anonymous_9)","decl":{"start":{"line":310,"column":20},"end":{"line":310,"column":21}},"loc":{"start":{"line":310,"column":40},"end":{"line":322,"column":1}},"line":310},"10":{"name":"(anonymous_10)","decl":{"start":{"line":331,"column":19},"end":{"line":331,"column":20}},"loc":{"start":{"line":331,"column":45},"end":{"line":383,"column":1}},"line":331},"11":{"name":"(anonymous_11)","decl":{"start":{"line":343,"column":18},"end":{"line":343,"column":19}},"loc":{"start":{"line":343,"column":31},"end":{"line":380,"column":2}},"line":343},"12":{"name":"(anonymous_12)","decl":{"start":{"line":392,"column":23},"end":{"line":392,"column":24}},"loc":{"start":{"line":392,"column":43},"end":{"line":453,"column":1}},"line":392},"13":{"name":"(anonymous_13)","decl":{"start":{"line":405,"column":24},"end":{"line":405,"column":25}},"loc":{"start":{"line":405,"column":37},"end":{"line":415,"column":2}},"line":405},"14":{"name":"(anonymous_14)","decl":{"start":{"line":406,"column":18},"end":{"line":406,"column":19}},"loc":{"start":{"line":406,"column":29},"end":{"line":414,"column":3}},"line":406},"15":{"name":"(anonymous_15)","decl":{"start":{"line":419,"column":24},"end":{"line":419,"column":25}},"loc":{"start":{"line":419,"column":37},"end":{"line":424,"column":2}},"line":419},"16":{"name":"(anonymous_16)","decl":{"start":{"line":420,"column":18},"end":{"line":420,"column":19}},"loc":{"start":{"line":420,"column":29},"end":{"line":423,"column":3}},"line":420},"17":{"name":"(anonymous_17)","decl":{"start":{"line":462,"column":27},"end":{"line":462,"column":28}},"loc":{"start":{"line":462,"column":47},"end":{"line":514,"column":1}},"line":462},"18":{"name":"(anonymous_18)","decl":{"start":{"line":522,"column":20},"end":{"line":522,"column":21}},"loc":{"start":{"line":522,"column":39},"end":{"line":528,"column":1}},"line":522},"19":{"name":"(anonymous_19)","decl":{"start":{"line":535,"column":23},"end":{"line":535,"column":24}},"loc":{"start":{"line":535,"column":42},"end":{"line":538,"column":1}},"line":535},"20":{"name":"(anonymous_20)","decl":{"start":{"line":545,"column":23},"end":{"line":545,"column":24}},"loc":{"start":{"line":545,"column":42},"end":{"line":561,"column":1}},"line":545},"21":{"name":"(anonymous_21)","decl":{"start":{"line":567,"column":22},"end":{"line":567,"column":23}},"loc":{"start":{"line":567,"column":31},"end":{"line":572,"column":1}},"line":567},"22":{"name":"(anonymous_22)","decl":{"start":{"line":579,"column":23},"end":{"line":579,"column":24}},"loc":{"start":{"line":579,"column":36},"end":{"line":590,"column":1}},"line":579},"23":{"name":"(anonymous_23)","decl":{"start":{"line":597,"column":22},"end":{"line":597,"column":23}},"loc":{"start":{"line":597,"column":35},"end":{"line":604,"column":1}},"line":597},"24":{"name":"(anonymous_24)","decl":{"start":{"line":612,"column":21},"end":{"line":612,"column":22}},"loc":{"start":{"line":612,"column":41},"end":{"line":617,"column":1}},"line":612},"25":{"name":"(anonymous_25)","decl":{"start":{"line":626,"column":21},"end":{"line":626,"column":22}},"loc":{"start":{"line":626,"column":47},"end":{"line":633,"column":1}},"line":626},"26":{"name":"(anonymous_26)","decl":{"start":{"line":642,"column":21},"end":{"line":642,"column":22}},"loc":{"start":{"line":642,"column":32},"end":{"line":644,"column":1}},"line":642},"27":{"name":"(anonymous_27)","decl":{"start":{"line":650,"column":19},"end":{"line":650,"column":20}},"loc":{"start":{"line":650,"column":28},"end":{"line":652,"column":1}},"line":650},"28":{"name":"(anonymous_28)","decl":{"start":{"line":651,"column":29},"end":{"line":651,"column":30}},"loc":{"start":{"line":651,"column":34},"end":{"line":651,"column":49}},"line":651},"29":{"name":"(anonymous_29)","decl":{"start":{"line":659,"column":20},"end":{"line":659,"column":21}},"loc":{"start":{"line":659,"column":31},"end":{"line":671,"column":1}},"line":659}},"branchMap":{"0":{"loc":{"start":{"line":93,"column":3},"end":{"line":95,"column":4}},"type":"if","locations":[{"start":{"line":93,"column":3},"end":{"line":95,"column":4}},{"start":{"line":93,"column":3},"end":{"line":95,"column":4}}],"line":93},"1":{"loc":{"start":{"line":93,"column":7},"end":{"line":93,"column":35}},"type":"binary-expr","locations":[{"start":{"line":93,"column":7},"end":{"line":93,"column":21}},{"start":{"line":93,"column":25},"end":{"line":93,"column":35}}],"line":93},"2":{"loc":{"start":{"line":99,"column":3},"end":{"line":102,"column":4}},"type":"if","locations":[{"start":{"line":99,"column":3},"end":{"line":102,"column":4}},{"start":{"line":99,"column":3},"end":{"line":102,"column":4}}],"line":99},"3":{"loc":{"start":{"line":106,"column":3},"end":{"line":110,"column":4}},"type":"if","locations":[{"start":{"line":106,"column":3},"end":{"line":110,"column":4}},{"start":{"line":106,"column":3},"end":{"line":110,"column":4}}],"line":106},"4":{"loc":{"start":{"line":112,"column":3},"end":{"line":125,"column":4}},"type":"if","locations":[{"start":{"line":112,"column":3},"end":{"line":125,"column":4}},{"start":{"line":112,"column":3},"end":{"line":125,"column":4}}],"line":112},"5":{"loc":{"start":{"line":119,"column":4},"end":{"line":122,"column":5}},"type":"if","locations":[{"start":{"line":119,"column":4},"end":{"line":122,"column":5}},{"start":{"line":119,"column":4},"end":{"line":122,"column":5}}],"line":119},"6":{"loc":{"start":{"line":127,"column":3},"end":{"line":151,"column":4}},"type":"if","locations":[{"start":{"line":127,"column":3},"end":{"line":151,"column":4}},{"start":{"line":127,"column":3},"end":{"line":151,"column":4}}],"line":127},"7":{"loc":{"start":{"line":129,"column":5},"end":{"line":135,"column":6}},"type":"if","locations":[{"start":{"line":129,"column":5},"end":{"line":135,"column":6}},{"start":{"line":129,"column":5},"end":{"line":135,"column":6}}],"line":129},"8":{"loc":{"start":{"line":131,"column":12},"end":{"line":135,"column":6}},"type":"if","locations":[{"start":{"line":131,"column":12},"end":{"line":135,"column":6}},{"start":{"line":131,"column":12},"end":{"line":135,"column":6}}],"line":131},"9":{"loc":{"start":{"line":131,"column":16},"end":{"line":131,"column":64}},"type":"binary-expr","locations":[{"start":{"line":131,"column":16},"end":{"line":131,"column":36}},{"start":{"line":131,"column":40},"end":{"line":131,"column":64}}],"line":131},"10":{"loc":{"start":{"line":134,"column":6},"end":{"line":134,"column":60}},"type":"if","locations":[{"start":{"line":134,"column":6},"end":{"line":134,"column":60}},{"start":{"line":134,"column":6},"end":{"line":134,"column":60}}],"line":134},"11":{"loc":{"start":{"line":139,"column":4},"end":{"line":139,"column":46}},"type":"if","locations":[{"start":{"line":139,"column":4},"end":{"line":139,"column":46}},{"start":{"line":139,"column":4},"end":{"line":139,"column":46}}],"line":139},"12":{"loc":{"start":{"line":141,"column":4},"end":{"line":141,"column":63}},"type":"if","locations":[{"start":{"line":141,"column":4},"end":{"line":141,"column":63}},{"start":{"line":141,"column":4},"end":{"line":141,"column":63}}],"line":141},"13":{"loc":{"start":{"line":141,"column":8},"end":{"line":141,"column":42}},"type":"binary-expr","locations":[{"start":{"line":141,"column":8},"end":{"line":141,"column":18}},{"start":{"line":141,"column":22},"end":{"line":141,"column":42}}],"line":141},"14":{"loc":{"start":{"line":198,"column":25},"end":{"line":198,"column":51}},"type":"binary-expr","locations":[{"start":{"line":198,"column":25},"end":{"line":198,"column":33}},{"start":{"line":198,"column":37},"end":{"line":198,"column":51}}],"line":198},"15":{"loc":{"start":{"line":200,"column":4},"end":{"line":204,"column":5}},"type":"if","locations":[{"start":{"line":200,"column":4},"end":{"line":204,"column":5}},{"start":{"line":200,"column":4},"end":{"line":204,"column":5}}],"line":200},"16":{"loc":{"start":{"line":200,"column":8},"end":{"line":201,"column":41}},"type":"binary-expr","locations":[{"start":{"line":200,"column":8},"end":{"line":200,"column":35}},{"start":{"line":201,"column":8},"end":{"line":201,"column":41}}],"line":200},"17":{"loc":{"start":{"line":246,"column":2},"end":{"line":253,"column":3}},"type":"if","locations":[{"start":{"line":246,"column":2},"end":{"line":253,"column":3}},{"start":{"line":246,"column":2},"end":{"line":253,"column":3}}],"line":246},"18":{"loc":{"start":{"line":258,"column":2},"end":{"line":262,"column":3}},"type":"if","locations":[{"start":{"line":258,"column":2},"end":{"line":262,"column":3}},{"start":{"line":258,"column":2},"end":{"line":262,"column":3}}],"line":258},"19":{"loc":{"start":{"line":285,"column":1},"end":{"line":293,"column":2}},"type":"if","locations":[{"start":{"line":285,"column":1},"end":{"line":293,"column":2}},{"start":{"line":285,"column":1},"end":{"line":293,"column":2}}],"line":285},"20":{"loc":{"start":{"line":335,"column":1},"end":{"line":337,"column":2}},"type":"if","locations":[{"start":{"line":335,"column":1},"end":{"line":337,"column":2}},{"start":{"line":335,"column":1},"end":{"line":337,"column":2}}],"line":335},"21":{"loc":{"start":{"line":339,"column":1},"end":{"line":341,"column":2}},"type":"if","locations":[{"start":{"line":339,"column":1},"end":{"line":341,"column":2}},{"start":{"line":339,"column":1},"end":{"line":341,"column":2}}],"line":339},"22":{"loc":{"start":{"line":350,"column":3},"end":{"line":359,"column":4}},"type":"if","locations":[{"start":{"line":350,"column":3},"end":{"line":359,"column":4}},{"start":{"line":350,"column":3},"end":{"line":359,"column":4}}],"line":350},"23":{"loc":{"start":{"line":350,"column":7},"end":{"line":351,"column":40}},"type":"binary-expr","locations":[{"start":{"line":350,"column":7},"end":{"line":350,"column":45}},{"start":{"line":351,"column":7},"end":{"line":351,"column":40}}],"line":350},"24":{"loc":{"start":{"line":363,"column":2},"end":{"line":367,"column":3}},"type":"if","locations":[{"start":{"line":363,"column":2},"end":{"line":367,"column":3}},{"start":{"line":363,"column":2},"end":{"line":367,"column":3}}],"line":363},"25":{"loc":{"start":{"line":410,"column":3},"end":{"line":410,"column":43}},"type":"if","locations":[{"start":{"line":410,"column":3},"end":{"line":410,"column":43}},{"start":{"line":410,"column":3},"end":{"line":410,"column":43}}],"line":410},"26":{"loc":{"start":{"line":411,"column":3},"end":{"line":411,"column":43}},"type":"if","locations":[{"start":{"line":411,"column":3},"end":{"line":411,"column":43}},{"start":{"line":411,"column":3},"end":{"line":411,"column":43}}],"line":411},"27":{"loc":{"start":{"line":444,"column":1},"end":{"line":444,"column":63}},"type":"if","locations":[{"start":{"line":444,"column":1},"end":{"line":444,"column":63}},{"start":{"line":444,"column":1},"end":{"line":444,"column":63}}],"line":444},"28":{"loc":{"start":{"line":445,"column":1},"end":{"line":445,"column":84}},"type":"if","locations":[{"start":{"line":445,"column":1},"end":{"line":445,"column":84}},{"start":{"line":445,"column":1},"end":{"line":445,"column":84}}],"line":445},"29":{"loc":{"start":{"line":446,"column":1},"end":{"line":446,"column":33}},"type":"if","locations":[{"start":{"line":446,"column":1},"end":{"line":446,"column":33}},{"start":{"line":446,"column":1},"end":{"line":446,"column":33}}],"line":446},"30":{"loc":{"start":{"line":525,"column":1},"end":{"line":525,"column":49}},"type":"if","locations":[{"start":{"line":525,"column":1},"end":{"line":525,"column":49}},{"start":{"line":525,"column":1},"end":{"line":525,"column":49}}],"line":525},"31":{"loc":{"start":{"line":553,"column":2},"end":{"line":559,"column":3}},"type":"if","locations":[{"start":{"line":553,"column":2},"end":{"line":559,"column":3}},{"start":{"line":553,"column":2},"end":{"line":559,"column":3}}],"line":553},"32":{"loc":{"start":{"line":660,"column":1},"end":{"line":660,"column":26}},"type":"if","locations":[{"start":{"line":660,"column":1},"end":{"line":660,"column":26}},{"start":{"line":660,"column":1},"end":{"line":660,"column":26}}],"line":660},"33":{"loc":{"start":{"line":664,"column":1},"end":{"line":668,"column":2}},"type":"if","locations":[{"start":{"line":664,"column":1},"end":{"line":668,"column":2}},{"start":{"line":664,"column":1},"end":{"line":668,"column":2}}],"line":664},"34":{"loc":{"start":{"line":664,"column":5},"end":{"line":666,"column":19}},"type":"binary-expr","locations":[{"start":{"line":664,"column":5},"end":{"line":664,"column":18}},{"start":{"line":665,"column":5},"end":{"line":665,"column":18}},{"start":{"line":666,"column":5},"end":{"line":666,"column":19}}],"line":664}},"s":{"0":5,"1":5,"2":5,"3":5,"4":5,"5":5,"6":5,"7":5,"8":5,"9":5,"10":5,"11":1,"12":1,"13":1,"14":1,"15":0,"16":0,"17":5,"18":1,"19":1,"20":5,"21":0,"22":0,"23":0,"24":0,"25":0,"26":0,"27":0,"28":0,"29":0,"30":0,"31":0,"32":0,"33":0,"34":0,"35":0,"36":0,"37":0,"38":0,"39":0,"40":0,"41":0,"42":0,"43":0,"44":0,"45":0,"46":0,"47":0,"48":0,"49":0,"50":0,"51":0,"52":0,"53":0,"54":0,"55":0,"56":0,"57":0,"58":0,"59":0,"60":0,"61":0,"62":0,"63":0,"64":0,"65":0,"66":0,"67":0,"68":0,"69":0,"70":0,"71":0,"72":0,"73":0,"74":5,"75":1,"76":1,"77":1,"78":1,"79":0,"80":0,"81":5,"82":1,"83":1,"84":1,"85":1,"86":1,"87":1,"88":1,"89":1,"90":3,"91":6,"92":2,"93":2,"94":1,"95":1,"96":0,"97":0,"98":5,"99":4,"100":4,"101":4,"102":4,"103":4,"104":4,"105":5,"106":8,"107":8,"108":2,"109":4,"110":6,"111":6,"112":7,"113":1,"114":0,"115":1,"116":1,"117":1,"118":5,"119":6,"120":6,"121":6,"122":6,"123":6,"124":4,"125":2,"126":2,"127":4,"128":4,"129":5,"130":2,"131":2,"132":2,"133":2,"134":0,"135":0,"136":5,"137":4,"138":4,"139":4,"140":4,"141":4,"142":4,"143":4,"144":6,"145":6,"146":6,"147":6,"148":18,"149":18,"150":18,"151":6,"152":0,"153":6,"154":6,"155":6,"156":6,"157":6,"158":4,"159":5,"160":4,"161":4,"162":4,"163":4,"164":4,"165":4,"166":4,"167":4,"168":4,"169":4,"170":6,"171":18,"172":18,"173":18,"174":8,"175":18,"176":11,"177":18,"178":4,"179":4,"180":6,"181":18,"182":18,"183":4,"184":4,"185":4,"186":4,"187":4,"188":4,"189":4,"190":4,"191":4,"192":4,"193":4,"194":4,"195":4,"196":0,"197":4,"198":4,"199":4,"200":0,"201":4,"202":4,"203":4,"204":4,"205":5,"206":4,"207":4,"208":4,"209":4,"210":4,"211":5,"212":10,"213":9,"214":7,"215":9,"216":5,"217":1,"218":1,"219":5,"220":1,"221":1,"222":2,"223":2,"224":2,"225":2,"226":2,"227":2,"228":5,"229":1,"230":5,"231":1,"232":1,"233":1,"234":1,"235":2,"236":1,"237":5,"238":1,"239":1,"240":5,"241":2,"242":5,"243":1,"244":1,"245":5,"246":5,"247":5,"248":14,"249":15,"250":5,"251":8,"252":2,"253":6,"254":6,"255":5,"256":1,"257":5},"f":{"0":1,"1":1,"2":0,"3":0,"4":1,"5":1,"6":4,"7":8,"8":6,"9":2,"10":4,"11":6,"12":4,"13":6,"14":18,"15":6,"16":18,"17":4,"18":10,"19":1,"20":1,"21":1,"22":1,"23":1,"24":2,"25":1,"26":5,"27":14,"28":15,"29":8},"b":{"0":[0,0],"1":[0,0],"2":[0,0],"3":[0,0],"4":[0,0],"5":[0,0],"6":[0,0],"7":[0,0],"8":[0,0],"9":[0,0],"10":[0,0],"11":[0,0],"12":[0,0],"13":[0,0],"14":[4,3],"15":[2,4],"16":[6,2],"17":[2,6],"18":[0,1],"19":[4,2],"20":[4,0],"21":[4,0],"22":[18,0],"23":[18,18],"24":[0,6],"25":[8,10],"26":[11,7],"27":[0,4],"28":[4,0],"29":[0,4],"30":[7,2],"31":[2,0],"32":[2,6],"33":[5,1],"34":[6,5,3]},"_coverageSchema":"332fd63041d2c1bcb487cc26dd0d5f7d97098a6c","hash":"da68a28264ed1702e89b5c55e300c5517db2ce41"}
,"/home/rodrigo/Documentos/DataViz/server/controllers/instagram.controller.js": {"path":"/home/rodrigo/Documentos/DataViz/server/controllers/instagram.controller.js","statementMap":{"0":{"start":{"line":2,"column":18},"end":{"line":2,"column":41}},"1":{"start":{"line":3,"column":19},"end":{"line":3,"column":41}},"2":{"start":{"line":4,"column":17},"end":{"line":4,"column":36}},"3":{"start":{"line":5,"column":14},"end":{"line":5,"column":43}},"4":{"start":{"line":6,"column":25},"end":{"line":6,"column":61}},"5":{"start":{"line":7,"column":15},"end":{"line":7,"column":45}},"6":{"start":{"line":8,"column":19},"end":{"line":8,"column":67}},"7":{"start":{"line":11,"column":19},"end":{"line":11,"column":22}},"8":{"start":{"line":12,"column":22},"end":{"line":12,"column":24}},"9":{"start":{"line":13,"column":21},"end":{"line":13,"column":58}},"10":{"start":{"line":23,"column":21},"end":{"line":39,"column":1}},"11":{"start":{"line":24,"column":1},"end":{"line":38,"column":2}},"12":{"start":{"line":25,"column":19},"end":{"line":25,"column":67}},"13":{"start":{"line":27,"column":21},"end":{"line":27,"column":56}},"14":{"start":{"line":29,"column":2},"end":{"line":33,"column":5}},"15":{"start":{"line":35,"column":19},"end":{"line":35,"column":91}},"16":{"start":{"line":37,"column":2},"end":{"line":37,"column":37}},"17":{"start":{"line":47,"column":19},"end":{"line":134,"column":1}},"18":{"start":{"line":50,"column":13},"end":{"line":50,"column":14}},"19":{"start":{"line":52,"column":16},"end":{"line":52,"column":18}},"20":{"start":{"line":53,"column":14},"end":{"line":53,"column":29}},"21":{"start":{"line":54,"column":16},"end":{"line":54,"column":27}},"22":{"start":{"line":55,"column":16},"end":{"line":55,"column":40}},"23":{"start":{"line":57,"column":1},"end":{"line":57,"column":57}},"24":{"start":{"line":59,"column":1},"end":{"line":125,"column":2}},"25":{"start":{"line":60,"column":15},"end":{"line":60,"column":22}},"26":{"start":{"line":62,"column":20},"end":{"line":62,"column":31}},"27":{"start":{"line":63,"column":2},"end":{"line":124,"column":3}},"28":{"start":{"line":64,"column":15},"end":{"line":64,"column":22}},"29":{"start":{"line":65,"column":16},"end":{"line":65,"column":55}},"30":{"start":{"line":69,"column":3},"end":{"line":72,"column":4}},"31":{"start":{"line":70,"column":4},"end":{"line":70,"column":15}},"32":{"start":{"line":71,"column":4},"end":{"line":71,"column":13}},"33":{"start":{"line":76,"column":3},"end":{"line":78,"column":4}},"34":{"start":{"line":77,"column":4},"end":{"line":77,"column":13}},"35":{"start":{"line":82,"column":20},"end":{"line":82,"column":66}},"36":{"start":{"line":85,"column":3},"end":{"line":92,"column":4}},"37":{"start":{"line":86,"column":23},"end":{"line":90,"column":6}},"38":{"start":{"line":91,"column":4},"end":{"line":91,"column":30}},"39":{"start":{"line":95,"column":3},"end":{"line":95,"column":35}},"40":{"start":{"line":95,"column":26},"end":{"line":95,"column":35}},"41":{"start":{"line":98,"column":18},"end":{"line":103,"column":4}},"42":{"start":{"line":106,"column":3},"end":{"line":121,"column":6}},"43":{"start":{"line":107,"column":4},"end":{"line":120,"column":5}},"44":{"start":{"line":109,"column":19},"end":{"line":109,"column":24}},"45":{"start":{"line":110,"column":5},"end":{"line":110,"column":47}},"46":{"start":{"line":110,"column":18},"end":{"line":110,"column":47}},"47":{"start":{"line":111,"column":5},"end":{"line":111,"column":64}},"48":{"start":{"line":111,"column":45},"end":{"line":111,"column":64}},"49":{"start":{"line":112,"column":5},"end":{"line":112,"column":24}},"50":{"start":{"line":113,"column":5},"end":{"line":113,"column":73}},"51":{"start":{"line":114,"column":11},"end":{"line":120,"column":5}},"52":{"start":{"line":115,"column":5},"end":{"line":115,"column":24}},"53":{"start":{"line":116,"column":11},"end":{"line":120,"column":5}},"54":{"start":{"line":119,"column":5},"end":{"line":119,"column":46}},"55":{"start":{"line":123,"column":3},"end":{"line":123,"column":37}},"56":{"start":{"line":128,"column":22},"end":{"line":128,"column":24}},"57":{"start":{"line":129,"column":1},"end":{"line":131,"column":4}},"58":{"start":{"line":130,"column":2},"end":{"line":130,"column":40}},"59":{"start":{"line":132,"column":1},"end":{"line":132,"column":33}},"60":{"start":{"line":133,"column":1},"end":{"line":133,"column":35}},"61":{"start":{"line":141,"column":16},"end":{"line":155,"column":1}},"62":{"start":{"line":142,"column":1},"end":{"line":154,"column":2}},"63":{"start":{"line":143,"column":18},"end":{"line":143,"column":43}},"64":{"start":{"line":144,"column":2},"end":{"line":144,"column":56}},"65":{"start":{"line":146,"column":2},"end":{"line":149,"column":5}},"66":{"start":{"line":151,"column":19},"end":{"line":151,"column":57}},"67":{"start":{"line":153,"column":2},"end":{"line":153,"column":37}},"68":{"start":{"line":162,"column":18},"end":{"line":192,"column":1}},"69":{"start":{"line":163,"column":1},"end":{"line":191,"column":2}},"70":{"start":{"line":164,"column":18},"end":{"line":164,"column":51}},"71":{"start":{"line":165,"column":17},"end":{"line":165,"column":35}},"72":{"start":{"line":166,"column":17},"end":{"line":166,"column":19}},"73":{"start":{"line":167,"column":16},"end":{"line":167,"column":56}},"74":{"start":{"line":168,"column":18},"end":{"line":168,"column":53}},"75":{"start":{"line":169,"column":14},"end":{"line":169,"column":15}},"76":{"start":{"line":171,"column":2},"end":{"line":179,"column":3}},"77":{"start":{"line":172,"column":3},"end":{"line":178,"column":4}},"78":{"start":{"line":173,"column":4},"end":{"line":177,"column":5}},"79":{"start":{"line":175,"column":5},"end":{"line":175,"column":41}},"80":{"start":{"line":176,"column":5},"end":{"line":176,"column":16}},"81":{"start":{"line":181,"column":2},"end":{"line":181,"column":41}},"82":{"start":{"line":183,"column":2},"end":{"line":186,"column":5}},"83":{"start":{"line":188,"column":19},"end":{"line":188,"column":141}},"84":{"start":{"line":190,"column":2},"end":{"line":190,"column":37}},"85":{"start":{"line":199,"column":22},"end":{"line":207,"column":1}},"86":{"start":{"line":200,"column":15},"end":{"line":200,"column":52}},"87":{"start":{"line":202,"column":1},"end":{"line":202,"column":41}},"88":{"start":{"line":203,"column":16},"end":{"line":203,"column":55}},"89":{"start":{"line":204,"column":1},"end":{"line":204,"column":65}},"90":{"start":{"line":205,"column":1},"end":{"line":205,"column":19}},"91":{"start":{"line":206,"column":1},"end":{"line":206,"column":11}},"92":{"start":{"line":217,"column":20},"end":{"line":240,"column":1}},"93":{"start":{"line":218,"column":1},"end":{"line":239,"column":2}},"94":{"start":{"line":219,"column":2},"end":{"line":226,"column":3}},"95":{"start":{"line":220,"column":3},"end":{"line":222,"column":4}},"96":{"start":{"line":221,"column":4},"end":{"line":221,"column":35}},"97":{"start":{"line":224,"column":20},"end":{"line":224,"column":39}},"98":{"start":{"line":225,"column":3},"end":{"line":225,"column":36}},"99":{"start":{"line":228,"column":2},"end":{"line":228,"column":16}},"100":{"start":{"line":231,"column":2},"end":{"line":235,"column":3}},"101":{"start":{"line":232,"column":3},"end":{"line":232,"column":25}},"102":{"start":{"line":234,"column":3},"end":{"line":234,"column":34}},"103":{"start":{"line":236,"column":19},"end":{"line":236,"column":108}},"104":{"start":{"line":238,"column":2},"end":{"line":238,"column":44}},"105":{"start":{"line":249,"column":22},"end":{"line":274,"column":1}},"106":{"start":{"line":250,"column":19},"end":{"line":250,"column":58}},"107":{"start":{"line":251,"column":20},"end":{"line":251,"column":36}},"108":{"start":{"line":252,"column":22},"end":{"line":252,"column":43}},"109":{"start":{"line":253,"column":18},"end":{"line":253,"column":98}},"110":{"start":{"line":257,"column":1},"end":{"line":265,"column":2}},"111":{"start":{"line":258,"column":2},"end":{"line":258,"column":42}},"112":{"start":{"line":260,"column":2},"end":{"line":260,"column":67}},"113":{"start":{"line":261,"column":2},"end":{"line":264,"column":5}},"114":{"start":{"line":267,"column":1},"end":{"line":271,"column":3}},"115":{"start":{"line":273,"column":1},"end":{"line":273,"column":15}},"116":{"start":{"line":282,"column":20},"end":{"line":294,"column":1}},"117":{"start":{"line":283,"column":1},"end":{"line":293,"column":2}},"118":{"start":{"line":284,"column":17},"end":{"line":284,"column":44}},"119":{"start":{"line":286,"column":2},"end":{"line":286,"column":22}},"120":{"start":{"line":288,"column":2},"end":{"line":288,"column":9}},"121":{"start":{"line":290,"column":19},"end":{"line":290,"column":63}},"122":{"start":{"line":292,"column":2},"end":{"line":292,"column":37}},"123":{"start":{"line":303,"column":19},"end":{"line":355,"column":1}},"124":{"start":{"line":304,"column":20},"end":{"line":304,"column":40}},"125":{"start":{"line":305,"column":18},"end":{"line":305,"column":29}},"126":{"start":{"line":307,"column":1},"end":{"line":309,"column":2}},"127":{"start":{"line":308,"column":2},"end":{"line":308,"column":26}},"128":{"start":{"line":311,"column":1},"end":{"line":313,"column":2}},"129":{"start":{"line":312,"column":2},"end":{"line":312,"column":22}},"130":{"start":{"line":315,"column":1},"end":{"line":352,"column":4}},"131":{"start":{"line":316,"column":19},"end":{"line":316,"column":21}},"132":{"start":{"line":317,"column":18},"end":{"line":317,"column":33}},"133":{"start":{"line":318,"column":17},"end":{"line":318,"column":31}},"134":{"start":{"line":321,"column":2},"end":{"line":332,"column":3}},"135":{"start":{"line":322,"column":3},"end":{"line":331,"column":4}},"136":{"start":{"line":324,"column":17},"end":{"line":324,"column":44}},"137":{"start":{"line":326,"column":4},"end":{"line":329,"column":7}},"138":{"start":{"line":335,"column":2},"end":{"line":339,"column":3}},"139":{"start":{"line":336,"column":3},"end":{"line":336,"column":52}},"140":{"start":{"line":338,"column":3},"end":{"line":338,"column":51}},"141":{"start":{"line":341,"column":16},"end":{"line":341,"column":32}},"142":{"start":{"line":342,"column":18},"end":{"line":348,"column":3}},"143":{"start":{"line":350,"column":2},"end":{"line":350,"column":35}},"144":{"start":{"line":351,"column":2},"end":{"line":351,"column":32}},"145":{"start":{"line":354,"column":1},"end":{"line":354,"column":8}},"146":{"start":{"line":364,"column":23},"end":{"line":425,"column":1}},"147":{"start":{"line":365,"column":16},"end":{"line":365,"column":32}},"148":{"start":{"line":366,"column":16},"end":{"line":366,"column":32}},"149":{"start":{"line":367,"column":17},"end":{"line":367,"column":21}},"150":{"start":{"line":368,"column":17},"end":{"line":368,"column":19}},"151":{"start":{"line":369,"column":20},"end":{"line":369,"column":21}},"152":{"start":{"line":370,"column":20},"end":{"line":370,"column":21}},"153":{"start":{"line":371,"column":13},"end":{"line":371,"column":14}},"154":{"start":{"line":374,"column":24},"end":{"line":374,"column":38}},"155":{"start":{"line":375,"column":14},"end":{"line":375,"column":15}},"156":{"start":{"line":377,"column":1},"end":{"line":387,"column":4}},"157":{"start":{"line":378,"column":2},"end":{"line":386,"column":5}},"158":{"start":{"line":379,"column":3},"end":{"line":379,"column":15}},"159":{"start":{"line":380,"column":3},"end":{"line":380,"column":19}},"160":{"start":{"line":382,"column":3},"end":{"line":382,"column":43}},"161":{"start":{"line":382,"column":26},"end":{"line":382,"column":43}},"162":{"start":{"line":383,"column":3},"end":{"line":383,"column":43}},"163":{"start":{"line":383,"column":26},"end":{"line":383,"column":43}},"164":{"start":{"line":385,"column":3},"end":{"line":385,"column":25}},"165":{"start":{"line":389,"column":1},"end":{"line":389,"column":24}},"166":{"start":{"line":391,"column":1},"end":{"line":396,"column":4}},"167":{"start":{"line":392,"column":2},"end":{"line":395,"column":5}},"168":{"start":{"line":393,"column":3},"end":{"line":393,"column":19}},"169":{"start":{"line":394,"column":3},"end":{"line":394,"column":47}},"170":{"start":{"line":398,"column":1},"end":{"line":398,"column":24}},"171":{"start":{"line":399,"column":1},"end":{"line":399,"column":51}},"172":{"start":{"line":401,"column":16},"end":{"line":401,"column":47}},"173":{"start":{"line":402,"column":16},"end":{"line":402,"column":24}},"174":{"start":{"line":403,"column":16},"end":{"line":403,"column":24}},"175":{"start":{"line":405,"column":1},"end":{"line":405,"column":20}},"176":{"start":{"line":406,"column":1},"end":{"line":406,"column":20}},"177":{"start":{"line":408,"column":1},"end":{"line":408,"column":87}},"178":{"start":{"line":410,"column":1},"end":{"line":410,"column":69}},"179":{"start":{"line":412,"column":1},"end":{"line":412,"column":48}},"180":{"start":{"line":413,"column":1},"end":{"line":413,"column":36}},"181":{"start":{"line":414,"column":1},"end":{"line":414,"column":48}},"182":{"start":{"line":416,"column":1},"end":{"line":416,"column":63}},"183":{"start":{"line":416,"column":45},"end":{"line":416,"column":63}},"184":{"start":{"line":417,"column":1},"end":{"line":417,"column":84}},"185":{"start":{"line":417,"column":43},"end":{"line":417,"column":84}},"186":{"start":{"line":418,"column":1},"end":{"line":418,"column":33}},"187":{"start":{"line":418,"column":20},"end":{"line":418,"column":33}},"188":{"start":{"line":420,"column":1},"end":{"line":420,"column":39}},"189":{"start":{"line":421,"column":1},"end":{"line":421,"column":38}},"190":{"start":{"line":422,"column":1},"end":{"line":422,"column":28}},"191":{"start":{"line":424,"column":1},"end":{"line":424,"column":8}},"192":{"start":{"line":434,"column":27},"end":{"line":485,"column":1}},"193":{"start":{"line":435,"column":20},"end":{"line":435,"column":26}},"194":{"start":{"line":436,"column":20},"end":{"line":436,"column":53}},"195":{"start":{"line":438,"column":16},"end":{"line":480,"column":2}},"196":{"start":{"line":482,"column":1},"end":{"line":482,"column":27}},"197":{"start":{"line":484,"column":1},"end":{"line":484,"column":8}},"198":{"start":{"line":493,"column":20},"end":{"line":499,"column":1}},"199":{"start":{"line":494,"column":17},"end":{"line":494,"column":61}},"200":{"start":{"line":496,"column":1},"end":{"line":496,"column":49}},"201":{"start":{"line":496,"column":32},"end":{"line":496,"column":49}},"202":{"start":{"line":498,"column":1},"end":{"line":498,"column":27}},"203":{"start":{"line":506,"column":23},"end":{"line":510,"column":1}},"204":{"start":{"line":507,"column":1},"end":{"line":507,"column":31}},"205":{"start":{"line":509,"column":1},"end":{"line":509,"column":41}},"206":{"start":{"line":517,"column":23},"end":{"line":532,"column":1}},"207":{"start":{"line":518,"column":16},"end":{"line":518,"column":31}},"208":{"start":{"line":520,"column":1},"end":{"line":531,"column":2}},"209":{"start":{"line":521,"column":2},"end":{"line":521,"column":39}},"210":{"start":{"line":522,"column":2},"end":{"line":522,"column":25}},"211":{"start":{"line":524,"column":2},"end":{"line":530,"column":3}},"212":{"start":{"line":525,"column":16},"end":{"line":528,"column":4}},"213":{"start":{"line":529,"column":3},"end":{"line":529,"column":32}},"214":{"start":{"line":538,"column":22},"end":{"line":543,"column":1}},"215":{"start":{"line":539,"column":1},"end":{"line":542,"column":3}},"216":{"start":{"line":550,"column":23},"end":{"line":561,"column":1}},"217":{"start":{"line":551,"column":15},"end":{"line":551,"column":17}},"218":{"start":{"line":552,"column":22},"end":{"line":552,"column":57}},"219":{"start":{"line":554,"column":1},"end":{"line":554,"column":36}},"220":{"start":{"line":556,"column":1},"end":{"line":558,"column":2}},"221":{"start":{"line":557,"column":2},"end":{"line":557,"column":43}},"222":{"start":{"line":560,"column":1},"end":{"line":560,"column":14}},"223":{"start":{"line":568,"column":22},"end":{"line":575,"column":1}},"224":{"start":{"line":569,"column":16},"end":{"line":569,"column":46}},"225":{"start":{"line":571,"column":1},"end":{"line":574,"column":3}},"226":{"start":{"line":583,"column":21},"end":{"line":588,"column":1}},"227":{"start":{"line":584,"column":1},"end":{"line":587,"column":3}},"228":{"start":{"line":597,"column":21},"end":{"line":604,"column":1}},"229":{"start":{"line":598,"column":1},"end":{"line":598,"column":50}},"230":{"start":{"line":600,"column":1},"end":{"line":603,"column":4}},"231":{"start":{"line":613,"column":21},"end":{"line":615,"column":1}},"232":{"start":{"line":614,"column":1},"end":{"line":614,"column":63}},"233":{"start":{"line":621,"column":19},"end":{"line":623,"column":1}},"234":{"start":{"line":622,"column":1},"end":{"line":622,"column":51}},"235":{"start":{"line":622,"column":34},"end":{"line":622,"column":49}},"236":{"start":{"line":625,"column":31},"end":{"line":634,"column":1}},"237":{"start":{"line":626,"column":1},"end":{"line":633,"column":2}},"238":{"start":{"line":627,"column":2},"end":{"line":627,"column":76}},"239":{"start":{"line":627,"column":64},"end":{"line":627,"column":76}},"240":{"start":{"line":628,"column":18},"end":{"line":628,"column":128}},"241":{"start":{"line":629,"column":24},"end":{"line":629,"column":49}},"242":{"start":{"line":630,"column":2},"end":{"line":630,"column":26}},"243":{"start":{"line":632,"column":2},"end":{"line":632,"column":14}},"244":{"start":{"line":636,"column":0},"end":{"line":651,"column":2}}},"fnMap":{"0":{"name":"(anonymous_0)","decl":{"start":{"line":23,"column":21},"end":{"line":23,"column":22}},"loc":{"start":{"line":23,"column":41},"end":{"line":39,"column":1}},"line":23},"1":{"name":"(anonymous_1)","decl":{"start":{"line":47,"column":19},"end":{"line":47,"column":20}},"loc":{"start":{"line":47,"column":39},"end":{"line":134,"column":1}},"line":47},"2":{"name":"(anonymous_2)","decl":{"start":{"line":106,"column":34},"end":{"line":106,"column":35}},"loc":{"start":{"line":106,"column":52},"end":{"line":121,"column":4}},"line":106},"3":{"name":"(anonymous_3)","decl":{"start":{"line":129,"column":32},"end":{"line":129,"column":33}},"loc":{"start":{"line":129,"column":43},"end":{"line":131,"column":2}},"line":129},"4":{"name":"(anonymous_4)","decl":{"start":{"line":141,"column":16},"end":{"line":141,"column":17}},"loc":{"start":{"line":141,"column":30},"end":{"line":155,"column":1}},"line":141},"5":{"name":"(anonymous_5)","decl":{"start":{"line":162,"column":18},"end":{"line":162,"column":19}},"loc":{"start":{"line":162,"column":32},"end":{"line":192,"column":1}},"line":162},"6":{"name":"(anonymous_6)","decl":{"start":{"line":199,"column":22},"end":{"line":199,"column":23}},"loc":{"start":{"line":199,"column":42},"end":{"line":207,"column":1}},"line":199},"7":{"name":"(anonymous_7)","decl":{"start":{"line":217,"column":20},"end":{"line":217,"column":21}},"loc":{"start":{"line":217,"column":46},"end":{"line":240,"column":1}},"line":217},"8":{"name":"(anonymous_8)","decl":{"start":{"line":249,"column":22},"end":{"line":249,"column":23}},"loc":{"start":{"line":249,"column":42},"end":{"line":274,"column":1}},"line":249},"9":{"name":"(anonymous_9)","decl":{"start":{"line":282,"column":20},"end":{"line":282,"column":21}},"loc":{"start":{"line":282,"column":40},"end":{"line":294,"column":1}},"line":282},"10":{"name":"(anonymous_10)","decl":{"start":{"line":303,"column":19},"end":{"line":303,"column":20}},"loc":{"start":{"line":303,"column":39},"end":{"line":355,"column":1}},"line":303},"11":{"name":"(anonymous_11)","decl":{"start":{"line":315,"column":18},"end":{"line":315,"column":19}},"loc":{"start":{"line":315,"column":31},"end":{"line":352,"column":2}},"line":315},"12":{"name":"(anonymous_12)","decl":{"start":{"line":364,"column":23},"end":{"line":364,"column":24}},"loc":{"start":{"line":364,"column":43},"end":{"line":425,"column":1}},"line":364},"13":{"name":"(anonymous_13)","decl":{"start":{"line":377,"column":24},"end":{"line":377,"column":25}},"loc":{"start":{"line":377,"column":37},"end":{"line":387,"column":2}},"line":377},"14":{"name":"(anonymous_14)","decl":{"start":{"line":378,"column":18},"end":{"line":378,"column":19}},"loc":{"start":{"line":378,"column":29},"end":{"line":386,"column":3}},"line":378},"15":{"name":"(anonymous_15)","decl":{"start":{"line":391,"column":24},"end":{"line":391,"column":25}},"loc":{"start":{"line":391,"column":37},"end":{"line":396,"column":2}},"line":391},"16":{"name":"(anonymous_16)","decl":{"start":{"line":392,"column":18},"end":{"line":392,"column":19}},"loc":{"start":{"line":392,"column":29},"end":{"line":395,"column":3}},"line":392},"17":{"name":"(anonymous_17)","decl":{"start":{"line":434,"column":27},"end":{"line":434,"column":28}},"loc":{"start":{"line":434,"column":47},"end":{"line":485,"column":1}},"line":434},"18":{"name":"(anonymous_18)","decl":{"start":{"line":493,"column":20},"end":{"line":493,"column":21}},"loc":{"start":{"line":493,"column":45},"end":{"line":499,"column":1}},"line":493},"19":{"name":"(anonymous_19)","decl":{"start":{"line":506,"column":23},"end":{"line":506,"column":24}},"loc":{"start":{"line":506,"column":42},"end":{"line":510,"column":1}},"line":506},"20":{"name":"(anonymous_20)","decl":{"start":{"line":517,"column":23},"end":{"line":517,"column":24}},"loc":{"start":{"line":517,"column":42},"end":{"line":532,"column":1}},"line":517},"21":{"name":"(anonymous_21)","decl":{"start":{"line":538,"column":22},"end":{"line":538,"column":23}},"loc":{"start":{"line":538,"column":31},"end":{"line":543,"column":1}},"line":538},"22":{"name":"(anonymous_22)","decl":{"start":{"line":550,"column":23},"end":{"line":550,"column":24}},"loc":{"start":{"line":550,"column":36},"end":{"line":561,"column":1}},"line":550},"23":{"name":"(anonymous_23)","decl":{"start":{"line":568,"column":22},"end":{"line":568,"column":23}},"loc":{"start":{"line":568,"column":35},"end":{"line":575,"column":1}},"line":568},"24":{"name":"(anonymous_24)","decl":{"start":{"line":583,"column":21},"end":{"line":583,"column":22}},"loc":{"start":{"line":583,"column":41},"end":{"line":588,"column":1}},"line":583},"25":{"name":"(anonymous_25)","decl":{"start":{"line":597,"column":21},"end":{"line":597,"column":22}},"loc":{"start":{"line":597,"column":47},"end":{"line":604,"column":1}},"line":597},"26":{"name":"(anonymous_26)","decl":{"start":{"line":613,"column":21},"end":{"line":613,"column":22}},"loc":{"start":{"line":613,"column":32},"end":{"line":615,"column":1}},"line":613},"27":{"name":"(anonymous_27)","decl":{"start":{"line":621,"column":19},"end":{"line":621,"column":20}},"loc":{"start":{"line":621,"column":28},"end":{"line":623,"column":1}},"line":621},"28":{"name":"(anonymous_28)","decl":{"start":{"line":622,"column":29},"end":{"line":622,"column":30}},"loc":{"start":{"line":622,"column":34},"end":{"line":622,"column":49}},"line":622},"29":{"name":"(anonymous_29)","decl":{"start":{"line":625,"column":31},"end":{"line":625,"column":32}},"loc":{"start":{"line":625,"column":47},"end":{"line":634,"column":1}},"line":625}},"branchMap":{"0":{"loc":{"start":{"line":69,"column":3},"end":{"line":72,"column":4}},"type":"if","locations":[{"start":{"line":69,"column":3},"end":{"line":72,"column":4}},{"start":{"line":69,"column":3},"end":{"line":72,"column":4}}],"line":69},"1":{"loc":{"start":{"line":69,"column":7},"end":{"line":69,"column":82}},"type":"binary-expr","locations":[{"start":{"line":69,"column":7},"end":{"line":69,"column":43}},{"start":{"line":69,"column":47},"end":{"line":69,"column":82}}],"line":69},"2":{"loc":{"start":{"line":76,"column":3},"end":{"line":78,"column":4}},"type":"if","locations":[{"start":{"line":76,"column":3},"end":{"line":78,"column":4}},{"start":{"line":76,"column":3},"end":{"line":78,"column":4}}],"line":76},"3":{"loc":{"start":{"line":76,"column":7},"end":{"line":76,"column":24}},"type":"binary-expr","locations":[{"start":{"line":76,"column":7},"end":{"line":76,"column":13}},{"start":{"line":76,"column":17},"end":{"line":76,"column":24}}],"line":76},"4":{"loc":{"start":{"line":85,"column":3},"end":{"line":92,"column":4}},"type":"if","locations":[{"start":{"line":85,"column":3},"end":{"line":92,"column":4}},{"start":{"line":85,"column":3},"end":{"line":92,"column":4}}],"line":85},"5":{"loc":{"start":{"line":95,"column":3},"end":{"line":95,"column":35}},"type":"if","locations":[{"start":{"line":95,"column":3},"end":{"line":95,"column":35}},{"start":{"line":95,"column":3},"end":{"line":95,"column":35}}],"line":95},"6":{"loc":{"start":{"line":107,"column":4},"end":{"line":120,"column":5}},"type":"if","locations":[{"start":{"line":107,"column":4},"end":{"line":120,"column":5}},{"start":{"line":107,"column":4},"end":{"line":120,"column":5}}],"line":107},"7":{"loc":{"start":{"line":110,"column":5},"end":{"line":110,"column":47}},"type":"if","locations":[{"start":{"line":110,"column":5},"end":{"line":110,"column":47}},{"start":{"line":110,"column":5},"end":{"line":110,"column":47}}],"line":110},"8":{"loc":{"start":{"line":111,"column":5},"end":{"line":111,"column":64}},"type":"if","locations":[{"start":{"line":111,"column":5},"end":{"line":111,"column":64}},{"start":{"line":111,"column":5},"end":{"line":111,"column":64}}],"line":111},"9":{"loc":{"start":{"line":111,"column":9},"end":{"line":111,"column":43}},"type":"binary-expr","locations":[{"start":{"line":111,"column":9},"end":{"line":111,"column":19}},{"start":{"line":111,"column":23},"end":{"line":111,"column":43}}],"line":111},"10":{"loc":{"start":{"line":114,"column":11},"end":{"line":120,"column":5}},"type":"if","locations":[{"start":{"line":114,"column":11},"end":{"line":120,"column":5}},{"start":{"line":114,"column":11},"end":{"line":120,"column":5}}],"line":114},"11":{"loc":{"start":{"line":114,"column":15},"end":{"line":114,"column":58}},"type":"binary-expr","locations":[{"start":{"line":114,"column":15},"end":{"line":114,"column":23}},{"start":{"line":114,"column":27},"end":{"line":114,"column":41}},{"start":{"line":114,"column":45},"end":{"line":114,"column":58}}],"line":114},"12":{"loc":{"start":{"line":116,"column":11},"end":{"line":120,"column":5}},"type":"if","locations":[{"start":{"line":116,"column":11},"end":{"line":120,"column":5}},{"start":{"line":116,"column":11},"end":{"line":120,"column":5}}],"line":116},"13":{"loc":{"start":{"line":171,"column":25},"end":{"line":171,"column":51}},"type":"binary-expr","locations":[{"start":{"line":171,"column":25},"end":{"line":171,"column":33}},{"start":{"line":171,"column":37},"end":{"line":171,"column":51}}],"line":171},"14":{"loc":{"start":{"line":173,"column":4},"end":{"line":177,"column":5}},"type":"if","locations":[{"start":{"line":173,"column":4},"end":{"line":177,"column":5}},{"start":{"line":173,"column":4},"end":{"line":177,"column":5}}],"line":173},"15":{"loc":{"start":{"line":173,"column":8},"end":{"line":174,"column":41}},"type":"binary-expr","locations":[{"start":{"line":173,"column":8},"end":{"line":173,"column":35}},{"start":{"line":174,"column":8},"end":{"line":174,"column":41}}],"line":173},"16":{"loc":{"start":{"line":219,"column":2},"end":{"line":226,"column":3}},"type":"if","locations":[{"start":{"line":219,"column":2},"end":{"line":226,"column":3}},{"start":{"line":219,"column":2},"end":{"line":226,"column":3}}],"line":219},"17":{"loc":{"start":{"line":231,"column":2},"end":{"line":235,"column":3}},"type":"if","locations":[{"start":{"line":231,"column":2},"end":{"line":235,"column":3}},{"start":{"line":231,"column":2},"end":{"line":235,"column":3}}],"line":231},"18":{"loc":{"start":{"line":257,"column":1},"end":{"line":265,"column":2}},"type":"if","locations":[{"start":{"line":257,"column":1},"end":{"line":265,"column":2}},{"start":{"line":257,"column":1},"end":{"line":265,"column":2}}],"line":257},"19":{"loc":{"start":{"line":307,"column":1},"end":{"line":309,"column":2}},"type":"if","locations":[{"start":{"line":307,"column":1},"end":{"line":309,"column":2}},{"start":{"line":307,"column":1},"end":{"line":309,"column":2}}],"line":307},"20":{"loc":{"start":{"line":311,"column":1},"end":{"line":313,"column":2}},"type":"if","locations":[{"start":{"line":311,"column":1},"end":{"line":313,"column":2}},{"start":{"line":311,"column":1},"end":{"line":313,"column":2}}],"line":311},"21":{"loc":{"start":{"line":322,"column":3},"end":{"line":331,"column":4}},"type":"if","locations":[{"start":{"line":322,"column":3},"end":{"line":331,"column":4}},{"start":{"line":322,"column":3},"end":{"line":331,"column":4}}],"line":322},"22":{"loc":{"start":{"line":322,"column":7},"end":{"line":323,"column":40}},"type":"binary-expr","locations":[{"start":{"line":322,"column":7},"end":{"line":322,"column":45}},{"start":{"line":323,"column":7},"end":{"line":323,"column":40}}],"line":322},"23":{"loc":{"start":{"line":335,"column":2},"end":{"line":339,"column":3}},"type":"if","locations":[{"start":{"line":335,"column":2},"end":{"line":339,"column":3}},{"start":{"line":335,"column":2},"end":{"line":339,"column":3}}],"line":335},"24":{"loc":{"start":{"line":382,"column":3},"end":{"line":382,"column":43}},"type":"if","locations":[{"start":{"line":382,"column":3},"end":{"line":382,"column":43}},{"start":{"line":382,"column":3},"end":{"line":382,"column":43}}],"line":382},"25":{"loc":{"start":{"line":383,"column":3},"end":{"line":383,"column":43}},"type":"if","locations":[{"start":{"line":383,"column":3},"end":{"line":383,"column":43}},{"start":{"line":383,"column":3},"end":{"line":383,"column":43}}],"line":383},"26":{"loc":{"start":{"line":416,"column":1},"end":{"line":416,"column":63}},"type":"if","locations":[{"start":{"line":416,"column":1},"end":{"line":416,"column":63}},{"start":{"line":416,"column":1},"end":{"line":416,"column":63}}],"line":416},"27":{"loc":{"start":{"line":417,"column":1},"end":{"line":417,"column":84}},"type":"if","locations":[{"start":{"line":417,"column":1},"end":{"line":417,"column":84}},{"start":{"line":417,"column":1},"end":{"line":417,"column":84}}],"line":417},"28":{"loc":{"start":{"line":418,"column":1},"end":{"line":418,"column":33}},"type":"if","locations":[{"start":{"line":418,"column":1},"end":{"line":418,"column":33}},{"start":{"line":418,"column":1},"end":{"line":418,"column":33}}],"line":418},"29":{"loc":{"start":{"line":496,"column":1},"end":{"line":496,"column":49}},"type":"if","locations":[{"start":{"line":496,"column":1},"end":{"line":496,"column":49}},{"start":{"line":496,"column":1},"end":{"line":496,"column":49}}],"line":496},"30":{"loc":{"start":{"line":524,"column":2},"end":{"line":530,"column":3}},"type":"if","locations":[{"start":{"line":524,"column":2},"end":{"line":530,"column":3}},{"start":{"line":524,"column":2},"end":{"line":530,"column":3}}],"line":524},"31":{"loc":{"start":{"line":627,"column":2},"end":{"line":627,"column":76}},"type":"if","locations":[{"start":{"line":627,"column":2},"end":{"line":627,"column":76}},{"start":{"line":627,"column":2},"end":{"line":627,"column":76}}],"line":627},"32":{"loc":{"start":{"line":627,"column":6},"end":{"line":627,"column":62}},"type":"binary-expr","locations":[{"start":{"line":627,"column":6},"end":{"line":627,"column":19}},{"start":{"line":627,"column":23},"end":{"line":627,"column":62}}],"line":627}},"s":{"0":5,"1":5,"2":5,"3":5,"4":5,"5":5,"6":5,"7":5,"8":5,"9":5,"10":5,"11":1,"12":1,"13":1,"14":1,"15":0,"16":0,"17":5,"18":0,"19":0,"20":0,"21":0,"22":0,"23":0,"24":0,"25":0,"26":0,"27":0,"28":0,"29":0,"30":0,"31":0,"32":0,"33":0,"34":0,"35":0,"36":0,"37":0,"38":0,"39":0,"40":0,"41":0,"42":0,"43":0,"44":0,"45":0,"46":0,"47":0,"48":0,"49":0,"50":0,"51":0,"52":0,"53":0,"54":0,"55":0,"56":0,"57":0,"58":0,"59":0,"60":0,"61":5,"62":1,"63":1,"64":1,"65":1,"66":0,"67":0,"68":5,"69":1,"70":1,"71":1,"72":1,"73":1,"74":1,"75":1,"76":1,"77":3,"78":9,"79":3,"80":3,"81":1,"82":1,"83":0,"84":0,"85":5,"86":6,"87":6,"88":6,"89":6,"90":6,"91":6,"92":5,"93":9,"94":9,"95":3,"96":6,"97":6,"98":6,"99":9,"100":0,"101":0,"102":0,"103":0,"104":0,"105":5,"106":8,"107":8,"108":8,"109":8,"110":8,"111":6,"112":2,"113":2,"114":6,"115":6,"116":5,"117":3,"118":3,"119":3,"120":3,"121":0,"122":0,"123":5,"124":6,"125":6,"126":6,"127":6,"128":6,"129":6,"130":6,"131":9,"132":9,"133":9,"134":9,"135":27,"136":27,"137":27,"138":9,"139":0,"140":9,"141":9,"142":9,"143":9,"144":9,"145":6,"146":5,"147":6,"148":6,"149":6,"150":6,"151":6,"152":6,"153":6,"154":6,"155":6,"156":6,"157":9,"158":27,"159":27,"160":27,"161":6,"162":27,"163":20,"164":27,"165":6,"166":6,"167":9,"168":27,"169":27,"170":6,"171":6,"172":6,"173":6,"174":6,"175":6,"176":6,"177":6,"178":6,"179":6,"180":6,"181":6,"182":6,"183":0,"184":6,"185":6,"186":6,"187":0,"188":6,"189":6,"190":6,"191":6,"192":5,"193":6,"194":6,"195":6,"196":6,"197":6,"198":5,"199":12,"200":12,"201":9,"202"
[...]
":{"line":88,"column":4}}],"line":84},"4":{"loc":{"start":{"line":91,"column":3},"end":{"line":98,"column":4}},"type":"if","locations":[{"start":{"line":91,"column":3},"end":{"line":98,"column":4}},{"start":{"line":91,"column":3},"end":{"line":98,"column":4}}],"line":91},"5":{"loc":{"start":{"line":102,"column":3},"end":{"line":126,"column":4}},"type":"if","locations":[{"start":{"line":102,"column":3},"end":{"line":126,"column":4}},{"start":{"line":102,"column":3},"end":{"line":126,"column":4}}],"line":102},"6":{"loc":{"start":{"line":104,"column":5},"end":{"line":109,"column":6}},"type":"if","locations":[{"start":{"line":104,"column":5},"end":{"line":109,"column":6}},{"start":{"line":104,"column":5},"end":{"line":109,"column":6}}],"line":104},"7":{"loc":{"start":{"line":108,"column":6},"end":{"line":108,"column":48}},"type":"if","locations":[{"start":{"line":108,"column":6},"end":{"line":108,"column":48}},{"start":{"line":108,"column":6},"end":{"line":108,"column":48}}],"line":108},"8":{"loc":{"start":{"line":114,"column":4},"end":{"line":114,"column":46}},"type":"if","locations":[{"start":{"line":114,"column":4},"end":{"line":114,"column":46}},{"start":{"line":114,"column":4},"end":{"line":114,"column":46}}],"line":114},"9":{"loc":{"start":{"line":115,"column":4},"end":{"line":115,"column":63}},"type":"if","locations":[{"start":{"line":115,"column":4},"end":{"line":115,"column":63}},{"start":{"line":115,"column":4},"end":{"line":115,"column":63}}],"line":115},"10":{"loc":{"start":{"line":115,"column":8},"end":{"line":115,"column":42}},"type":"binary-expr","locations":[{"start":{"line":115,"column":8},"end":{"line":115,"column":18}},{"start":{"line":115,"column":22},"end":{"line":115,"column":42}}],"line":115},"11":{"loc":{"start":{"line":177,"column":4},"end":{"line":181,"column":5}},"type":"if","locations":[{"start":{"line":177,"column":4},"end":{"line":181,"column":5}},{"start":{"line":177,"column":4},"end":{"line":181,"column":5}}],"line":177},"12":{"loc":{"start":{"line":177,"column":8},"end":{"line":178,"column":41}},"type":"binary-expr","locations":[{"start":{"line":177,"column":8},"end":{"line":177,"column":35}},{"start":{"line":178,"column":8},"end":{"line":178,"column":41}}],"line":177},"13":{"loc":{"start":{"line":184,"column":3},"end":{"line":184,"column":29}},"type":"if","locations":[{"start":{"line":184,"column":3},"end":{"line":184,"column":29}},{"start":{"line":184,"column":3},"end":{"line":184,"column":29}}],"line":184},"14":{"loc":{"start":{"line":276,"column":2},"end":{"line":283,"column":3}},"type":"if","locations":[{"start":{"line":276,"column":2},"end":{"line":283,"column":3}},{"start":{"line":276,"column":2},"end":{"line":283,"column":3}}],"line":276},"15":{"loc":{"start":{"line":288,"column":2},"end":{"line":292,"column":3}},"type":"if","locations":[{"start":{"line":288,"column":2},"end":{"line":292,"column":3}},{"start":{"line":288,"column":2},"end":{"line":292,"column":3}}],"line":288},"16":{"loc":{"start":{"line":314,"column":1},"end":{"line":322,"column":2}},"type":"if","locations":[{"start":{"line":314,"column":1},"end":{"line":322,"column":2}},{"start":{"line":314,"column":1},"end":{"line":322,"column":2}}],"line":314},"17":{"loc":{"start":{"line":364,"column":1},"end":{"line":366,"column":2}},"type":"if","locations":[{"start":{"line":364,"column":1},"end":{"line":366,"column":2}},{"start":{"line":364,"column":1},"end":{"line":366,"column":2}}],"line":364},"18":{"loc":{"start":{"line":368,"column":1},"end":{"line":370,"column":2}},"type":"if","locations":[{"start":{"line":368,"column":1},"end":{"line":370,"column":2}},{"start":{"line":368,"column":1},"end":{"line":370,"column":2}}],"line":368},"19":{"loc":{"start":{"line":379,"column":3},"end":{"line":388,"column":4}},"type":"if","locations":[{"start":{"line":379,"column":3},"end":{"line":388,"column":4}},{"start":{"line":379,"column":3},"end":{"line":388,"column":4}}],"line":379},"20":{"loc":{"start":{"line":379,"column":7},"end":{"line":380,"column":40}},"type":"binary-expr","locations":[{"start":{"line":379,"column":7},"end":{"line":379,"column":45}},{"start":{"line":380,"column":7},"end":{"line":380,"column":40}}],"line":379},"21":{"loc":{"start":{"line":392,"column":2},"end":{"line":396,"column":3}},"type":"if","locations":[{"start":{"line":392,"column":2},"end":{"line":396,"column":3}},{"start":{"line":392,"column":2},"end":{"line":396,"column":3}}],"line":392},"22":{"loc":{"start":{"line":439,"column":3},"end":{"line":439,"column":43}},"type":"if","locations":[{"start":{"line":439,"column":3},"end":{"line":439,"column":43}},{"start":{"line":439,"column":3},"end":{"line":439,"column":43}}],"line":439},"23":{"loc":{"start":{"line":440,"column":3},"end":{"line":440,"column":43}},"type":"if","locations":[{"start":{"line":440,"column":3},"end":{"line":440,"column":43}},{"start":{"line":440,"column":3},"end":{"line":440,"column":43}}],"line":440},"24":{"loc":{"start":{"line":473,"column":1},"end":{"line":473,"column":63}},"type":"if","locations":[{"start":{"line":473,"column":1},"end":{"line":473,"column":63}},{"start":{"line":473,"column":1},"end":{"line":473,"column":63}}],"line":473},"25":{"loc":{"start":{"line":474,"column":1},"end":{"line":474,"column":84}},"type":"if","locations":[{"start":{"line":474,"column":1},"end":{"line":474,"column":84}},{"start":{"line":474,"column":1},"end":{"line":474,"column":84}}],"line":474},"26":{"loc":{"start":{"line":475,"column":1},"end":{"line":475,"column":33}},"type":"if","locations":[{"start":{"line":475,"column":1},"end":{"line":475,"column":33}},{"start":{"line":475,"column":1},"end":{"line":475,"column":33}}],"line":475},"27":{"loc":{"start":{"line":493,"column":1},"end":{"line":493,"column":49}},"type":"if","locations":[{"start":{"line":493,"column":1},"end":{"line":493,"column":49}},{"start":{"line":493,"column":1},"end":{"line":493,"column":49}}],"line":493},"28":{"loc":{"start":{"line":521,"column":2},"end":{"line":527,"column":3}},"type":"if","locations":[{"start":{"line":521,"column":2},"end":{"line":527,"column":3}},{"start":{"line":521,"column":2},"end":{"line":527,"column":3}}],"line":521},"29":{"loc":{"start":{"line":629,"column":1},"end":{"line":629,"column":26}},"type":"if","locations":[{"start":{"line":629,"column":1},"end":{"line":629,"column":26}},{"start":{"line":629,"column":1},"end":{"line":629,"column":26}}],"line":629},"30":{"loc":{"start":{"line":633,"column":1},"end":{"line":637,"column":2}},"type":"if","locations":[{"start":{"line":633,"column":1},"end":{"line":637,"column":2}},{"start":{"line":633,"column":1},"end":{"line":637,"column":2}}],"line":633},"31":{"loc":{"start":{"line":633,"column":5},"end":{"line":635,"column":19}},"type":"binary-expr","locations":[{"start":{"line":633,"column":5},"end":{"line":633,"column":18}},{"start":{"line":634,"column":5},"end":{"line":634,"column":18}},{"start":{"line":635,"column":5},"end":{"line":635,"column":19}}],"line":633}},"s":{"0":5,"1":5,"2":5,"3":5,"4":5,"5":5,"6":5,"7":5,"8":5,"9":5,"10":5,"11":1,"12":1,"13":1,"14":1,"15":0,"16":0,"17":5,"18":0,"19":0,"20":0,"21":0,"22":0,"23":0,"24":0,"25":0,"26":0,"27":0,"28":0,"29":0,"30":0,"31":0,"32":0,"33":0,"34":0,"35":0,"36":0,"37":0,"38":0,"39":0,"40":0,"41":0,"42":0,"43":0,"44":0,"45":0,"46":0,"47":0,"48":0,"49":0,"50":0,"51":0,"52":0,"53":0,"54":0,"55":0,"56":0,"57":0,"58":0,"59":0,"60":0,"61":0,"62":0,"63":0,"64":0,"65":0,"66":0,"67":5,"68":1,"69":1,"70":1,"71":1,"72":0,"73":0,"74":5,"75":0,"76":0,"77":0,"78":0,"79":0,"80":0,"81":0,"82":0,"83":0,"84":0,"85":0,"86":0,"87":0,"88":0,"89":0,"90":0,"91":0,"92":0,"93":5,"94":6,"95":6,"96":6,"97":6,"98":6,"99":6,"100":6,"101":6,"102":6,"103":6,"104":6,"105":5,"106":7,"107":7,"108":3,"109":6,"110":4,"111":4,"112":7,"113":0,"114":0,"115":0,"116":0,"117":0,"118":5,"119":6,"120":6,"121":6,"122":6,"123":6,"124":6,"125":0,"126":0,"127":6,"128":6,"129":5,"130":3,"131":3,"132":3,"133":3,"134":0,"135":0,"136":5,"137":6,"138":6,"139":6,"140":6,"141":6,"142":6,"143":6,"144":9,"145":9,"146":9,"147":9,"148":27,"149":27,"150":27,"151":9,"152":0,"153":9,"154":9,"155":9,"156":9,"157":9,"158":6,"159":5,"160":6,"161":6,"162":6,"163":6,"164":6,"165":6,"166":6,"167":6,"168":6,"169":6,"170":9,"171":27,"172":27,"173":27,"174":9,"175":27,"176":16,"177":27,"178":6,"179":6,"180":9,"181":27,"182":27,"183":6,"184":6,"185":6,"186":6,"187":6,"188":6,"189":6,"190":6,"191":6,"192":6,"193":6,"194":6,"195":6,"196":0,"197":6,"198":6,"199":6,"200":1,"201":6,"202":6,"203":6,"204":6,"205":5,"206":10,"207":10,"208":7,"209":10,"210":5,"211":1,"212":1,"213":5,"214":1,"215":1,"216":2,"217":2,"218":2,"219":2,"220":2,"221":2,"222":5,"223":1,"224":5,"225":1,"226":1,"227":1,"228":1,"229":3,"230":1,"231":5,"232":1,"233":1,"234":5,"235":3,"236":5,"237":0,"238":0,"239":5,"240":7,"241":5,"242":15,"243":16,"244":5,"245":8,"246":2,"247":6,"248":6,"249":5,"250":1,"251":5},"f":{"0":1,"1":0,"2":0,"3":1,"4":0,"5":6,"6":7,"7":6,"8":3,"9":6,"10":9,"11":6,"12":9,"13":27,"14":9,"15":27,"16":10,"17":1,"18":1,"19":1,"20":1,"21":1,"22":3,"23":0,"24":7,"25":15,"26":16,"27":8},"b":{"0":[0,0],"1":[0,0],"2":[0,0],"3":[0,0],"4":[0,0],"5":[0,0],"6":[0,0],"7":[0,0],"8":[0,0],"9":[0,0],"10":[0,0],"11":[0,0],"12":[0,0],"13":[0,0],"14":[3,4],"15":[0,0],"16":[6,0],"17":[6,0],"18":[6,0],"19":[27,0],"20":[27,27],"21":[0,9],"22":[9,18],"23":[16,11],"24":[0,6],"25":[6,0],"26":[1,5],"27":[7,3],"28":[2,0],"29":[2,6],"30":[5,1],"31":[6,5,3]},"_coverageSchema":"332fd63041d2c1bcb487cc26dd0d5f7d97098a6c","hash":"5ff0d0c7155432ba67ed4668a9b32c5f3e4a9b32"}
,"/home/rodrigo/Documentos/DataViz/server/models/facebook.model.js": {"path":"/home/rodrigo/Documentos/DataViz/server/models/facebook.model.js","statementMap":{"0":{"start":{"line":2,"column":17},"end":{"line":2,"column":36}},"1":{"start":{"line":4,"column":18},"end":{"line":4,"column":36}},"2":{"start":{"line":5,"column":23},"end":{"line":5,"column":33}},"3":{"start":{"line":31,"column":24},"end":{"line":43,"column":1}},"4":{"start":{"line":49,"column":30},"end":{"line":72,"column":2}},"5":{"start":{"line":74,"column":0},"end":{"line":74,"column":82}}},"fnMap":{},"branchMap":{},"s":{"0":5,"1":5,"2":5,"3":5,"4":5,"5":5},"f":{},"b":{},"_coverageSchema":"332fd63041d2c1bcb487cc26dd0d5f7d97098a6c","hash":"b228251ee953448dc7419d1d7211a435f68888db"}
,"/home/rodrigo/Documentos/DataViz/server/models/instagram.model.js": {"path":"/home/rodrigo/Documentos/DataViz/server/models/instagram.model.js","statementMap":{"0":{"start":{"line":1,"column":17},"end":{"line":1,"column":36}},"1":{"start":{"line":3,"column":18},"end":{"line":3,"column":37}},"2":{"start":{"line":4,"column":23},"end":{"line":4,"column":41}},"3":{"start":{"line":11,"column":25},"end":{"line":26,"column":1}},"4":{"start":{"line":28,"column":31},"end":{"line":45,"column":2}},"5":{"start":{"line":47,"column":0},"end":{"line":47,"column":83}}},"fnMap":{},"branchMap":{},"s":{"0":5,"1":5,"2":5,"3":5,"4":5,"5":5},"f":{},"b":{},"_coverageSchema":"332fd63041d2c1bcb487cc26dd0d5f7d97098a6c","hash":"64eb69c07c130f46c11b975ea6e12e7a35427c04"}
,"/home/rodrigo/Documentos/DataViz/server/models/twitter.model.js": {"path":"/home/rodrigo/Documentos/DataViz/server/models/twitter.model.js","statementMap":{"0":{"start":{"line":1,"column":17},"end":{"line":1,"column":36}},"1":{"start":{"line":3,"column":21},"end":{"line":27,"column":1}},"2":{"start":{"line":29,"column":29},"end":{"line":46,"column":2}},"3":{"start":{"line":48,"column":0},"end":{"line":48,"column":90}}},"fnMap":{},"branchMap":{},"s":{"0":5,"1":5,"2":5,"3":5},"f":{},"b":{},"_coverageSchema":"332fd63041d2c1bcb487cc26dd0d5f7d97098a6c","hash":"6e3087f30d57667bdfe0028782574b4ab936b406"}
,"/home/rodrigo/Documentos/DataViz/server/models/youtube.model.js": {"path":"/home/rodrigo/Documentos/DataViz/server/models/youtube.model.js","statementMap":{"0":{"start":{"line":1,"column":17},"end":{"line":1,"column":36}},"1":{"start":{"line":3,"column":23},"end":{"line":18,"column":1}},"2":{"start":{"line":20,"column":29},"end":{"line":37,"column":2}},"3":{"start":{"line":39,"column":0},"end":{"line":39,"column":90}}},"fnMap":{},"branchMap":{},"s":{"0":5,"1":5,"2":5,"3":5},"f":{},"b":{},"_coverageSchema":"332fd63041d2c1bcb487cc26dd0d5f7d97098a6c","hash":"09a54f472b0272bf8d618a92b6876a73994126cd"}
,"/home/rodrigo/Documentos/DataViz/server/routes/facebook.route.js": {"path":"/home/rodrigo/Documentos/DataViz/server/routes/facebook.route.js","statementMap":{"0":{"start":{"line":2,"column":16},"end":{"line":2,"column":34}},"1":{"start":{"line":3,"column":21},"end":{"line":3,"column":66}},"2":{"start":{"line":4,"column":25},"end":{"line":4,"column":74}},"3":{"start":{"line":7,"column":15},"end":{"line":7,"column":31}},"4":{"start":{"line":13,"column":0},"end":{"line":14,"column":33}},"5":{"start":{"line":19,"column":0},"end":{"line":20,"column":25}},"6":{"start":{"line":24,"column":0},"end":{"line":32,"column":3}},"7":{"start":{"line":36,"column":0},"end":{"line":42,"column":3}},"8":{"start":{"line":48,"column":0},"end":{"line":49,"column":28}},"9":{"start":{"line":54,"column":0},"end":{"line":55,"column":30}},"10":{"start":{"line":60,"column":0},"end":{"line":66,"column":3}},"11":{"start":{"line":71,"column":0},"end":{"line":71,"column":45}},"12":{"start":{"line":75,"column":0},"end":{"line":75,"column":50}},"13":{"start":{"line":77,"column":0},"end":{"line":77,"column":24}}},"fnMap":{},"branchMap":{},"s":{"0":5,"1":5,"2":5,"3":5,"4":5,"5":5,"6":5,"7":5,"8":5,"9":5,"10":5,"11":5,"12":5,"13":5},"f":{},"b":{},"_coverageSchema":"332fd63041d2c1bcb487cc26dd0d5f7d97098a6c","hash":"bcb6e0cc174ad8d28c387bdc1007a4d8ac7658c3"}
,"/home/rodrigo/Documentos/DataViz/server/routes/index.route.js": {"path":"/home/rodrigo/Documentos/DataViz/server/routes/index.route.js","statementMap":{"0":{"start":{"line":1,"column":16},"end":{"line":1,"column":34}},"1":{"start":{"line":3,"column":23},"end":{"line":3,"column":51}},"2":{"start":{"line":4,"column":21},"end":{"line":4,"column":47}},"3":{"start":{"line":5,"column":22},"end":{"line":5,"column":49}},"4":{"start":{"line":6,"column":21},"end":{"line":6,"column":47}},"5":{"start":{"line":8,"column":15},"end":{"line":8,"column":31}},"6":{"start":{"line":12,"column":0},"end":{"line":53,"column":3}},"7":{"start":{"line":13,"column":17},"end":{"line":33,"column":2}},"8":{"start":{"line":35,"column":18},"end":{"line":47,"column":3}},"9":{"start":{"line":49,"column":1},"end":{"line":52,"column":4}},"10":{"start":{"line":55,"column":0},"end":{"line":57,"column":3}},"11":{"start":{"line":56,"column":1},"end":{"line":56,"column":24}},"12":{"start":{"line":59,"column":0},"end":{"line":61,"column":3}},"13":{"start":{"line":60,"column":1},"end":{"line":60,"column":20}},"14":{"start":{"line":63,"column":0},"end":{"line":65,"column":3}},"15":{"start":{"line":64,"column":1},"end":{"line":64,"column":21}},"16":{"start":{"line":68,"column":0},"end":{"line":68,"column":39}},"17":{"start":{"line":71,"column":0},"end":{"line":71,"column":37}},"18":{"start":{"line":74,"column":0},"end":{"line":74,"column":37}},"19":{"start":{"line":76,"column":0},"end":{"line":76,"column":41}},"20":{"start":{"line":78,"column":0},"end":{"line":78,"column":24}}},"fnMap":{"0":{"name":"(anonymous_0)","decl":{"start":{"line":12,"column":16},"end":{"line":12,"column":17}},"loc":{"start":{"line":12,"column":30},"end":{"line":53,"column":1}},"line":12},"1":{"name":"(anonymous_1)","decl":{"start":{"line":55,"column":24},"end":{"line":55,"column":25}},"loc":{"start":{"line":55,"column":38},"end":{"line":57,"column":1}},"line":55},"2":{"name":"(anonymous_2)","decl":{"start":{"line":59,"column":34},"end":{"line":59,"column":35}},"loc":{"start":{"line":59,"column":48},"end":{"line":61,"column":1}},"line":59},"3":{"name":"(anonymous_3)","decl":{"start":{"line":63,"column":35},"end":{"line":63,"column":36}},"loc":{"start":{"line":63,"column":49},"end":{"line":65,"column":1}},"line":63}},"branchMap":{},"s":{"0":5,"1":5,"2":5,"3":5,"4":5,"5":5,"6":5,"7":1,"8":1,"9":1,"10":5,"11":0,"12":5,"13":0,"14":5,"15":0,"16":5,"17":5,"18":5,"19":5,"20":5},"f":{"0":1,"1":0,"2":0,"3":0},"b":{},"_coverageSchema":"332fd63041d2c1bcb487cc26dd0d5f7d97098a6c","hash":"1d523fbf9ec83a6627b3b4254338403c80a0965a"}
,"/home/rodrigo/Documentos/DataViz/server/routes/instagram.route.js": {"path":"/home/rodrigo/Documentos/DataViz/server/routes/instagram.route.js","statementMap":{"0":{"start":{"line":1,"column":16},"end":{"line":1,"column":34}},"1":{"start":{"line":2,"column":25},"end":{"line":2,"column":71}},"2":{"start":{"line":3,"column":25},"end":{"line":3,"column":74}},"3":{"start":{"line":5,"column":15},"end":{"line":5,"column":31}},"4":{"start":{"line":7,"column":0},"end":{"line":8,"column":37}},"5":{"start":{"line":10,"column":0},"end":{"line":18,"column":3}},"6":{"start":{"line":20,"column":0},"end":{"line":26,"column":3}},"7":{"start":{"line":28,"column":0},"end":{"line":29,"column":32}},"8":{"start":{"line":31,"column":0},"end":{"line":32,"column":34}},"9":{"start":{"line":34,"column":0},"end":{"line":40,"column":3}},"10":{"start":{"line":42,"column":0},"end":{"line":42,"column":55}},"11":{"start":{"line":43,"column":0},"end":{"line":43,"column":54}},"12":{"start":{"line":45,"column":0},"end":{"line":45,"column":24}}},"fnMap":{},"branchMap":{},"s":{"0":5,"1":5,"2":5,"3":5,"4":5,"5":5,"6":5,"7":5,"8":5,"9":5,"10":5,"11":5,"12":5},"f":{},"b":{},"_coverageSchema":"332fd63041d2c1bcb487cc26dd0d5f7d97098a6c","hash":"63b35d2f045d39a1ccb220c99125c6ff21ec32d7"}
,"/home/rodrigo/Documentos/DataViz/server/routes/twitter.route.js": {"path":"/home/rodrigo/Documentos/DataViz/server/routes/twitter.route.js","statementMap":{"0":{"start":{"line":1,"column":16},"end":{"line":1,"column":34}},"1":{"start":{"line":2,"column":20},"end":{"line":2,"column":64}},"2":{"start":{"line":3,"column":25},"end":{"line":3,"column":74}},"3":{"start":{"line":5,"column":15},"end":{"line":5,"column":31}},"4":{"start":{"line":14,"column":0},"end":{"line":15,"column":32}},"5":{"start":{"line":17,"column":0},"end":{"line":24,"column":3}},"6":{"start":{"line":26,"column":0},"end":{"line":32,"column":3}},"7":{"start":{"line":34,"column":0},"end":{"line":35,"column":27}},"8":{"start":{"line":37,"column":0},"end":{"line":38,"column":34}},"9":{"start":{"line":40,"column":0},"end":{"line":45,"column":3}},"10":{"start":{"line":47,"column":0},"end":{"line":47,"column":50}},"11":{"start":{"line":48,"column":0},"end":{"line":48,"column":48}},"12":{"start":{"line":50,"column":0},"end":{"line":50,"column":24}}},"fnMap":{},"branchMap":{},"s":{"0":5,"1":5,"2":5,"3":5,"4":5,"5":5,"6":5,"7":5,"8":5,"9":5,"10":5,"11":5,"12":5},"f":{},"b":{},"_coverageSchema":"332fd63041d2c1bcb487cc26dd0d5f7d97098a6c","hash":"76cd46a63999bc922694c98d9670b96f06a74f9f"}
,"/home/rodrigo/Documentos/DataViz/server/routes/youtube.route.js": {"path":"/home/rodrigo/Documentos/DataViz/server/routes/youtube.route.js","statementMap":{"0":{"start":{"line":1,"column":16},"end":{"line":1,"column":34}},"1":{"start":{"line":2,"column":20},"end":{"line":2,"column":64}},"2":{"start":{"line":3,"column":25},"end":{"line":3,"column":74}},"3":{"start":{"line":5,"column":15},"end":{"line":5,"column":31}},"4":{"start":{"line":8,"column":0},"end":{"line":9,"column":32}},"5":{"start":{"line":11,"column":0},"end":{"line":18,"column":3}},"6":{"start":{"line":20,"column":0},"end":{"line":26,"column":3}},"7":{"start":{"line":29,"column":0},"end":{"line":30,"column":27}},"8":{"start":{"line":35,"column":0},"end":{"line":36,"column":29}},"9":{"start":{"line":39,"column":0},"end":{"line":44,"column":3}},"10":{"start":{"line":46,"column":0},"end":{"line":46,"column":44}},"11":{"start":{"line":48,"column":0},"end":{"line":48,"column":49}},"12":{"start":{"line":50,"column":0},"end":{"line":50,"column":24}}},"fnMap":{},"branchMap":{},"s":{"0":5,"1":5,"2":5,"3":5,"4":5,"5":5,"6":5,"7":5,"8":5,"9":5,"10":5,"11":5,"12":5},"f":{},"b":{},"_coverageSchema":"332fd63041d2c1bcb487cc26dd0d5f7d97098a6c","hash":"477061b088feb664922cc92e2cc224ddb518e2e6"}
}
