{"/home/rodrigo/Documentos/DataViz/index.js": {"path":"/home/rodrigo/Documentos/DataViz/index.js","statementMap":{"0":{"start":{"line":1,"column":17},"end":{"line":1,"column":36}},"1":{"start":{"line":2,"column":12},"end":{"line":2,"column":39}},"2":{"start":{"line":3,"column":15},"end":{"line":3,"column":41}},"3":{"start":{"line":4,"column":15},"end":{"line":4,"column":41}},"4":{"start":{"line":7,"column":0},"end":{"line":9,"column":1}},"5":{"start":{"line":8,"column":1},"end":{"line":8,"column":34}},"6":{"start":{"line":11,"column":0},"end":{"line":11,"column":30}},"7":{"start":{"line":14,"column":0},"end":{"line":14,"column":27}},"8":{"start":{"line":17,"column":17},"end":{"line":17,"column":34}},"9":{"start":{"line":18,"column":0},"end":{"line":18,"column":45}},"10":{"start":{"line":19,"column":0},"end":{"line":21,"column":3}},"11":{"start":{"line":20,"column":1},"end":{"line":20,"column":63}},"12":{"start":{"line":22,"column":0},"end":{"line":24,"column":3}},"13":{"start":{"line":23,"column":1},"end":{"line":23,"column":58}},"14":{"start":{"line":27,"column":0},"end":{"line":31,"column":1}},"15":{"start":{"line":28,"column":1},"end":{"line":30,"column":4}},"16":{"start":{"line":29,"column":2},"end":{"line":29,"column":59}},"17":{"start":{"line":33,"column":0},"end":{"line":33,"column":21}}},"fnMap":{"0":{"name":"(anonymous_0)","decl":{"start":{"line":8,"column":25},"end":{"line":8,"column":26}},"loc":{"start":{"line":8,"column":31},"end":{"line":8,"column":33}},"line":8},"1":{"name":"(anonymous_1)","decl":{"start":{"line":19,"column":32},"end":{"line":19,"column":33}},"loc":{"start":{"line":19,"column":38},"end":{"line":21,"column":1}},"line":19},"2":{"name":"(anonymous_2)","decl":{"start":{"line":22,"column":33},"end":{"line":22,"column":34}},"loc":{"start":{"line":22,"column":39},"end":{"line":24,"column":1}},"line":22},"3":{"name":"(anonymous_3)","decl":{"start":{"line":28,"column":25},"end":{"line":28,"column":26}},"loc":{"start":{"line":28,"column":31},"end":{"line":30,"column":2}},"line":28}},"branchMap":{"0":{"loc":{"start":{"line":7,"column":0},"end":{"line":9,"column":1}},"type":"if","locations":[{"start":{"line":7,"column":0},"end":{"line":9,"column":1}},{"start":{"line":7,"column":0},"end":{"line":9,"column":1}}],"line":7},"1":{"loc":{"start":{"line":27,"column":0},"end":{"line":31,"column":1}},"type":"if","locations":[{"start":{"line":27,"column":0},"end":{"line":31,"column":1}},{"start":{"line":27,"column":0},"end":{"line":31,"column":1}}],"line":27}},"s":{"0":5,"1":5,"2":5,"3":5,"4":5,"5":5,"6":5,"7":5,"8":5,"9":5,"10":5,"11":0,"12":5,"13":5,"14":5,"15":0,"16":0,"17":5},"f":{"0":0,"1":0,"2":5,"3":0},"b":{"0":[5,0],"1":[0,5]},"_coverageSchema":"332fd63041d2c1bcb487cc26dd0d5f7d97098a6c","hash":"107f95735732f29276c15fcd372a66fede0506b4"}
,"/home/rodrigo/Documentos/DataViz/config/config.js": {"path":"/home/rodrigo/Documentos/DataViz/config/config.js","statementMap":{"0":{"start":{"line":2,"column":0},"end":{"line":2,"column":27}},"1":{"start":{"line":4,"column":15},"end":{"line":11,"column":1}},"2":{"start":{"line":13,"column":0},"end":{"line":13,"column":24}}},"fnMap":{},"branchMap":{},"s":{"0":5,"1":5,"2":5},"f":{},"b":{},"_coverageSchema":"332fd63041d2c1bcb487cc26dd0d5f7d97098a6c","hash":"623844cb04becbbf4a2deb6d949cf93bc2a11ed7"}
,"/home/rodrigo/Documentos/DataViz/config/express.js": {"path":"/home/rodrigo/Documentos/DataViz/config/express.js","statementMap":{"0":{"start":{"line":1,"column":16},"end":{"line":1,"column":34}},"1":{"start":{"line":2,"column":19},"end":{"line":2,"column":41}},"2":{"start":{"line":3,"column":21},"end":{"line":3,"column":45}},"3":{"start":{"line":4,"column":17},"end":{"line":4,"column":39}},"4":{"start":{"line":5,"column":23},"end":{"line":5,"column":49}},"5":{"start":{"line":6,"column":13},"end":{"line":6,"column":28}},"6":{"start":{"line":7,"column":15},"end":{"line":7,"column":32}},"7":{"start":{"line":8,"column":13},"end":{"line":8,"column":28}},"8":{"start":{"line":10,"column":15},"end":{"line":10,"column":54}},"9":{"start":{"line":15,"column":12},"end":{"line":15,"column":21}},"10":{"start":{"line":18,"column":0},"end":{"line":18,"column":27}},"11":{"start":{"line":19,"column":0},"end":{"line":19,"column":51}},"12":{"start":{"line":22,"column":0},"end":{"line":22,"column":24}},"13":{"start":{"line":24,"column":0},"end":{"line":24,"column":20}},"14":{"start":{"line":25,"column":0},"end":{"line":25,"column":26}},"15":{"start":{"line":28,"column":0},"end":{"line":28,"column":18}},"16":{"start":{"line":31,"column":0},"end":{"line":31,"column":16}},"17":{"start":{"line":34,"column":0},"end":{"line":34,"column":21}},"18":{"start":{"line":37,"column":0},"end":{"line":37,"column":51}},"19":{"start":{"line":38,"column":0},"end":{"line":38,"column":30}},"20":{"start":{"line":41,"column":0},"end":{"line":41,"column":59}},"21":{"start":{"line":43,"column":0},"end":{"line":43,"column":21}}},"fnMap":{},"branchMap":{},"s":{"0":5,"1":5,"2":5,"3":5,"4":5,"5":5,"6":5,"7":5,"8":5,"9":5,"10":5,"11":5,"12":5,"13":5,"14":5,"15":5,"16":5,"17":5,"18":5,"19":5,"20":5,"21":5},"f":{},"b":{},"_coverageSchema":"332fd63041d2c1bcb487cc26dd0d5f7d97098a6c","hash":"ef9631a12daa6777b58d947934552551cdac5a8a"}
,"/home/rodrigo/Documentos/DataViz/config/google-auth.js": {"path":"/home/rodrigo/Documentos/DataViz/config/google-auth.js","statementMap":{"0":{"start":{"line":1,"column":19},"end":{"line":1,"column":40}},"1":{"start":{"line":2,"column":13},"end":{"line":2,"column":28}},"2":{"start":{"line":3,"column":11},"end":{"line":3,"column":24}},"3":{"start":{"line":4,"column":15},"end":{"line":4,"column":34}},"4":{"start":{"line":9,"column":26},"end":{"line":9,"column":44}},"5":{"start":{"line":10,"column":0},"end":{"line":12,"column":1}},"6":{"start":{"line":11,"column":1},"end":{"line":11,"column":47}},"7":{"start":{"line":13,"column":16},"end":{"line":13,"column":57}},"8":{"start":{"line":14,"column":13},"end":{"line":14,"column":49}},"9":{"start":{"line":15,"column":15},"end":{"line":15,"column":72}},"10":{"start":{"line":16,"column":15},"end":{"line":22,"column":1}},"11":{"start":{"line":17,"column":1},"end":{"line":21,"column":3}},"12":{"start":{"line":24,"column":21},"end":{"line":30,"column":1}},"13":{"start":{"line":25,"column":1},"end":{"line":29,"column":4}},"14":{"start":{"line":32,"column":0},"end":{"line":32,"column":42}}},"fnMap":{"0":{"name":"(anonymous_0)","decl":{"start":{"line":16,"column":15},"end":{"line":16,"column":16}},"loc":{"start":{"line":16,"column":32},"end":{"line":22,"column":1}},"line":16},"1":{"name":"(anonymous_1)","decl":{"start":{"line":24,"column":21},"end":{"line":24,"column":22}},"loc":{"start":{"line":24,"column":34},"end":{"line":30,"column":1}},"line":24}},"branchMap":{"0":{"loc":{"start":{"line":10,"column":0},"end":{"line":12,"column":1}},"type":"if","locations":[{"start":{"line":10,"column":0},"end":{"line":12,"column":1}},{"start":{"line":10,"column":0},"end":{"line":12,"column":1}}],"line":10}},"s":{"0":5,"1":5,"2":5,"3":5,"4":5,"5":5,"6":5,"7":5,"8":5,"9":5,"10":5,"11":4,"12":5,"13":4,"14":5},"f":{"0":4,"1":4},"b":{"0":[5,0]},"_coverageSchema":"332fd63041d2c1bcb487cc26dd0d5f7d97098a6c","hash":"aaf4b63d8f9900383d0d90d04624eff74767c64e"}
,"/home/rodrigo/Documentos/DataViz/config/jest-setup.js": {"path":"/home/rodrigo/Documentos/DataViz/config/jest-setup.js","statementMap":{"0":{"start":{"line":1,"column":15},"end":{"line":1,"column":34}},"1":{"start":{"line":3,"column":0},"end":{"line":3,"column":41}}},"fnMap":{},"branchMap":{},"s":{"0":5,"1":5},"f":{},"b":{},"_coverageSchema":"332fd63041d2c1bcb487cc26dd0d5f7d97098a6c","hash":"c5ffe3b782ae02864735eecf3602e31887941e6a"}
,"/home/rodrigo/Documentos/DataViz/config/logger.js": {"path":"/home/rodrigo/Documentos/DataViz/config/logger.js","statementMap":{"0":{"start":{"line":1,"column":16},"end":{"line":1,"column":34}},"1":{"start":{"line":2,"column":11},"end":{"line":2,"column":24}},"2":{"start":{"line":4,"column":15},"end":{"line":4,"column":29}},"3":{"start":{"line":5,"column":28},"end":{"line":5,"column":34}},"4":{"start":{"line":8,"column":15},"end":{"line":8,"column":21}},"5":{"start":{"line":9,"column":0},"end":{"line":11,"column":1}},"6":{"start":{"line":10,"column":1},"end":{"line":10,"column":22}},"7":{"start":{"line":13,"column":21},"end":{"line":28,"column":1}},"8":{"start":{"line":30,"column":23},"end":{"line":32,"column":2}},"9":{"start":{"line":31,"column":1},"end":{"line":31,"column":66}},"10":{"start":{"line":34,"column":0},"end":{"line":34,"column":39}},"11":{"start":{"line":36,"column":15},"end":{"line":54,"column":2}},"12":{"start":{"line":56,"column":0},"end":{"line":56,"column":24}}},"fnMap":{"0":{"name":"(anonymous_0)","decl":{"start":{"line":30,"column":30},"end":{"line":30,"column":31}},"loc":{"start":{"line":30,"column":40},"end":{"line":32,"column":1}},"line":30}},"branchMap":{"0":{"loc":{"start":{"line":9,"column":0},"end":{"line":11,"column":1}},"type":"if","locations":[{"start":{"line":9,"column":0},"end":{"line":11,"column":1}},{"start":{"line":9,"column":0},"end":{"line":11,"column":1}}],"line":9}},"s":{"0":5,"1":5,"2":5,"3":5,"4":5,"5":5,"6":0,"7":5,"8":5,"9":22,"10":5,"11":5,"12":5},"f":{"0":22},"b":{"0":[0,5]},"_coverageSchema":"332fd63041d2c1bcb487cc26dd0d5f7d97098a6c","hash":"b175f6cdbbcafb8d932bdb18f0916e7bab622770"}
,"/home/rodrigo/Documentos/DataViz/server/controllers/color.controller.js": {"path":"/home/rodrigo/Documentos/DataViz/server/controllers/color.controller.js","statementMap":{"0":{"start":{"line":1,"column":14},"end":{"line":1,"column":30}},"1":{"start":{"line":3,"column":15},"end":{"line":3,"column":16}},"2":{"start":{"line":4,"column":15},"end":{"line":4,"column":18}},"3":{"start":{"line":5,"column":15},"end":{"line":5,"column":17}},"4":{"start":{"line":6,"column":15},"end":{"line":6,"column":20}},"5":{"start":{"line":7,"column":15},"end":{"line":7,"column":20}},"6":{"start":{"line":8,"column":17},"end":{"line":8,"column":22}},"7":{"start":{"line":9,"column":17},"end":{"line":9,"column":22}},"8":{"start":{"line":14,"column":14},"end":{"line":14,"column":23}},"9":{"start":{"line":15,"column":14},"end":{"line":15,"column":23}},"10":{"start":{"line":20,"column":17},"end":{"line":26,"column":1}},"11":{"start":{"line":21,"column":1},"end":{"line":21,"column":17}},"12":{"start":{"line":22,"column":1},"end":{"line":22,"column":31}},"13":{"start":{"line":23,"column":1},"end":{"line":23,"column":37}},"14":{"start":{"line":25,"column":1},"end":{"line":25,"column":44}},"15":{"start":{"line":31,"column":15},"end":{"line":40,"column":1}},"16":{"start":{"line":33,"column":1},"end":{"line":35,"column":41}},"17":{"start":{"line":34,"column":2},"end":{"line":34,"column":31}},"18":{"start":{"line":37,"column":1},"end":{"line":37,"column":12}},"19":{"start":{"line":39,"column":1},"end":{"line":39,"column":12}},"20":{"start":{"line":47,"column":15},"end":{"line":49,"column":1}},"21":{"start":{"line":48,"column":1},"end":{"line":48,"column":54}},"22":{"start":{"line":51,"column":0},"end":{"line":51,"column":44}}},"fnMap":{"0":{"name":"(anonymous_0)","decl":{"start":{"line":20,"column":17},"end":{"line":20,"column":18}},"loc":{"start":{"line":20,"column":23},"end":{"line":26,"column":1}},"line":20},"1":{"name":"(anonymous_1)","decl":{"start":{"line":31,"column":15},"end":{"line":31,"column":16}},"loc":{"start":{"line":31,"column":21},"end":{"line":40,"column":1}},"line":31},"2":{"name":"(anonymous_2)","decl":{"start":{"line":47,"column":15},"end":{"line":47,"column":16}},"loc":{"start":{"line":47,"column":33},"end":{"line":49,"column":1}},"line":47}},"branchMap":{"0":{"loc":{"start":{"line":47,"column":16},"end":{"line":47,"column":23}},"type":"default-arg","locations":[{"start":{"line":47,"column":22},"end":{"line":47,"column":23}}],"line":47}},"s":{"0":5,"1":5,"2":5,"3":5,"4":5,"5":5,"6":5,"7":5,"8":5,"9":5,"10":5,"11":43,"12":43,"13":43,"14":43,"15":5,"16":43,"17":58,"18":43,"19":43,"20":5,"21":144,"22":5},"f":{"0":43,"1":43,"2":144},"b":{"0":[0]},"_coverageSchema":"332fd63041d2c1bcb487cc26dd0d5f7d97098a6c","hash":"c2e0c8abc1f06d95a3e0f93a669d8d7c87b65625"}
,"/home/rodrigo/Documentos/DataViz/server/controllers/facebook.controller.js": {"path":"/home/rodrigo/Documentos/DataViz/server/controllers/facebook.controller.js","statementMap":{"0":{"start":{"line":2,"column":18},"end":{"line":2,"column":41}},"1":{"start":{"line":3,"column":17},"end":{"line":3,"column":36}},"2":{"start":{"line":4,"column":14},"end":{"line":4,"column":43}},"3":{"start":{"line":5,"column":17},"end":{"line":5,"column":52}},"4":{"start":{"line":6,"column":15},"end":{"line":6,"column":45}},"5":{"start":{"line":7,"column":19},"end":{"line":7,"column":67}},"6":{"start":{"line":8,"column":19},"end":{"line":8,"column":66}},"7":{"start":{"line":11,"column":19},"end":{"line":11,"column":22}},"8":{"start":{"line":12,"column":22},"end":{"line":12,"column":24}},"9":{"start":{"line":13,"column":21},"end":{"line":13,"column":57}},"10":{"start":{"line":23,"column":21},"end":{"line":39,"column":1}},"11":{"start":{"line":24,"column":1},"end":{"line":38,"column":2}},"12":{"start":{"line":25,"column":19},"end":{"line":25,"column":64}},"13":{"start":{"line":27,"column":21},"end":{"line":27,"column":56}},"14":{"start":{"line":29,"column":2},"end":{"line":33,"column":5}},"15":{"start":{"line":35,"column":19},"end":{"line":35,"column":91}},"16":{"start":{"line":37,"column":2},"end":{"line":37,"column":69}},"17":{"start":{"line":46,"column":13},"end":{"line":61,"column":1}},"18":{"start":{"line":47,"column":16},"end":{"line":55,"column":3}},"19":{"start":{"line":57,"column":1},"end":{"line":60,"column":4}},"20":{"start":{"line":68,"column":23},"end":{"line":148,"column":1}},"21":{"start":{"line":69,"column":14},"end":{"line":69,"column":29}},"22":{"start":{"line":70,"column":16},"end":{"line":70,"column":27}},"23":{"start":{"line":71,"column":16},"end":{"line":71,"column":18}},"24":{"start":{"line":72,"column":20},"end":{"line":72,"column":40}},"25":{"start":{"line":73,"column":23},"end":{"line":73,"column":46}},"26":{"start":{"line":74,"column":17},"end":{"line":74,"column":40}},"27":{"start":{"line":75,"column":17},"end":{"line":75,"column":38}},"28":{"start":{"line":76,"column":18},"end":{"line":76,"column":40}},"29":{"start":{"line":77,"column":22},"end":{"line":77,"column":48}},"30":{"start":{"line":78,"column":17},"end":{"line":78,"column":38}},"31":{"start":{"line":79,"column":17},"end":{"line":79,"column":18}},"32":{"start":{"line":82,"column":1},"end":{"line":82,"column":55}},"33":{"start":{"line":84,"column":1},"end":{"line":140,"column":2}},"34":{"start":{"line":85,"column":17},"end":{"line":85,"column":31}},"35":{"start":{"line":86,"column":20},"end":{"line":86,"column":33}},"36":{"start":{"line":87,"column":2},"end":{"line":87,"column":16}},"37":{"start":{"line":89,"column":2},"end":{"line":139,"column":3}},"38":{"start":{"line":90,"column":16},"end":{"line":90,"column":30}},"39":{"start":{"line":92,"column":3},"end":{"line":94,"column":4}},"40":{"start":{"line":93,"column":4},"end":{"line":93,"column":13}},"41":{"start":{"line":98,"column":3},"end":{"line":101,"column":4}},"42":{"start":{"line":99,"column":4},"end":{"line":99,"column":19}},"43":{"start":{"line":100,"column":4},"end":{"line":100,"column":13}},"44":{"start":{"line":103,"column":23},"end":{"line":103,"column":58}},"45":{"start":{"line":105,"column":3},"end":{"line":117,"column":4}},"46":{"start":{"line":106,"column":23},"end":{"line":111,"column":6}},"47":{"start":{"line":113,"column":4},"end":{"line":113,"column":39}},"48":{"start":{"line":114,"column":10},"end":{"line":117,"column":4}},"49":{"start":{"line":115,"column":4},"end":{"line":115,"column":45}},"50":{"start":{"line":116,"column":4},"end":{"line":116,"column":49}},"51":{"start":{"line":119,"column":3},"end":{"line":138,"column":4}},"52":{"start":{"line":120,"column":4},"end":{"line":126,"column":5}},"53":{"start":{"line":121,"column":5},"end":{"line":125,"column":6}},"54":{"start":{"line":122,"column":6},"end":{"line":122,"column":27}},"55":{"start":{"line":123,"column":12},"end":{"line":125,"column":6}},"56":{"start":{"line":124,"column":6},"end":{"line":124,"column":53}},"57":{"start":{"line":128,"column":20},"end":{"line":128,"column":58}},"58":{"start":{"line":129,"column":4},"end":{"line":129,"column":23}},"59":{"start":{"line":131,"column":23},"end":{"line":135,"column":5}},"60":{"start":{"line":137,"column":4},"end":{"line":137,"column":51}},"61":{"start":{"line":141,"column":22},"end":{"line":141,"column":24}},"62":{"start":{"line":142,"column":1},"end":{"line":144,"column":4}},"63":{"start":{"line":143,"column":2},"end":{"line":143,"column":38}},"64":{"start":{"line":146,"column":1},"end":{"line":146,"column":33}},"65":{"start":{"line":147,"column":1},"end":{"line":147,"column":34}},"66":{"start":{"line":155,"column":16},"end":{"line":169,"column":1}},"67":{"start":{"line":156,"column":1},"end":{"line":168,"column":2}},"68":{"start":{"line":157,"column":18},"end":{"line":157,"column":43}},"69":{"start":{"line":158,"column":2},"end":{"line":158,"column":56}},"70":{"start":{"line":160,"column":2},"end":{"line":163,"column":5}},"71":{"start":{"line":165,"column":19},"end":{"line":165,"column":57}},"72":{"start":{"line":167,"column":2},"end":{"line":167,"column":64}},"73":{"start":{"line":176,"column":18},"end":{"line":206,"column":1}},"74":{"start":{"line":177,"column":1},"end":{"line":205,"column":2}},"75":{"start":{"line":178,"column":18},"end":{"line":178,"column":51}},"76":{"start":{"line":179,"column":17},"end":{"line":179,"column":35}},"77":{"start":{"line":180,"column":17},"end":{"line":180,"column":19}},"78":{"start":{"line":181,"column":16},"end":{"line":181,"column":55}},"79":{"start":{"line":182,"column":18},"end":{"line":182,"column":52}},"80":{"start":{"line":183,"column":14},"end":{"line":183,"column":15}},"81":{"start":{"line":185,"column":2},"end":{"line":193,"column":3}},"82":{"start":{"line":186,"column":3},"end":{"line":192,"column":4}},"83":{"start":{"line":187,"column":4},"end":{"line":191,"column":5}},"84":{"start":{"line":189,"column":5},"end":{"line":189,"column":41}},"85":{"start":{"line":190,"column":5},"end":{"line":190,"column":16}},"86":{"start":{"line":195,"column":2},"end":{"line":195,"column":41}},"87":{"start":{"line":197,"column":2},"end":{"line":200,"column":5}},"88":{"start":{"line":202,"column":19},"end":{"line":202,"column":143}},"89":{"start":{"line":204,"column":2},"end":{"line":204,"column":62}},"90":{"start":{"line":213,"column":22},"end":{"line":221,"column":1}},"91":{"start":{"line":214,"column":15},"end":{"line":214,"column":52}},"92":{"start":{"line":216,"column":1},"end":{"line":216,"column":41}},"93":{"start":{"line":217,"column":16},"end":{"line":217,"column":55}},"94":{"start":{"line":218,"column":1},"end":{"line":218,"column":65}},"95":{"start":{"line":219,"column":1},"end":{"line":219,"column":19}},"96":{"start":{"line":220,"column":1},"end":{"line":220,"column":11}},"97":{"start":{"line":231,"column":20},"end":{"line":255,"column":1}},"98":{"start":{"line":232,"column":1},"end":{"line":254,"column":2}},"99":{"start":{"line":233,"column":2},"end":{"line":240,"column":3}},"100":{"start":{"line":234,"column":3},"end":{"line":236,"column":4}},"101":{"start":{"line":235,"column":4},"end":{"line":235,"column":35}},"102":{"start":{"line":238,"column":14},"end":{"line":238,"column":27}},"103":{"start":{"line":239,"column":3},"end":{"line":239,"column":30}},"104":{"start":{"line":242,"column":2},"end":{"line":242,"column":16}},"105":{"start":{"line":245,"column":2},"end":{"line":249,"column":3}},"106":{"start":{"line":246,"column":3},"end":{"line":246,"column":19}},"107":{"start":{"line":248,"column":3},"end":{"line":248,"column":22}},"108":{"start":{"line":251,"column":19},"end":{"line":251,"column":102}},"109":{"start":{"line":253,"column":2},"end":{"line":253,"column":75}},"110":{"start":{"line":264,"column":22},"end":{"line":289,"column":1}},"111":{"start":{"line":265,"column":19},"end":{"line":265,"column":57}},"112":{"start":{"line":266,"column":20},"end":{"line":266,"column":36}},"113":{"start":{"line":267,"column":22},"end":{"line":267,"column":43}},"114":{"start":{"line":268,"column":18},"end":{"line":268,"column":98}},"115":{"start":{"line":272,"column":1},"end":{"line":280,"column":2}},"116":{"start":{"line":273,"column":2},"end":{"line":273,"column":42}},"117":{"start":{"line":275,"column":2},"end":{"line":275,"column":67}},"118":{"start":{"line":276,"column":2},"end":{"line":279,"column":5}},"119":{"start":{"line":282,"column":1},"end":{"line":286,"column":3}},"120":{"start":{"line":288,"column":1},"end":{"line":288,"column":15}},"121":{"start":{"line":297,"column":20},"end":{"line":313,"column":1}},"122":{"start":{"line":298,"column":1},"end":{"line":312,"column":2}},"123":{"start":{"line":299,"column":17},"end":{"line":299,"column":44}},"124":{"start":{"line":301,"column":2},"end":{"line":303,"column":3}},"125":{"start":{"line":302,"column":3},"end":{"line":302,"column":73}},"126":{"start":{"line":305,"column":2},"end":{"line":305,"column":22}},"127":{"start":{"line":307,"column":2},"end":{"line":307,"column":9}},"128":{"start":{"line":309,"column":19},"end":{"line":309,"column":63}},"129":{"start":{"line":311,"column":2},"end":{"line":311,"column":68}},"130":{"start":{"line":322,"column":19},"end":{"line":374,"column":1}},"131":{"start":{"line":323,"column":20},"end":{"line":323,"column":40}},"132":{"start":{"line":324,"column":18},"end":{"line":324,"column":29}},"133":{"start":{"line":326,"column":1},"end":{"line":328,"column":2}},"134":{"start":{"line":327,"column":2},"end":{"line":327,"column":26}},"135":{"start":{"line":330,"column":1},"end":{"line":332,"column":2}},"136":{"start":{"line":331,"column":2},"end":{"line":331,"column":22}},"137":{"start":{"line":334,"column":1},"end":{"line":371,"column":4}},"138":{"start":{"line":335,"column":19},"end":{"line":335,"column":21}},"139":{"start":{"line":336,"column":18},"end":{"line":336,"column":33}},"140":{"start":{"line":337,"column":17},"end":{"line":337,"column":31}},"141":{"start":{"line":340,"column":2},"end":{"line":351,"column":3}},"142":{"start":{"line":341,"column":3},"end":{"line":350,"column":4}},"143":{"start":{"line":343,"column":17},"end":{"line":343,"column":44}},"144":{"start":{"line":345,"column":4},"end":{"line":348,"column":7}},"145":{"start":{"line":354,"column":2},"end":{"line":358,"column":3}},"146":{"start":{"line":355,"column":3},"end":{"line":355,"column":48}},"147":{"start":{"line":357,"column":3},"end":{"line":357,"column":47}},"148":{"start":{"line":360,"column":16},"end":{"line":360,"column":32}},"149":{"start":{"line":361,"column":18},"end":{"line":367,"column":3}},"150":{"start":{"line":369,"column":2},"end":{"line":369,"column":35}},"151":{"start":{"line":370,"column":2},"end":{"line":370,"column":32}},"152":{"start":{"line":373,"column":1},"end":{"line":373,"column":8}},"153":{"start":{"line":383,"column":23},"end":{"line":444,"column":1}},"154":{"start":{"line":384,"column":16},"end":{"line":384,"column":32}},"155":{"start":{"line":385,"column":16},"end":{"line":385,"column":32}},"156":{"start":{"line":386,"column":17},"end":{"line":386,"column":21}},"157":{"start":{"line":387,"column":17},"end":{"line":387,"column":19}},"158":{"start":{"line":388,"column":20},"end":{"line":388,"column":21}},"159":{"start":{"line":389,"column":20},"end":{"line":389,"column":21}},"160":{"start":{"line":390,"column":13},"end":{"line":390,"column":14}},"161":{"start":{"line":393,"column":24},"end":{"line":393,"column":38}},"162":{"start":{"line":394,"column":14},"end":{"line":394,"column":15}},"163":{"start":{"line":396,"column":1},"end":{"line":406,"column":4}},"164":{"start":{"line":397,"column":2},"end":{"line":405,"column":5}},"165":{"start":{"line":398,"column":3},"end":{"line":398,"column":15}},"166":{"start":{"line":399,"column":3},"end":{"line":399,"column":19}},"167":{"start":{"line":401,"column":3},"end":{"line":401,"column":43}},"168":{"start":{"line":401,"column":26},"end":{"line":401,"column":43}},"169":{"start":{"line":402,"column":3},"end":{"line":402,"column":43}},"170":{"start":{"line":402,"column":26},"end":{"line":402,"column":43}},"171":{"start":{"line":404,"column":3},"end":{"line":404,"column":25}},"172":{"start":{"line":408,"column":1},"end":{"line":408,"column":24}},"173":{"start":{"line":410,"column":1},"end":{"line":415,"column":4}},"174":{"start":{"line":411,"column":2},"end":{"line":414,"column":5}},"175":{"start":{"line":412,"column":3},"end":{"line":412,"column":19}},"176":{"start":{"line":413,"column":3},"end":{"line":413,"column":47}},"177":{"start":{"line":417,"column":1},"end":{"line":417,"column":24}},"178":{"start":{"line":418,"column":1},"end":{"line":418,"column":51}},"179":{"start":{"line":420,"column":16},"end":{"line":420,"column":47}},"180":{"start":{"line":421,"column":16},"end":{"line":421,"column":24}},"181":{"start":{"line":422,"column":16},"end":{"line":422,"column":24}},"182":{"start":{"line":424,"column":1},"end":{"line":424,"column":20}},"183":{"start":{"line":425,"column":1},"end":{"line":425,"column":20}},"184":{"start":{"line":427,"column":1},"end":{"line":427,"column":87}},"185":{"start":{"line":429,"column":1},"end":{"line":429,"column":69}},"186":{"start":{"line":431,"column":1},"end":{"line":431,"column":48}},"187":{"start":{"line":432,"column":1},"end":{"line":432,"column":36}},"188":{"start":{"line":433,"column":1},"end":{"line":433,"column":48}},"189":{"start":{"line":435,"column":1},"end":{"line":435,"column":63}},"190":{"start":{"line":435,"column":45},"end":{"line":435,"column":63}},"191":{"start":{"line":436,"column":1},"end":{"line":436,"column":84}},"192":{"start":{"line":436,"column":43},"end":{"line":436,"column":84}},"193":{"start":{"line":437,"column":1},"end":{"line":437,"column":33}},"194":{"start":{"line":437,"column":20},"end":{"line":437,"column":33}},"195":{"start":{"line":439,"column":1},"end":{"line":439,"column":39}},"196":{"start":{"line":440,"column":1},"end":{"line":440,"column":38}},"197":{"start":{"line":441,"column":1},"end":{"line":441,"column":28}},"198":{"start":{"line":443,"column":1},"end":{"line":443,"column":8}},"199":{"start":{"line":453,"column":27},"end":{"line":505,"column":1}},"200":{"start":{"line":454,"column":20},"end":{"line":454,"column":26}},"201":{"start":{"line":455,"column":20},"end":{"line":455,"column":53}},"202":{"start":{"line":457,"column":16},"end":{"line":500,"column":2}},"203":{"start":{"line":502,"column":1},"end":{"line":502,"column":27}},"204":{"start":{"line":504,"column":1},"end":{"line":504,"column":8}},"205":{"start":{"line":513,"column":20},"end":{"line":521,"column":1}},"206":{"start":{"line":514,"column":17},"end":{"line":514,"column":70}},"207":{"start":{"line":516,"column":1},"end":{"line":516,"column":59}},"208":{"start":{"line":516,"column":15},"end":{"line":516,"column":59}},"209":{"start":{"line":518,"column":1},"end":{"line":518,"column":49}},"210":{"start":{"line":518,"column":32},"end":{"line":518,"column":49}},"211":{"start":{"line":520,"column":1},"end":{"line":520,"column":27}},"212":{"start":{"line":528,"column":23},"end":{"line":531,"column":1}},"213":{"start":{"line":529,"column":1},"end":{"line":529,"column":31}},"214":{"start":{"line":530,"column":1},"end":{"line":530,"column":41}},"215":{"start":{"line":538,"column":23},"end":{"line":554,"column":1}},"216":{"start":{"line":539,"column":16},"end":{"line":539,"column":31}},"217":{"start":{"line":541,"column":1},"end":{"line":553,"column":2}},"218":{"start":{"line":542,"column":2},"end":{"line":542,"column":39}},"219":{"start":{"line":543,"column":2},"end":{"line":543,"column":25}},"220":{"start":{"line":544,"column":13},"end":{"line":544,"column":33}},"221":{"start":{"line":546,"column":2},"end":{"line":552,"column":3}},"222":{"start":{"line":547,"column":16},"end":{"line":550,"column":4}},"223":{"start":{"line":551,"column":3},"end":{"line":551,"column":32}},"224":{"start":{"line":560,"column":22},"end":{"line":565,"column":1}},"225":{"start":{"line":561,"column":1},"end":{"line":564,"column":3}},"226":{"start":{"line":572,"column":23},"end":{"line":583,"column":1}},"227":{"start":{"line":573,"column":15},"end":{"line":573,"column":17}},"228":{"start":{"line":574,"column":22},"end":{"line":574,"column":56}},"229":{"start":{"line":576,"column":1},"end":{"line":576,"column":36}},"230":{"start":{"line":578,"column":1},"end":{"line":580,"column":2}},"231":{"start":{"line":579,"column":2},"end":{"line":579,"column":43}},"232":{"start":{"line":582,"column":1},"end":{"line":582,"column":14}},"233":{"start":{"line":590,"column":22},"end":{"line":597,"column":1}},"234":{"start":{"line":591,"column":16},"end":{"line":591,"column":46}},"235":{"start":{"line":593,"column":1},"end":{"line":596,"column":3}},"236":{"start":{"line":605,"column":21},"end":{"line":610,"column":1}},"237":{"start":{"line":606,"column":1},"end":{"line":609,"column":3}},"238":{"start":{"line":620,"column":21},"end":{"line":627,"column":1}},"239":{"start":{"line":621,"column":1},"end":{"line":621,"column":50}},"240":{"start":{"line":623,"column":1},"end":{"line":626,"column":4}},"241":{"start":{"line":636,"column":21},"end":{"line":638,"column":1}},"242":{"start":{"line":637,"column":1},"end":{"line":637,"column":63}},"243":{"start":{"line":644,"column":19},"end":{"line":646,"column":1}},"244":{"start":{"line":645,"column":1},"end":{"line":645,"column":51}},"245":{"start":{"line":645,"column":34},"end":{"line":645,"column":49}},"246":{"start":{"line":653,"column":20},"end":{"line":665,"column":1}},"247":{"start":{"line":654,"column":1},"end":{"line":654,"column":26}},"248":{"start":{"line":654,"column":13},"end":{"line":654,"column":26}},"249":{"start":{"line":656,"column":1},"end":{"line":656,"column":29}},"250":{"start":{"line":658,"column":1},"end":{"line":662,"column":2}},"251":{"start":{"line":661,"column":2},"end":{"line":661,"column":15}},"252":{"start":{"line":664,"column":1},"end":{"line":664,"column":13}},"253":{"start":{"line":671,"column":29},"end":{"line":675,"column":1}},"254":{"start":{"line":672,"column":1},"end":{"line":672,"column":50}},"255":{"start":{"line":672,"column":31},"end":{"line":672,"column":50}},"256":{"start":{"line":674,"column":1},"end":{"line":674,"column":13}},"257":{"start":{"line":681,"column":26},"end":{"line":694,"column":1}},"258":{"start":{"line":682,"column":1},"end":{"line":682,"column":83}},"259":{"start":{"line":682,"column":71},"end":{"line":682,"column":83}},"260":{"start":{"line":684,"column":16},"end":{"line":684,"column":75}},"261":{"start":{"line":685,"column":1},"end":{"line":685,"column":65}},"262":{"start":{"line":686,"column":1},"end":{"line":686,"column":32}},"263":{"start":{"line":688,"column":1},"end":{"line":689,"column":29}},"264":{"start":{"line":688,"column":27},"end":{"line":688,"column":50}},"265":{"start":{"line":689,"column":6},"end":{"line":689,"column":29}},"266":{"start":{"line":691,"column":1},"end":{"line":691,"column":32}},"267":{"start":{"line":693,"column":1},"end":{"line":693,"column":20}},"268":{"start":{"line":700,"column":24},"end":{"line":706,"column":1}},"269":{"start":{"line":701,"column":1},"end":{"line":701,"column":52}},"270":{"start":{"line":703,"column":1},"end":{"line":703,"column":41}},"271":{"start":{"line":703,"column":27},"end":{"line":703,"column":41}},"272":{"start":{"line":705,"column":1},"end":{"line":705,"column":15}},"273":{"start":{"line":713,"column":22},"end":{"line":721,"column":1}},"274":{"start":{"line":714,"column":1},"end":{"line":714,"column":28}},"275":{"start":{"line":714,"column":12},"end":{"line":714,"column":28}},"276":{"start":{"line":716,"column":1},"end":{"line":716,"column":24}},"277":{"start":{"line":718,"column":1},"end":{"line":718,"column":51}},"278":{"start":{"line":718,"column":35},"end":{"line":718,"column":51}},"279":{"start":{"line":720,"column":1},"end":{"line":720,"column":13}},"280":{"start":{"line":723,"column":0},"end":{"line":743,"column":2}}},"fnMap":{"0":{"name":"(anonymous_0)","decl":{"start":{"line":23,"column":21},"end":{"line":23,"column":22}},"loc":{"start":{"line":23,"column":41},"end":{"line":39,"column":1}},"line":23},"1":{"name":"(anonymous_1)","decl":{"start":{"line":46,"column":13},"end":{"line":46,"column":14}},"loc":{"start":{"line":46,"column":27},"end":{"line":61,"column":1}},"line":46},"2":{"name":"(anonymous_2)","decl":{"start":{"line":68,"column":23},"end":{"line":68,"column":24}},"loc":{"start":{"line":68,"column":43},"end":{"line":148,"column":1}},"line":68},"3":{"name":"(anonymous_3)","decl":{"start":{"line":142,"column":32},"end":{"line":142,"column":33}},"loc":{"start":{"line":142,"column":44},"end":{"line":144,"column":2}},"line":142},"4":{"name":"(anonymous_4)","decl":{"start":{"line":155,"column":16},"end":{"line":155,"column":17}},"loc":{"start":{"line":155,"column":30},"end":{"line":169,"column":1}},"line":155},"5":{"name":"(anonymous_5)","decl":{"start":{"line":176,"column":18},"end":{"line":176,"column":19}},"loc":{"start":{"line":176,"column":32},"end":{"line":206,"column":1}},"line":176},"6":{"name":"(anonymous_6)","decl":{"start":{"line":213,"column":22},"end":{"line":213,"column":23}},"loc":{"start":{"line":213,"column":42},"end":{"line":221,"column":1}},"line":213},"7":{"name":"(anonymous_7)","decl":{"start":{"line":231,"column":20},"end":{"line":231,"column":21}},"loc":{"start":{"line":231,"column":46},"end":{"line":255,"column":1}},"line":231},"8":{"name":"(anonymous_8)","decl":{"start":{"line":264,"column":22},"end":{"line":264,"column":23}},"loc":{"start":{"line":264,"column":42},"end":{"line":289,"column":1}},"line":264},"9":{"name":"(anonymous_9)","decl":{"start":{"line":297,"column":20},"end":{"line":297,"column":21}},"loc":{"start":{"line":297,"column":40},"end":{"line":313,"column":1}},"line":297},"10":{"name":"(anonymous_10)","decl":{"start":{"line":322,"column":19},"end":{"line":322,"column":20}},"loc":{"start":{"line":322,"column":45},"end":{"line":374,"column":1}},"line":322},"11":{"name":"(anonymous_11)","decl":{"start":{"line":334,"column":18},"end":{"line":334,"column":19}},"loc":{"start":{"line":334,"column":31},"end":{"line":371,"column":2}},"line":334},"12":{"name":"(anonymous_12)","decl":{"start":{"line":383,"column":23},"end":{"line":383,"column":24}},"loc":{"start":{"line":383,"column":43},"end":{"line":444,"column":1}},"line":383},"13":{"name":"(anonymous_13)","decl":{"start":{"line":396,"column":24},"end":{"line":396,"column":25}},"loc":{"start":{"line":396,"column":37},"end":{"line":406,"column":2}},"line":396},"14":{"name":"(anonymous_14)","decl":{"start":{"line":397,"column":18},"end":{"line":397,"column":19}},"loc":{"start":{"line":397,"column":29},"end":{"line":405,"column":3}},"line":397},"15":{"name":"(anonymous_15)","decl":{"start":{"line":410,"column":24},"end":{"line":410,"column":25}},"loc":{"start":{"line":410,"column":37},"end":{"line":415,"column":2}},"line":410},"16":{"name":"(anonymous_16)","decl":{"start":{"line":411,"column":18},"end":{"line":411,"column":19}},"loc":{"start":{"line":411,"column":29},"end":{"line":414,"column":3}},"line":411},"17":{"name":"(anonymous_17)","decl":{"start":{"line":453,"column":27},"end":{"line":453,"column":28}},"loc":{"start":{"line":453,"column":47},"end":{"line":505,"column":1}},"line":453},"18":{"name":"(anonymous_18)","decl":{"start":{"line":513,"column":20},"end":{"line":513,"column":21}},"loc":{"start":{"line":513,"column":39},"end":{"line":521,"column":1}},"line":513},"19":{"name":"(anonymous_19)","decl":{"start":{"line":528,"column":23},"end":{"line":528,"column":24}},"loc":{"start":{"line":528,"column":42},"end":{"line":531,"column":1}},"line":528},"20":{"name":"(anonymous_20)","decl":{"start":{"line":538,"column":23},"end":{"line":538,"column":24}},"loc":{"start":{"line":538,"column":42},"end":{"line":554,"column":1}},"line":538},"21":{"name":"(anonymous_21)","decl":{"start":{"line":560,"column":22},"end":{"line":560,"column":23}},"loc":{"start":{"line":560,"column":31},"end":{"line":565,"column":1}},"line":560},"22":{"name":"(anonymous_22)","decl":{"start":{"line":572,"column":23},"end":{"line":572,"column":24}},"loc":{"start":{"line":572,"column":36},"end":{"line":583,"column":1}},"line":572},"23":{"name":"(anonymous_23)","decl":{"start":{"line":590,"column":22},"end":{"line":590,"column":23}},"loc":{"start":{"line":590,"column":35},"end":{"line":597,"column":1}},"line":590},"24":{"name":"(anonymous_24)","decl":{"start":{"line":605,"column":21},"end":{"line":605,"column":22}},"loc":{"start":{"line":605,"column":41},"end":{"line":610,"column":1}},"line":605},"25":{"name":"(anonymous_25)","decl":{"start":{"line":620,"column":21},"end":{"line":620,"column":22}},"loc":{"start":{"line":620,"column":58},"end":{"line":627,"column":1}},"line":620},"26":{"name":"(anonymous_26)","decl":{"start":{"line":636,"column":21},"end":{"line":636,"column":22}},"loc":{"start":{"line":636,"column":32},"end":{"line":638,"column":1}},"line":636},"27":{"name":"(anonymous_27)","decl":{"start":{"line":644,"column":19},"end":{"line":644,"column":20}},"loc":{"start":{"line":644,"column":28},"end":{"line":646,"column":1}},"line":644},"28":{"name":"(anonymous_28)","decl":{"start":{"line":645,"column":29},"end":{"line":645,"column":30}},"loc":{"start":{"line":645,"column":34},"end":{"line":645,"column":49}},"line":645},"29":{"name":"(anonymous_29)","decl":{"start":{"line":653,"column":20},"end":{"line":653,"column":21}},"loc":{"start":{"line":653,"column":31},"end":{"line":665,"column":1}},"line":653},"30":{"name":"(anonymous_30)","decl":{"start":{"line":671,"column":29},"end":{"line":671,"column":30}},"loc":{"start":{"line":671,"column":46},"end":{"line":675,"column":1}},"line":671},"31":{"name":"(anonymous_31)","decl":{"start":{"line":681,"column":26},"end":{"line":681,"column":27}},"loc":{"start":{"line":681,"column":43},"end":{"line":694,"column":1}},"line":681},"32":{"name":"(anonymous_32)","decl":{"start":{"line":700,"column":24},"end":{"line":700,"column":25}},"loc":{"start":{"line":700,"column":36},"end":{"line":706,"column":1}},"line":700},"33":{"name":"(anonymous_33)","decl":{"start":{"line":713,"column":22},"end":{"line":713,"column":23}},"loc":{"start":{"line":713,"column":42},"end":{"line":721,"column":1}},"line":713}},"branchMap":{"0":{"loc":{"start":{"line":92,"column":3},"end":{"line":94,"column":4}},"type":"if","locations":[{"start":{"line":92,"column":3},"end":{"line":94,"column":4}},{"start":{"line":92,"column":3},"end":{"line":94,"column":4}}],"line":92},"1":{"loc":{"start":{"line":92,"column":7},"end":{"line":92,"column":35}},"type":"binary-expr","locations":[{"start":{"line":92,"column":7},"end":{"line":92,"column":21}},{"start":{"line":92,"column":25},"end":{"line":92,"column":35}}],"line":92},"2":{"loc":{"start":{"line":98,"column":3},"end":{"line":101,"column":4}},"type":"if","locations":[{"start":{"line":98,"column":3},"end":{"line":101,"column":4}},{"start":{"line":98,"column":3},"end":{"line":101,"column":4}}],"line":98},"3":{"loc":{"start":{"line":105,"column":3},"end":{"line":117,"column":4}},"type":"if","locations":[{"start":{"line":105,"column":3},"end":{"line":117,"column":4}},{"start":{"line":105,"column":3},"end":{"line":117,"column":4}}],"line":105},"4":{"loc":{"start":{"line":114,"column":10},"end":{"line":117,"column":4}},"type":"if","locations":[{"start":{"line":114,"column":10},"end":{"line":117,"column":4}},{"start":{"line":114,"column":10},"end":{"line":117,"column":4}}],"line":114},"5":{"loc":{"start":{"line":119,"column":3},"end":{"line":138,"column":4}},"type":"if","locations":[{"start":{"line":119,"column":3},"end":{"line":138,"column":4}},{"start":{"line":119,"column":3},"end":{"line":138,"column":4}}],"line":119},"6":{"loc":{"start":{"line":121,"column":5},"end":{"line":125,"column":6}},"type":"if","locations":[{"start":{"line":121,"column":5},"end":{"line":125,"column":6}},{"start":{"line":121,"column":5},"end":{"line":125,"column":6}}],"line":121},"7":{"loc":{"start":{"line":123,"column":12},"end":{"line":125,"column":6}},"type":"if","locations":[{"start":{"line":123,"column":12},"end":{"line":125,"column":6}},{"start":{"line":123,"column":12},"end":{"line":125,"column":6}}],"line":123},"8":{"loc":{"start":{"line":123,"column":16},"end":{"line":123,"column":64}},"type":"binary-expr","locations":[{"start":{"line":123,"column":16},"end":{"line":123,"column":36}},{"start":{"line":123,"column":40},"end":{"line":123,"column":64}}],"line":123},"9":{"loc":{"start":{"line":185,"column":25},"end":{"line":185,"column":51}},"type":"binary-expr","locations":[{"start":{"line":185,"column":25},"end":{"line":185,"column":33}},{"start":{"line":185,"column":37},"end":{"line":185,"column":51}}],"line":185},"10":{"loc":{"start":{"line":187,"column":4},"end":{"line":191,"column":5}},"type":"if","locations":[{"start":{"line":187,"column":4},"end":{"line":191,"column":5}},{"start":{"line":187,"column":4},"end":{"line":191,"column":5}}],"line":187},"11":{"loc":{"start":{"line":187,"column":8},"end":{"line":188,"column":41}},"type":"binary-expr","locations":[{"start":{"line":187,"column":8},"end":{"line":187,"column":35}},{"start":{"line":188,"column":8},"end":{"line":188,"column":41}}],"line":187},"12":{"loc":{"start":{"line":233,"column":2},"end":{"line":240,"column":3}},"type":"if","locations":[{"start":{"line":233,"column":2},"end":{"line":240,"column":3}},{"start":{"line":233,"column":2},"end":{"line":240,"column":3}}],"line":233},"13":{"loc":{"start":{"line":245,"column":2},"end":{"line":249,"column":3}},"type":"if","locations":[{"start":{"line":245,"column":2},"end":{"line":249,"column":3}},{"start":{"line":245,"column":2},"end":{"line":249,"column":3}}],"line":245},"14":{"loc":{"start":{"line":272,"column":1},"end":{"line":280,"column":2}},"type":"if","locations":[{"start":{"line":272,"column":1},"end":{"line":280,"column":2}},{"start":{"line":272,"column":1},"end":{"line":280,"column":2}}],"line":272},"15":{"loc":{"start":{"line":301,"column":2},"end":{"line":303,"column":3}},"type":"if","locations":[{"start":{"line":301,"column":2},"end":{"line":303,"column":3}},{"start":{"line":301,"column":2},"end":{"line":303,"column":3}}],"line":301},"16":{"loc":{"start":{"line":326,"column":1},"end":{"line":328,"column":2}},"type":"if","locations":[{"start":{"line":326,"column":1},"end":{"line":328,"column":2}},{"start":{"line":326,"column":1},"end":{"line":328,"column":2}}],"line":326},"17":{"loc":{"start":{"line":330,"column":1},"end":{"line":332,"column":2}},"type":"if","locations":[{"start":{"line":330,"column":1},"end":{"line":332,"column":2}},{"start":{"line":330,"column":1},"end":{"line":332,"column":2}}],"line":330},"18":{"loc":{"start":{"line":341,"column":3},"end":{"line":350,"column":4}},"type":"if","locations":[{"start":{"line":341,"column":3},"end":{"line":350,"column":4}},{"start":{"line":341,"column":3},"end":{"line":350,"column":4}}],"line":341},"19":{"loc":{"start":{"line":341,"column":7},"end":{"line":342,"column":40}},"type":"binary-expr","locations":[{"start":{"line":341,"column":7},"end":{"line":341,"column":45}},{"start":{"line":342,"column":7},"end":{"line":342,"column":40}}],"line":341},"20":{"loc":{"start":{"line":354,"column":2},"end":{"line":358,"column":3}},"type":"if","locations":[{"start":{"line":354,"column":2},"end":{"line":358,"column":3}},{"start":{"line":354,"column":2},"end":{"line":358,"column":3}}],"line":354},"21":{"loc":{"start":{"line":401,"column":3},"end":{"line":401,"column":43}},"type":"if","locations":[{"start":{"line":401,"column":3},"end":{"line":401,"column":43}},{"start":{"line":401,"column":3},"end":{"line":401,"column":43}}],"line":401},"22":{"loc":{"start":{"line":402,"column":3},"end":{"line":402,"column":43}},"type":"if","locations":[{"start":{"line":402,"column":3},"end":{"line":402,"column":43}},{"start":{"line":402,"column":3},"end":{"line":402,"column":43}}],"line":402},"23":{"loc":{"start":{"line":435,"column":1},"end":{"line":435,"column":63}},"type":"if","locations":[{"start":{"line":435,"column":1},"end":{"line":435,"column":63}},{"start":{"line":435,"column":1},"end":{"line":435,"column":63}}],"line":435},"24":{"loc":{"start":{"line":436,"column":1},"end":{"line":436,"column":84}},"type":"if","locations":[{"start":{"line":436,"column":1},"end":{"line":436,"column":84}},{"start":{"line":436,"column":1},"end":{"line":436,"column":84}}],"line":436},"25":{"loc":{"start":{"line":437,"column":1},"end":{"line":437,"column":33}},"type":"if","locations":[{"start":{"line":437,"column":1},"end":{"line":437,"column":33}},{"start":{"line":437,"column":1},"end":{"line":437,"column":33}}],"line":437},"26":{"loc":{"start":{"line":516,"column":1},"end":{"line":516,"column":59}},"type":"if","locations":[{"start":{"line":516,"column":1},"end":{"line":516,"column":59}},{"start":{"line":516,"column":1},"end":{"line":516,"column":59}}],"line":516},"27":{"loc":{"start":{"line":518,"column":1},"end":{"line":518,"column":49}},"type":"if","locations":[{"start":{"line":518,"column":1},"end":{"line":518,"column":49}},{"start":{"line":518,"column":1},"end":{"line":518,"column":49}}],"line":518},"28":{"loc":{"start":{"line":546,"column":2},"end":{"line":552,"column":3}},"type":"if","locations":[{"start":{"line":546,"column":2},"end":{"line":552,"column":3}},{"start":{"line":546,"column":2},"end":{"line":552,"column":3}}],"line":546},"29":{"loc":{"start":{"line":654,"column":1},"end":{"line":654,"column":26}},"type":"if","locations":[{"start":{"line":654,"column":1},"end":{"line":654,"column":26}},{"start":{"line":654,"column":1},"end":{"line":654,"column":26}}],"line":654},"30":{"loc":{"start":{"line":658,"column":1},"end":{"line":662,"column":2}},"type":"if","locations":[{"start":{"line":658,"column":1},"end":{"line":662,"column":2}},{"start":{"line":658,"column":1},"end":{"line":662,"column":2}}],"line":658},"31":{"loc":{"start":{"line":658,"column":5},"end":{"line":660,"column":19}},"type":"binary-expr","locations":[{"start":{"line":658,"column":5},"end":{"line":658,"column":18}},{"start":{"line":659,"column":5},"end":{"line":659,"column":18}},{"start":{"line":660,"column":5},"end":{"line":660,"column":19}}],"line":658},"32":{"loc":{"start":{"line":672,"column":1},"end":{"line":672,"column":50}},"type":"if","locations":[{"start":{"line":672,"column":1},"end":{"line":672,"column":50}},{"start":{"line":672,"column":1},"end":{"line":672,"column":50}}],"line":672},"33":{"loc":{"start":{"line":682,"column":1},"end":{"line":682,"column":83}},"type":"if","locations":[{"start":{"line":682,"column":1},"end":{"line":682,"column":83}},{"start":{"line":682,"column":1},"end":{"line":682,"column":83}}],"line":682},"34":{"loc":{"start":{"line":682,"column":5},"end":{"line":682,"column":69}},"type":"binary-expr","locations":[{"start":{"line":682,"column":5},"end":{"line":682,"column":19}},{"start":{"line":682,"column":23},"end":{"line":682,"column":69}}],"line":682},"35":{"loc":{"start":{"line":688,"column":1},"end":{"line":689,"column":29}},"type":"if","locations":[{"start":{"line":688,"column":1},"end":{"line":689,"column":29}},{"start":{"line":688,"column":1},"end":{"line":689,"column":29}}],"line":688},"36":{"loc":{"start":{"line":703,"column":1},"end":{"line":703,"column":41}},"type":"if","locations":[{"start":{"line":703,"column":1},"end":{"line":703,"column":41}},{"start":{"line":703,"column":1},"end":{"line":703,"column":41}}],"line":703},"37":{"loc":{"start":{"line":714,"column":1},"end":{"line":714,"column":28}},"type":"if","locations":[{"start":{"line":714,"column":1},"end":{"line":714,"column":28}},{"start":{"line":714,"column":1},"end":{"line":714,"column":28}}],"line":714},"38":{"loc":{"start":{"line":718,"column":1},"end":{"line":718,"column":51}},"type":"if","locations":[{"start":{"line":718,"column":1},"end":{"line":718,"column":51}},{"start":{"line":718,"column":1},"end":{"line":718,"column":51}}],"line":718},"39":{"loc":{"start":{"line":718,"column":5},"end":{"line":718,"column":33}},"type":"binary-expr","locations":[{"start":{"line":718,"column":5},"end":{"line":718,"column":12}},{"start":{"line":718,"column":16},"end":{"line":718,"column":33}}],"line":718}},"s":{"0":5,"1":5,"2":5,"3":5,"4":5,"5":5,"6":5,"7":5,"8":5,"9":5,"10":5,"11":1,"12":1,"13":1,"14":1,"15":0,"16":0,"17":5,"18":1,"19":1,"20":5,"21":0,"22":0,"23":0,"24":0,"25":0,"26":0,"27":0,"28":0,"29":0,"30":0,"31":0,"32":0,"33":0,"34":0,"35":0,"36":0,"37":0,"38":0,"39":0,"40":0,"41":0,"42":0,"43":0,"44":0,"45":0,"46":0,"47":0,"48":0,"49":0,"50":0,"51":0,"52":0,"53":0,"54":0,"55":0,"56":0,"57":0,"58":0,"59":0,"60":0,"61":0,"62":0,"63":0,"64":0,"65":0,"66":5,"67":1,"68":1,"69":1,"70":1,"71":0,"72":0,"73":5,"74":1,"75":1,"76":1,"77":1,"78":1,"79":1,"80":1,"81":1,"82":3,"83":6,"84":2,"85":2,"86":1,"87":1,"88":0,"89":0,"90":5,"91":5,"92":5,"93":5,"94":5,"95":5,"96":5,"97":5,"98":10,"99":10,"100":3,"101":6,"102":7,"103":7,"104":8,"105":2,"106":1,"107":1,"108":2,"109":2,"110":5,"111":8,"112":8,"113":8,"114":8,"115":8,"116":7,"117":1,"118":1,"119":7,"120":7,"121":5,"122":4,"123":4,"124":4,"125":1,"126":3,"127":3,"128":1,"129":1,"130":5,"131":5,"132":5,"133":5,"134":5,"135":5,"136":5,"137":5,"138":7,"139":7,"140":7,"141":7,"142":18,"143":18,"144":18,"145":7,"146":1,"147":6,"148":7,"149":7,"150":7,"151":7,"152":5,"153":5,"154":5,"155":5,"156":5,"157":5,"158":5,"159":5,"160":5,"161":5,"162":5,"163":5,"164":7,"165":18,"166":18,"167":18,"168":8,"169":18,"170":11,"171":18,"172":5,"173":5,"174":7,"175":18,"176":18,"177":5,"178":5,"179":5,"180":5,"181":5,"182":5,"183":5,"184":5,"185":5,"186":5,"187":5,"188":5,"189":5,"190":0,"191":5,"192":4,"193":5,"194":0,"195":5,"196":5,"197":5,"198":5,"199":5,"200":5,"201":5,"202":5,"203":5,"204":5,"205":5,"206":13,"207":13,"208":2,"209":11,"210":9,"211":11,"212":5,"213":1,"214":1,"215":5,"216":1,"217":1,"218":3,"219":3,"220":3,"221":3,"222":3,"223":3,"224":5,"225":1,"226":5,"227":1,"228":1,"229":1,"230":1,"231":2,"232":1,"233":5,"234":1,"235":1,"236":5,"237":2,"238":5,"239":3,"240":3,"241":5,"242":8,"243":5,"244":20,"245":21,"246":5,"247":11,"248":3,"249":8,"250":8,"251":6,"252":2,"253":5,"254":3,"255":1,"256":2,"257":5,"258":5,"259":2,"260":3,"261":3,"262":3,"263":3,"264":2,"265":1,"266":3,"267":3,"268":5,"269":3,"270":3,"271":1,"272":3,"273":5,"274":4,"275":1,"276":3,"277":3,"278":2,"279":3,"280":5},"f":{"0":1,"1":1,"2":0,"3":0,"4":1,"5":1,"6":5,"7":10,"8":8,"9":4,"10":5,"11":7,"12":5,"13":7,"14":18,"15":7,"16":18,"17":5,"18":13,"19":1,"20":1,"21":1,"22":1,"23":1,"24":2,"25":3,"26":8,"27":20,"28":21,"29":11,"30":3,"31":5,"32":3,"33":4},"b":{"0":[0,0],"1":[0,0],"2":[0,0],"3":[0,0],"4":[0,0],"5":[0,0],"6":[0,0],"7":[0,0],"8":[0,0],"9":[4,3],"10":[2,4],"11":[6,2],"12":[3,7],"13":[1,1],"14":[7,1],"15":[1,3],"16":[5,0],"17":[5,0],"18":[18,0],"19":[18,18],"20":[1,6],"21":[8,10],"22":[11,7],"23":[0,5],"24":[4,1],"25":[0,5],"26":[2,11],"27":[9,2],"28":[3,0],"29":[3,8],"30":[6,2],"31":[8,7,5],"32":[1,2],"33":[2,3],"34":[5,4],"35":[2,1],"36":[1,2],"37":[1,3],"38":[2,1],"39":[3,3]},"_coverageSchema":"332fd63041d2c1bcb487cc26dd0d5f7d97098a6c","hash":"c22c27d80147a50c36d7f2f119793cdf333d7908"}
,"/home/rodrigo/Documentos/DataViz/server/controllers/instagram.controller.js": {"path":"/home/rodrigo/Documentos/DataViz/server/controllers/instagram.controller.js","statementMap":{"0":{"start":{"line":2,"column":18},"end":{"line":2,"column":41}},"1":{"start":{"line":3,"column":17},"end":{"line":3,"column":36}},"2":{"start":{"line":4,"column":14},"end":{"line":4,"column":43}},"3":{"start":{"line":5,"column":25},"end":{"line":5,"column":61}},"4":{"start":{"line":6,"column":15},"end":{"line":6,"column":45}},"5":{"start":{"line":7,"column":19},"end":{"line":7,"column":67}},"6":{"start":{"line":8,"column":19},"end":{"line":8,"column":66}},"7":{"start":{"line":11,"column":19},"end":{"line":11,"column":22}},"8":{"start":{"line":12,"column":22},"end":{"line":12,"column":24}},"9":{"start":{"line":13,"column":21},"end":{"line":13,"column":58}},"10":{"start":{"line":23,"column":21},"end":{"line":39,"column":1}},"11":{"start":{"line":24,"column":1},"end":{"line":38,"column":2}},"12":{"start":{"line":25,"column":19},"end":{"line":25,"column":67}},"13":{"start":{"line":27,"column":21},"end":{"line":27,"column":56}},"14":{"start":{"line":29,"column":2},"end":{"line":33,"column":5}},"15":{"start":{"line":35,"column":19},"end":{"line":35,"column":91}},"16":{"start":{"line":37,"column":2},"end":{"line":37,"column":69}},"17":{"start":{"line":47,"column":19},"end":{"line":135,"column":1}},"18":{"start":{"line":52,"column":16},"end":{"line":52,"column":18}},"19":{"start":{"line":53,"column":14},"end":{"line":53,"column":29}},"20":{"start":{"line":54,"column":16},"end":{"line":54,"column":27}},"21":{"start":{"line":55,"column":16},"end":{"line":55,"column":40}},"22":{"start":{"line":57,"column":1},"end":{"line":57,"column":63}},"23":{"start":{"line":59,"column":1},"end":{"line":126,"column":2}},"24":{"start":{"line":60,"column":15},"end":{"line":60,"column":22}},"25":{"start":{"line":61,"column":2},"end":{"line":61,"column":12}},"26":{"start":{"line":63,"column":20},"end":{"line":63,"column":31}},"27":{"start":{"line":64,"column":2},"end":{"line":125,"column":3}},"28":{"start":{"line":65,"column":15},"end":{"line":65,"column":22}},"29":{"start":{"line":66,"column":16},"end":{"line":66,"column":55}},"30":{"start":{"line":70,"column":3},"end":{"line":73,"column":4}},"31":{"start":{"line":71,"column":4},"end":{"line":71,"column":15}},"32":{"start":{"line":72,"column":4},"end":{"line":72,"column":13}},"33":{"start":{"line":77,"column":3},"end":{"line":79,"column":4}},"34":{"start":{"line":78,"column":4},"end":{"line":78,"column":13}},"35":{"start":{"line":83,"column":20},"end":{"line":83,"column":61}},"36":{"start":{"line":86,"column":3},"end":{"line":95,"column":4}},"37":{"start":{"line":87,"column":23},"end":{"line":91,"column":6}},"38":{"start":{"line":92,"column":4},"end":{"line":92,"column":30}},"39":{"start":{"line":93,"column":10},"end":{"line":95,"column":4}},"40":{"start":{"line":94,"column":4},"end":{"line":94,"column":37}},"41":{"start":{"line":98,"column":3},"end":{"line":98,"column":35}},"42":{"start":{"line":98,"column":26},"end":{"line":98,"column":35}},"43":{"start":{"line":101,"column":18},"end":{"line":106,"column":4}},"44":{"start":{"line":109,"column":3},"end":{"line":122,"column":6}},"45":{"start":{"line":110,"column":4},"end":{"line":121,"column":5}},"46":{"start":{"line":112,"column":21},"end":{"line":112,"column":51}},"47":{"start":{"line":113,"column":5},"end":{"line":113,"column":24}},"48":{"start":{"line":114,"column":5},"end":{"line":114,"column":73}},"49":{"start":{"line":115,"column":11},"end":{"line":121,"column":5}},"50":{"start":{"line":116,"column":5},"end":{"line":116,"column":24}},"51":{"start":{"line":117,"column":11},"end":{"line":121,"column":5}},"52":{"start":{"line":120,"column":5},"end":{"line":120,"column":42}},"53":{"start":{"line":124,"column":3},"end":{"line":124,"column":37}},"54":{"start":{"line":129,"column":22},"end":{"line":129,"column":24}},"55":{"start":{"line":130,"column":1},"end":{"line":132,"column":4}},"56":{"start":{"line":131,"column":2},"end":{"line":131,"column":40}},"57":{"start":{"line":133,"column":1},"end":{"line":133,"column":33}},"58":{"start":{"line":134,"column":1},"end":{"line":134,"column":35}},"59":{"start":{"line":142,"column":16},"end":{"line":156,"column":1}},"60":{"start":{"line":143,"column":1},"end":{"line":155,"column":2}},"61":{"start":{"line":144,"column":18},"end":{"line":144,"column":43}},"62":{"start":{"line":145,"column":2},"end":{"line":145,"column":56}},"63":{"start":{"line":147,"column":2},"end":{"line":150,"column":5}},"64":{"start":{"line":152,"column":19},"end":{"line":152,"column":57}},"65":{"start":{"line":154,"column":2},"end":{"line":154,"column":64}},"66":{"start":{"line":163,"column":18},"end":{"line":193,"column":1}},"67":{"start":{"line":164,"column":1},"end":{"line":192,"column":2}},"68":{"start":{"line":165,"column":18},"end":{"line":165,"column":51}},"69":{"start":{"line":166,"column":17},"end":{"line":166,"column":35}},"70":{"start":{"line":167,"column":17},"end":{"line":167,"column":19}},"71":{"start":{"line":168,"column":16},"end":{"line":168,"column":56}},"72":{"start":{"line":169,"column":18},"end":{"line":169,"column":53}},"73":{"start":{"line":170,"column":14},"end":{"line":170,"column":15}},"74":{"start":{"line":172,"column":2},"end":{"line":180,"column":3}},"75":{"start":{"line":173,"column":3},"end":{"line":179,"column":4}},"76":{"start":{"line":174,"column":4},"end":{"line":178,"column":5}},"77":{"start":{"line":176,"column":5},"end":{"line":176,"column":41}},"78":{"start":{"line":177,"column":5},"end":{"line":177,"column":16}},"79":{"start":{"line":182,"column":2},"end":{"line":182,"column":41}},"80":{"start":{"line":184,"column":2},"end":{"line":187,"column":5}},"81":{"start":{"line":189,"column":19},"end":{"line":189,"column":143}},"82":{"start":{"line":191,"column":2},"end":{"line":191,"column":62}},"83":{"start":{"line":200,"column":22},"end":{"line":208,"column":1}},"84":{"start":{"line":201,"column":15},"end":{"line":201,"column":52}},"85":{"start":{"line":203,"column":1},"end":{"line":203,"column":41}},"86":{"start":{"line":204,"column":16},"end":{"line":204,"column":55}},"87":{"start":{"line":205,"column":1},"end":{"line":205,"column":65}},"88":{"start":{"line":206,"column":1},"end":{"line":206,"column":19}},"89":{"start":{"line":207,"column":1},"end":{"line":207,"column":11}},"90":{"start":{"line":218,"column":20},"end":{"line":241,"column":1}},"91":{"start":{"line":219,"column":1},"end":{"line":240,"column":2}},"92":{"start":{"line":220,"column":2},"end":{"line":227,"column":3}},"93":{"start":{"line":221,"column":3},"end":{"line":223,"column":4}},"94":{"start":{"line":222,"column":4},"end":{"line":222,"column":35}},"95":{"start":{"line":225,"column":20},"end":{"line":225,"column":39}},"96":{"start":{"line":226,"column":3},"end":{"line":226,"column":36}},"97":{"start":{"line":229,"column":2},"end":{"line":229,"column":16}},"98":{"start":{"line":232,"column":2},"end":{"line":236,"column":3}},"99":{"start":{"line":233,"column":3},"end":{"line":233,"column":25}},"100":{"start":{"line":235,"column":3},"end":{"line":235,"column":34}},"101":{"start":{"line":237,"column":19},"end":{"line":237,"column":108}},"102":{"start":{"line":239,"column":2},"end":{"line":239,"column":75}},"103":{"start":{"line":250,"column":22},"end":{"line":275,"column":1}},"104":{"start":{"line":251,"column":19},"end":{"line":251,"column":58}},"105":{"start":{"line":252,"column":20},"end":{"line":252,"column":36}},"106":{"start":{"line":253,"column":22},"end":{"line":253,"column":43}},"107":{"start":{"line":254,"column":18},"end":{"line":254,"column":98}},"108":{"start":{"line":258,"column":1},"end":{"line":266,"column":2}},"109":{"start":{"line":259,"column":2},"end":{"line":259,"column":42}},"110":{"start":{"line":261,"column":2},"end":{"line":261,"column":67}},"111":{"start":{"line":262,"column":2},"end":{"line":265,"column":5}},"112":{"start":{"line":268,"column":1},"end":{"line":272,"column":3}},"113":{"start":{"line":274,"column":1},"end":{"line":274,"column":15}},"114":{"start":{"line":283,"column":20},"end":{"line":299,"column":1}},"115":{"start":{"line":284,"column":1},"end":{"line":298,"column":2}},"116":{"start":{"line":285,"column":17},"end":{"line":285,"column":44}},"117":{"start":{"line":287,"column":2},"end":{"line":289,"column":3}},"118":{"start":{"line":288,"column":3},"end":{"line":288,"column":73}},"119":{"start":{"line":291,"column":2},"end":{"line":291,"column":22}},"120":{"start":{"line":293,"column":2},"end":{"line":293,"column":9}},"121":{"start":{"line":295,"column":19},"end":{"line":295,"column":63}},"122":{"start":{"line":297,"column":2},"end":{"line":297,"column":68}},"123":{"start":{"line":308,"column":19},"end":{"line":360,"column":1}},"124":{"start":{"line":309,"column":20},"end":{"line":309,"column":40}},"125":{"start":{"line":310,"column":18},"end":{"line":310,"column":29}},"126":{"start":{"line":312,"column":1},"end":{"line":314,"column":2}},"127":{"start":{"line":313,"column":2},"end":{"line":313,"column":26}},"128":{"start":{"line":316,"column":1},"end":{"line":318,"column":2}},"129":{"start":{"line":317,"column":2},"end":{"line":317,"column":22}},"130":{"start":{"line":320,"column":1},"end":{"line":357,"column":4}},"131":{"start":{"line":321,"column":19},"end":{"line":321,"column":21}},"132":{"start":{"line":322,"column":18},"end":{"line":322,"column":33}},"133":{"start":{"line":323,"column":17},"end":{"line":323,"column":31}},"134":{"start":{"line":326,"column":2},"end":{"line":337,"column":3}},"135":{"start":{"line":327,"column":3},"end":{"line":336,"column":4}},"136":{"start":{"line":329,"column":17},"end":{"line":329,"column":44}},"137":{"start":{"line":331,"column":4},"end":{"line":334,"column":7}},"138":{"start":{"line":340,"column":2},"end":{"line":344,"column":3}},"139":{"start":{"line":341,"column":3},"end":{"line":341,"column":52}},"140":{"start":{"line":343,"column":3},"end":{"line":343,"column":51}},"141":{"start":{"line":346,"column":16},"end":{"line":346,"column":32}},"142":{"start":{"line":347,"column":18},"end":{"line":353,"column":3}},"143":{"start":{"line":355,"column":2},"end":{"line":355,"column":35}},"144":{"start":{"line":356,"column":2},"end":{"line":356,"column":32}},"145":{"start":{"line":359,"column":1},"end":{"line":359,"column":8}},"146":{"start":{"line":369,"column":23},"end":{"line":430,"column":1}},"147":{"start":{"line":370,"column":16},"end":{"line":370,"column":32}},"148":{"start":{"line":371,"column":16},"end":{"line":371,"column":32}},"149":{"start":{"line":372,"column":17},"end":{"line":372,"column":21}},"150":{"start":{"line":373,"column":17},"end":{"line":373,"column":19}},"151":{"start":{"line":374,"column":20},"end":{"line":374,"column":21}},"152":{"start":{"line":375,"column":20},"end":{"line":375,"column":21}},"153":{"start":{"line":376,"column":13},"end":{"line":376,"column":14}},"154":{"start":{"line":379,"column":24},"end":{"line":379,"column":38}},"155":{"start":{"line":380,"column":14},"end":{"line":380,"column":15}},"156":{"start":{"line":382,"column":1},"end":{"line":392,"column":4}},"157":{"start":{"line":383,"column":2},"end":{"line":391,"column":5}},"158":{"start":{"line":384,"column":3},"end":{"line":384,"column":15}},"159":{"start":{"line":385,"column":3},"end":{"line":385,"column":19}},"160":{"start":{"line":387,"column":3},"end":{"line":387,"column":43}},"161":{"start":{"line":387,"column":26},"end":{"line":387,"column":43}},"162":{"start":{"line":388,"column":3},"end":{"line":388,"column":43}},"163":{"start":{"line":388,"column":26},"end":{"line":388,"column":43}},"164":{"start":{"line":390,"column":3},"end":{"line":390,"column":25}},"165":{"start":{"line":394,"column":1},"end":{"line":394,"column":24}},"166":{"start":{"line":396,"column":1},"end":{"line":401,"column":4}},"167":{"start":{"line":397,"column":2},"end":{"line":400,"column":5}},"168":{"start":{"line":398,"column":3},"end":{"line":398,"column":19}},"169":{"start":{"line":399,"column":3},"end":{"line":399,"column":47}},"170":{"start":{"line":403,"column":1},"end":{"line":403,"column":24}},"171":{"start":{"line":404,"column":1},"end":{"line":404,"column":51}},"172":{"start":{"line":406,"column":16},"end":{"line":406,"column":47}},"173":{"start":{"line":407,"column":16},"end":{"line":407,"column":24}},"174":{"start":{"line":408,"column":16},"end":{"line":408,"column":24}},"175":{"start":{"line":410,"column":1},"end":{"line":410,"column":20}},"176":{"start":{"line":411,"column":1},"end":{"line":411,"column":20}},"177":{"start":{"line":413,"column":1},"end":{"line":413,"column":87}},"178":{"start":{"line":415,"column":1},"end":{"line":415,"column":69}},"179":{"start":{"line":417,"column":1},"end":{"line":417,"column":48}},"180":{"start":{"line":418,"column":1},"end":{"line":418,"column":36}},"181":{"start":{"line":419,"column":1},"end":{"line":419,"column":48}},"182":{"start":{"line":421,"column":1},"end":{"line":421,"column":63}},"183":{"start":{"line":421,"column":45},"end":{"line":421,"column":63}},"184":{"start":{"line":422,"column":1},"end":{"line":422,"column":84}},"185":{"start":{"line":422,"column":43},"end":{"line":422,"column":84}},"186":{"start":{"line":423,"column":1},"end":{"line":423,"column":33}},"187":{"start":{"line":423,"column":20},"end":{"line":423,"column":33}},"188":{"start":{"line":425,"column":1},"end":{"line":425,"column":39}},"189":{"start":{"line":426,"column":1},"end":{"line":426,"column":38}},"190":{"start":{"line":427,"column":1},"end":{"line":427,"column":28}},"191":{"start":{"line":429,"column":1},"end":{"line":429,"column":8}},"192":{"start":{"line":439,"column":27},"end":{"line":490,"column":1}},"193":{"start":{"line":440,"column":20},"end":{"line":440,"column":26}},"194":{"start":{"line":441,"column":20},"end":{"line":441,"column":53}},"195":{"start":{"line":443,"column":16},"end":{"line":485,"column":2}},"196":{"start":{"line":487,"column":1},"end":{"line":487,"column":27}},"197":{"start":{"line":489,"column":1},"end":{"line":489,"column":8}},"198":{"start":{"line":498,"column":20},"end":{"line":506,"column":1}},"199":{"start":{"line":499,"column":17},"end":{"line":499,"column":78}},"200":{"start":{"line":501,"column":1},"end":{"line":501,"column":59}},"201":{"start":{"line":501,"column":15},"end":{"line":501,"column":59}},"202":{"start":{"line":503,"column":1},"end":{"line":503,"column":49}},"203":{"start":{"line":503,"column":32},"end":{"line":503,"column":49}},"204":{"start":{"line":505,"column":1},"end":{"line":505,"column":27}},"205":{"start":{"line":513,"column":23},"end":{"line":517,"column":1}},"206":{"start":{"line":514,"column":1},"end":{"line":514,"column":31}},"207":{"start":{"line":516,"column":1},"end":{"line":516,"column":41}},"208":{"start":{"line":524,"column":23},"end":{"line":539,"column":1}},"209":{"start":{"line":525,"column":16},"end":{"line":525,"column":31}},"210":{"start":{"line":527,"column":1},"end":{"line":538,"column":2}},"211":{"start":{"line":528,"column":2},"end":{"line":528,"column":39}},"212":{"start":{"line":529,"column":2},"end":{"line":529,"column":25}},"213":{"start":{"line":531,"column":2},"end":{"line":537,"column":3}},"214":{"start":{"line":532,"column":16},"end":{"line":535,"column":4}},"215":{"start":{"line":536,"column":3},"end":{"line":536,"column":32}},"216":{"start":{"line":545,"column":22},"end":{"line":550,"column":1}},"217":{"start":{"line":546,"column":1},"end":{"line":549,"column":3}},"218":{"start":{"line":557,"column":23},"end":{"line":568,"column":1}},"219":{"start":{"line":558,"column":15},"end":{"line":558,"column":17}},"220":{"start":{"line":559,"column":22},"end":{"line":559,"column":57}},"221":{"start":{"line":561,"column":1},"end":{"line":561,"column":36}},"222":{"start":{"line":563,"column":1},"end":{"line":565,"column":2}},"223":{"start":{"line":564,"column":2},"end":{"line":564,"column":43}},"224":{"start":{"line":567,"column":1},"end":{"line":567,"column":14}},"225":{"start":{"line":575,"column":22},"end":{"line":582,"column":1}},"226":{"start":{"line":576,"column":16},"end":{"line":576,"column":46}},"227":{"start":{"line":578,"column":1},"end":{"line":581,"column":3}},"228":{"start":{"line":590,"column":21},"end":{"line":595,"column":1}},"229":{"start":{"line":591,"column":1},"end":{"line":594,"column":3}},"230":{"start":{"line":604,"column":21},"end":{"line":611,"column":1}},"231":{"start":{"line":605,"column":1},"end":{"line":605,"column":50}},"232":{"start":{"line":607,"column":1},"end":{"line":610,"column":4}},"233":{"start":{"line":620,"column":21},"end":{"line":622,"column":1}},"234":{"start":{"line":621,"column":1},"end":{"line":621,"column":63}},"235":{"start":{"line":628,"column":19},"end":{"line":630,"column":1}},"236":{"start":{"line":629,"column":1},"end":{"line":629,"column":51}},"237":{"start":{"line":629,"column":34},"end":{"line":629,"column":49}},"238":{"start":{"line":636,"column":26},"end":{"line":649,"column":1}},"239":{"start":{"line":637,"column":1},"end":{"line":637,"column":83}},"240":{"start":{"line":637,"column":71},"end":{"line":637,"column":83}},"241":{"start":{"line":639,"column":16},"end":{"line":639,"column":75}},"242":{"start":{"line":640,"column":1},"end":{"line":640,"column":65}},"243":{"start":{"line":641,"column":1},"end":{"line":641,"column":32}},"244":{"start":{"line":643,"column":1},"end":{"line":644,"column":29}},"245":{"start":{"line":643,"column":27},"end":{"line":643,"column":50}},"246":{"start":{"line":644,"column":6},"end":{"line":644,"column":29}},"247":{"start":{"line":646,"column":1},"end":{"line":646,"column":32}},"248":{"start":{"line":648,"column":1},"end":{"line":648,"column":20}},"249":{"start":{"line":656,"column":20},"end":{"line":668,"column":1}},"250":{"start":{"line":657,"column":1},"end":{"line":657,"column":26}},"251":{"start":{"line":657,"column":13},"end":{"line":657,"column":26}},"252":{"start":{"line":659,"column":1},"end":{"line":659,"column":29}},"253":{"start":{"line":661,"column":1},"end":{"line":665,"column":2}},"254":{"start":{"line":664,"column":2},"end":{"line":664,"column":15}},"255":{"start":{"line":667,"column":1},"end":{"line":667,"column":13}},"256":{"start":{"line":674,"column":24},"end":{"line":680,"column":1}},"257":{"start":{"line":675,"column":1},"end":{"line":675,"column":52}},"258":{"start":{"line":677,"column":1},"end":{"line":677,"column":41}},"259":{"start":{"line":677,"column":27},"end":{"line":677,"column":41}},"260":{"start":{"line":679,"column":1},"end":{"line":679,"column":15}},"261":{"start":{"line":687,"column":22},"end":{"line":695,"column":1}},"262":{"start":{"line":688,"column":1},"end":{"line":688,"column":28}},"263":{"start":{"line":688,"column":12},"end":{"line":688,"column":28}},"264":{"start":{"line":690,"column":1},"end":{"line":690,"column":24}},"265":{"start":{"line":692,"column":1},"end":{"line":692,"column":51}},"266":{"start":{"line":692,"column":35},"end":{"line":692,"column":51}},"267":{"start":{"line":694,"column":1},"end":{"line":694,"column":13}},"268":{"start":{"line":697,"column":0},"end":{"line":715,"column":2}}},"fnMap":{"0":{"name":"(anonymous_0)","decl":{"start":{"line":23,"column":21},"end":{"line":23,"column":22}},"loc":{"start":{"line":23,"column":41},"end":{"line":39,"column":1}},"line":23},"1":{"name":"(anonymous_1)","decl":{"start":{"line":47,"column":19},"end":{"line":47,"column":20}},"loc":{"start":{"line":47,"column":39},"end":{"line":135,"column":1}},"line":47},"2":{"name":"(anonymous_2)","decl":{"start":{"line":109,"column":34},"end":{"line":109,"column":35}},"loc":{"start":{"line":109,"column":52},"end":{"line":122,"column":4}},"line":109},"3":{"name":"(anonymous_3)","decl":{"start":{"line":130,"column":32},"end":{"line":130,"column":33}},"loc":{"start":{"line":130,"column":43},"end":{"line":132,"column":2}},"line":130},"4":{"name":"(anonymous_4)","decl":{"start":{"line":142,"column":16},"end":{"line":142,"column":17}},"loc":{"start":{"line":142,"column":30},"end":{"line":156,"column":1}},"line":142},"5":{"name":"(anonymous_5)","decl":{"start":{"line":163,"column":18},"end":{"line":163,"column":19}},"loc":{"start":{"line":163,"column":32},"end":{"line":193,"column":1}},"line":163},"6":{"name":"(anonymous_6)","decl":{"start":{"line":200,"column":22},"end":{"line":200,"column":23}},"loc":{"start":{"line":200,"column":42},"end":{"line":208,"column":1}},"line":200},"7":{"name":"(anonymous_7)","decl":{"start":{"line":218,"column":20},"end":{"line":218,"column":21}},"loc":{"start":{"line":218,"column":46},"end":{"line":241,"column":1}},"line":218},"8":{"name":"(anonymous_8)","decl":{"start":{"line":250,"column":22},"end":{"line":250,"column":23}},"loc":{"start":{"line":250,"column":42},"end":{"line":275,"column":1}},"line":250},"9":{"name":"(anonymous_9)","decl":{"start":{"line":283,"column":20},"end":{"line":283,"column":21}},"loc":{"start":{"line":283,"column":40},"end":{"line":299,"column":1}},"line":283},"10":{"name":"(anonymous_10)","decl":{"start":{"line":308,"column":19},"end":{"line":308,"column":20}},"loc":{"start":{"line":308,"column":39},"end":{"line":360,"column":1}},"line":308},"11":{"name":"(anonymous_11)","decl":{"start":{"line":320,"column":18},"end":{"line":320,"column":19}},"loc":{"start":{"line":320,"column":31},"end":{"line":357,"column":2}},"line":320},"12":{"name":"(anonymous_12)","decl":{"start":{"line":369,"column":23},"end":{"line":369,"column":24}},"loc":{"start":{"line":369,"column":43},"end":{"line":430,"column":1}},"line":369},"13":{"name":"(anonymous_13)","decl":{"start":{"line":382,"column":24},"end":{"line":382,"column":25}},"loc":{"start":{"line":382,"column":37},"end":{"line":392,"column":2}},"line":382},"14":{"name":"(anonymous_14)","decl":{"start":{"line":383,"column":18},"end":{"line":383,"column":19}},"loc":{"start":{"line":383,"column":29},"end":{"line":391,"column":3}},"line":383},"15":{"name":"(anonymous_15)","decl":{"start":{"line":396,"column":24},"end":{"line":396,"column":25}},"loc":{"start":{"line":396,"column":37},"end":{"line":401,"column":2}},"line":396},"16":{"name":"(anonymous_16)","decl":{"start":{"line":397,"column":18},"end":{"line":397,"column":19}},"loc":{"start":{"line":397,"column":29},"end":{"line":400,"column":3}},"line":397},"17":{"name":"(anonymous_17)","decl":{"start":{"line":439,"column":27},"end":{"line":439,"column":28}},"loc":{"start":{"line":439,"column":47},"end":{"line":490,"column":1}},"line":439},"18":{"name":"(anonymous_18)","decl":{"start":{"line":498,"column":20},"end":{"line":498,"column":21}},"loc":{"start":{"line":498,"column":39},"end":{"line":506,"column":1}},"line":498},"19":{"name":"(anonymous_19)","decl":{"start":{"line":513,"column":23},"end":{"line":513,"column":24}},"loc":{"start":{"line":513,"column":42},"end":{"line":517,"column":1}},"line":513},"20":{"name":"(anonymous_20)","decl":{"start":{"line":524,"column":23},"end":{"line":524,"column":24}},"loc":{"start":{"line":524,"column":42},"end":{"line":539,"column":1}},"line":524},"21":{"name":"(anonymous_21)","decl":{"start":{"line":545,"column":22},"end":{"line":545,"column":23}},"loc":{"start":{"line":545,"column":31},"end":{"line":550,"column":1}},"line":545},"22":{"name":"(anonymous_22)","decl":{"start":{"line":557,"column":23},"end":{"line":557,"column":24}},"loc":{"start":{"line":557,"column":36},"end":{"line":568,"column":1}},"line":557},"23":{"name":"(anonymous_23)","decl":{"start":{"line":575,"column":22},"end":{"line":575,"column":23}},"loc":{"start":{"line":575,"column":35},"end":{"line":582,"column":1}},"line":575},"24":{"name":"(anonymous_24)","decl":{"start":{"line":590,"column":21},"end":{"line":590,"column":22}},"loc":{"start":{"line":590,"column":41},"end":{"line":595,"column":1}},"line":590},"25":{"name":"(anonymous_25)","decl":{"start":{"line":604,"column":21},"end":{"line":604,"column":22}},"loc":{"start":{"line":604,"column":58},"end":{"line":611,"column":1}},"line":604},"26":{"name":"(anonymous_26)","decl":{"start":{"line":620,"column":21},"end":{"line":620,"column":22}},"loc":{"start":{"line":620,"column":32},"end":{"line":622,"column":1}},"line":620},"27":{"name":"(anonymous_27)","decl":{"start":{"line":628,"column":19},"end":{"line":628,"column":20}},"loc":{"start":{"line":628,"column":28},"end":{"line":630,"column":1}},"line":628},"28":{"name":"(anonymous_28)","decl":{"start":{"line":629,"column":29},"end":{"line":629,"column":30}},"loc":{"start":{"line":629,"column":34},"end":{"line":629,"column":49}},"line":629},"29":{"name":"(anonymous_29)","decl":{"start":{"line":636,"column":26},"end":{"line":636,"column":27}},"loc":{"start":{"line":636,"column":43},"end":{"line":649,"column":1}},"line":636},"30":{"name":"(anonymous_30)","decl":{"start":{"line":656,"column":20},"end":{"line":656,"column":21}},"loc":{"start":{"line":656,"column":31},"end":{"line":668,"column":1}},"line":656},"31":{"name":"(anonymous_31)","decl":{"start":{"line":674,"column":24},"end":{"line":674,"column":25}},"loc":{"start":{"line":674,"column":36},"end":{"line":680,"column":1}},"line":674},"32":{"name":"(anonymous_32)","decl":{"start":{"line":687,"column":22},"end":{"line":687,"column":23}},"loc":{"start":{"line":687,"column":42},"end":{"line":695,"column":1}},"line":687}},"branchMap":{"0":{"loc":{"start":{"line":70,"column":3},"end":{"line":73,"column":4}},"type":"if","locations":[{"start":{"line":70,"column":3},"end":{"line":73,"column":4}},{"start":{"line":70,"column":3},"end":{"line":73,"column":4}}],"line":70},"1":{"loc":{"start":{"line":77,"column":3},"end":{"line":79,"column":4}},"type":"if","locations":[{"start":{"line":77,"column":3},"end":{"line":79,"column":4}},{"start":{"line":77,"column":3},"end":{"line":79,"column":4}}],"line":77},"2":{"loc":{"start":{"line":77,"column":7},"end":{"line":77,"column":24}},"type":"binary-expr","locations":[{"start":{"line":77,"column":7},"end":{"line":77,"column":13}},{"start":{"line":77,"column":17},"end":{"line":77,"column":24}}],"line":77},"3":{"loc":{"start":{"line":86,"column":3},"end":{"line":95,"column":4}},"type":"if","locations":[{"start":{"line":86,"column":3},"end":{"line":95,"column":4}},{"start":{"line":86,"column":3},"end":{"line":95,"column":4}}],"line":86},"4":{"loc":{"start":{"line":93,"column":10},"end":{"line":95,"column":4}},"type":"if","locations":[{"start":{"line":93,"column":10},"end":{"line":95,"column":4}},{"start":{"line":93,"column":10},"end":{"line":95,"column":4}}],"line":93},"5":{"loc":{"start":{"line":98,"column":3},"end":{"line":98,"column":35}},"type":"if","locations":[{"start":{"line":98,"column":3},"end":{"line":98,"column":35}},{"start":{"line":98,"column":3},"end":{"line":98,"column":35}}],"line":98},"6":{"loc":{"start":{"line":110,"column":4},"end":{"line":121,"column":5}},"type":"if","locations":[{"start":{"line":110,"column":4},"end":{"line":121,"column":5}},{"start":{"line":110,"column":4},"end":{"line":121,"column":5}}],"line":110},"7":{"loc":{"start":{"line":115,"column":11},"end":{"line":121,"column":5}},"type":"if","locations":[{"start":{"line":115,"column":11},"end":{"line":121,"column":5}},{"start":{"line":115,"column":11},"end":{"line":121,"column":5}}],"line":115},"8":{"loc":{"start":{"line":117,"column":11},"end":{"line":121,"column":5}},"type":"if","locations":[{"start":{"line":117,"column":11},"end":{"line":121,"column":5}},{"start":{"line":117,"column":11},"end":{"line":121,"column":5}}],"line":117},"9":{"loc":{"start":{"line":172,"column":25},"end":{"line":172,"column":51}},"type":"binary-expr","locations":[{"start":{"line":172,"column":25},"end":{"line":172,"column":33}},{"start":{"line":172,"column":37},"end":{"line":172,"column":51}}],"line":172},"10":{"loc":{"start":{"line":174,"column":4},"end":{"line":178,"column":5}},"type":"if","locations":[{"start":{"line":174,"column":4},"end":{"line":178,"column":5}},{"start":{"line":174,"column":4},"end":{"line":178,"column":5}}],"line":174},"11":{"loc":{"start":{"line":174,"column":8},"end":{"line":175,"column":41}},"type":"binary-expr","locations":[{"start":{"line":174,"column":8},"end":{"line":174,"column":35}},{"start":{"line":175,"column":8},"end":{"line":175,"column":41}}],"line":174},"12":{"loc":{"start":{"line":220,"column":2},"end":{"line":227,"column":3}},"type":"if","locations":[{"start":{"line":220,"column":2},"end":{"line":227,"column":3}},{"start":{"line":220,"column":2},"end":{"line":227,"column":3}}],"line":220},"13":{"loc":{"start":{"line":232,"column":2},"end":{"line":236,"column":3}},"type":"if","locations":[{"start":{"line":232,"column":2},"end":{"line":236,"column":3}},{"start":{"line":232,"column":2},"end":{"line":236,"column":3}}],"line":232},"14":{"loc":{"start":{"line":258,"column":1},"end":{"line":266,"column":2}},"type":"if","locations":[{"start":{"line":258,"column"
[...]
":498,"column":3},"end":{"line":507,"column":4}}],"line":498},"24":{"loc":{"start":{"line":498,"column":7},"end":{"line":499,"column":40}},"type":"binary-expr","locations":[{"start":{"line":498,"column":7},"end":{"line":498,"column":45}},{"start":{"line":499,"column":7},"end":{"line":499,"column":40}}],"line":498},"25":{"loc":{"start":{"line":511,"column":2},"end":{"line":515,"column":3}},"type":"if","locations":[{"start":{"line":511,"column":2},"end":{"line":515,"column":3}},{"start":{"line":511,"column":2},"end":{"line":515,"column":3}}],"line":511},"26":{"loc":{"start":{"line":558,"column":3},"end":{"line":558,"column":43}},"type":"if","locations":[{"start":{"line":558,"column":3},"end":{"line":558,"column":43}},{"start":{"line":558,"column":3},"end":{"line":558,"column":43}}],"line":558},"27":{"loc":{"start":{"line":559,"column":3},"end":{"line":559,"column":43}},"type":"if","locations":[{"start":{"line":559,"column":3},"end":{"line":559,"column":43}},{"start":{"line":559,"column":3},"end":{"line":559,"column":43}}],"line":559},"28":{"loc":{"start":{"line":592,"column":1},"end":{"line":592,"column":63}},"type":"if","locations":[{"start":{"line":592,"column":1},"end":{"line":592,"column":63}},{"start":{"line":592,"column":1},"end":{"line":592,"column":63}}],"line":592},"29":{"loc":{"start":{"line":593,"column":1},"end":{"line":593,"column":84}},"type":"if","locations":[{"start":{"line":593,"column":1},"end":{"line":593,"column":84}},{"start":{"line":593,"column":1},"end":{"line":593,"column":84}}],"line":593},"30":{"loc":{"start":{"line":594,"column":1},"end":{"line":594,"column":33}},"type":"if","locations":[{"start":{"line":594,"column":1},"end":{"line":594,"column":33}},{"start":{"line":594,"column":1},"end":{"line":594,"column":33}}],"line":594},"31":{"loc":{"start":{"line":612,"column":1},"end":{"line":612,"column":59}},"type":"if","locations":[{"start":{"line":612,"column":1},"end":{"line":612,"column":59}},{"start":{"line":612,"column":1},"end":{"line":612,"column":59}}],"line":612},"32":{"loc":{"start":{"line":614,"column":1},"end":{"line":614,"column":49}},"type":"if","locations":[{"start":{"line":614,"column":1},"end":{"line":614,"column":49}},{"start":{"line":614,"column":1},"end":{"line":614,"column":49}}],"line":614},"33":{"loc":{"start":{"line":642,"column":2},"end":{"line":648,"column":3}},"type":"if","locations":[{"start":{"line":642,"column":2},"end":{"line":648,"column":3}},{"start":{"line":642,"column":2},"end":{"line":648,"column":3}}],"line":642},"34":{"loc":{"start":{"line":750,"column":1},"end":{"line":750,"column":26}},"type":"if","locations":[{"start":{"line":750,"column":1},"end":{"line":750,"column":26}},{"start":{"line":750,"column":1},"end":{"line":750,"column":26}}],"line":750},"35":{"loc":{"start":{"line":754,"column":1},"end":{"line":758,"column":2}},"type":"if","locations":[{"start":{"line":754,"column":1},"end":{"line":758,"column":2}},{"start":{"line":754,"column":1},"end":{"line":758,"column":2}}],"line":754},"36":{"loc":{"start":{"line":754,"column":5},"end":{"line":756,"column":19}},"type":"binary-expr","locations":[{"start":{"line":754,"column":5},"end":{"line":754,"column":18}},{"start":{"line":755,"column":5},"end":{"line":755,"column":18}},{"start":{"line":756,"column":5},"end":{"line":756,"column":19}}],"line":754},"37":{"loc":{"start":{"line":768,"column":1},"end":{"line":768,"column":50}},"type":"if","locations":[{"start":{"line":768,"column":1},"end":{"line":768,"column":50}},{"start":{"line":768,"column":1},"end":{"line":768,"column":50}}],"line":768},"38":{"loc":{"start":{"line":778,"column":1},"end":{"line":778,"column":83}},"type":"if","locations":[{"start":{"line":778,"column":1},"end":{"line":778,"column":83}},{"start":{"line":778,"column":1},"end":{"line":778,"column":83}}],"line":778},"39":{"loc":{"start":{"line":778,"column":5},"end":{"line":778,"column":69}},"type":"binary-expr","locations":[{"start":{"line":778,"column":5},"end":{"line":778,"column":19}},{"start":{"line":778,"column":23},"end":{"line":778,"column":69}}],"line":778},"40":{"loc":{"start":{"line":784,"column":1},"end":{"line":787,"column":31}},"type":"if","locations":[{"start":{"line":784,"column":1},"end":{"line":787,"column":31}},{"start":{"line":784,"column":1},"end":{"line":787,"column":31}}],"line":784},"41":{"loc":{"start":{"line":784,"column":5},"end":{"line":785,"column":27}},"type":"binary-expr","locations":[{"start":{"line":784,"column":5},"end":{"line":784,"column":30}},{"start":{"line":785,"column":5},"end":{"line":785,"column":27}}],"line":784},"42":{"loc":{"start":{"line":799,"column":1},"end":{"line":799,"column":41}},"type":"if","locations":[{"start":{"line":799,"column":1},"end":{"line":799,"column":41}},{"start":{"line":799,"column":1},"end":{"line":799,"column":41}}],"line":799},"43":{"loc":{"start":{"line":810,"column":1},"end":{"line":810,"column":28}},"type":"if","locations":[{"start":{"line":810,"column":1},"end":{"line":810,"column":28}},{"start":{"line":810,"column":1},"end":{"line":810,"column":28}}],"line":810},"44":{"loc":{"start":{"line":814,"column":1},"end":{"line":814,"column":51}},"type":"if","locations":[{"start":{"line":814,"column":1},"end":{"line":814,"column":51}},{"start":{"line":814,"column":1},"end":{"line":814,"column":51}}],"line":814},"45":{"loc":{"start":{"line":814,"column":5},"end":{"line":814,"column":33}},"type":"binary-expr","locations":[{"start":{"line":814,"column":5},"end":{"line":814,"column":12}},{"start":{"line":814,"column":16},"end":{"line":814,"column":33}}],"line":814}},"s":{"0":5,"1":5,"2":5,"3":5,"4":5,"5":5,"6":5,"7":5,"8":5,"9":5,"10":5,"11":1,"12":1,"13":1,"14":1,"15":0,"16":0,"17":5,"18":0,"19":0,"20":0,"21":0,"22":0,"23":0,"24":0,"25":0,"26":0,"27":0,"28":0,"29":0,"30":0,"31":0,"32":0,"33":0,"34":0,"35":0,"36":0,"37":0,"38":0,"39":0,"40":0,"41":0,"42":0,"43":0,"44":0,"45":0,"46":0,"47":0,"48":0,"49":0,"50":0,"51":0,"52":0,"53":0,"54":0,"55":0,"56":0,"57":0,"58":0,"59":0,"60":0,"61":0,"62":0,"63":0,"64":0,"65":0,"66":0,"67":0,"68":0,"69":0,"70":0,"71":0,"72":0,"73":0,"74":5,"75":0,"76":0,"77":0,"78":0,"79":0,"80":0,"81":0,"82":0,"83":0,"84":0,"85":0,"86":0,"87":0,"88":0,"89":0,"90":0,"91":0,"92":0,"93":0,"94":0,"95":0,"96":0,"97":0,"98":0,"99":0,"100":0,"101":0,"102":0,"103":0,"104":0,"105":0,"106":0,"107":0,"108":0,"109":0,"110":0,"111":0,"112":0,"113":0,"114":0,"115":0,"116":0,"117":0,"118":0,"119":0,"120":0,"121":0,"122":0,"123":0,"124":0,"125":0,"126":0,"127":0,"128":0,"129":0,"130":0,"131":0,"132":0,"133":0,"134":5,"135":0,"136":0,"137":5,"138":1,"139":1,"140":1,"141":1,"142":0,"143":0,"144":5,"145":1,"146":1,"147":1,"148":1,"149":1,"150":1,"151":1,"152":1,"153":3,"154":9,"155":3,"156":3,"157":1,"158":1,"159":0,"160":0,"161":5,"162":7,"163":7,"164":7,"165":7,"166":7,"167":7,"168":7,"169":7,"170":7,"171":7,"172":7,"173":5,"174":12,"175":12,"176":4,"177":8,"178":8,"179":8,"180":10,"181":2,"182":1,"183":1,"184":2,"185":2,"186":5,"187":10,"188":10,"189":10,"190":10,"191":10,"192":9,"193":1,"194":1,"195":9,"196":9,"197":5,"198":5,"199":5,"200":5,"201":1,"202":4,"203":4,"204":1,"205":1,"206":5,"207":7,"208":7,"209":7,"210":7,"211":7,"212":7,"213":7,"214":10,"215":10,"216":10,"217":10,"218":27,"219":27,"220":27,"221":10,"222":1,"223":9,"224":10,"225":10,"226":10,"227":10,"228":7,"229":5,"230":7,"231":7,"232":7,"233":7,"234":7,"235":7,"236":7,"237":7,"238":7,"239":7,"240":10,"241":27,"242":27,"243":27,"244":9,"245":27,"246":16,"247":27,"248":7,"249":7,"250":10,"251":27,"252":27,"253":7,"254":7,"255":7,"256":7,"257":7,"258":7,"259":7,"260":7,"261":7,"262":7,"263":7,"264":7,"265":7,"266":0,"267":7,"268":6,"269":7,"270":1,"271":7,"272":7,"273":7,"274":7,"275":5,"276":16,"277":16,"278":2,"279":14,"280":11,"281":14,"282":5,"283":1,"284":1,"285":5,"286":1,"287":1,"288":3,"289":3,"290":3,"291":3,"292":3,"293":3,"294":5,"295":1,"296":5,"297":1,"298":1,"299":1,"300":1,"301":3,"302":1,"303":5,"304":1,"305":1,"306":5,"307":3,"308":5,"309":3,"310":3,"311":5,"312":10,"313":5,"314":24,"315":25,"316":5,"317":11,"318":3,"319":8,"320":8,"321":6,"322":2,"323":5,"324":3,"325":1,"326":2,"327":5,"328":5,"329":2,"330":3,"331":3,"332":3,"333":3,"334":2,"335":1,"336":3,"337":5,"338":3,"339":3,"340":1,"341":3,"342":5,"343":4,"344":1,"345":3,"346":3,"347":2,"348":3,"349":5},"f":{"0":1,"1":0,"2":0,"3":0,"4":0,"5":0,"6":1,"7":1,"8":7,"9":12,"10":10,"11":5,"12":7,"13":10,"14":7,"15":10,"16":27,"17":10,"18":27,"19":16,"20":1,"21":1,"22":1,"23":1,"24":1,"25":3,"26":3,"27":10,"28":24,"29":25,"30":11,"31":3,"32":5,"33":3,"34":4},"b":{"0":[0,0],"1":[0,0],"2":[0,0],"3":[0,0],"4":[0,0],"5":[0,0],"6":[0,0],"7":[0,0],"8":[0,0],"9":[0,0],"10":[0,0],"11":[0,0],"12":[0,0],"13":[0,0],"14":[4,1],"15":[3,6],"16":[9,3],"17":[4,8],"18":[1,1],"19":[9,1],"20":[1,4],"21":[7,0],"22":[7,0],"23":[27,0],"24":[27,27],"25":[1,9],"26":[9,18],"27":[16,11],"28":[0,7],"29":[6,1],"30":[1,6],"31":[2,14],"32":[11,3],"33":[3,0],"34":[3,8],"35":[6,2],"36":[8,7,5],"37":[1,2],"38":[2,3],"39":[5,4],"40":[2,1],"41":[3,2],"42":[1,2],"43":[1,3],"44":[2,1],"45":[3,3]},"_coverageSchema":"332fd63041d2c1bcb487cc26dd0d5f7d97098a6c","hash":"00dfe2ee8f0c292c9522dded4a061a3381a90a9b"}
,"/home/rodrigo/Documentos/DataViz/server/models/facebook.model.js": {"path":"/home/rodrigo/Documentos/DataViz/server/models/facebook.model.js","statementMap":{"0":{"start":{"line":2,"column":17},"end":{"line":2,"column":36}},"1":{"start":{"line":4,"column":18},"end":{"line":4,"column":36}},"2":{"start":{"line":5,"column":23},"end":{"line":5,"column":33}},"3":{"start":{"line":31,"column":24},"end":{"line":43,"column":1}},"4":{"start":{"line":49,"column":30},"end":{"line":72,"column":2}},"5":{"start":{"line":74,"column":0},"end":{"line":74,"column":82}}},"fnMap":{},"branchMap":{},"s":{"0":5,"1":5,"2":5,"3":5,"4":5,"5":5},"f":{},"b":{},"_coverageSchema":"332fd63041d2c1bcb487cc26dd0d5f7d97098a6c","hash":"b228251ee953448dc7419d1d7211a435f68888db"}
,"/home/rodrigo/Documentos/DataViz/server/models/instagram.model.js": {"path":"/home/rodrigo/Documentos/DataViz/server/models/instagram.model.js","statementMap":{"0":{"start":{"line":1,"column":17},"end":{"line":1,"column":36}},"1":{"start":{"line":3,"column":18},"end":{"line":3,"column":37}},"2":{"start":{"line":4,"column":23},"end":{"line":4,"column":41}},"3":{"start":{"line":11,"column":25},"end":{"line":26,"column":1}},"4":{"start":{"line":28,"column":31},"end":{"line":45,"column":2}},"5":{"start":{"line":47,"column":0},"end":{"line":47,"column":83}}},"fnMap":{},"branchMap":{},"s":{"0":5,"1":5,"2":5,"3":5,"4":5,"5":5},"f":{},"b":{},"_coverageSchema":"332fd63041d2c1bcb487cc26dd0d5f7d97098a6c","hash":"64eb69c07c130f46c11b975ea6e12e7a35427c04"}
,"/home/rodrigo/Documentos/DataViz/server/models/twitter.model.js": {"path":"/home/rodrigo/Documentos/DataViz/server/models/twitter.model.js","statementMap":{"0":{"start":{"line":1,"column":17},"end":{"line":1,"column":36}},"1":{"start":{"line":3,"column":21},"end":{"line":27,"column":1}},"2":{"start":{"line":29,"column":29},"end":{"line":46,"column":2}},"3":{"start":{"line":48,"column":0},"end":{"line":48,"column":90}}},"fnMap":{},"branchMap":{},"s":{"0":5,"1":5,"2":5,"3":5},"f":{},"b":{},"_coverageSchema":"332fd63041d2c1bcb487cc26dd0d5f7d97098a6c","hash":"6e3087f30d57667bdfe0028782574b4ab936b406"}
,"/home/rodrigo/Documentos/DataViz/server/models/youtube.model.js": {"path":"/home/rodrigo/Documentos/DataViz/server/models/youtube.model.js","statementMap":{"0":{"start":{"line":1,"column":17},"end":{"line":1,"column":36}},"1":{"start":{"line":3,"column":23},"end":{"line":18,"column":1}},"2":{"start":{"line":20,"column":29},"end":{"line":41,"column":2}},"3":{"start":{"line":43,"column":0},"end":{"line":43,"column":90}}},"fnMap":{},"branchMap":{},"s":{"0":5,"1":5,"2":5,"3":5},"f":{},"b":{},"_coverageSchema":"332fd63041d2c1bcb487cc26dd0d5f7d97098a6c","hash":"65dc992f2c25bb11f6fc2ba34d334c4f67b1ffba"}
,"/home/rodrigo/Documentos/DataViz/server/routes/facebook.route.js": {"path":"/home/rodrigo/Documentos/DataViz/server/routes/facebook.route.js","statementMap":{"0":{"start":{"line":2,"column":16},"end":{"line":2,"column":34}},"1":{"start":{"line":3,"column":21},"end":{"line":3,"column":66}},"2":{"start":{"line":4,"column":25},"end":{"line":4,"column":74}},"3":{"start":{"line":7,"column":15},"end":{"line":7,"column":31}},"4":{"start":{"line":13,"column":0},"end":{"line":14,"column":33}},"5":{"start":{"line":19,"column":0},"end":{"line":20,"column":25}},"6":{"start":{"line":24,"column":0},"end":{"line":32,"column":3}},"7":{"start":{"line":36,"column":0},"end":{"line":42,"column":3}},"8":{"start":{"line":48,"column":0},"end":{"line":49,"column":28}},"9":{"start":{"line":54,"column":0},"end":{"line":55,"column":30}},"10":{"start":{"line":60,"column":0},"end":{"line":66,"column":3}},"11":{"start":{"line":71,"column":0},"end":{"line":71,"column":45}},"12":{"start":{"line":75,"column":0},"end":{"line":75,"column":50}},"13":{"start":{"line":77,"column":0},"end":{"line":77,"column":24}}},"fnMap":{},"branchMap":{},"s":{"0":5,"1":5,"2":5,"3":5,"4":5,"5":5,"6":5,"7":5,"8":5,"9":5,"10":5,"11":5,"12":5,"13":5},"f":{},"b":{},"_coverageSchema":"332fd63041d2c1bcb487cc26dd0d5f7d97098a6c","hash":"bcb6e0cc174ad8d28c387bdc1007a4d8ac7658c3"}
,"/home/rodrigo/Documentos/DataViz/server/routes/index.route.js": {"path":"/home/rodrigo/Documentos/DataViz/server/routes/index.route.js","statementMap":{"0":{"start":{"line":1,"column":16},"end":{"line":1,"column":34}},"1":{"start":{"line":3,"column":23},"end":{"line":3,"column":51}},"2":{"start":{"line":4,"column":21},"end":{"line":4,"column":47}},"3":{"start":{"line":5,"column":22},"end":{"line":5,"column":49}},"4":{"start":{"line":6,"column":21},"end":{"line":6,"column":47}},"5":{"start":{"line":7,"column":19},"end":{"line":7,"column":66}},"6":{"start":{"line":9,"column":15},"end":{"line":9,"column":31}},"7":{"start":{"line":13,"column":0},"end":{"line":54,"column":3}},"8":{"start":{"line":14,"column":17},"end":{"line":34,"column":2}},"9":{"start":{"line":36,"column":18},"end":{"line":48,"column":3}},"10":{"start":{"line":50,"column":1},"end":{"line":53,"column":4}},"11":{"start":{"line":56,"column":0},"end":{"line":66,"column":3}},"12":{"start":{"line":57,"column":14},"end":{"line":61,"column":2}},"13":{"start":{"line":63,"column":1},"end":{"line":63,"column":32}},"14":{"start":{"line":64,"column":1},"end":{"line":64,"column":66}},"15":{"start":{"line":65,"column":1},"end":{"line":65,"column":16}},"16":{"start":{"line":68,"column":0},"end":{"line":70,"column":3}},"17":{"start":{"line":69,"column":1},"end":{"line":69,"column":20}},"18":{"start":{"line":72,"column":0},"end":{"line":74,"column":3}},"19":{"start":{"line":73,"column":1},"end":{"line":73,"column":21}},"20":{"start":{"line":77,"column":0},"end":{"line":77,"column":39}},"21":{"start":{"line":80,"column":0},"end":{"line":80,"column":37}},"22":{"start":{"line":83,"column":0},"end":{"line":83,"column":37}},"23":{"start":{"line":85,"column":0},"end":{"line":85,"column":41}},"24":{"start":{"line":87,"column":0},"end":{"line":87,"column":24}}},"fnMap":{"0":{"name":"(anonymous_0)","decl":{"start":{"line":13,"column":16},"end":{"line":13,"column":17}},"loc":{"start":{"line":13,"column":30},"end":{"line":54,"column":1}},"line":13},"1":{"name":"(anonymous_1)","decl":{"start":{"line":56,"column":24},"end":{"line":56,"column":25}},"loc":{"start":{"line":56,"column":38},"end":{"line":66,"column":1}},"line":56},"2":{"name":"(anonymous_2)","decl":{"start":{"line":68,"column":34},"end":{"line":68,"column":35}},"loc":{"start":{"line":68,"column":48},"end":{"line":70,"column":1}},"line":68},"3":{"name":"(anonymous_3)","decl":{"start":{"line":72,"column":35},"end":{"line":72,"column":36}},"loc":{"start":{"line":72,"column":49},"end":{"line":74,"column":1}},"line":72}},"branchMap":{},"s":{"0":5,"1":5,"2":5,"3":5,"4":5,"5":5,"6":5,"7":5,"8":1,"9":1,"10":1,"11":5,"12":0,"13":0,"14":0,"15":0,"16":5,"17":0,"18":5,"19":0,"20":5,"21":5,"22":5,"23":5,"24":5},"f":{"0":1,"1":0,"2":0,"3":0},"b":{},"_coverageSchema":"332fd63041d2c1bcb487cc26dd0d5f7d97098a6c","hash":"880f138ff179f368dfe9f21d33dda3183f43649c"}
,"/home/rodrigo/Documentos/DataViz/server/routes/instagram.route.js": {"path":"/home/rodrigo/Documentos/DataViz/server/routes/instagram.route.js","statementMap":{"0":{"start":{"line":1,"column":16},"end":{"line":1,"column":34}},"1":{"start":{"line":2,"column":25},"end":{"line":2,"column":71}},"2":{"start":{"line":3,"column":25},"end":{"line":3,"column":74}},"3":{"start":{"line":5,"column":15},"end":{"line":5,"column":31}},"4":{"start":{"line":7,"column":0},"end":{"line":8,"column":37}},"5":{"start":{"line":10,"column":0},"end":{"line":18,"column":3}},"6":{"start":{"line":20,"column":0},"end":{"line":26,"column":3}},"7":{"start":{"line":28,"column":0},"end":{"line":29,"column":32}},"8":{"start":{"line":31,"column":0},"end":{"line":32,"column":34}},"9":{"start":{"line":34,"column":0},"end":{"line":40,"column":3}},"10":{"start":{"line":42,"column":0},"end":{"line":42,"column":55}},"11":{"start":{"line":43,"column":0},"end":{"line":43,"column":54}},"12":{"start":{"line":45,"column":0},"end":{"line":45,"column":24}}},"fnMap":{},"branchMap":{},"s":{"0":5,"1":5,"2":5,"3":5,"4":5,"5":5,"6":5,"7":5,"8":5,"9":5,"10":5,"11":5,"12":5},"f":{},"b":{},"_coverageSchema":"332fd63041d2c1bcb487cc26dd0d5f7d97098a6c","hash":"63b35d2f045d39a1ccb220c99125c6ff21ec32d7"}
,"/home/rodrigo/Documentos/DataViz/server/routes/twitter.route.js": {"path":"/home/rodrigo/Documentos/DataViz/server/routes/twitter.route.js","statementMap":{"0":{"start":{"line":1,"column":16},"end":{"line":1,"column":34}},"1":{"start":{"line":2,"column":20},"end":{"line":2,"column":64}},"2":{"start":{"line":3,"column":25},"end":{"line":3,"column":74}},"3":{"start":{"line":5,"column":15},"end":{"line":5,"column":31}},"4":{"start":{"line":14,"column":0},"end":{"line":15,"column":32}},"5":{"start":{"line":17,"column":0},"end":{"line":24,"column":3}},"6":{"start":{"line":26,"column":0},"end":{"line":32,"column":3}},"7":{"start":{"line":34,"column":0},"end":{"line":35,"column":27}},"8":{"start":{"line":37,"column":0},"end":{"line":38,"column":34}},"9":{"start":{"line":40,"column":0},"end":{"line":45,"column":3}},"10":{"start":{"line":47,"column":0},"end":{"line":47,"column":50}},"11":{"start":{"line":48,"column":0},"end":{"line":48,"column":48}},"12":{"start":{"line":50,"column":0},"end":{"line":50,"column":24}}},"fnMap":{},"branchMap":{},"s":{"0":5,"1":5,"2":5,"3":5,"4":5,"5":5,"6":5,"7":5,"8":5,"9":5,"10":5,"11":5,"12":5},"f":{},"b":{},"_coverageSchema":"332fd63041d2c1bcb487cc26dd0d5f7d97098a6c","hash":"76cd46a63999bc922694c98d9670b96f06a74f9f"}
,"/home/rodrigo/Documentos/DataViz/server/routes/youtube.route.js": {"path":"/home/rodrigo/Documentos/DataViz/server/routes/youtube.route.js","statementMap":{"0":{"start":{"line":1,"column":16},"end":{"line":1,"column":34}},"1":{"start":{"line":2,"column":20},"end":{"line":2,"column":64}},"2":{"start":{"line":3,"column":25},"end":{"line":3,"column":74}},"3":{"start":{"line":5,"column":15},"end":{"line":5,"column":31}},"4":{"start":{"line":8,"column":0},"end":{"line":9,"column":32}},"5":{"start":{"line":11,"column":0},"end":{"line":18,"column":3}},"6":{"start":{"line":20,"column":0},"end":{"line":26,"column":3}},"7":{"start":{"line":28,"column":0},"end":{"line":29,"column":30}},"8":{"start":{"line":32,"column":0},"end":{"line":33,"column":27}},"9":{"start":{"line":38,"column":0},"end":{"line":39,"column":29}},"10":{"start":{"line":42,"column":0},"end":{"line":47,"column":3}},"11":{"start":{"line":49,"column":0},"end":{"line":49,"column":44}},"12":{"start":{"line":51,"column":0},"end":{"line":51,"column":49}},"13":{"start":{"line":53,"column":0},"end":{"line":53,"column":24}}},"fnMap":{},"branchMap":{},"s":{"0":5,"1":5,"2":5,"3":5,"4":5,"5":5,"6":5,"7":5,"8":5,"9":5,"10":5,"11":5,"12":5,"13":5},"f":{},"b":{},"_coverageSchema":"332fd63041d2c1bcb487cc26dd0d5f7d97098a6c","hash":"ed5f026350a37444667b5643b7cde344cce7449f"}
}
