TN:
SF:/home/rodrigo/Documentos/DataViz/index.js
FN:8,(anonymous_0)
FN:19,(anonymous_1)
FN:22,(anonymous_2)
FN:28,(anonymous_3)
FNF:4
FNH:1
FNDA:0,(anonymous_0)
FNDA:0,(anonymous_1)
FNDA:5,(anonymous_2)
FNDA:0,(anonymous_3)
DA:1,5
DA:2,5
DA:3,5
DA:4,5
DA:7,5
DA:8,5
DA:11,5
DA:14,5
DA:17,5
DA:18,5
DA:19,5
DA:20,0
DA:22,5
DA:23,5
DA:27,5
DA:28,0
DA:29,0
DA:33,5
LF:18
LH:15
BRDA:7,0,0,5
BRDA:7,0,1,0
BRDA:27,1,0,0
BRDA:27,1,1,5
BRF:4
BRH:2
end_of_record
TN:
SF:/home/rodrigo/Documentos/DataViz/config/config.js
FNF:0
FNH:0
DA:2,5
DA:4,5
DA:13,5
LF:3
LH:3
BRF:0
BRH:0
end_of_record
TN:
SF:/home/rodrigo/Documentos/DataViz/config/express.js
FNF:0
FNH:0
DA:1,5
DA:2,5
DA:3,5
DA:4,5
DA:5,5
DA:6,5
DA:7,5
DA:8,5
DA:10,5
DA:15,5
DA:18,5
DA:19,5
DA:22,5
DA:24,5
DA:25,5
DA:28,5
DA:31,5
DA:34,5
DA:37,5
DA:38,5
DA:41,5
DA:43,5
LF:22
LH:22
BRF:0
BRH:0
end_of_record
TN:
SF:/home/rodrigo/Documentos/DataViz/config/google-auth.js
FN:16,(anonymous_0)
FN:24,(anonymous_1)
FNF:2
FNH:2
FNDA:4,(anonymous_0)
FNDA:4,(anonymous_1)
DA:1,5
DA:2,5
DA:3,5
DA:4,5
DA:9,5
DA:10,5
DA:11,5
DA:13,5
DA:14,5
DA:15,5
DA:16,5
DA:17,4
DA:24,5
DA:25,4
DA:32,5
LF:15
LH:15
BRDA:10,0,0,5
BRDA:10,0,1,0
BRF:2
BRH:1
end_of_record
TN:
SF:/home/rodrigo/Documentos/DataViz/config/jest-setup.js
FNF:0
FNH:0
DA:1,5
DA:3,5
LF:2
LH:2
BRF:0
BRH:0
end_of_record
TN:
SF:/home/rodrigo/Documentos/DataViz/config/logger.js
FN:30,(anonymous_0)
FNF:1
FNH:1
FNDA:22,(anonymous_0)
DA:1,5
DA:2,5
DA:4,5
DA:5,5
DA:8,5
DA:9,5
DA:10,0
DA:13,5
DA:30,5
DA:31,22
DA:34,5
DA:36,5
DA:56,5
LF:13
LH:12
BRDA:9,0,0,0
BRDA:9,0,1,5
BRF:2
BRH:1
end_of_record
TN:
SF:/home/rodrigo/Documentos/DataViz/server/controllers/color.controller.js
FN:20,(anonymous_0)
FN:31,(anonymous_1)
FN:47,(anonymous_2)
FNF:3
FNH:3
FNDA:43,(anonymous_0)
FNDA:43,(anonymous_1)
FNDA:144,(anonymous_2)
DA:1,5
DA:3,5
DA:4,5
DA:5,5
DA:6,5
DA:7,5
DA:8,5
DA:9,5
DA:14,5
DA:15,5
DA:20,5
DA:21,43
DA:22,43
DA:23,43
DA:25,43
DA:31,5
DA:33,43
DA:34,58
DA:37,43
DA:39,43
DA:47,5
DA:48,144
DA:51,5
LF:23
LH:23
BRDA:47,0,0,0
BRF:1
BRH:0
end_of_record
TN:
SF:/home/rodrigo/Documentos/DataViz/server/controllers/facebook.controller.js
FN:23,(anonymous_0)
FN:46,(anonymous_1)
FN:68,(anonymous_2)
FN:142,(anonymous_3)
FN:155,(anonymous_4)
FN:176,(anonymous_5)
FN:213,(anonymous_6)
FN:231,(anonymous_7)
FN:264,(anonymous_8)
FN:297,(anonymous_9)
FN:322,(anonymous_10)
FN:334,(anonymous_11)
FN:383,(anonymous_12)
FN:396,(anonymous_13)
FN:397,(anonymous_14)
FN:410,(anonymous_15)
FN:411,(anonymous_16)
FN:453,(anonymous_17)
FN:513,(anonymous_18)
FN:528,(anonymous_19)
FN:538,(anonymous_20)
FN:560,(anonymous_21)
FN:572,(anonymous_22)
FN:590,(anonymous_23)
FN:605,(anonymous_24)
FN:620,(anonymous_25)
FN:636,(anonymous_26)
FN:644,(anonymous_27)
FN:645,(anonymous_28)
FN:653,(anonymous_29)
FN:671,(anonymous_30)
FN:681,(anonymous_31)
FN:700,(anonymous_32)
FN:713,(anonymous_33)
FNF:34
FNH:32
FNDA:1,(anonymous_0)
FNDA:1,(anonymous_1)
FNDA:0,(anonymous_2)
FNDA:0,(anonymous_3)
FNDA:1,(anonymous_4)
FNDA:1,(anonymous_5)
FNDA:5,(anonymous_6)
FNDA:10,(anonymous_7)
FNDA:8,(anonymous_8)
FNDA:4,(anonymous_9)
FNDA:5,(anonymous_10)
FNDA:7,(anonymous_11)
FNDA:5,(anonymous_12)
FNDA:7,(anonymous_13)
FNDA:18,(anonymous_14)
FNDA:7,(anonymous_15)
FNDA:18,(anonymous_16)
FNDA:5,(anonymous_17)
FNDA:13,(anonymous_18)
FNDA:1,(anonymous_19)
FNDA:1,(anonymous_20)
FNDA:1,(anonymous_21)
FNDA:1,(anonymous_22)
FNDA:1,(anonymous_23)
FNDA:2,(anonymous_24)
FNDA:3,(anonymous_25)
FNDA:8,(anonymous_26)
FNDA:20,(anonymous_27)
FNDA:21,(anonymous_28)
FNDA:11,(anonymous_29)
FNDA:3,(anonymous_30)
FNDA:5,(anonymous_31)
FNDA:3,(anonymous_32)
FNDA:4,(anonymous_33)
DA:2,5
DA:3,5
DA:4,5
DA:5,5
DA:6,5
DA:7,5
DA:8,5
DA:11,5
DA:12,5
DA:13,5
DA:23,5
DA:24,1
DA:25,1
DA:27,1
DA:29,1
DA:35,0
DA:37,0
DA:46,5
DA:47,1
DA:57,1
DA:68,5
DA:69,0
DA:70,0
DA:71,0
DA:72,0
DA:73,0
DA:74,0
DA:75,0
DA:76,0
DA:77,0
DA:78,0
DA:79,0
DA:82,0
DA:84,0
DA:85,0
DA:86,0
DA:87,0
DA:89,0
DA:90,0
DA:92,0
DA:93,0
DA:98,0
DA:99,0
DA:100,0
DA:103,0
DA:105,0
DA:106,0
DA:113,0
DA:114,0
DA:115,0
DA:116,0
DA:119,0
DA:120,0
DA:121,0
DA:122,0
DA:123,0
DA:124,0
DA:128,0
DA:129,0
DA:131,0
DA:137,0
DA:141,0
DA:142,0
DA:143,0
DA:146,0
DA:147,0
DA:155,5
DA:156,1
DA:157,1
DA:158,1
DA:160,1
DA:165,0
DA:167,0
DA:176,5
DA:177,1
DA:178,1
DA:179,1
DA:180,1
DA:181,1
DA:182,1
DA:183,1
DA:185,1
DA:186,3
DA:187,6
DA:189,2
DA:190,2
DA:195,1
DA:197,1
DA:202,0
DA:204,0
DA:213,5
DA:214,5
DA:216,5
DA:217,5
DA:218,5
DA:219,5
DA:220,5
DA:231,5
DA:232,10
DA:233,10
DA:234,3
DA:235,6
DA:238,7
DA:239,7
DA:242,8
DA:245,2
DA:246,1
DA:248,1
DA:251,2
DA:253,2
DA:264,5
DA:265,8
DA:266,8
DA:267,8
DA:268,8
DA:272,8
DA:273,7
DA:275,1
DA:276,1
DA:282,7
DA:288,7
DA:297,5
DA:298,4
DA:299,4
DA:301,4
DA:302,1
DA:305,3
DA:307,3
DA:309,1
DA:311,1
DA:322,5
DA:323,5
DA:324,5
DA:326,5
DA:327,5
DA:330,5
DA:331,5
DA:334,5
DA:335,7
DA:336,7
DA:337,7
DA:340,7
DA:341,18
DA:343,18
DA:345,18
DA:354,7
DA:355,1
DA:357,6
DA:360,7
DA:361,7
DA:369,7
DA:370,7
DA:373,5
DA:383,5
DA:384,5
DA:385,5
DA:386,5
DA:387,5
DA:388,5
DA:389,5
DA:390,5
DA:393,5
DA:394,5
DA:396,5
DA:397,7
DA:398,18
DA:399,18
DA:401,18
DA:402,18
DA:404,18
DA:408,5
DA:410,5
DA:411,7
DA:412,18
DA:413,18
DA:417,5
DA:418,5
DA:420,5
DA:421,5
DA:422,5
DA:424,5
DA:425,5
DA:427,5
DA:429,5
DA:431,5
DA:432,5
DA:433,5
DA:435,5
DA:436,5
DA:437,5
DA:439,5
DA:440,5
DA:441,5
DA:443,5
DA:453,5
DA:454,5
DA:455,5
DA:457,5
DA:502,5
DA:504,5
DA:513,5
DA:514,13
DA:516,13
DA:518,11
DA:520,11
DA:528,5
DA:529,1
DA:530,1
DA:538,5
DA:539,1
DA:541,1
DA:542,3
DA:543,3
DA:544,3
DA:546,3
DA:547,3
DA:551,3
DA:560,5
DA:561,1
DA:572,5
DA:573,1
DA:574,1
DA:576,1
DA:578,1
DA:579,2
DA:582,1
DA:590,5
DA:591,1
DA:593,1
DA:605,5
DA:606,2
DA:620,5
DA:621,3
DA:623,3
DA:636,5
DA:637,8
DA:644,5
DA:645,21
DA:653,5
DA:654,11
DA:656,8
DA:658,8
DA:661,6
DA:664,2
DA:671,5
DA:672,3
DA:674,2
DA:681,5
DA:682,5
DA:684,3
DA:685,3
DA:686,3
DA:688,3
DA:689,1
DA:691,3
DA:693,3
DA:700,5
DA:701,3
DA:703,3
DA:705,3
DA:713,5
DA:714,4
DA:716,3
DA:718,3
DA:720,3
DA:723,5
LF:266
LH:215
BRDA:92,0,0,0
BRDA:92,0,1,0
BRDA:92,1,0,0
BRDA:92,1,1,0
BRDA:98,2,0,0
BRDA:98,2,1,0
BRDA:105,3,0,0
BRDA:105,3,1,0
BRDA:114,4,0,0
BRDA:114,4,1,0
BRDA:119,5,0,0
BRDA:119,5,1,0
BRDA:121,6,0,0
BRDA:121,6,1,0
BRDA:123,7,0,0
BRDA:123,7,1,0
BRDA:123,8,0,0
BRDA:123,8,1,0
BRDA:185,9,0,4
BRDA:185,9,1,3
BRDA:187,10,0,2
BRDA:187,10,1,4
BRDA:187,11,0,6
BRDA:187,11,1,2
BRDA:233,12,0,3
BRDA:233,12,1,7
BRDA:245,13,0,1
BRDA:245,13,1,1
BRDA:272,14,0,7
BRDA:272,14,1,1
BRDA:301,15,0,1
BRDA:301,15,1,3
BRDA:326,16,0,5
BRDA:326,16,1,0
BRDA:330,17,0,5
BRDA:330,17,1,0
BRDA:341,18,0,18
BRDA:341,18,1,0
BRDA:341,19,0,18
BRDA:341,19,1,18
BRDA:354,20,0,1
BRDA:354,20,1,6
BRDA:401,21,0,8
BRDA:401,21,1,10
BRDA:402,22,0,11
BRDA:402,22,1,7
BRDA:435,23,0,0
BRDA:435,23,1,5
BRDA:436,24,0,4
BRDA:436,24,1,1
BRDA:437,25,0,0
BRDA:437,25,1,5
BRDA:516,26,0,2
BRDA:516,26,1,11
BRDA:518,27,0,9
BRDA:518,27,1,2
BRDA:546,28,0,3
BRDA:546,28,1,0
BRDA:654,29,0,3
BRDA:654,29,1,8
BRDA:658,30,0,6
BRDA:658,30,1,2
BRDA:658,31,0,8
BRDA:658,31,1,7
BRDA:658,31,2,5
BRDA:672,32,0,1
BRDA:672,32,1,2
BRDA:682,33,0,2
BRDA:682,33,1,3
BRDA:682,34,0,5
BRDA:682,34,1,4
BRDA:688,35,0,2
BRDA:688,35,1,1
BRDA:703,36,0,1
BRDA:703,36,1,2
BRDA:714,37,0,1
BRDA:714,37,1,3
BRDA:718,38,0,2
BRDA:718,38,1,1
BRDA:718,39,0,3
BRDA:718,39,1,3
BRF:81
BRH:57
end_of_record
TN:
SF:/home/rodrigo/Documentos/DataViz/server/controllers/instagram.controller.js
FN:23,(anonymous_0)
FN:47,(anonymous_1)
FN:109,(anonymous_2)
FN:130,(anonymous_3)
FN:142,(anonymous_4)
FN:163,(anonymous_5)
FN:200,(anonymous_6)
FN:218,(anonymous_7)
FN:250,(anonymous_8)
FN:283,(anonymous_9)
FN:308,(anonymous_10)
FN:320,(anonymous_11)
FN:369,(anonymous_12)
FN:382,(anonymous_13)
FN:383,(anonymous_14)
FN:396,(anonymous_15)
FN:397,(anonymous_16)
FN:439,(anonymous_17)
FN:498,(anonymous_18)
FN:513,(anonymous_19)
FN:524,(anonymous_20)
FN:545,(anonymous_21)
FN:557,(anonymous_22)
FN:575,(anonymous_23)
FN:590,(anonymous_24)
FN:604,(anonymous_25)
FN:620,(anonymous_26)
FN:628,(anonymous_27)
FN:629,(anonymous_28)
FN:636,(anonymous_29)
FN:656,(anonymous_30)
FN:674,(anonymous_31)
FN:687,(anonymous_32)
FNF:33
FNH:30
FNDA:1,(anonymous_0)
FNDA:0,(anonymous_1)
FNDA:0,(anonymous_2)
FNDA:0,(anonymous_3)
FNDA:1,(anonymous_4)
FNDA:1,(anonymous_5)
FNDA:7,(anonymous_6)
FNDA:12,(anonymous_7)
FNDA:11,(anonymous_8)
FNDA:5,(anonymous_9)
FNDA:7,(anonymous_10)
FNDA:10,(anonymous_11)
FNDA:7,(anonymous_12)
FNDA:10,(anonymous_13)
FNDA:27,(anonymous_14)
FNDA:10,(anonymous_15)
FNDA:27,(anonymous_16)
FNDA:7,(anonymous_17)
FNDA:16,(anonymous_18)
FNDA:1,(anonymous_19)
FNDA:1,(anonymous_20)
FNDA:1,(anonymous_21)
FNDA:1,(anonymous_22)
FNDA:1,(anonymous_23)
FNDA:3,(anonymous_24)
FNDA:3,(anonymous_25)
FNDA:10,(anonymous_26)
FNDA:25,(anonymous_27)
FNDA:26,(anonymous_28)
FNDA:4,(anonymous_29)
FNDA:8,(anonymous_30)
FNDA:3,(anonymous_31)
FNDA:4,(anonymous_32)
DA:2,5
DA:3,5
DA:4,5
DA:5,5
DA:6,5
DA:7,5
DA:8,5
DA:11,5
DA:12,5
DA:13,5
DA:23,5
DA:24,1
DA:25,1
DA:27,1
DA:29,1
DA:35,0
DA:37,0
DA:47,5
DA:52,0
DA:53,0
DA:54,0
DA:55,0
DA:57,0
DA:59,0
DA:60,0
DA:61,0
DA:63,0
DA:64,0
DA:65,0
DA:66,0
DA:70,0
DA:71,0
DA:72,0
DA:77,0
DA:78,0
DA:83,0
DA:86,0
DA:87,0
DA:92,0
DA:93,0
DA:94,0
DA:98,0
DA:101,0
DA:109,0
DA:110,0
DA:112,0
DA:113,0
DA:114,0
DA:115,0
DA:116,0
DA:117,0
DA:120,0
DA:124,0
DA:129,0
DA:130,0
DA:131,0
DA:133,0
DA:134,0
DA:142,5
DA:143,1
DA:144,1
DA:145,1
DA:147,1
DA:152,0
DA:154,0
DA:163,5
DA:164,1
DA:165,1
DA:166,1
DA:167,1
DA:168,1
DA:169,1
DA:170,1
DA:172,1
DA:173,3
DA:174,9
DA:176,3
DA:177,3
DA:182,1
DA:184,1
DA:189,0
DA:191,0
DA:200,5
DA:201,7
DA:203,7
DA:204,7
DA:205,7
DA:206,7
DA:207,7
DA:218,5
DA:219,12
DA:220,12
DA:221,4
DA:222,8
DA:225,8
DA:226,8
DA:229,10
DA:232,2
DA:233,1
DA:235,1
DA:237,2
DA:239,2
DA:250,5
DA:251,11
DA:252,11
DA:253,11
DA:254,11
DA:258,11
DA:259,9
DA:261,2
DA:262,2
DA:268,9
DA:274,9
DA:283,5
DA:284,5
DA:285,5
DA:287,5
DA:288,1
DA:291,4
DA:293,4
DA:295,1
DA:297,1
DA:308,5
DA:309,7
DA:310,7
DA:312,7
DA:313,7
DA:316,7
DA:317,7
DA:320,7
DA:321,10
DA:322,10
DA:323,10
DA:326,10
DA:327,27
DA:329,27
DA:331,27
DA:340,10
DA:341,1
DA:343,9
DA:346,10
DA:347,10
DA:355,10
DA:356,10
DA:359,7
DA:369,5
DA:370,7
DA:371,7
DA:372,7
DA:373,7
DA:374,7
DA:375,7
DA:376,7
DA:379,7
DA:380,7
DA:382,7
DA:383,10
DA:384,27
DA:385,27
DA:387,27
DA:388,27
DA:390,27
DA:394,7
DA:396,7
DA:397,10
DA:398,27
DA:399,27
DA:403,7
DA:404,7
DA:406,7
DA:407,7
DA:408,7
DA:410,7
DA:411,7
DA:413,7
DA:415,7
DA:417,7
DA:418,7
DA:419,7
DA:421,7
DA:422,7
DA:423,7
DA:425,7
DA:426,7
DA:427,7
DA:429,7
DA:439,5
DA:440,7
DA:441,7
DA:443,7
DA:487,7
DA:489,7
DA:498,5
DA:499,16
DA:501,16
DA:503,14
DA:505,14
DA:513,5
DA:514,1
DA:516,1
DA:524,5
DA:525,1
DA:527,1
DA:528,3
DA:529,3
DA:531,3
DA:532,3
DA:536,3
DA:545,5
DA:546,1
DA:557,5
DA:558,1
DA:559,1
DA:561,1
DA:563,1
DA:564,3
DA:567,1
DA:575,5
DA:576,1
DA:578,1
DA:590,5
DA:591,3
DA:604,5
DA:605,3
DA:607,3
DA:620,5
DA:621,10
DA:628,5
DA:629,26
DA:636,5
DA:637,4
DA:639,2
DA:640,2
DA:641,2
DA:643,2
DA:644,1
DA:646,2
DA:648,2
DA:656,5
DA:657,8
DA:659,6
DA:661,6
DA:664,5
DA:667,1
DA:674,5
DA:675,3
DA:677,3
DA:679,3
DA:687,5
DA:688,4
DA:690,3
DA:692,3
DA:694,3
DA:697,5
LF:254
LH:208
BRDA:70,0,0,0
BRDA:70,0,1,0
BRDA:77,1,0,0
BRDA:77,1,1,0
BRDA:77,2,0,0
BRDA:77,2,1,0
BRDA:86,3,0,0
BRDA:86,3,1,0
BRDA:93,4,0,0
BRDA:93,4,1,0
BRDA:98,5,0,0
BRDA:98,5,1,0
BRDA:110,6,0,0
BRDA:110,6,1,0
BRDA:115,7,0,0
BRDA:115,7,1,0
BRDA:117,8,0,0
BRDA:117,8,1,0
BRDA:172,9,0,4
BRDA:172,9,1,3
BRDA:174,10,0,3
BRDA:174,10,1,6
BRDA:174,11,0,9
BRDA:174,11,1,3
BRDA:220,12,0,4
BRDA:220,12,1,8
BRDA:232,13,0,1
BRDA:232,13,1,1
BRDA:258,14,0,9
BRDA:258,14,1,2
BRDA:287,15,0,1
BRDA:287,15,1,4
BRDA:312,16,0,7
BRDA:312,16,1,0
BRDA:316,17,0,7
BRDA:316,17,1,0
BRDA:327,18,0,27
BRDA:327,18,1,0
BRDA:327,19,0,27
BRDA:327,19,1,27
BRDA:340,20,0,1
BRDA:340,20,1,9
BRDA:387,21,0,6
BRDA:387,21,1,21
BRDA:388,22,0,20
BRDA:388,22,1,7
BRDA:421,23,0,0
BRDA:421,23,1,7
BRDA:422,24,0,6
BRDA:422,24,1,1
BRDA:423,25,0,0
BRDA:423,25,1,7
BRDA:501,26,0,2
BRDA:501,26,1,14
BRDA:503,27,0,11
BRDA:503,27,1,3
BRDA:531,28,0,3
BRDA:531,28,1,0
BRDA:637,29,0,2
BRDA:637,29,1,2
BRDA:637,30,0,4
BRDA:637,30,1,3
BRDA:643,31,0,1
BRDA:643,31,1,1
BRDA:657,32,0,2
BRDA:657,32,1,6
BRDA:661,33,0,5
BRDA:661,33,1,1
BRDA:661,34,0,6
BRDA:661,34,1,5
BRDA:661,34,2,3
BRDA:677,35,0,1
BRDA:677,35,1,2
BRDA:688,36,0,1
BRDA:688,36,1,3
BRDA:692,37,0,2
BRDA:692,37,1,1
BRDA:692,38,0,3
BRDA:692,38,1,3
BRF:79
BRH:55
end_of_record
TN:
SF:/home/rodrigo/Documentos/DataViz/server/controllers/spreadsheets.controller.js
FN:18,(anonymous_0)
FN:28,(anonymous_1)
FN:50,(anonymous_2)
FN:71,(anonymous_3)
FN:99,(anonymous_4)
FN:100,(anonymous_5)
FN:108,(anonymous_6)
FN:135,(anonymous_7)
FN:171,(anonymous_8)
FNF:9
FNH:1
FNDA:4,(anonymous_0)
FNDA:0,(anonymous_1)
FNDA:0,(anonymous_2)
FNDA:0,(anonymous_3)
FNDA:0,(anonymous_4)
FNDA:0,(anonymous_5)
FNDA:0,(anonymous_6)
FNDA:0,(anonymous_7)
FNDA:0,(anonymous_8)
DA:1,5
DA:2,5
DA:3,5
DA:4,5
DA:5,5
DA:6,5
DA:8,5
DA:9,5
DA:18,5
DA:20,4
DA:22,4
DA:23,4
DA:24,4
DA:26,0
DA:28,0
DA:29,0
DA:30,0
DA:31,0
DA:32,0
DA:38,0
DA:39,0
DA:40,0
DA:50,5
DA:51,0
DA:53,0
DA:54,0
DA:55,0
DA:58,0
DA:59,0
DA:61,0
DA:71,5
DA:72,0
DA:75,0
DA:76,0
DA:79,0
DA:80,0
DA:82,0
DA:83,0
DA:86,0
DA:87,0
DA:88,0
DA:99,5
DA:100,0
DA:101,0
DA:104,0
DA:109,0
DA:110,0
DA:111,0
DA:114,0
DA:116,0
DA:117,0
DA:118,0
DA:120,0
DA:125,0
DA:135,5
DA:136,0
DA:137,0
DA:138,0
DA:140,0
DA:145,0
DA:146,0
DA:152,0
DA:166,0
DA:167,0
DA:168,0
DA:171,5
DA:172,0
DA:194,0
DA:209,0
DA:215,5
LF:70
LH:19
BRDA:23,0,0,4
BRDA:23,0,1,0
BRDA:29,1,0,0
BRDA:29,1,1,0
BRDA:109,2,0,0
BRDA:109,2,1,0
BRDA:116,3,0,0
BRDA:116,3,1,0
BRF:8
BRH:1
end_of_record
TN:
SF:/home/rodrigo/Documentos/DataViz/server/controllers/twitter.controller.js
FN:23,(anonymous_0)
FN:47,(anonymous_1)
FN:113,(anonymous_2)
FN:134,(anonymous_3)
FN:146,(anonymous_4)
FN:172,(anonymous_5)
FN:210,(anonymous_6)
FN:276,(anonymous_7)
FN:308,(anonymous_8)
FN:345,(anonymous_9)
FN:370,(anonymous_10)
FN:383,(anonymous_11)
FN:432,(anonymous_12)
FN:445,(anonymous_13)
FN:446,(anonymous_14)
FN:459,(anonymous_15)
FN:460,(anonymous_16)
FN:501,(anonymous_17)
FN:516,(anonymous_18)
FN:526,(anonymous_19)
FN:547,(anonymous_20)
FN:559,(anonymous_21)
FN:577,(anonymous_22)
FN:592,(anonymous_23)
FN:606,(anonymous_24)
FN:622,(anonymous_25)
FN:630,(anonymous_26)
FN:631,(anonymous_27)
FN:638,(anonymous_28)
FN:658,(anonymous_29)
FN:677,(anonymous_30)
FN:691,(anonymous_31)
FNF:32
FNH:29
FNDA:1,(anonymous_0)
FNDA:0,(anonymous_1)
FNDA:0,(anonymous_2)
FNDA:0,(anonymous_3)
FNDA:1,(anonymous_4)
FNDA:1,(anonymous_5)
FNDA:11,(anonymous_6)
FNDA:16,(anonymous_7)
FNDA:14,(anonymous_8)
FNDA:7,(anonymous_9)
FNDA:11,(anonymous_10)
FNDA:16,(anonymous_11)
FNDA:11,(anonymous_12)
FNDA:16,(anonymous_13)
FNDA:45,(anonymous_14)
FNDA:16,(anonymous_15)
FNDA:45,(anonymous_16)
FNDA:22,(anonymous_17)
FNDA:1,(anonymous_18)
FNDA:1,(anonymous_19)
FNDA:1,(anonymous_20)
FNDA:1,(anonymous_21)
FNDA:1,(anonymous_22)
FNDA:5,(anonymous_23)
FNDA:3,(anonymous_24)
FNDA:14,(anonymous_25)
FNDA:32,(anonymous_26)
FNDA:33,(anonymous_27)
FNDA:5,(anonymous_28)
FNDA:8,(anonymous_29)
FNDA:4,(anonymous_30)
FNDA:3,(anonymous_31)
DA:2,5
DA:3,5
DA:4,5
DA:5,5
DA:6,5
DA:7,5
DA:8,5
DA:11,5
DA:12,5
DA:13,5
DA:23,5
DA:24,1
DA:25,1
DA:27,1
DA:29,1
DA:35,0
DA:37,0
DA:47,5
DA:53,0
DA:54,0
DA:55,0
DA:56,0
DA:58,0
DA:60,0
DA:61,0
DA:62,0
DA:64,0
DA:65,0
DA:66,0
DA:67,0
DA:71,0
DA:72,0
DA:73,0
DA:78,0
DA:79,0
DA:84,0
DA:87,0
DA:88,0
DA:93,0
DA:94,0
DA:95,0
DA:99,0
DA:102,0
DA:113,0
DA:114,0
DA:116,0
DA:117,0
DA:118,0
DA:119,0
DA:120,0
DA:121,0
DA:124,0
DA:128,0
DA:133,0
DA:134,0
DA:135,0
DA:137,0
DA:138,0
DA:146,5
DA:147,1
DA:148,1
DA:150,1
DA:152,1
DA:157,0
DA:159,0
DA:172,5
DA:173,1
DA:174,1
DA:175,1
DA:176,1
DA:177,1
DA:178,1
DA:179,1
DA:181,1
DA:182,3
DA:183,15
DA:185,5
DA:186,5
DA:191,1
DA:193,1
DA:198,0
DA:200,0
DA:210,5
DA:211,11
DA:212,11
DA:213,11
DA:214,11
DA:215,11
DA:217,11
DA:262,11
DA:263,11
DA:264,11
DA:265,11
DA:266,11
DA:276,5
DA:277,16
DA:278,16
DA:279,6
DA:280,12
DA:283,10
DA:284,10
DA:287,14
DA:290,2
DA:291,1
DA:293,1
DA:295,2
DA:297,2
DA:308,5
DA:311,14
DA:312,14
DA:313,14
DA:314,14
DA:321,14
DA:322,13
DA:324,1
DA:325,1
DA:331,13
DA:336,13
DA:345,5
DA:346,7
DA:347,7
DA:349,7
DA:350,1
DA:353,6
DA:355,6
DA:357,1
DA:359,1
DA:370,5
DA:372,11
DA:373,11
DA:375,11
DA:376,11
DA:379,11
DA:380,11
DA:383,11
DA:384,16
DA:385,16
DA:386,16
DA:389,16
DA:390,45
DA:392,45
DA:394,45
DA:403,16
DA:404,1
DA:406,15
DA:409,16
DA:410,16
DA:418,16
DA:419,16
DA:422,11
DA:432,5
DA:433,11
DA:434,11
DA:435,11
DA:436,11
DA:437,11
DA:438,11
DA:439,11
DA:442,11
DA:443,11
DA:445,11
DA:446,16
DA:447,45
DA:448,45
DA:450,45
DA:451,45
DA:453,45
DA:457,11
DA:459,11
DA:460,16
DA:461,45
DA:462,45
DA:466,11
DA:467,11
DA:469,11
DA:470,11
DA:471,11
DA:473,11
DA:474,11
DA:476,11
DA:478,11
DA:480,11
DA:481,11
DA:482,11
DA:484,11
DA:485,11
DA:486,11
DA:488,11
DA:489,11
DA:490,11
DA:492,11
DA:501,5
DA:502,22
DA:504,22
DA:506,20
DA:508,20
DA:516,5
DA:517,1
DA:518,1
DA:526,5
DA:527,1
DA:529,1
DA:530,3
DA:531,3
DA:533,3
DA:534,3
DA:538,3
DA:547,5
DA:548,1
DA:559,5
DA:560,1
DA:561,1
DA:563,1
DA:565,1
DA:566,5
DA:569,1
DA:577,5
DA:578,1
DA:580,1
DA:592,5
DA:593,5
DA:606,5
DA:607,3
DA:609,3
DA:622,5
DA:623,14
DA:630,5
DA:631,33
DA:638,5
DA:639,5
DA:641,3
DA:642,3
DA:643,3
DA:645,3
DA:646,1
DA:648,3
DA:650,3
DA:658,5
DA:659,8
DA:661,6
DA:663,6
DA:666,5
DA:669,1
DA:677,5
DA:678,4
DA:680,3
DA:682,3
DA:684,3
DA:691,5
DA:692,3
DA:694,3
DA:696,3
DA:699,5
LF:253
LH:207
BRDA:71,0,0,0
BRDA:71,0,1,0
BRDA:78,1,0,0
BRDA:78,1,1,0
BRDA:78,2,0,0
BRDA:78,2,1,0
BRDA:87,3,0,0
BRDA:87,3,1,0
BRDA:94,4,0,0
BRDA:94,4,1,0
BRDA:99,5,0,0
BRDA:99,5,1,0
BRDA:114,6,0,0
BRDA:114,6,1,0
BRDA:119,7,0,0
BRDA:119,7,1,0
BRDA:121,8,0,0
BRDA:121,8,1,0
BRDA:181,9,0,4
BRDA:181,9,1,3
BRDA:183,10,0,5
BRDA:183,10,1,10
BRDA:183,11,0,15
BRDA:183,11,1,5
BRDA:278,12,0,6
BRDA:278,12,1,10
BRDA:290,13,0,1
BRDA:290,13,1,1
BRDA:321,14,0,13
BRDA:321,14,1,1
BRDA:349,15,0,1
BRDA:349,15,1,6
BRDA:375,16,0,11
BRDA:375,16,1,0
BRDA:379,17,0,11
BRDA:379,17,1,0
BRDA:390,18,0,45
BRDA:390,18,1,0
BRDA:390,19,0,45
BRDA:390,19,1,45
BRDA:403,20,0,1
BRDA:403,20,1,15
BRDA:450,21,0,10
BRDA:450,21,1,35
BRDA:451,22,0,31
BRDA:451,22,1,14
BRDA:484,23,0,0
BRDA:484,23,1,11
BRDA:485,24,0,10
BRDA:485,24,1,1
BRDA:486,25,0,2
BRDA:486,25,1,9
BRDA:504,26,0,2
BRDA:504,26,1,20
BRDA:506,27,0,15
BRDA:506,27,1,5
BRDA:533,28,0,3
BRDA:533,28,1,0
BRDA:639,29,0,2
BRDA:639,29,1,3
BRDA:639,30,0,5
BRDA:639,30,1,4
BRDA:645,31,0,2
BRDA:645,31,1,1
BRDA:659,32,0,2
BRDA:659,32,1,6
BRDA:663,33,0,5
BRDA:663,33,1,1
BRDA:663,34,0,6
BRDA:663,34,1,5
BRDA:663,34,2,3
BRDA:678,35,0,1
BRDA:678,35,1,3
BRDA:682,36,0,2
BRDA:682,36,1,1
BRDA:682,37,0,3
BRDA:682,37,1,3
BRDA:694,38,0,1
BRDA:694,38,1,2
BRF:79
BRH:56
end_of_record
TN:
SF:/home/rodrigo/Documentos/DataViz/server/controllers/youtube.controller.js
FN:22,(anonymous_0)
FN:47,(anonymous_1)
FN:141,(anonymous_2)
FN:149,(anonymous_3)
FN:238,(anonymous_4)
FN:251,(anonymous_5)
FN:261,(anonymous_6)
FN:283,(anonymous_7)
FN:322,(anonymous_8)
FN:389,(anonymous_9)
FN:421,(anonymous_10)
FN:454,(anonymous_11)
FN:479,(anonymous_12)
FN:491,(anonymous_13)
FN:540,(anonymous_14)
FN:553,(anonymous_15)
FN:554,(anonymous_16)
FN:567,(anonymous_17)
FN:568,(anonymous_18)
FN:609,(anonymous_19)
FN:624,(anonymous_20)
FN:634,(anonymous_21)
FN:656,(anonymous_22)
FN:668,(anonymous_23)
FN:686,(anonymous_24)
FN:701,(anonymous_25)
FN:716,(anonymous_26)
FN:732,(anonymous_27)
FN:740,(anonymous_28)
FN:741,(anonymous_29)
FN:749,(anonymous_30)
FN:767,(anonymous_31)
FN:777,(anonymous_32)
FN:796,(anonymous_33)
FN:809,(anonymous_34)
FNF:35
FNH:30
FNDA:1,(anonymous_0)
FNDA:0,(anonymous_1)
FNDA:0,(anonymous_2)
FNDA:0,(anonymous_3)
FNDA:0,(anonymous_4)
FNDA:0,(anonymous_5)
FNDA:1,(anonymous_6)
FNDA:1,(anonymous_7)
FNDA:7,(anonymous_8)
FNDA:12,(anonymous_9)
FNDA:10,(anonymous_10)
FNDA:5,(anonymous_11)
FNDA:7,(anonymous_12)
FNDA:10,(anonymous_13)
FNDA:7,(anonymous_14)
FNDA:10,(anonymous_15)
FNDA:27,(anonymous_16)
FNDA:10,(anonymous_17)
FNDA:27,(anonymous_18)
FNDA:16,(anonymous_19)
FNDA:1,(anonymous_20)
FNDA:1,(anonymous_21)
FNDA:1,(anonymous_22)
FNDA:1,(anonymous_23)
FNDA:1,(anonymous_24)
FNDA:3,(anonymous_25)
FNDA:3,(anonymous_26)
FNDA:10,(anonymous_27)
FNDA:24,(anonymous_28)
FNDA:25,(anonymous_29)
FNDA:11,(anonymous_30)
FNDA:3,(anonymous_31)
FNDA:5,(anonymous_32)
FNDA:3,(anonymous_33)
FNDA:4,(anonymous_34)
DA:2,5
DA:3,5
DA:4,5
DA:5,5
DA:6,5
DA:7,5
DA:8,5
DA:11,5
DA:12,5
DA:13,5
DA:22,5
DA:23,1
DA:24,1
DA:26,1
DA:28,1
DA:34,0
DA:36,0
DA:47,5
DA:48,0
DA:49,0
DA:50,0
DA:51,0
DA:52,0
DA:53,0
DA:54,0
DA:55,0
DA:56,0
DA:57,0
DA:58,0
DA:59,0
DA:63,0
DA:64,0
DA:65,0
DA:68,0
DA:69,0
DA:70,0
DA:71,0
DA:73,0
DA:74,0
DA:77,0
DA:78,0
DA:83,0
DA:84,0
DA:85,0
DA:88,0
DA:89,0
DA:90,0
DA:93,0
DA:94,0
DA:100,0
DA:101,0
DA:102,0
DA:103,0
DA:108,0
DA:109,0
DA:110,0
DA:111,0
DA:115,0
DA:116,0
DA:119,0
DA:125,0
DA:126,0
DA:127,0
DA:128,0
DA:129,0
DA:130,0
DA:133,0
DA:134,0
DA:140,0
DA:141,0
DA:142,0
DA:144,0
DA:146,0
DA:149,5
DA:150,0
DA:151,0
DA:155,0
DA:156,0
DA:157,0
DA:159,0
DA:165,0
DA:166,0
DA:167,0
DA:170,0
DA:172,0
DA:173,0
DA:174,0
DA:175,0
DA:177,0
DA:183,0
DA:185,0
DA:186,0
DA:187,0
DA:192,0
DA:193,0
DA:195,0
DA:196,0
DA:197,0
DA:198,0
DA:199,0
DA:200,0
DA:201,0
DA:202,0
DA:205,0
DA:206,0
DA:207,0
DA:208,0
DA:209,0
DA:210,0
DA:211,0
DA:212,0
DA:214,0
DA:215,0
DA:217,0
DA:219,0
DA:220,0
DA:221,0
DA:222,0
DA:223,0
DA:224,0
DA:225,0
DA:226,0
DA:227,0
DA:229,0
DA:235,0
DA:237,0
DA:238,0
DA:239,0
DA:241,0
DA:242,0
DA:243,0
DA:248,0
DA:251,5
DA:252,0
DA:253,0
DA:261,5
DA:262,1
DA:263,1
DA:265,1
DA:267,1
DA:272,0
DA:274,0
DA:283,5
DA:284,1
DA:285,1
DA:286,1
DA:287,1
DA:288,1
DA:289,1
DA:290,1
DA:292,1
DA:293,3
DA:294,9
DA:296,3
DA:297,3
DA:302,1
DA:304,1
DA:309,0
DA:311,0
DA:322,5
DA:323,7
DA:324,7
DA:325,7
DA:326,7
DA:327,7
DA:329,7
DA:374,7
DA:375,7
DA:376,7
DA:377,7
DA:378,7
DA:389,5
DA:390,12
DA:391,12
DA:392,4
DA:393,8
DA:396,8
DA:397,8
DA:400,10
DA:403,2
DA:404,1
DA:406,1
DA:408,2
DA:410,2
DA:421,5
DA:422,10
DA:423,10
DA:424,10
DA:425,10
DA:429,10
DA:430,9
DA:432,1
DA:433,1
DA:439,9
DA:445,9
DA:454,5
DA:455,5
DA:456,5
DA:458,5
DA:459,1
DA:462,4
DA:464,4
DA:466,1
DA:468,1
DA:479,5
DA:480,7
DA:481,7
DA:483,7
DA:484,7
DA:487,7
DA:488,7
DA:491,7
DA:492,10
DA:493,10
DA:494,10
DA:497,10
DA:498,27
DA:500,27
DA:502,27
DA:511,10
DA:512,1
DA:514,9
DA:517,10
DA:518,10
DA:526,10
DA:527,10
DA:530,7
DA:540,5
DA:541,7
DA:542,7
DA:543,7
DA:544,7
DA:545,7
DA:546,7
DA:547,7
DA:550,7
DA:551,7
DA:553,7
DA:554,10
DA:555,27
DA:556,27
DA:558,27
DA:559,27
DA:561,27
DA:565,7
DA:567,7
DA:568,10
DA:569,27
DA:570,27
DA:574,7
DA:575,7
DA:577,7
DA:578,7
DA:579,7
DA:581,7
DA:582,7
DA:584,7
DA:586,7
DA:588,7
DA:589,7
DA:590,7
DA:592,7
DA:593,7
DA:594,7
DA:596,7
DA:597,7
DA:598,7
DA:600,7
DA:609,5
DA:610,16
DA:612,16
DA:614,14
DA:616,14
DA:624,5
DA:625,1
DA:626,1
DA:634,5
DA:635,1
DA:637,1
DA:638,3
DA:639,3
DA:640,3
DA:642,3
DA:643,3
DA:647,3
DA:656,5
DA:657,1
DA:668,5
DA:669,1
DA:670,1
DA:672,1
DA:674,1
DA:675,3
DA:678,1
DA:686,5
DA:687,1
DA:689,1
DA:701,5
DA:702,3
DA:716,5
DA:717,3
DA:719,3
DA:732,5
DA:733,10
DA:740,5
DA:741,25
DA:749,5
DA:750,11
DA:752,8
DA:754,8
DA:757,6
DA:760,2
DA:767,5
DA:768,3
DA:770,2
DA:777,5
DA:778,5
DA:780,3
DA:781,3
DA:782,3
DA:784,3
DA:786,2
DA:787,1
DA:789,3
DA:796,5
DA:797,3
DA:799,3
DA:801,3
DA:809,5
DA:810,4
DA:812,3
DA:814,3
DA:816,3
DA:819,5
LF:334
LH:213
BRDA:77,0,0,0
BRDA:77,0,1,0
BRDA:77,1,0,0
BRDA:77,1,1,0
BRDA:83,2,0,0
BRDA:83,2,1,0
BRDA:93,3,0,0
BRDA:93,3,1,0
BRDA:101,4,0,0
BRDA:101,4,1,0
BRDA:108,5,0,0
BRDA:108,5,1,0
BRDA:110,6,0,0
BRDA:110,6,1,0
BRDA:128,7,0,0
BRDA:128,7,1,0
BRDA:133,8,0,0
BRDA:133,8,1,0
BRDA:186,9,0,0
BRDA:186,9,1,0
BRDA:196,10,0,0
BRDA:196,10,1,0
BRDA:199,11,0,0
BRDA:199,11,1,0
BRDA:212,12,0,0
BRDA:212,12,1,0
BRDA:242,13,0,0
BRDA:242,13,1,0
BRDA:292,14,0,4
BRDA:292,14,1,1
BRDA:294,15,0,3
BRDA:294,15,1,6
BRDA:294,16,0,9
BRDA:294,16,1,3
BRDA:391,17,0,4
BRDA:391,17,1,8
BRDA:403,18,0,1
BRDA:403,18,1,1
BRDA:429,19,0,9
BRDA:429,19,1,1
BRDA:458,20,0,1
BRDA:458,20,1,4
BRDA:483,21,0,7
BRDA:483,21,1,0
BRDA:487,22,0,7
BRDA:487,22,1,0
BRDA:498,23,0,27
BRDA:498,23,1,0
BRDA:498,24,0,27
BRDA:498,24,1,27
BRDA:511,25,0,1
BRDA:511,25,1,9
BRDA:558,26,0,9
BRDA:558,26,1,18
BRDA:559,27,0,16
BRDA:559,27,1,11
BRDA:592,28,0,0
BRDA:592,28,1,7
BRDA:593,29,0,6
BRDA:593,29,1,1
BRDA:594,30,0,1
BRDA:594,30,1,6
BRDA:612,31,0,2
BRDA:612,31,1,14
BRDA:614,32,0,11
BRDA:614,32,1,3
BRDA:642,33,0,3
BRDA:642,33,1,0
BRDA:750,34,0,3
BRDA:750,34,1,8
BRDA:754,35,0,6
BRDA:754,35,1,2
BRDA:754,36,0,8
BRDA:754,36,1,7
BRDA:754,36,2,5
BRDA:768,37,0,1
BRDA:768,37,1,2
BRDA:778,38,0,2
BRDA:778,38,1,3
BRDA:778,39,0,5
BRDA:778,39,1,4
BRDA:784,40,0,2
BRDA:784,40,1,1
BRDA:784,41,0,3
BRDA:784,41,1,2
BRDA:799,42,0,1
BRDA:799,42,1,2
BRDA:810,43,0,1
BRDA:810,43,1,3
BRDA:814,44,0,2
BRDA:814,44,1,1
BRDA:814,45,0,3
BRDA:814,45,1,3
BRF:93
BRH:60
end_of_record
TN:
SF:/home/rodrigo/Documentos/DataViz/server/models/facebook.model.js
FNF:0
FNH:0
DA:2,5
DA:4,5
DA:5,5
DA:31,5
DA:49,5
DA:74,5
LF:6
LH:6
BRF:0
BRH:0
end_of_record
TN:
SF:/home/rodrigo/Documentos/DataViz/server/models/instagram.model.js
FNF:0
FNH:0
DA:1,5
DA:3,5
DA:4,5
DA:11,5
DA:28,5
DA:47,5
LF:6
LH:6
BRF:0
BRH:0
end_of_record
TN:
SF:/home/rodrigo/Documentos/DataViz/server/models/twitter.model.js
FNF:0
FNH:0
DA:1,5
DA:3,5
DA:29,5
DA:48,5
LF:4
LH:4
BRF:0
BRH:0
end_of_record
TN:
SF:/home/rodrigo/Documentos/DataViz/server/models/youtube.model.js
FNF:0
FNH:0
DA:1,5
DA:3,5
DA:20,5
DA:43,5
LF:4
LH:4
BRF:0
BRH:0
end_of_record
TN:
SF:/home/rodrigo/Documentos/DataViz/server/routes/facebook.route.js
FNF:0
FNH:0
DA:2,5
DA:3,5
DA:4,5
DA:7,5
DA:13,5
DA:19,5
DA:24,5
DA:36,5
DA:48,5
DA:54,5
DA:60,5
DA:71,5
DA:75,5
DA:77,5
LF:14
LH:14
BRF:0
BRH:0
end_of_record
TN:
SF:/home/rodrigo/Documentos/DataViz/server/routes/index.route.js
FN:13,(anonymous_0)
FN:56,(anonymous_1)
FN:68,(anonymous_2)
FN:72,(anonymous_3)
FNF:4
FNH:1
FNDA:1,(anonymous_0)
FNDA:0,(anonymous_1)
FNDA:0,(anonymous_2)
FNDA:0,(anonymous_3)
DA:1,5
DA:3,5
DA:4,5
DA:5,5
DA:6,5
DA:7,5
DA:9,5
DA:13,5
DA:14,1
DA:36,1
DA:50,1
DA:56,5
DA:57,0
DA:63,0
DA:64,0
DA:65,0
DA:68,5
DA:69,0
DA:72,5
DA:73,0
DA:77,5
DA:80,5
DA:83,5
DA:85,5
DA:87,5
LF:25
LH:19
BRF:0
BRH:0
end_of_record
TN:
SF:/home/rodrigo/Documentos/DataViz/server/routes/instagram.route.js
FNF:0
FNH:0
DA:1,5
DA:2,5
DA:3,5
DA:5,5
DA:7,5
DA:10,5
DA:20,5
DA:28,5
DA:31,5
DA:34,5
DA:42,5
DA:43,5
DA:45,5
LF:13
LH:13
BRF:0
BRH:0
end_of_record
TN:
SF:/home/rodrigo/Documentos/DataViz/server/routes/twitter.route.js
FNF:0
FNH:0
DA:1,5
DA:2,5
DA:3,5
DA:5,5
DA:14,5
DA:17,5
DA:26,5
DA:34,5
DA:37,5
DA:40,5
DA:47,5
DA:48,5
DA:50,5
LF:13
LH:13
BRF:0
BRH:0
end_of_record
TN:
SF:/home/rodrigo/Documentos/DataViz/server/routes/youtube.route.js
FNF:0
FNH:0
DA:1,5
DA:2,5
DA:3,5
DA:5,5
DA:8,5
DA:11,5
DA:20,5
DA:28,5
DA:32,5
DA:38,5
DA:42,5
DA:49,5
DA:51,5
DA:53,5
LF:14
LH:14
BRF:0
BRH:0
end_of_record
