TN:
SF:/home/rodrigo/Documentos/DataViz/index.js
FN:8,(anonymous_0)
FN:19,(anonymous_1)
FN:22,(anonymous_2)
FN:28,(anonymous_3)
FNF:4
FNH:1
FNDA:0,(anonymous_0)
FNDA:0,(anonymous_1)
FNDA:5,(anonymous_2)
FNDA:0,(anonymous_3)
DA:1,5
DA:2,5
DA:3,5
DA:4,5
DA:7,5
DA:8,5
DA:11,5
DA:14,5
DA:17,5
DA:18,5
DA:19,5
DA:20,0
DA:22,5
DA:23,5
DA:27,5
DA:28,0
DA:29,0
DA:33,5
LF:18
LH:15
BRDA:7,0,0,5
BRDA:7,0,1,0
BRDA:27,1,0,0
BRDA:27,1,1,5
BRF:4
BRH:2
end_of_record
TN:
SF:/home/rodrigo/Documentos/DataViz/config/config.js
FNF:0
FNH:0
DA:2,5
DA:4,5
DA:13,5
LF:3
LH:3
BRF:0
BRH:0
end_of_record
TN:
SF:/home/rodrigo/Documentos/DataViz/config/express.js
FNF:0
FNH:0
DA:1,5
DA:2,5
DA:3,5
DA:4,5
DA:5,5
DA:6,5
DA:7,5
DA:8,5
DA:10,5
DA:15,5
DA:18,5
DA:19,5
DA:22,5
DA:24,5
DA:25,5
DA:28,5
DA:31,5
DA:34,5
DA:37,5
DA:38,5
DA:41,5
DA:43,5
LF:22
LH:22
BRF:0
BRH:0
end_of_record
TN:
SF:/home/rodrigo/Documentos/DataViz/config/google-auth.js
FN:16,(anonymous_0)
FN:24,(anonymous_1)
FNF:2
FNH:2
FNDA:2,(anonymous_0)
FNDA:2,(anonymous_1)
DA:1,5
DA:2,5
DA:3,5
DA:4,5
DA:9,5
DA:10,5
DA:11,5
DA:13,5
DA:14,5
DA:15,5
DA:16,5
DA:17,2
DA:24,5
DA:25,2
DA:32,5
LF:15
LH:15
BRDA:10,0,0,5
BRDA:10,0,1,0
BRF:2
BRH:1
end_of_record
TN:
SF:/home/rodrigo/Documentos/DataViz/config/jest-setup.js
FNF:0
FNH:0
DA:1,5
DA:3,5
LF:2
LH:2
BRF:0
BRH:0
end_of_record
TN:
SF:/home/rodrigo/Documentos/DataViz/config/logger.js
FN:30,(anonymous_0)
FNF:1
FNH:1
FNDA:10,(anonymous_0)
DA:1,5
DA:2,5
DA:4,5
DA:5,5
DA:8,5
DA:9,5
DA:10,0
DA:13,5
DA:30,5
DA:31,10
DA:34,5
DA:36,5
DA:56,5
LF:13
LH:12
BRDA:9,0,0,0
BRDA:9,0,1,5
BRF:2
BRH:1
end_of_record
TN:
SF:/home/rodrigo/Documentos/DataViz/server/controllers/color.controller.js
FN:20,(anonymous_0)
FN:31,(anonymous_1)
FN:47,(anonymous_2)
FNF:3
FNH:3
FNDA:39,(anonymous_0)
FNDA:39,(anonymous_1)
FNDA:137,(anonymous_2)
DA:1,5
DA:3,5
DA:4,5
DA:5,5
DA:6,5
DA:7,5
DA:8,5
DA:9,5
DA:14,5
DA:15,5
DA:20,5
DA:21,39
DA:22,39
DA:23,39
DA:25,39
DA:31,5
DA:33,39
DA:34,59
DA:37,39
DA:39,39
DA:47,5
DA:48,137
DA:51,5
LF:23
LH:23
BRDA:47,0,0,0
BRF:1
BRH:0
end_of_record
TN:
SF:/home/rodrigo/Documentos/DataViz/server/controllers/facebook.controller.js
FN:23,(anonymous_0)
FN:46,(anonymous_1)
FN:68,(anonymous_2)
FN:155,(anonymous_3)
FN:168,(anonymous_4)
FN:189,(anonymous_5)
FN:226,(anonymous_6)
FN:244,(anonymous_7)
FN:277,(anonymous_8)
FN:310,(anonymous_9)
FN:331,(anonymous_10)
FN:343,(anonymous_11)
FN:392,(anonymous_12)
FN:405,(anonymous_13)
FN:406,(anonymous_14)
FN:419,(anonymous_15)
FN:420,(anonymous_16)
FN:462,(anonymous_17)
FN:522,(anonymous_18)
FN:535,(anonymous_19)
FN:545,(anonymous_20)
FN:567,(anonymous_21)
FN:579,(anonymous_22)
FN:597,(anonymous_23)
FN:612,(anonymous_24)
FN:626,(anonymous_25)
FN:642,(anonymous_26)
FN:650,(anonymous_27)
FN:651,(anonymous_28)
FN:659,(anonymous_29)
FNF:30
FNH:28
FNDA:1,(anonymous_0)
FNDA:1,(anonymous_1)
FNDA:0,(anonymous_2)
FNDA:0,(anonymous_3)
FNDA:1,(anonymous_4)
FNDA:1,(anonymous_5)
FNDA:4,(anonymous_6)
FNDA:8,(anonymous_7)
FNDA:6,(anonymous_8)
FNDA:2,(anonymous_9)
FNDA:4,(anonymous_10)
FNDA:6,(anonymous_11)
FNDA:4,(anonymous_12)
FNDA:6,(anonymous_13)
FNDA:18,(anonymous_14)
FNDA:6,(anonymous_15)
FNDA:18,(anonymous_16)
FNDA:4,(anonymous_17)
FNDA:10,(anonymous_18)
FNDA:1,(anonymous_19)
FNDA:1,(anonymous_20)
FNDA:1,(anonymous_21)
FNDA:1,(anonymous_22)
FNDA:1,(anonymous_23)
FNDA:2,(anonymous_24)
FNDA:1,(anonymous_25)
FNDA:5,(anonymous_26)
FNDA:14,(anonymous_27)
FNDA:15,(anonymous_28)
FNDA:8,(anonymous_29)
DA:2,5
DA:3,5
DA:4,5
DA:5,5
DA:6,5
DA:7,5
DA:8,5
DA:11,5
DA:12,5
DA:13,5
DA:23,5
DA:24,1
DA:25,1
DA:27,1
DA:29,1
DA:35,0
DA:37,0
DA:46,5
DA:47,1
DA:57,1
DA:68,5
DA:69,0
DA:70,0
DA:71,0
DA:72,0
DA:73,0
DA:74,0
DA:75,0
DA:76,0
DA:77,0
DA:78,0
DA:79,0
DA:82,0
DA:84,0
DA:85,0
DA:86,0
DA:87,0
DA:89,0
DA:90,0
DA:93,0
DA:94,0
DA:99,0
DA:100,0
DA:101,0
DA:106,0
DA:107,0
DA:109,0
DA:112,0
DA:113,0
DA:119,0
DA:120,0
DA:121,0
DA:124,0
DA:127,0
DA:128,0
DA:129,0
DA:130,0
DA:131,0
DA:132,0
DA:134,0
DA:138,0
DA:139,0
DA:141,0
DA:142,0
DA:144,0
DA:150,0
DA:154,0
DA:155,0
DA:156,0
DA:159,0
DA:160,0
DA:168,5
DA:169,1
DA:170,1
DA:171,1
DA:173,1
DA:178,0
DA:180,0
DA:189,5
DA:190,1
DA:191,1
DA:192,1
DA:193,1
DA:194,1
DA:195,1
DA:196,1
DA:198,1
DA:199,3
DA:200,6
DA:202,2
DA:203,2
DA:208,1
DA:210,1
DA:215,0
DA:217,0
DA:226,5
DA:227,4
DA:229,4
DA:230,4
DA:231,4
DA:232,4
DA:233,4
DA:244,5
DA:245,8
DA:246,8
DA:247,2
DA:248,4
DA:251,6
DA:252,6
DA:255,7
DA:258,1
DA:259,0
DA:261,1
DA:264,1
DA:266,1
DA:277,5
DA:278,6
DA:279,6
DA:280,6
DA:281,6
DA:285,6
DA:286,4
DA:288,2
DA:289,2
DA:295,4
DA:301,4
DA:310,5
DA:311,2
DA:312,2
DA:314,2
DA:316,2
DA:318,0
DA:320,0
DA:331,5
DA:332,4
DA:333,4
DA:335,4
DA:336,4
DA:339,4
DA:340,4
DA:343,4
DA:344,6
DA:345,6
DA:346,6
DA:349,6
DA:350,18
DA:352,18
DA:354,18
DA:363,6
DA:364,0
DA:366,6
DA:369,6
DA:370,6
DA:378,6
DA:379,6
DA:382,4
DA:392,5
DA:393,4
DA:394,4
DA:395,4
DA:396,4
DA:397,4
DA:398,4
DA:399,4
DA:402,4
DA:403,4
DA:405,4
DA:406,6
DA:407,18
DA:408,18
DA:410,18
DA:411,18
DA:413,18
DA:417,4
DA:419,4
DA:420,6
DA:421,18
DA:422,18
DA:426,4
DA:427,4
DA:429,4
DA:430,4
DA:431,4
DA:433,4
DA:434,4
DA:436,4
DA:438,4
DA:440,4
DA:441,4
DA:442,4
DA:444,4
DA:445,4
DA:446,4
DA:448,4
DA:449,4
DA:450,4
DA:452,4
DA:462,5
DA:463,4
DA:464,4
DA:466,4
DA:511,4
DA:513,4
DA:522,5
DA:523,10
DA:525,9
DA:527,9
DA:535,5
DA:536,1
DA:537,1
DA:545,5
DA:546,1
DA:548,1
DA:549,2
DA:550,2
DA:551,2
DA:553,2
DA:554,2
DA:558,2
DA:567,5
DA:568,1
DA:579,5
DA:580,1
DA:581,1
DA:583,1
DA:585,1
DA:586,2
DA:589,1
DA:597,5
DA:598,1
DA:600,1
DA:612,5
DA:613,2
DA:626,5
DA:627,1
DA:629,1
DA:642,5
DA:643,5
DA:650,5
DA:651,15
DA:659,5
DA:660,8
DA:662,6
DA:664,6
DA:667,5
DA:670,1
DA:673,5
LF:247
LH:187
BRDA:93,0,0,0
BRDA:93,0,1,0
BRDA:93,1,0,0
BRDA:93,1,1,0
BRDA:99,2,0,0
BRDA:99,2,1,0
BRDA:106,3,0,0
BRDA:106,3,1,0
BRDA:112,4,0,0
BRDA:112,4,1,0
BRDA:119,5,0,0
BRDA:119,5,1,0
BRDA:127,6,0,0
BRDA:127,6,1,0
BRDA:129,7,0,0
BRDA:129,7,1,0
BRDA:131,8,0,0
BRDA:131,8,1,0
BRDA:131,9,0,0
BRDA:131,9,1,0
BRDA:134,10,0,0
BRDA:134,10,1,0
BRDA:139,11,0,0
BRDA:139,11,1,0
BRDA:141,12,0,0
BRDA:141,12,1,0
BRDA:141,13,0,0
BRDA:141,13,1,0
BRDA:198,14,0,4
BRDA:198,14,1,3
BRDA:200,15,0,2
BRDA:200,15,1,4
BRDA:200,16,0,6
BRDA:200,16,1,2
BRDA:246,17,0,2
BRDA:246,17,1,6
BRDA:258,18,0,0
BRDA:258,18,1,1
BRDA:285,19,0,4
BRDA:285,19,1,2
BRDA:335,20,0,4
BRDA:335,20,1,0
BRDA:339,21,0,4
BRDA:339,21,1,0
BRDA:350,22,0,18
BRDA:350,22,1,0
BRDA:350,23,0,18
BRDA:350,23,1,18
BRDA:363,24,0,0
BRDA:363,24,1,6
BRDA:410,25,0,8
BRDA:410,25,1,10
BRDA:411,26,0,11
BRDA:411,26,1,7
BRDA:444,27,0,0
BRDA:444,27,1,4
BRDA:445,28,0,4
BRDA:445,28,1,0
BRDA:446,29,0,0
BRDA:446,29,1,4
BRDA:525,30,0,7
BRDA:525,30,1,2
BRDA:553,31,0,2
BRDA:553,31,1,0
BRDA:660,32,0,2
BRDA:660,32,1,6
BRDA:664,33,0,5
BRDA:664,33,1,1
BRDA:664,34,0,6
BRDA:664,34,1,5
BRDA:664,34,2,3
BRF:71
BRH:34
end_of_record
TN:
SF:/home/rodrigo/Documentos/DataViz/server/controllers/instagram.controller.js
FN:23,(anonymous_0)
FN:47,(anonymous_1)
FN:106,(anonymous_2)
FN:129,(anonymous_3)
FN:141,(anonymous_4)
FN:162,(anonymous_5)
FN:199,(anonymous_6)
FN:217,(anonymous_7)
FN:249,(anonymous_8)
FN:282,(anonymous_9)
FN:303,(anonymous_10)
FN:315,(anonymous_11)
FN:364,(anonymous_12)
FN:377,(anonymous_13)
FN:378,(anonymous_14)
FN:391,(anonymous_15)
FN:392,(anonymous_16)
FN:434,(anonymous_17)
FN:493,(anonymous_18)
FN:506,(anonymous_19)
FN:517,(anonymous_20)
FN:538,(anonymous_21)
FN:550,(anonymous_22)
FN:568,(anonymous_23)
FN:583,(anonymous_24)
FN:597,(anonymous_25)
FN:613,(anonymous_26)
FN:621,(anonymous_27)
FN:622,(anonymous_28)
FN:625,(anonymous_29)
FNF:30
FNH:25
FNDA:1,(anonymous_0)
FNDA:0,(anonymous_1)
FNDA:0,(anonymous_2)
FNDA:0,(anonymous_3)
FNDA:1,(anonymous_4)
FNDA:1,(anonymous_5)
FNDA:6,(anonymous_6)
FNDA:9,(anonymous_7)
FNDA:8,(anonymous_8)
FNDA:3,(anonymous_9)
FNDA:6,(anonymous_10)
FNDA:9,(anonymous_11)
FNDA:6,(anonymous_12)
FNDA:9,(anonymous_13)
FNDA:27,(anonymous_14)
FNDA:9,(anonymous_15)
FNDA:27,(anonymous_16)
FNDA:6,(anonymous_17)
FNDA:12,(anonymous_18)
FNDA:1,(anonymous_19)
FNDA:1,(anonymous_20)
FNDA:1,(anonymous_21)
FNDA:1,(anonymous_22)
FNDA:1,(anonymous_23)
FNDA:3,(anonymous_24)
FNDA:0,(anonymous_25)
FNDA:7,(anonymous_26)
FNDA:17,(anonymous_27)
FNDA:18,(anonymous_28)
FNDA:0,(anonymous_29)
DA:2,5
DA:3,5
DA:4,5
DA:5,5
DA:6,5
DA:7,5
DA:8,5
DA:11,5
DA:12,5
DA:13,5
DA:23,5
DA:24,1
DA:25,1
DA:27,1
DA:29,1
DA:35,0
DA:37,0
DA:47,5
DA:50,0
DA:52,0
DA:53,0
DA:54,0
DA:55,0
DA:57,0
DA:59,0
DA:60,0
DA:62,0
DA:63,0
DA:64,0
DA:65,0
DA:69,0
DA:70,0
DA:71,0
DA:76,0
DA:77,0
DA:82,0
DA:85,0
DA:86,0
DA:91,0
DA:95,0
DA:98,0
DA:106,0
DA:107,0
DA:109,0
DA:110,0
DA:111,0
DA:112,0
DA:113,0
DA:114,0
DA:115,0
DA:116,0
DA:119,0
DA:123,0
DA:128,0
DA:129,0
DA:130,0
DA:132,0
DA:133,0
DA:141,5
DA:142,1
DA:143,1
DA:144,1
DA:146,1
DA:151,0
DA:153,0
DA:162,5
DA:163,1
DA:164,1
DA:165,1
DA:166,1
DA:167,1
DA:168,1
DA:169,1
DA:171,1
DA:172,3
DA:173,9
DA:175,3
DA:176,3
DA:181,1
DA:183,1
DA:188,0
DA:190,0
DA:199,5
DA:200,6
DA:202,6
DA:203,6
DA:204,6
DA:205,6
DA:206,6
DA:217,5
DA:218,9
DA:219,9
DA:220,3
DA:221,6
DA:224,6
DA:225,6
DA:228,9
DA:231,0
DA:232,0
DA:234,0
DA:236,0
DA:238,0
DA:249,5
DA:250,8
DA:251,8
DA:252,8
DA:253,8
DA:257,8
DA:258,6
DA:260,2
DA:261,2
DA:267,6
DA:273,6
DA:282,5
DA:283,3
DA:284,3
DA:286,3
DA:288,3
DA:290,0
DA:292,0
DA:303,5
DA:304,6
DA:305,6
DA:307,6
DA:308,6
DA:311,6
DA:312,6
DA:315,6
DA:316,9
DA:317,9
DA:318,9
DA:321,9
DA:322,27
DA:324,27
DA:326,27
DA:335,9
DA:336,0
DA:338,9
DA:341,9
DA:342,9
DA:350,9
DA:351,9
DA:354,6
DA:364,5
DA:365,6
DA:366,6
DA:367,6
DA:368,6
DA:369,6
DA:370,6
DA:371,6
DA:374,6
DA:375,6
DA:377,6
DA:378,9
DA:379,27
DA:380,27
DA:382,27
DA:383,27
DA:385,27
DA:389,6
DA:391,6
DA:392,9
DA:393,27
DA:394,27
DA:398,6
DA:399,6
DA:401,6
DA:402,6
DA:403,6
DA:405,6
DA:406,6
DA:408,6
DA:410,6
DA:412,6
DA:413,6
DA:414,6
DA:416,6
DA:417,6
DA:418,6
DA:420,6
DA:421,6
DA:422,6
DA:424,6
DA:434,5
DA:435,6
DA:436,6
DA:438,6
DA:482,6
DA:484,6
DA:493,5
DA:494,12
DA:496,12
DA:498,12
DA:506,5
DA:507,1
DA:509,1
DA:517,5
DA:518,1
DA:520,1
DA:521,2
DA:522,2
DA:524,2
DA:525,2
DA:529,2
DA:538,5
DA:539,1
DA:550,5
DA:551,1
DA:552,1
DA:554,1
DA:556,1
DA:557,3
DA:560,1
DA:568,5
DA:569,1
DA:571,1
DA:583,5
DA:584,3
DA:597,5
DA:598,0
DA:600,0
DA:613,5
DA:614,7
DA:621,5
DA:622,18
DA:625,5
DA:626,0
DA:627,0
DA:628,0
DA:629,0
DA:630,0
DA:632,0
DA:636,5
LF:234
LH:172
BRDA:69,0,0,0
BRDA:69,0,1,0
BRDA:69,1,0,0
BRDA:69,1,1,0
BRDA:76,2,0,0
BRDA:76,2,1,0
BRDA:76,3,0,0
BRDA:76,3,1,0
BRDA:85,4,0,0
BRDA:85,4,1,0
BRDA:95,5,0,0
BRDA:95,5,1,0
BRDA:107,6,0,0
BRDA:107,6,1,0
BRDA:110,7,0,0
BRDA:110,7,1,0
BRDA:111,8,0,0
BRDA:111,8,1,0
BRDA:111,9,0,0
BRDA:111,9,1,0
BRDA:114,10,0,0
BRDA:114,10,1,0
BRDA:114,11,0,0
BRDA:114,11,1,0
BRDA:114,11,2,0
BRDA:116,12,0,0
BRDA:116,12,1,0
BRDA:171,13,0,4
BRDA:171,13,1,3
BRDA:173,14,0,3
BRDA:173,14,1,6
BRDA:173,15,0,9
BRDA:173,15,1,3
BRDA:219,16,0,3
BRDA:219,16,1,6
BRDA:231,17,0,0
BRDA:231,17,1,0
BRDA:257,18,0,6
BRDA:257,18,1,2
BRDA:307,19,0,6
BRDA:307,19,1,0
BRDA:311,20,0,6
BRDA:311,20,1,0
BRDA:322,21,0,27
BRDA:322,21,1,0
BRDA:322,22,0,27
BRDA:322,22,1,27
BRDA:335,23,0,0
BRDA:335,23,1,9
BRDA:382,24,0,6
BRDA:382,24,1,21
BRDA:383,25,0,20
BRDA:383,25,1,7
BRDA:416,26,0,0
BRDA:416,26,1,6
BRDA:417,27,0,6
BRDA:417,27,1,0
BRDA:418,28,0,0
BRDA:418,28,1,6
BRDA:496,29,0,9
BRDA:496,29,1,3
BRDA:524,30,0,2
BRDA:524,30,1,0
BRDA:627,31,0,0
BRDA:627,31,1,0
BRDA:627,32,0,0
BRDA:627,32,1,0
BRF:67
BRH:26
end_of_record
TN:
SF:/home/rodrigo/Documentos/DataViz/server/controllers/spreadsheets.controller.js
FN:18,(anonymous_0)
FN:28,(anonymous_1)
FN:50,(anonymous_2)
FN:71,(anonymous_3)
FN:99,(anonymous_4)
FN:100,(anonymous_5)
FN:108,(anonymous_6)
FN:135,(anonymous_7)
FN:171,(anonymous_8)
FNF:9
FNH:1
FNDA:2,(anonymous_0)
FNDA:0,(anonymous_1)
FNDA:0,(anonymous_2)
FNDA:0,(anonymous_3)
FNDA:0,(anonymous_4)
FNDA:0,(anonymous_5)
FNDA:0,(anonymous_6)
FNDA:0,(anonymous_7)
FNDA:0,(anonymous_8)
DA:1,5
DA:2,5
DA:3,5
DA:4,5
DA:5,5
DA:6,5
DA:8,5
DA:9,5
DA:18,5
DA:20,2
DA:22,2
DA:23,2
DA:24,2
DA:26,0
DA:28,0
DA:29,0
DA:30,0
DA:31,0
DA:32,0
DA:38,0
DA:39,0
DA:40,0
DA:50,5
DA:51,0
DA:53,0
DA:54,0
DA:55,0
DA:58,0
DA:59,0
DA:61,0
DA:71,5
DA:72,0
DA:75,0
DA:76,0
DA:79,0
DA:80,0
DA:82,0
DA:83,0
DA:86,0
DA:87,0
DA:88,0
DA:99,5
DA:100,0
DA:101,0
DA:104,0
DA:109,0
DA:110,0
DA:111,0
DA:114,0
DA:116,0
DA:117,0
DA:118,0
DA:120,0
DA:125,0
DA:135,5
DA:136,0
DA:137,0
DA:138,0
DA:140,0
DA:145,0
DA:146,0
DA:152,0
DA:166,0
DA:167,0
DA:168,0
DA:171,5
DA:172,0
DA:194,0
DA:209,0
DA:215,5
LF:70
LH:19
BRDA:23,0,0,2
BRDA:23,0,1,0
BRDA:29,1,0,0
BRDA:29,1,1,0
BRDA:109,2,0,0
BRDA:109,2,1,0
BRDA:116,3,0,0
BRDA:116,3,1,0
BRF:8
BRH:1
end_of_record
TN:
SF:/home/rodrigo/Documentos/DataViz/server/controllers/twitter.controller.js
FN:23,(anonymous_0)
FN:47,(anonymous_1)
FN:110,(anonymous_2)
FN:133,(anonymous_3)
FN:145,(anonymous_4)
FN:171,(anonymous_5)
FN:209,(anonymous_6)
FN:275,(anonymous_7)
FN:307,(anonymous_8)
FN:344,(anonymous_9)
FN:365,(anonymous_10)
FN:378,(anonymous_11)
FN:427,(anonymous_12)
FN:440,(anonymous_13)
FN:441,(anonymous_14)
FN:454,(anonymous_15)
FN:455,(anonymous_16)
FN:496,(anonymous_17)
FN:509,(anonymous_18)
FN:519,(anonymous_19)
FN:540,(anonymous_20)
FN:552,(anonymous_21)
FN:570,(anonymous_22)
FN:585,(anonymous_23)
FN:599,(anonymous_24)
FN:615,(anonymous_25)
FN:623,(anonymous_26)
FN:624,(anonymous_27)
FN:627,(anonymous_28)
FNF:29
FNH:24
FNDA:1,(anonymous_0)
FNDA:0,(anonymous_1)
FNDA:0,(anonymous_2)
FNDA:0,(anonymous_3)
FNDA:1,(anonymous_4)
FNDA:1,(anonymous_5)
FNDA:10,(anonymous_6)
FNDA:12,(anonymous_7)
FNDA:10,(anonymous_8)
FNDA:5,(anonymous_9)
FNDA:10,(anonymous_10)
FNDA:15,(anonymous_11)
FNDA:10,(anonymous_12)
FNDA:15,(anonymous_13)
FNDA:45,(anonymous_14)
FNDA:15,(anonymous_15)
FNDA:45,(anonymous_16)
FNDA:17,(anonymous_17)
FNDA:1,(anonymous_18)
FNDA:1,(anonymous_19)
FNDA:1,(anonymous_20)
FNDA:1,(anonymous_21)
FNDA:1,(anonymous_22)
FNDA:5,(anonymous_23)
FNDA:0,(anonymous_24)
FNDA:11,(anonymous_25)
FNDA:23,(anonymous_26)
FNDA:24,(anonymous_27)
FNDA:0,(anonymous_28)
DA:2,5
DA:3,5
DA:4,5
DA:5,5
DA:6,5
DA:7,5
DA:8,5
DA:11,5
DA:12,5
DA:13,5
DA:23,5
DA:24,1
DA:25,1
DA:27,1
DA:29,1
DA:35,0
DA:37,0
DA:47,5
DA:51,0
DA:53,0
DA:54,0
DA:55,0
DA:56,0
DA:58,0
DA:60,0
DA:61,0
DA:63,0
DA:64,0
DA:65,0
DA:66,0
DA:70,0
DA:71,0
DA:72,0
DA:77,0
DA:78,0
DA:83,0
DA:86,0
DA:87,0
DA:92,0
DA:96,0
DA:99,0
DA:110,0
DA:111,0
DA:113,0
DA:114,0
DA:115,0
DA:116,0
DA:117,0
DA:118,0
DA:119,0
DA:120,0
DA:123,0
DA:127,0
DA:132,0
DA:133,0
DA:134,0
DA:136,0
DA:137,0
DA:145,5
DA:146,1
DA:147,1
DA:149,1
DA:151,1
DA:156,0
DA:158,0
DA:171,5
DA:172,1
DA:173,1
DA:174,1
DA:175,1
DA:176,1
DA:177,1
DA:178,1
DA:180,1
DA:181,3
DA:182,15
DA:184,5
DA:185,5
DA:190,1
DA:192,1
DA:197,0
DA:199,0
DA:209,5
DA:210,10
DA:211,10
DA:212,10
DA:213,10
DA:214,10
DA:216,10
DA:261,10
DA:262,10
DA:263,10
DA:264,10
DA:265,10
DA:275,5
DA:276,12
DA:277,12
DA:278,5
DA:279,10
DA:282,7
DA:283,7
DA:286,12
DA:289,0
DA:290,0
DA:292,0
DA:294,0
DA:296,0
DA:307,5
DA:310,10
DA:311,10
DA:312,10
DA:313,10
DA:320,10
DA:321,10
DA:323,0
DA:324,0
DA:330,10
DA:335,10
DA:344,5
DA:345,5
DA:346,5
DA:348,5
DA:350,5
DA:352,0
DA:354,0
DA:365,5
DA:367,10
DA:368,10
DA:370,10
DA:371,10
DA:374,10
DA:375,10
DA:378,10
DA:379,15
DA:380,15
DA:381,15
DA:384,15
DA:385,45
DA:387,45
DA:389,45
DA:398,15
DA:399,0
DA:401,15
DA:404,15
DA:405,15
DA:413,15
DA:414,15
DA:417,10
DA:427,5
DA:428,10
DA:429,10
DA:430,10
DA:431,10
DA:432,10
DA:433,10
DA:434,10
DA:437,10
DA:438,10
DA:440,10
DA:441,15
DA:442,45
DA:443,45
DA:445,45
DA:446,45
DA:448,45
DA:452,10
DA:454,10
DA:455,15
DA:456,45
DA:457,45
DA:461,10
DA:462,10
DA:464,10
DA:465,10
DA:466,10
DA:468,10
DA:469,10
DA:471,10
DA:473,10
DA:475,10
DA:476,10
DA:477,10
DA:479,10
DA:480,10
DA:481,10
DA:483,10
DA:484,10
DA:485,10
DA:487,10
DA:496,5
DA:497,17
DA:499,17
DA:501,17
DA:509,5
DA:510,1
DA:511,1
DA:519,5
DA:520,1
DA:522,1
DA:523,2
DA:524,2
DA:526,2
DA:527,2
DA:531,2
DA:540,5
DA:541,1
DA:552,5
DA:553,1
DA:554,1
DA:556,1
DA:558,1
DA:559,5
DA:562,1
DA:570,5
DA:571,1
DA:573,1
DA:585,5
DA:586,5
DA:599,5
DA:600,0
DA:602,0
DA:615,5
DA:616,11
DA:623,5
DA:624,24
DA:627,5
DA:628,0
DA:629,0
DA:630,0
DA:631,0
DA:632,0
DA:634,0
DA:638,5
LF:233
LH:169
BRDA:70,0,0,0
BRDA:70,0,1,0
BRDA:70,1,0,0
BRDA:70,1,1,0
BRDA:77,2,0,0
BRDA:77,2,1,0
BRDA:77,3,0,0
BRDA:77,3,1,0
BRDA:86,4,0,0
BRDA:86,4,1,0
BRDA:96,5,0,0
BRDA:96,5,1,0
BRDA:111,6,0,0
BRDA:111,6,1,0
BRDA:114,7,0,0
BRDA:114,7,1,0
BRDA:115,8,0,0
BRDA:115,8,1,0
BRDA:115,9,0,0
BRDA:115,9,1,0
BRDA:118,10,0,0
BRDA:118,10,1,0
BRDA:118,11,0,0
BRDA:118,11,1,0
BRDA:118,11,2,0
BRDA:120,12,0,0
BRDA:120,12,1,0
BRDA:180,13,0,4
BRDA:180,13,1,3
BRDA:182,14,0,5
BRDA:182,14,1,10
BRDA:182,15,0,15
BRDA:182,15,1,5
BRDA:277,16,0,5
BRDA:277,16,1,7
BRDA:289,17,0,0
BRDA:289,17,1,0
BRDA:320,18,0,10
BRDA:320,18,1,0
BRDA:370,19,0,10
BRDA:370,19,1,0
BRDA:374,20,0,10
BRDA:374,20,1,0
BRDA:385,21,0,45
BRDA:385,21,1,0
BRDA:385,22,0,45
BRDA:385,22,1,45
BRDA:398,23,0,0
BRDA:398,23,1,15
BRDA:445,24,0,10
BRDA:445,24,1,35
BRDA:446,25,0,31
BRDA:446,25,1,14
BRDA:479,26,0,0
BRDA:479,26,1,10
BRDA:480,27,0,10
BRDA:480,27,1,0
BRDA:481,28,0,2
BRDA:481,28,1,8
BRDA:499,29,0,12
BRDA:499,29,1,5
BRDA:526,30,0,2
BRDA:526,30,1,0
BRDA:629,31,0,0
BRDA:629,31,1,0
BRDA:629,32,0,0
BRDA:629,32,1,0
BRF:67
BRH:26
end_of_record
TN:
SF:/home/rodrigo/Documentos/DataViz/server/controllers/youtube.controller.js
FN:22,(anonymous_0)
FN:47,(anonymous_1)
FN:131,(anonymous_2)
FN:144,(anonymous_3)
FN:166,(anonymous_4)
FN:207,(anonymous_5)
FN:274,(anonymous_6)
FN:306,(anonymous_7)
FN:339,(anonymous_8)
FN:360,(anonymous_9)
FN:372,(anonymous_10)
FN:421,(anonymous_11)
FN:434,(anonymous_12)
FN:435,(anonymous_13)
FN:448,(anonymous_14)
FN:449,(anonymous_15)
FN:490,(anonymous_16)
FN:503,(anonymous_17)
FN:513,(anonymous_18)
FN:535,(anonymous_19)
FN:547,(anonymous_20)
FN:565,(anonymous_21)
FN:580,(anonymous_22)
FN:595,(anonymous_23)
FN:611,(anonymous_24)
FN:619,(anonymous_25)
FN:620,(anonymous_26)
FN:628,(anonymous_27)
FNF:28
FNH:24
FNDA:1,(anonymous_0)
FNDA:0,(anonymous_1)
FNDA:0,(anonymous_2)
FNDA:1,(anonymous_3)
FNDA:0,(anonymous_4)
FNDA:6,(anonymous_5)
FNDA:7,(anonymous_6)
FNDA:6,(anonymous_7)
FNDA:3,(anonymous_8)
FNDA:6,(anonymous_9)
FNDA:9,(anonymous_10)
FNDA:6,(anonymous_11)
FNDA:9,(anonymous_12)
FNDA:27,(anonymous_13)
FNDA:9,(anonymous_14)
FNDA:27,(anonymous_15)
FNDA:10,(anonymous_16)
FNDA:1,(anonymous_17)
FNDA:1,(anonymous_18)
FNDA:1,(anonymous_19)
FNDA:1,(anonymous_20)
FNDA:1,(anonymous_21)
FNDA:3,(anonymous_22)
FNDA:0,(anonymous_23)
FNDA:7,(anonymous_24)
FNDA:15,(anonymous_25)
FNDA:16,(anonymous_26)
FNDA:8,(anonymous_27)
DA:2,5
DA:3,5
DA:4,5
DA:5,5
DA:6,5
DA:7,5
DA:8,5
DA:11,5
DA:12,5
DA:13,5
DA:22,5
DA:23,1
DA:24,1
DA:26,1
DA:28,1
DA:34,0
DA:36,0
DA:47,5
DA:48,0
DA:49,0
DA:50,0
DA:51,0
DA:52,0
DA:53,0
DA:54,0
DA:55,0
DA:56,0
DA:57,0
DA:58,0
DA:62,0
DA:63,0
DA:64,0
DA:65,0
DA:66,0
DA:68,0
DA:69,0
DA:72,0
DA:73,0
DA:78,0
DA:79,0
DA:80,0
DA:84,0
DA:85,0
DA:87,0
DA:91,0
DA:92,0
DA:97,0
DA:102,0
DA:103,0
DA:104,0
DA:105,0
DA:107,0
DA:108,0
DA:113,0
DA:114,0
DA:115,0
DA:116,0
DA:119,0
DA:125,0
DA:130,0
DA:131,0
DA:132,0
DA:134,0
DA:136,0
DA:144,5
DA:145,1
DA:146,1
DA:148,1
DA:150,1
DA:155,0
DA:157,0
DA:166,5
DA:167,0
DA:168,0
DA:169,0
DA:170,0
DA:171,0
DA:172,0
DA:173,0
DA:175,0
DA:176,0
DA:177,0
DA:179,0
DA:180,0
DA:184,0
DA:187,0
DA:189,0
DA:194,0
DA:196,0
DA:207,5
DA:208,6
DA:209,6
DA:210,6
DA:211,6
DA:212,6
DA:214,6
DA:259,6
DA:260,6
DA:261,6
DA:262,6
DA:263,6
DA:274,5
DA:275,7
DA:276,7
DA:277,3
DA:278,6
DA:281,4
DA:282,4
DA:285,7
DA:288,0
DA:289,0
DA:291,0
DA:293,0
DA:295,0
DA:306,5
DA:307,6
DA:308,6
DA:309,6
DA:310,6
DA:314,6
DA:315,6
DA:317,0
DA:318,0
DA:324,6
DA:330,6
DA:339,5
DA:340,3
DA:341,3
DA:343,3
DA:345,3
DA:347,0
DA:349,0
DA:360,5
DA:361,6
DA:362,6
DA:364,6
DA:365,6
DA:368,6
DA:369,6
DA:372,6
DA:373,9
DA:374,9
DA:375,9
DA:378,9
DA:379,27
DA:381,27
DA:383,27
DA:392,9
DA:393,0
DA:395,9
DA:398,9
DA:399,9
DA:407,9
DA:408,9
DA:411,6
DA:421,5
DA:422,6
DA:423,6
DA:424,6
DA:425,6
DA:426,6
DA:427,6
DA:428,6
DA:431,6
DA:432,6
DA:434,6
DA:435,9
DA:436,27
DA:437,27
DA:439,27
DA:440,27
DA:442,27
DA:446,6
DA:448,6
DA:449,9
DA:450,27
DA:451,27
DA:455,6
DA:456,6
DA:458,6
DA:459,6
DA:460,6
DA:462,6
DA:463,6
DA:465,6
DA:467,6
DA:469,6
DA:470,6
DA:471,6
DA:473,6
DA:474,6
DA:475,6
DA:477,6
DA:478,6
DA:479,6
DA:481,6
DA:490,5
DA:491,10
DA:493,10
DA:495,10
DA:503,5
DA:504,1
DA:505,1
DA:513,5
DA:514,1
DA:516,1
DA:517,2
DA:518,2
DA:519,2
DA:521,2
DA:522,2
DA:526,2
DA:535,5
DA:536,1
DA:547,5
DA:548,1
DA:549,1
DA:551,1
DA:553,1
DA:554,3
DA:557,1
DA:565,5
DA:566,1
DA:568,1
DA:580,5
DA:581,3
DA:595,5
DA:596,0
DA:598,0
DA:611,5
DA:612,7
DA:619,5
DA:620,16
DA:628,5
DA:629,8
DA:631,6
DA:633,6
DA:636,5
DA:639,1
DA:642,5
LF:240
LH:161
BRDA:72,0,0,0
BRDA:72,0,1,0
BRDA:72,1,0,0
BRDA:72,1,1,0
BRDA:78,2,0,0
BRDA:78,2,1,0
BRDA:84,3,0,0
BRDA:84,3,1,0
BRDA:91,4,0,0
BRDA:91,4,1,0
BRDA:102,5,0,0
BRDA:102,5,1,0
BRDA:104,6,0,0
BRDA:104,6,1,0
BRDA:108,7,0,0
BRDA:108,7,1,0
BRDA:114,8,0,0
BRDA:114,8,1,0
BRDA:115,9,0,0
BRDA:115,9,1,0
BRDA:115,10,0,0
BRDA:115,10,1,0
BRDA:177,11,0,0
BRDA:177,11,1,0
BRDA:177,12,0,0
BRDA:177,12,1,0
BRDA:184,13,0,0
BRDA:184,13,1,0
BRDA:276,14,0,3
BRDA:276,14,1,4
BRDA:288,15,0,0
BRDA:288,15,1,0
BRDA:314,16,0,6
BRDA:314,16,1,0
BRDA:364,17,0,6
BRDA:364,17,1,0
BRDA:368,18,0,6
BRDA:368,18,1,0
BRDA:379,19,0,27
BRDA:379,19,1,0
BRDA:379,20,0,27
BRDA:379,20,1,27
BRDA:392,21,0,0
BRDA:392,21,1,9
BRDA:439,22,0,9
BRDA:439,22,1,18
BRDA:440,23,0,16
BRDA:440,23,1,11
BRDA:473,24,0,0
BRDA:473,24,1,6
BRDA:474,25,0,6
BRDA:474,25,1,0
BRDA:475,26,0,1
BRDA:475,26,1,5
BRDA:493,27,0,7
BRDA:493,27,1,3
BRDA:521,28,0,2
BRDA:521,28,1,0
BRDA:629,29,0,2
BRDA:629,29,1,6
BRDA:633,30,0,5
BRDA:633,30,1,1
BRDA:633,31,0,6
BRDA:633,31,1,5
BRDA:633,31,2,3
BRF:65
BRH:27
end_of_record
TN:
SF:/home/rodrigo/Documentos/DataViz/server/models/facebook.model.js
FNF:0
FNH:0
DA:2,5
DA:4,5
DA:5,5
DA:31,5
DA:49,5
DA:74,5
LF:6
LH:6
BRF:0
BRH:0
end_of_record
TN:
SF:/home/rodrigo/Documentos/DataViz/server/models/instagram.model.js
FNF:0
FNH:0
DA:1,5
DA:3,5
DA:4,5
DA:11,5
DA:28,5
DA:47,5
LF:6
LH:6
BRF:0
BRH:0
end_of_record
TN:
SF:/home/rodrigo/Documentos/DataViz/server/models/twitter.model.js
FNF:0
FNH:0
DA:1,5
DA:3,5
DA:29,5
DA:48,5
LF:4
LH:4
BRF:0
BRH:0
end_of_record
TN:
SF:/home/rodrigo/Documentos/DataViz/server/models/youtube.model.js
FNF:0
FNH:0
DA:1,5
DA:3,5
DA:20,5
DA:39,5
LF:4
LH:4
BRF:0
BRH:0
end_of_record
TN:
SF:/home/rodrigo/Documentos/DataViz/server/routes/facebook.route.js
FNF:0
FNH:0
DA:2,5
DA:3,5
DA:4,5
DA:7,5
DA:13,5
DA:19,5
DA:24,5
DA:36,5
DA:48,5
DA:54,5
DA:60,5
DA:71,5
DA:75,5
DA:77,5
LF:14
LH:14
BRF:0
BRH:0
end_of_record
TN:
SF:/home/rodrigo/Documentos/DataViz/server/routes/index.route.js
FN:12,(anonymous_0)
FN:55,(anonymous_1)
FN:59,(anonymous_2)
FN:63,(anonymous_3)
FNF:4
FNH:1
FNDA:1,(anonymous_0)
FNDA:0,(anonymous_1)
FNDA:0,(anonymous_2)
FNDA:0,(anonymous_3)
DA:1,5
DA:3,5
DA:4,5
DA:5,5
DA:6,5
DA:8,5
DA:12,5
DA:13,1
DA:35,1
DA:49,1
DA:55,5
DA:56,0
DA:59,5
DA:60,0
DA:63,5
DA:64,0
DA:68,5
DA:71,5
DA:74,5
DA:76,5
DA:78,5
LF:21
LH:18
BRF:0
BRH:0
end_of_record
TN:
SF:/home/rodrigo/Documentos/DataViz/server/routes/instagram.route.js
FNF:0
FNH:0
DA:1,5
DA:2,5
DA:3,5
DA:5,5
DA:7,5
DA:10,5
DA:20,5
DA:28,5
DA:31,5
DA:34,5
DA:42,5
DA:43,5
DA:45,5
LF:13
LH:13
BRF:0
BRH:0
end_of_record
TN:
SF:/home/rodrigo/Documentos/DataViz/server/routes/twitter.route.js
FNF:0
FNH:0
DA:1,5
DA:2,5
DA:3,5
DA:5,5
DA:14,5
DA:17,5
DA:26,5
DA:34,5
DA:37,5
DA:40,5
DA:47,5
DA:48,5
DA:50,5
LF:13
LH:13
BRF:0
BRH:0
end_of_record
TN:
SF:/home/rodrigo/Documentos/DataViz/server/routes/youtube.route.js
FNF:0
FNH:0
DA:1,5
DA:2,5
DA:3,5
DA:5,5
DA:8,5
DA:11,5
DA:20,5
DA:29,5
DA:35,5
DA:39,5
DA:46,5
DA:48,5
DA:50,5
LF:13
LH:13
BRF:0
BRH:0
end_of_record
